t: 1456290231.465914318
x: 292.467
y: 293.467
theta: 294.4668090m
---
t: 1456290231.505790103
x: 292.184
y: 293.184
theta: 294.1842270m
---
t: 1456290231.505848264
x: 292.184
y: 293.184
theta: 294.1842270m
---
t: 1456290231.545724781
x: 292.184
y: 293.184
theta: 294.1842270m
---
t: 1456290231.545765876
x: 292.816
y: 293.816
theta: 294.8163260m
---
t: 1456290231.545800411
x: 292.184
y: 293.184
theta: 294.1842270m
---
t: 1456290231.545827663
x: 291.941
y: 292.941
theta: 293.9407340m
---
t: 1456290231.585780820
x: 292.184
y: 293.184
theta: 294.1842270m
---
t: 1456290231.626079276
x: 291.854
y: 292.854
theta: 293.8535490m
---
t: 1456290231.626230695
x: 292.184
y: 293.184
theta: 294.1842270m
---
t: 1456290231.626288412
x: 291.644
y: 292.644
theta: 293.6437460m
---
t: 1456290231.626402038
x: 291.405
y: 292.405
theta: 293.4052500m
---
t: 1456290231.665803726
x: 291.274
y: 292.274
theta: 293.2740790m
---
t: 1456290231.665882075
x: 291.773
y: 292.773
theta: 293.7731150m
---
t: 1456290231.705812611
x: 290.83
y: 291.83
theta: 292.8298250m
---
t: 1456290231.705902174
x: 291.081
y: 292.081
theta: 293.0810900m
---
t: 1456290231.785759571
x: 290.83
y: 291.83
theta: 292.8298250m
---
t: 1456290231.825790535
x: 290
y: 291
theta: 292.0004760m
---
t: 1456290231.865720721
x: 289.907
y: 290.907
theta: 291.9074550m
---
t: 1456290231.865757448
x: 289.826
y: 290.826
theta: 291.8255520m
---
t: 1456290231.905784979
x: 289.735
y: 290.735
theta: 291.7354210m
---
t: 1456290231.945791982
x: 289.61
y: 290.61
theta: 291.6100520m
---
t: 1456290231.945847948
x: 289.613
y: 290.613
theta: 291.6125330m
---
t: 1456290231.985773050
x: 289.622
y: 290.622
theta: 291.6216870m
---
t: 1456290231.985823461
x: 289.588
y: 290.588
theta: 291.5883000m
---
t: 1456290231.985865841
x: 289.626
y: 290.626
theta: 291.6261920m
---
t: 1456290231.985898354
x: 289.458
y: 290.458
theta: 291.4583560m
---
t: 1456290232.025781628
x: 289.522
y: 290.522
theta: 291.5215100m
---
t: 1456290232.065740491
x: 289.304
y: 290.304
theta: 291.3037420m
---
t: 1456290232.105777714
x: 288.785
y: 289.785
theta: 290.7848580m
---
t: 1456290232.105818899
x: 288.845
y: 289.845
theta: 290.8448240m
---
t: 1456290232.105878912
x: 288.653
y: 289.653
theta: 290.6533620m
---
t: 1456290232.145775755
x: 288.498
y: 289.498
theta: 290.4983710m
---
t: 1456290232.145821474
x: 288.265
y: 289.265
theta: 290.2654380m
---
t: 1456290232.185775922
x: 288.167
y: 289.167
theta: 290.1670440m
---
t: 1456290232.185825124
x: 288.426
y: 289.426
theta: 290.4256970m
---
t: 1456290232.225804208
x: 288.206
y: 289.206
theta: 290.2061710m
---
t: 1456290232.265780864
x: 287.847
y: 288.847
theta: 289.8465850m
---
t: 1456290232.265818703
x: 287.558
y: 288.558
theta: 289.5581500m
---
t: 1456290232.305776249
x: 287.099
y: 288.099
theta: 289.0994230m
---
t: 1456290232.305816131
x: 287.003
y: 288.003
theta: 289.0026250m
---
t: 1456290232.305846175
x: 287.359
y: 288.359
theta: 289.3585120m
---
t: 1456290232.305875423
x: 286.9
y: 287.9
theta: 288.9000250m
---
t: 1456290232.345788336
x: 286.745
y: 287.745
theta: 288.7447260m
---
t: 1456290232.345840813
x: 286.644
y: 287.644
theta: 288.6443790m
---
t: 1456290232.385771615
x: 286.606
y: 287.606
theta: 288.6058300m
---
t: 1456290232.385818315
x: 286.595
y: 287.595
theta: 288.5949590m
---
t: 1456290232.385878120
x: 286.669
y: 287.669
theta: 288.6694630m
---
t: 1456290232.385914328
x: 286.593
y: 287.593
theta: 288.5934120m
---
t: 1456290232.425775004
x: 286.591
y: 287.591
theta: 288.5905380m
---
t: 1456290232.425813001
x: 286.458
y: 287.458
theta: 288.4580380m
---
t: 1456290232.425851243
x: 286.526
y: 287.526
theta: 288.5260570m
---
t: 1456290232.465798842
x: 286.291
y: 287.291
theta: 288.2913310m
---
t: 1456290232.465866571
x: 286.251
y: 287.251
theta: 288.2509440m
---
t: 1456290232.505773212
x: 286.158
y: 287.158
theta: 288.1583650m
---
t: 1456290232.505812433
x: 285.978
y: 286.978
theta: 287.9784860m
---
t: 1456290232.505852938
x: 286.08
y: 287.08
theta: 288.0796540m
---
t: 1456290232.545792410
x: 285.908
y: 286.908
theta: 287.9075460m
---
t: 1456290232.585773020
x: 285.879
y: 286.879
theta: 287.8794920m
---
t: 1456290232.585808673
x: 285.811
y: 286.811
theta: 287.8112920m
---
t: 1456290232.585869390
x: 285.786
y: 286.786
theta: 287.7858910m
---
t: 1456290232.585926208
x: 285.814
y: 286.814
theta: 287.8141100m
---
t: 1456290232.665771267
x: 285.261
y: 286.261
theta: 287.2613540m
---
t: 1456290232.665816132
x: 284.791
y: 285.791
theta: 286.7908870m
---
t: 1456290232.705788416
x: 284.666
y: 285.666
theta: 286.6655970m
---
t: 1456290232.705845463
x: 284.618
y: 285.618
theta: 286.6182970m
---
t: 1456290232.745768633
x: 284.493
y: 285.493
theta: 286.4928620m
---
t: 1456290232.785743875
x: 284.395
y: 285.395
theta: 286.3945920m
---
t: 1456290232.785781786
x: 284.414
y: 285.414
theta: 286.4138440m
---
t: 1456290232.825732651
x: 284.443
y: 285.443
theta: 286.4429210m
---
t: 1456290232.865797341
x: 284.282
y: 285.282
theta: 286.2824080m
---
t: 1456290232.945769135
x: 283.613
y: 284.613
theta: 285.6130730m
---
t: 1456290232.945805288
x: 283.719
y: 284.719
theta: 285.7194170m
---
t: 1456290232.945840289
x: 283.759
y: 284.759
theta: 285.7585540m
---
t: 1456290232.945871044
x: 283.748
y: 284.748
theta: 285.7480380m
---
t: 1456290232.985802140
x: 283.748
y: 284.748
theta: 285.7478580m
---
t: 1456290232.985877879
x: 283.515
y: 284.515
theta: 285.5151200m
---
t: 1456290233.025780956
x: 283.704
y: 284.704
theta: 285.7037770m
---
t: 1456290233.025829894
x: 283.501
y: 284.501
theta: 285.5011060m
---
t: 1456290233.025873927
x: 283.439
y: 284.439
theta: 285.4390500m
---
t: 1456290233.025902610
x: 283.574
y: 284.574
theta: 285.5742850m
---
t: 1456290233.065776257
x: 283.43
y: 284.43
theta: 285.4303370m
---
t: 1456290233.065822363
x: 283.201
y: 284.201
theta: 285.2013960m
---
t: 1456290233.105781724
x: 283.27
y: 284.27
theta: 285.2704170m
---
t: 1456290233.105824600
x: 283.231
y: 284.231
theta: 285.2312630m
---
t: 1456290233.105883372
x: 283.036
y: 284.036
theta: 285.0359950m
---
t: 1456290233.185767466
x: 283.008
y: 284.008
theta: 285.0083510m
---
t: 1456290233.185806638
x: 282.912
y: 283.912
theta: 284.9121440m
---
t: 1456290233.185848345
x: 282.93
y: 283.93
theta: 284.9298930m
---
t: 1456290233.185921681
x: 282.887
y: 283.887
theta: 284.8866900m
---
t: 1456290233.225782562
x: 282.863
y: 283.863
theta: 284.8632760m
---
t: 1456290233.225852251
x: 282.801
y: 283.801
theta: 284.8011600m
---
t: 1456290233.225884760
x: 282.721
y: 283.721
theta: 284.7208800m
---
t: 1456290233.265750087
x: 282.733
y: 283.733
theta: 284.7334070m
---
t: 1456290233.265792699
x: 282.703
y: 283.703
theta: 284.7033460m
---
t: 1456290233.265817189
x: 282.747
y: 283.747
theta: 284.7467560m
---
t: 1456290233.265869086
x: 282.672
y: 283.672
theta: 284.6717580m
---
t: 1456290233.265921356
x: 282.617
y: 283.617
theta: 284.6168150m
---
t: 1456290233.305779979
x: 282.407
y: 283.407
theta: 284.4074050m
---
t: 1456290233.345768675
x: 282.59
y: 283.59
theta: 284.5895030m
---
t: 1456290233.345806839
x: 282.175
y: 283.175
theta: 284.1751290m
---
t: 1456290233.345846887
x: 281.996
y: 282.996
theta: 283.9964500m
---
t: 1456290233.385746346
x: 281.804
y: 282.804
theta: 283.8035400m
---
t: 1456290233.425768023
x: 281.682
y: 282.682
theta: 283.6819980m
---
t: 1456290233.425804733
x: 281.706
y: 282.706
theta: 283.7059020m
---
t: 1456290233.425837161
x: 281.764
y: 282.764
theta: 283.7644510m
---
t: 1456290233.465904779
x: 281.943
y: 282.943
theta: 283.9432120m
---
t: 1456290233.466025008
x: 281.649
y: 282.649
theta: 283.6486800m
---
t: 1456290233.466124651
x: 281.747
y: 282.747
theta: 283.7472040m
---
t: 1456290233.505810002
x: 281.56
y: 282.56
theta: 283.5595690m
---
t: 1456290233.505889007
x: 281.641
y: 282.641
theta: 283.6411760m
---
t: 1456290233.545778058
x: 281.247
y: 282.247
theta: 283.2473400m
---
t: 1456290233.585786142
x: 281.315
y: 282.315
theta: 283.3146310m
---
t: 1456290233.585824699
x: 281.223
y: 282.223
theta: 283.2233520m
---
t: 1456290233.666325643
x: 280.314
y: 281.314
theta: 282.3140000m
---
t: 1456290233.666393031
x: 280.279
y: 281.279
theta: 282.2790690m
---
t: 1456290233.705791922
x: 279.527
y: 280.527
theta: 281.5272130m
---
t: 1456290233.745816463
x: 279.302
y: 280.302
theta: 281.3015780m
---
t: 1456290233.785795885
x: 279.228
y: 280.228
theta: 281.2282240m
---
t: 1456290233.785855678
x: 279.163
y: 280.163
theta: 281.1634130m
---
t: 1456290233.785892723
x: 279.076
y: 280.076
theta: 281.0758060m
---
t: 1456290233.785946734
x: 279.139
y: 280.139
theta: 281.1392960m
---
t: 1456290233.865790037
x: 278.815
y: 279.815
theta: 280.8146390m
---
t: 1456290233.865847283
x: 278.606
y: 279.606
theta: 280.6059120m
---
t: 1456290233.905787212
x: 278.512
y: 279.512
theta: 280.5120160m
---
t: 1456290233.945768860
x: 278.386
y: 279.386
theta: 280.3863510m
---
t: 1456290233.945807296
x: 278.401
y: 279.401
theta: 280.4008550m
---
t: 1456290233.945837878
x: 278.263
y: 279.263
theta: 280.2625470m
---
t: 1456290233.945889300
x: 278.227
y: 279.227
theta: 280.2272800m
---
t: 1456290233.985801983
x: 278.097
y: 279.097
theta: 280.0972080m
---
t: 1456290234.025784781
x: 278.15
y: 279.15
theta: 280.1496650m
---
t: 1456290234.065774340
x: 278.026
y: 279.026
theta: 280.0261000m
---
t: 1456290234.065815707
x: 277.502
y: 278.502
theta: 279.5019800m
---
t: 1456290234.105786526
x: 277.326
y: 278.326
theta: 279.3260140m
---
t: 1456290234.145782002
x: 277.261
y: 278.261
theta: 279.2609570m
---
t: 1456290234.145823348
x: 277.474
y: 278.474
theta: 279.4737820m
---
t: 1456290234.185775876
x: 276.857
y: 277.857
theta: 278.8571750m
---
t: 1456290234.265781054
x: 276.532
y: 277.532
theta: 278.5322670m
---
t: 1456290234.265820794
x: 276.46
y: 277.46
theta: 278.4597410m
---
t: 1456290234.305785201
x: 276.516
y: 277.516
theta: 278.5161190m
---
t: 1456290234.305828562
x: 276.193
y: 277.193
theta: 278.1926600m
---
t: 1456290234.305883261
x: 276.386
y: 277.386
theta: 278.3855550m
---
t: 1456290234.305943547
x: 276.037
y: 277.037
theta: 278.0367120m
---
t: 1456290234.345791215
x: 276.108
y: 277.108
theta: 278.1075160m
---
t: 1456290234.425773753
x: 275.628
y: 276.628
theta: 277.6278880m
---
t: 1456290234.425815812
x: 275.471
y: 276.471
theta: 277.4709860m
---
t: 1456290234.465807397
x: 275.112
y: 276.112
theta: 277.1124860m
---
t: 1456290234.465938932
x: 275.162
y: 276.162
theta: 277.1621330m
---
t: 1456290234.505781822
x: 275.249
y: 276.249
theta: 277.2487290m
---
t: 1456290234.505826998
x: 275.075
y: 276.075
theta: 277.0751880m
---
t: 1456290234.545780674
x: 274.816
y: 275.816
theta: 276.8156420m
---
t: 1456290234.585785755
x: 274.734
y: 275.734
theta: 276.7340350m
---
t: 1456290234.585825006
x: 274.999
y: 275.999
theta: 276.9989350m
---
t: 1456290234.585865099
x: 274.926
y: 275.926
theta: 276.9256220m
---
t: 1456290234.625768624
x: 274.525
y: 275.525
theta: 276.5250790m
---
t: 1456290234.625805055
x: 274.451
y: 275.451
theta: 276.4506960m
---
t: 1456290234.625875281
x: 274.517
y: 275.517
theta: 276.5169260m
---
t: 1456290234.665773886
x: 274.278
y: 275.278
theta: 276.2782480m
---
t: 1456290234.665808610
x: 274.497
y: 275.497
theta: 276.4972360m
---
t: 1456290234.705786677
x: 274.008
y: 275.008
theta: 276.0080540m
---
t: 1456290234.705827361
x: 273.842
y: 274.842
theta: 275.8424390m
---
t: 1456290234.745781622
x: 273.79
y: 274.79
theta: 275.7898800m
---
t: 1456290234.745820421
x: 273.763
y: 274.763
theta: 275.7625920m
---
t: 1456290234.745863656
x: 273.92
y: 274.92
theta: 275.9203120m
---
t: 1456290234.785760748
x: 274.147
y: 275.147
theta: 276.1467060m
---
t: 1456290234.785796933
x: 273.498
y: 274.498
theta: 275.4976620m
---
t: 1456290234.785831024
x: 273.284
y: 274.284
theta: 275.2839350m
---
t: 1456290234.785904081
x: 273.168
y: 274.168
theta: 275.1680410m
---
t: 1456290234.825767587
x: 273.105
y: 274.105
theta: 275.1045040m
---
t: 1456290234.825812683
x: 273.235
y: 274.235
theta: 275.2353620m
---
t: 1456290234.825858722
x: 273.011
y: 274.011
theta: 275.0106260m
---
t: 1456290234.865759144
x: 272.991
y: 273.991
theta: 274.9910210m
---
t: 1456290234.945785521
x: 272.311
y: 273.311
theta: 274.3111760m
---
t: 1456290234.945842298
x: 272.354
y: 273.354
theta: 274.3539300m
---
t: 1456290234.985809994
x: 272.329
y: 273.329
theta: 274.3291590m
---
t: 1456290234.985876715
x: 272.276
y: 273.276
theta: 274.2756080m
---
t: 1456290234.985916366
x: 272.11
y: 273.11
theta: 274.1097100m
---
t: 1456290235.025738053
x: 271.908
y: 272.908
theta: 273.9082850m
---
t: 1456290235.025787268
x: 272.249
y: 273.249
theta: 274.2494080m
---
t: 1456290235.025818789
x: 271.652
y: 272.652
theta: 273.6524790m
---
t: 1456290235.105784185
x: 271.45
y: 272.45
theta: 273.4496850m
---
t: 1456290235.105855140
x: 271.442
y: 272.442
theta: 273.4424320m
---
t: 1456290235.105889409
x: 271.456
y: 272.456
theta: 273.4563120m
---
t: 1456290235.105919586
x: 271.742
y: 272.742
theta: 273.7416550m
---
t: 1456290235.106001715
x: 271.416
y: 272.416
theta: 273.4159880m
---
t: 1456290235.145782632
x: 271.34
y: 272.34
theta: 273.3403890m
---
t: 1456290235.185770397
x: 270.952
y: 271.952
theta: 272.9523390m
---
t: 1456290235.185806398
x: 270.893
y: 271.893
theta: 272.8926180m
---
t: 1456290235.185830372
x: 271.055
y: 272.055
theta: 273.0546430m
---
t: 1456290235.225790178
x: 271.424
y: 272.424
theta: 273.4236350m
---
t: 1456290235.225841647
x: 271.212
y: 272.212
theta: 273.2124430m
---
t: 1456290235.265777175
x: 270.594
y: 271.594
theta: 272.5939460m
---
t: 1456290235.265814086
x: 270.757
y: 271.757
theta: 272.7566350m
---
t: 1456290235.265844856
x: 270.671
y: 271.671
theta: 272.6708400m
---
t: 1456290235.305774008
x: 270.294
y: 271.294
theta: 272.2938620m
---
t: 1456290235.305809445
x: 270.261
y: 271.261
theta: 272.2609800m
---
t: 1456290235.305843794
x: 270.348
y: 271.348
theta: 272.3483280m
---
t: 1456290235.305898335
x: 270.114
y: 271.114
theta: 272.1136180m
---
t: 1456290235.345786751
x: 270.729
y: 271.729
theta: 272.7285590m
---
t: 1456290235.385786618
x: 269.609
y: 270.609
theta: 271.6089140m
---
t: 1456290235.385828774
x: 269.532
y: 270.532
theta: 271.5322410m
---
t: 1456290235.385864058
x: 270.399
y: 271.399
theta: 272.3987730m
---
t: 1456290235.425781887
x: 269.437
y: 270.437
theta: 271.4373610m
---
t: 1456290235.465813102
x: 269.154
y: 270.154
theta: 271.1543750m
---
t: 1456290235.505810439
x: 269.385
y: 270.385
theta: 271.3853650m
---
t: 1456290235.505873342
x: 268.926
y: 269.926
theta: 270.9262810m
---
t: 1456290235.505902194
x: 269.051
y: 270.051
theta: 271.0507560m
---
t: 1456290235.545751708
x: 268.787
y: 269.787
theta: 270.7869710m
---
t: 1456290235.545791163
x: 268.745
y: 269.745
theta: 270.7447220m
---
t: 1456290235.545825670
x: 269.457
y: 270.457
theta: 271.4566030m
---
t: 1456290235.585770967
x: 268.46
y: 269.46
theta: 270.4595980m
---
t: 1456290235.585840502
x: 268.633
y: 269.633
theta: 270.6327460m
---
t: 1456290235.625873178
x: 268.226
y: 269.226
theta: 270.2257150m
---
t: 1456290235.625953103
x: 268.717
y: 269.717
theta: 270.7171920m
---
t: 1456290235.665809302
x: 268.031
y: 269.031
theta: 270.0313480m
---
t: 1456290235.665879964
x: 267.905
y: 268.905
theta: 269.9050560m
---
t: 1456290235.665913593
x: 267.986
y: 268.986
theta: 269.9861520m
---
t: 1456290235.705804629
x: 268.522
y: 269.522
theta: 270.5222700m
---
t: 1456290235.705897680
x: 267.759
y: 268.759
theta: 269.7590090m
---
t: 1456290235.745800502
x: 267.649
y: 268.649
theta: 269.6487380m
---
t: 1456290235.745859683
x: 267.558
y: 268.558
theta: 269.5580300m
---
t: 1456290235.785802072
x: 267.845
y: 268.845
theta: 269.8448090m
---
t: 1456290235.785878020
x: 267.521
y: 268.521
theta: 269.5208780m
---
t: 1456290235.785919773
x: 267.31
y: 268.31
theta: 269.3098450m
---
t: 1456290235.825785018
x: 267.381
y: 268.381
theta: 269.3806820m
---
t: 1456290235.905792821
x: 267.017
y: 268.017
theta: 269.0166320m
---
t: 1456290235.905859757
x: 266.757
y: 267.757
theta: 268.7570780m
---
t: 1456290235.905904452
x: 267.033
y: 268.033
theta: 269.0333370m
---
t: 1456290235.945776667
x: 266.696
y: 267.696
theta: 268.6957770m
---
t: 1456290235.945823188
x: 266.323
y: 267.323
theta: 268.3234200m
---
t: 1456290235.985763321
x: 266.206
y: 267.206
theta: 268.2061010m
---
t: 1456290235.985821143
x: 266.183
y: 267.183
theta: 268.1826680m
---
t: 1456290236.025770719
x: 265.885
y: 266.885
theta: 267.8854350m
---
t: 1456290236.025811074
x: 266.112
y: 267.112
theta: 268.1118090m
---
t: 1456290236.025849759
x: 265.819
y: 266.819
theta: 267.8187600m
---
t: 1456290236.025888446
x: 266.157
y: 267.157
theta: 268.1571090m
---
t: 1456290236.025925298
x: 266.239
y: 267.239
theta: 268.2391670m
---
t: 1456290236.025999884
x: 265.989
y: 266.989
theta: 267.9892830m
---
t: 1456290236.065781721
x: 265.629
y: 266.629
theta: 267.6289730m
---
t: 1456290236.065826648
x: 265.451
y: 266.451
theta: 267.4506560m
---
t: 1456290236.105783352
x: 265.344
y: 266.344
theta: 267.3442570m
---
t: 1456290236.105820060
x: 265.552
y: 266.552
theta: 267.5521490m
---
t: 1456290236.185778050
x: 264.931
y: 265.931
theta: 266.9306330m
---
t: 1456290236.185815408
x: 264.896
y: 265.896
theta: 266.8962700m
---
t: 1456290236.185852975
x: 264.968
y: 265.968
theta: 266.9677460m
---
t: 1456290236.225769065
x: 264.809
y: 265.809
theta: 266.8094580m
---
t: 1456290236.225806687
x: 264.857
y: 265.857
theta: 266.8566710m
---
t: 1456290236.225847389
x: 264.728
y: 265.728
theta: 266.7280990m
---
t: 1456290236.225887380
x: 264.782
y: 265.782
theta: 266.7817190m
---
t: 1456290236.225919395
x: 265.022
y: 266.022
theta: 267.0221010m
---
t: 1456290236.265789152
x: 264.622
y: 265.622
theta: 266.6221200m
---
t: 1456290236.305796137
x: 264.605
y: 265.605
theta: 266.6053060m
---
t: 1456290236.305875645
x: 264.449
y: 265.449
theta: 266.4491900m
---
t: 1456290236.345770316
x: 264.048
y: 265.048
theta: 266.0478360m
---
t: 1456290236.345812421
x: 264.394
y: 265.394
theta: 266.3942390m
---
t: 1456290236.345905839
x: 263.819
y: 264.819
theta: 265.8187540m
---
t: 1456290236.425783692
x: 263.799
y: 264.799
theta: 265.7993010m
---
t: 1456290236.465843487
x: 263.866
y: 264.866
theta: 265.8659150m
---
t: 1456290236.465921256
x: 263.802
y: 264.802
theta: 265.8021380m
---
t: 1456290236.465957378
x: 263.526
y: 264.526
theta: 265.5260890m
---
t: 1456290236.465991233
x: 263.697
y: 264.697
theta: 265.6968070m
---
t: 1456290236.466024510
x: 263.829
y: 264.829
theta: 265.8287110m
---
t: 1456290236.505778136
x: 263.41
y: 264.41
theta: 265.4098930m
---
t: 1456290236.505824129
x: 263.572
y: 264.572
theta: 265.5721000m
---
t: 1456290236.505867410
x: 263.388
y: 264.388
theta: 265.3884140m
---
t: 1456290236.545766752
x: 263.372
y: 264.372
theta: 265.3717140m
---
t: 1456290236.545802977
x: 263.217
y: 264.217
theta: 265.2169380m
---
t: 1456290236.545837946
x: 263.261
y: 264.261
theta: 265.2606740m
---
t: 1456290236.545869262
x: 263.338
y: 264.338
theta: 265.3377980m
---
t: 1456290236.545900938
x: 263.155
y: 264.155
theta: 265.1552840m
---
t: 1456290236.545945879
x: 263.28
y: 264.28
theta: 265.2802610m
---
t: 1456290236.585778545
x: 263.175
y: 264.175
theta: 265.1745170m
---
t: 1456290236.585814013
x: 262.94
y: 263.94
theta: 264.9397400m
---
t: 1456290236.585841888
x: 263.027
y: 264.027
theta: 265.0269580m
---
t: 1456290236.585873770
x: 262.83
y: 263.83
theta: 264.8298210m
---
t: 1456290236.625778183
x: 262.483
y: 263.483
theta: 264.4831420m
---
t: 1456290236.665778060
x: 262.365
y: 263.365
theta: 264.3649440m
---
t: 1456290236.665824684
x: 262.251
y: 263.251
theta: 264.2511360m
---
t: 1456290236.705787668
x: 262.688
y: 263.688
theta: 264.6877260m
---
t: 1456290236.705828397
x: 262.309
y: 263.309
theta: 264.3093810m
---
t: 1456290236.705864346
x: 262.437
y: 263.437
theta: 264.4371420m
---
t: 1456290236.705897298
x: 262.159
y: 263.159
theta: 264.1590250m
---
t: 1456290236.745785321
x: 261.817
y: 262.817
theta: 263.8168110m
---
t: 1456290236.745823306
x: 261.883
y: 262.883
theta: 263.8825240m
---
t: 1456290236.785769408
x: 261.959
y: 262.959
theta: 263.9589640m
---
t: 1456290236.785814637
x: 261.725
y: 262.725
theta: 263.7246910m
---
t: 1456290236.785854314
x: 261.579
y: 262.579
theta: 263.5789890m
---
t: 1456290236.785883653
x: 261.631
y: 262.631
theta: 263.6314780m
---
t: 1456290236.825769573
x: 261.444
y: 262.444
theta: 263.4438530m
---
t: 1456290236.825805021
x: 261.437
y: 262.437
theta: 263.4367770m
---
t: 1456290236.825843666
x: 261.79
y: 262.79
theta: 263.7900520m
---
t: 1456290236.865784937
x: 261.392
y: 262.392
theta: 263.3921010m
---
t: 1456290236.865824491
x: 261.365
y: 262.365
theta: 263.3651540m
---
t: 1456290236.865867943
x: 261.35
y: 262.35
theta: 263.3495030m
---
t: 1456290236.905754272
x: 261.266
y: 262.266
theta: 263.2661880m
---
t: 1456290236.905804245
x: 261.181
y: 262.181
theta: 263.1812050m
---
t: 1456290236.905846483
x: 261.344
y: 262.344
theta: 263.3444340m
---
t: 1456290236.905884499
x: 261.24
y: 262.24
theta: 263.2398790m
---
t: 1456290236.905917894
x: 261.116
y: 262.116
theta: 263.1161170m
---
t: 1456290236.945767929
x: 261.014
y: 262.014
theta: 263.0141440m
---
t: 1456290236.945824728
x: 261.067
y: 262.067
theta: 263.0666290m
---
t: 1456290236.945869885
x: 260.965
y: 261.965
theta: 262.9650080m
---
t: 1456290236.985797230
x: 260.919
y: 261.919
theta: 262.9186370m
---
t: 1456290236.985924220
x: 260.866
y: 261.866
theta: 262.8661410m
---
t: 1456290237.025782001
x: 260.711
y: 261.711
theta: 262.7105220m
---
t: 1456290237.025824651
x: 260.823
y: 261.823
theta: 262.8227780m
---
t: 1456290237.025865075
x: 260.658
y: 261.658
theta: 262.6583350m
---
t: 1456290237.065737722
x: 260.509
y: 261.509
theta: 262.5088630m
---
t: 1456290237.065785204
x: 260.448
y: 261.448
theta: 262.4476560m
---
t: 1456290237.065812809
x: 260.293
y: 261.293
theta: 262.2932090m
---
t: 1456290237.065861353
x: 260.212
y: 261.212
theta: 262.2124070m
---
t: 1456290237.105784637
x: 260.157
y: 261.157
theta: 262.1572400m
---
t: 1456290237.105837897
x: 260.104
y: 261.104
theta: 262.1037480m
---
t: 1456290237.145774675
x: 259.98
y: 260.98
theta: 261.9803260m
---
t: 1456290237.145819024
x: 259.965
y: 260.965
theta: 261.9650700m
---
t: 1456290237.145853596
x: 259.936
y: 260.936
theta: 261.9359460m
---
t: 1456290237.145879528
x: 259.852
y: 260.852
theta: 261.8523810m
---
t: 1456290237.185771660
x: 259.494
y: 260.494
theta: 261.4942350m
---
t: 1456290237.185806382
x: 259.728
y: 260.728
theta: 261.7280360m
---
t: 1456290237.185845139
x: 259.543
y: 260.543
theta: 261.5430780m
---
t: 1456290237.185878726
x: 260.027
y: 261.027
theta: 262.0269240m
---
t: 1456290237.225776916
x: 259.126
y: 260.126
theta: 261.1256360m
---
t: 1456290237.265789025
x: 258.984
y: 259.984
theta: 260.9835860m
---
t: 1456290237.265858046
x: 259.11
y: 260.11
theta: 261.1101990m
---
t: 1456290237.265907031
x: 258.96
y: 259.96
theta: 260.9601490m
---
t: 1456290237.305745382
x: 258.823
y: 259.823
theta: 260.8229930m
---
t: 1456290237.305786426
x: 258.904
y: 259.904
theta: 260.9043470m
---
t: 1456290237.345777275
x: 258.58
y: 259.58
theta: 260.5802010m
---
t: 1456290237.345816629
x: 258.617
y: 259.617
theta: 260.6172440m
---
t: 1456290237.385788270
x: 258.346
y: 259.346
theta: 260.3462000m
---
t: 1456290237.385829032
x: 258.309
y: 259.309
theta: 260.3089370m
---
t: 1456290237.425761055
x: 258.129
y: 259.129
theta: 260.1289320m
---
t: 1456290237.425803022
x: 258.352
y: 259.352
theta: 260.3522910m
---
t: 1456290237.425871462
x: 257.983
y: 258.983
theta: 259.9834590m
---
t: 1456290237.465824075
x: 257.715
y: 258.715
theta: 259.7152100m
---
t: 1456290237.505806212
x: 257.797
y: 258.797
theta: 259.7974050m
---
t: 1456290237.505870736
x: 257.686
y: 258.686
theta: 259.6860450m
---
t: 1456290237.505908586
x: 257.646
y: 258.646
theta: 259.6460910m
---
t: 1456290237.545776748
x: 257.562
y: 258.562
theta: 259.5618080m
---
t: 1456290237.545822528
x: 257.504
y: 258.504
theta: 259.5036370m
---
t: 1456290237.585797037
x: 257.27
y: 258.27
theta: 259.2700710m
---
t: 1456290237.585858444
x: 257.266
y: 258.266
theta: 259.2659520m
---
t: 1456290237.585895855
x: 257.176
y: 258.176
theta: 259.1756530m
---
t: 1456290237.625856782
x: 257.212
y: 258.212
theta: 259.2123070m
---
t: 1456290237.625940556
x: 257.052
y: 258.052
theta: 259.0523990m
---
t: 1456290237.625974968
x: 257.009
y: 258.009
theta: 259.0086380m
---
t: 1456290237.665806223
x: 256.767
y: 257.767
theta: 258.7667920m
---
t: 1456290237.705798282
x: 256.72
y: 257.72
theta: 258.7196160m
---
t: 1456290237.705869696
x: 256.612
y: 257.612
theta: 258.6117600m
---
t: 1456290237.785773978
x: 256.075
y: 257.075
theta: 258.0753970m
---
t: 1456290237.785826486
x: 256.087
y: 257.087
theta: 258.0871970m
---
t: 1456290237.825785748
x: 256.072
y: 257.072
theta: 258.0716840m
---
t: 1456290237.865724541
x: 255.92
y: 256.92
theta: 257.9198430m
---
t: 1456290237.905771551
x: 255.569
y: 256.569
theta: 257.5693260m
---
t: 1456290237.905809338
x: 255.677
y: 256.677
theta: 257.6774480m
---
t: 1456290237.905828998
x: 255.064
y: 256.064
theta: 257.0641500m
---
t: 1456290237.905870892
x: 255.041
y: 256.041
theta: 257.0414750m
---
t: 1456290237.945781125
x: 255.031
y: 256.031
theta: 257.0307710m
---
t: 1456290237.945819772
x: 255.031
y: 256.031
theta: 257.0307060m
---
t: 1456290237.945875857
x: 255.229
y: 256.229
theta: 257.2285310m
---
t: 1456290237.985745856
x: 255.259
y: 256.259
theta: 257.2591970m
---
t: 1456290237.985799454
x: 255.213
y: 256.213
theta: 257.2126690m
---
t: 1456290237.985850971
x: 255.198
y: 256.198
theta: 257.1983160m
---
t: 1456290238.025772239
x: 255.104
y: 256.104
theta: 257.1044380m
---
t: 1456290238.025815626
x: 255.071
y: 256.071
theta: 257.0705660m
---
t: 1456290238.025850850
x: 255.1
y: 256.1
theta: 257.1003610m
---
t: 1456290238.105779964
x: 255.004
y: 256.004
theta: 257.0039900m
---
t: 1456290238.105826377
x: 255
y: 256
theta: 257.0000660m
---
t: 1456290238.105863984
x: 254.983
y: 255.983
theta: 256.9826720m
---
t: 1456290238.145771942
x: 254.806
y: 255.806
theta: 256.8058490m
---
t: 1456290238.145816124
x: 254.928
y: 255.928
theta: 256.9276910m
---
t: 1456290238.145852099
x: 254.985
y: 255.985
theta: 256.9846330m
---
t: 1456290238.145878537
x: 254.772
y: 255.772
theta: 256.7722910m
---
t: 1456290238.185774267
x: 255.02
y: 256.02
theta: 257.0199120m
---
t: 1456290238.185821104
x: 255.011
y: 256.011
theta: 257.0107220m
---
t: 1456290238.185864488
x: 254.997
y: 255.997
theta: 256.9973210m
---
t: 1456290238.185895935
x: 254.806
y: 255.806
theta: 256.8061180m
---
t: 1456290238.225783233
x: 254.826
y: 255.826
theta: 256.8261880m
---
t: 1456290238.265733183
x: 255.032
y: 256.032
theta: 257.0318970m
---
t: 1456290238.265772645
x: 255.03
y: 256.03
theta: 257.0303160m
---
t: 1456290238.345767587
x: 255.1
y: 256.1
theta: 257.1004450m
---
t: 1456290238.345806004
x: 255.057
y: 256.057
theta: 257.0569710m
---
t: 1456290238.385790929
x: 255.064
y: 256.064
theta: 257.0642650m
---
t: 1456290238.425775120
x: 255.24
y: 256.24
theta: 257.2402130m
---
t: 1456290238.425817346
x: 255.23
y: 256.23
theta: 257.2298970m
---
t: 1456290238.425903517
x: 255.07
y: 256.07
theta: 257.0704890m
---
t: 1456290238.426011044
x: 255.082
y: 256.082
theta: 257.0823370m
---
t: 1456290238.465809812
x: 255.041
y: 256.041
theta: 257.0405660m
---
t: 1456290238.465876833
x: 255.035
y: 256.035
theta: 257.0349980m
---
t: 1456290238.465938898
x: 255.045
y: 256.045
theta: 257.0451040m
---
t: 1456290238.465972179
x: 255.054
y: 256.054
theta: 257.0539180m
---
t: 1456290238.505786516
x: 255.26
y: 256.26
theta: 257.2595140m
---
t: 1456290238.505826710
x: 255.043
y: 256.043
theta: 257.0431110m
---
t: 1456290238.545725301
x: 255.012
y: 256.012
theta: 257.0115630m
---
t: 1456290238.545763475
x: 255.017
y: 256.017
theta: 257.0174950m
---
t: 1456290238.585772152
x: 255.026
y: 256.026
theta: 257.0261790m
---
t: 1456290238.585813190
x: 255.024
y: 256.024
theta: 257.0243120m
---
t: 1456290238.625766187
x: 255.022
y: 256.022
theta: 257.0223570m
---
t: 1456290238.625802774
x: 255.041
y: 256.041
theta: 257.0405890m
---
t: 1456290238.625841776
x: 255.017
y: 256.017
theta: 257.0172450m
---
t: 1456290238.665791335
x: 255.257
y: 256.257
theta: 257.2572960m
---
t: 1456290238.665841816
x: 255.048
y: 256.048
theta: 257.0484650m
---
t: 1456290238.665878585
x: 255.059
y: 256.059
theta: 257.0591420m
---
t: 1456290238.665912459
x: 255.053
y: 256.053
theta: 257.0529200m
---
t: 1456290238.705769865
x: 255.045
y: 256.045
theta: 257.0448050m
---
t: 1456290238.705804669
x: 255.052
y: 256.052
theta: 257.0517880m
---
t: 1456290238.705828752
x: 255.062
y: 256.062
theta: 257.0620280m
---
t: 1456290238.705864059
x: 255.065
y: 256.065
theta: 257.0653980m
---
t: 1456290238.745775976
x: 255.059
y: 256.059
theta: 257.0585480m
---
t: 1456290238.745818448
x: 255.056
y: 256.056
theta: 257.0557580m
---
t: 1456290238.785788603
x: 255.057
y: 256.057
theta: 257.0571600m
---
t: 1456290238.825780386
x: 255.031
y: 256.031
theta: 257.0308490m
---
t: 1456290238.825826172
x: 255.059
y: 256.059
theta: 257.0588020m
---
t: 1456290238.825903388
x: 255.048
y: 256.048
theta: 257.0475850m
---
t: 1456290238.865778945
x: 255.044
y: 256.044
theta: 257.0439400m
---
t: 1456290238.865839235
x: 255.047
y: 256.047
theta: 257.0467120m
---
t: 1456290238.865868340
x: 255.045
y: 256.045
theta: 257.0450600m
---
t: 1456290238.865906564
x: 254.83
y: 255.83
theta: 256.8300160m
---
t: 1456290238.865976637
x: 255.257
y: 256.257
theta: 257.2573920m
---
t: 1456290238.905795188
x: 255.252
y: 256.252
theta: 257.2522690m
---
t: 1456290238.905872972
x: 255.016
y: 256.016
theta: 257.0164370m
---
t: 1456290238.905903854
x: 255.049
y: 256.049
theta: 257.0485810m
---
t: 1456290238.985797965
x: 255.016
y: 256.016
theta: 257.0164410m
---
t: 1456290238.985887384
x: 255.055
y: 256.055
theta: 257.0554390m
---
t: 1456290238.985969509
x: 255.257
y: 256.257
theta: 257.2568770m
---
t: 1456290238.986012015
x: 255.041
y: 256.041
theta: 257.0406990m
---
t: 1456290239.025793654
x: 255.036
y: 256.036
theta: 257.0357950m
---
t: 1456290239.025889163
x: 255.055
y: 256.055
theta: 257.0548520m
---
t: 1456290239.065777617
x: 255.038
y: 256.038
theta: 257.0375030m
---
t: 1456290239.145774650
x: 255.059
y: 256.059
theta: 257.0585390m
---
t: 1456290239.185776011
x: 255.054
y: 256.054
theta: 257.0539010m
---
t: 1456290239.185820434
x: 255.06
y: 256.06
theta: 257.0600270m
---
t: 1456290239.185912113
x: 255.056
y: 256.056
theta: 257.0555680m
---
t: 1456290239.225772833
x: 254.836
y: 255.836
theta: 256.8363680m
---
t: 1456290239.225809763
x: 255.025
y: 256.025
theta: 257.0253640m
---
t: 1456290239.225839963
x: 255.053
y: 256.053
theta: 257.0532070m
---
t: 1456290239.225874390
x: 255.021
y: 256.021
theta: 257.0207970m
---
t: 1456290239.265786545
x: 255.252
y: 256.252
theta: 257.2520030m
---
t: 1456290239.265840421
x: 255.015
y: 256.015
theta: 257.0148950m
---
t: 1456290239.305769630
x: 255.057
y: 256.057
theta: 257.0573890m
---
t: 1456290239.305806927
x: 255.258
y: 256.258
theta: 257.2575920m
---
t: 1456290239.305846848
x: 255.266
y: 256.266
theta: 257.2661620m
---
t: 1456290239.305884656
x: 255.079
y: 256.079
theta: 257.0791340m
---
t: 1456290239.345781111
x: 255.044
y: 256.044
theta: 257.0440240m
---
t: 1456290239.345823189
x: 255.263
y: 256.263
theta: 257.2633030m
---
t: 1456290239.345857591
x: 255.017
y: 256.017
theta: 257.0167710m
---
t: 1456290239.345889629
x: 255.04
y: 256.04
theta: 257.0399370m
---
t: 1456290239.385785762
x: 255.061
y: 256.061
theta: 257.0610420m
---
t: 1456290239.385850258
x: 255.061
y: 256.061
theta: 257.0611350m
---
t: 1456290239.385874084
x: 255.056
y: 256.056
theta: 257.0555500m
---
t: 1456290239.425800617
x: 255.046
y: 256.046
theta: 257.0462390m
---
t: 1456290239.425859011
x: 255.056
y: 256.056
theta: 257.0556970m
---
t: 1456290239.425888359
x: 255.048
y: 256.048
theta: 257.0480490m
---
t: 1456290239.505776965
x: 255.063
y: 256.063
theta: 257.0625920m
---
t: 1456290239.505827013
x: 255.063
y: 256.063
theta: 257.0626350m
---
t: 1456290239.505866656
x: 255.058
y: 256.058
theta: 257.0582810m
---
t: 1456290239.585785350
x: 255.086
y: 256.086
theta: 257.0863970m
---
t: 1456290239.585836719
x: 255.05
y: 256.05
theta: 257.0495550m
---
t: 1456290239.585875711
x: 255.042
y: 256.042
theta: 257.0417900m
---
t: 1456290239.585924404
x: 255.07
y: 256.07
theta: 257.0701960m
---
t: 1456290239.585968175
x: 255.045
y: 256.045
theta: 257.0450830m
---
t: 1456290239.625912270
x: 255.048
y: 256.048
theta: 257.0484280m
---
t: 1456290239.626058053
x: 255.048
y: 256.048
theta: 257.0482350m
---
t: 1456290239.626735973
x: 255.056
y: 256.056
theta: 257.0562000m
---
t: 1456290239.666413571
x: 255.047
y: 256.047
theta: 257.0466930m
---
t: 1456290239.705755546
x: 255.047
y: 256.047
theta: 257.0467380m
---
t: 1456290239.705817842
x: 255.054
y: 256.054
theta: 257.0542220m
---
t: 1456290239.705861268
x: 255.051
y: 256.051
theta: 257.0511770m
---
t: 1456290239.705901671
x: 255.062
y: 256.062
theta: 257.0620590m
---
t: 1456290239.745782275
x: 255.059
y: 256.059
theta: 257.0591260m
---
t: 1456290239.745846311
x: 255.058
y: 256.058
theta: 257.0585000m
---
t: 1456290239.745890797
x: 255.055
y: 256.055
theta: 257.0552760m
---
t: 1456290239.865740052
x: 255.059
y: 256.059
theta: 257.0588440m
---
t: 1456290239.905791233
x: 255.044
y: 256.044
theta: 257.0439620m
---
t: 1456290239.905879878
x: 255.054
y: 256.054
theta: 257.0540940m
---
t: 1456290239.905923117
x: 255.048
y: 256.048
theta: 257.0484750m
---
t: 1456290239.905961040
x: 255.057
y: 256.057
theta: 257.0569780m
---
t: 1456290239.945769935
x: 255.048
y: 256.048
theta: 257.0481120m
---
t: 1456290239.945817713
x: 255.051
y: 256.051
theta: 257.0514170m
---
t: 1456290239.945848707
x: 255.05
y: 256.05
theta: 257.0504420m
---
t: 1456290240.025805803
x: 255.048
y: 256.048
theta: 257.0479570m
---
t: 1456290240.025856955
x: 255.054
y: 256.054
theta: 257.0539880m
---
t: 1456290240.025879833
x: 255.053
y: 256.053
theta: 257.0531190m
---
t: 1456290240.065775525
x: 255.045
y: 256.045
theta: 257.0448240m
---
t: 1456290240.065812163
x: 255.04
y: 256.04
theta: 257.0398900m
---
t: 1456290240.145785369
x: 255.048
y: 256.048
theta: 257.0484640m
---
t: 1456290240.145825689
x: 255.049
y: 256.049
theta: 257.0493990m
---
t: 1456290240.185777095
x: 255.049
y: 256.049
theta: 257.0494480m
---
t: 1456290240.225811237
x: 255.035
y: 256.035
theta: 257.0345930m
---
t: 1456290240.265774396
x: 255.053
y: 256.053
theta: 257.0534310m
---
t: 1456290240.265818570
x: 255.056
y: 256.056
theta: 257.0560590m
---
t: 1456290240.265862119
x: 255.048
y: 256.048
theta: 257.0478500m
---
t: 1456290240.305780387
x: 255.048
y: 256.048
theta: 257.0480480m
---
t: 1456290240.305822872
x: 255.053
y: 256.053
theta: 257.0534700m
---
t: 1456290240.305858314
x: 255.056
y: 256.056
theta: 257.0561620m
---
t: 1456290240.385727038
x: 255.051
y: 256.051
theta: 257.0514330m
---
t: 1456290240.385765204
x: 255.048
y: 256.048
theta: 257.0478910m
---
t: 1456290240.385794782
x: 255.055
y: 256.055
theta: 257.0551080m
---
t: 1456290240.385821996
x: 255.055
y: 256.055
theta: 257.0545640m
---
t: 1456290240.385861610
x: 255.052
y: 256.052
theta: 257.0524820m
---
t: 1456290240.425791243
x: 255.056
y: 256.056
theta: 257.0558570m
---
t: 1456290240.465886366
x: 255.052
y: 256.052
theta: 257.0523600m
---
t: 1456290240.505815818
x: 255.047
y: 256.047
theta: 257.0472480m
---
t: 1456290240.505895108
x: 255.048
y: 256.048
theta: 257.0479280m
---
t: 1456290240.545788295
x: 255.047
y: 256.047
theta: 257.0469120m
---
t: 1456290240.585726994
x: 255.04
y: 256.04
theta: 257.0399920m
---
t: 1456290240.585775858
x: 255.061
y: 256.061
theta: 257.0609710m
---
t: 1456290240.585806795
x: 255.049
y: 256.049
theta: 257.0490040m
---
t: 1456290240.665782431
x: 255.058
y: 256.058
theta: 257.0575010m
---
t: 1456290240.705751581
x: 255.063
y: 256.063
theta: 257.0630610m
---
t: 1456290240.705789869
x: 255.055
y: 256.055
theta: 257.0553310m
---
t: 1456290240.705824767
x: 255.056
y: 256.056
theta: 257.0558220m
---
t: 1456290240.705871730
x: 255.052
y: 256.052
theta: 257.0524720m
---
t: 1456290240.746100038
x: 255.053
y: 256.053
theta: 257.0532870m
---
t: 1456290240.785777721
x: 255.059
y: 256.059
theta: 257.0589660m
---
t: 1456290240.785819453
x: 255.057
y: 256.057
theta: 257.0566240m
---
t: 1456290240.785862321
x: 255.053
y: 256.053
theta: 257.0532940m
---
t: 1456290240.825747293
x: 255.054
y: 256.054
theta: 257.0544550m
---
t: 1456290240.825785413
x: 255.05
y: 256.05
theta: 257.0501430m
---
t: 1456290240.825814456
x: 255.052
y: 256.052
theta: 257.0524110m
---
t: 1456290240.865768947
x: 255.052
y: 256.052
theta: 257.0523210m
---
t: 1456290240.865807531
x: 255.054
y: 256.054
theta: 257.0536310m
---
t: 1456290240.865847176
x: 255.06
y: 256.06
theta: 257.0601370m
---
t: 1456290240.905771498
x: 255.055
y: 256.055
theta: 257.0553090m
---
t: 1456290240.905814425
x: 255.054
y: 256.054
theta: 257.0544000m
---
t: 1456290240.945773402
x: 255.058
y: 256.058
theta: 257.0579620m
---
t: 1456290240.945817214
x: 255.046
y: 256.046
theta: 257.0456090m
---
t: 1456290240.945874950
x: 255.053
y: 256.053
theta: 257.0531550m
---
t: 1456290240.945915228
x: 255.055
y: 256.055
theta: 257.0549930m
---
t: 1456290240.985790103
x: 255.054
y: 256.054
theta: 257.0537920m
---
t: 1456290241.065775400
x: 255.047
y: 256.047
theta: 257.0474740m
---
t: 1456290241.065811783
x: 255.049
y: 256.049
theta: 257.0494940m
---
t: 1456290241.065830709
x: 255.06
y: 256.06
theta: 257.0601310m
---
t: 1456290241.105771806
x: 255.052
y: 256.052
theta: 257.0515800m
---
t: 1456290241.145777280
x: 255.049
y: 256.049
theta: 257.0492460m
---
t: 1456290241.145821488
x: 255.05
y: 256.05
theta: 257.0504470m
---
t: 1456290241.145859597
x: 255.061
y: 256.061
theta: 257.0611920m
---
t: 1456290241.185721441
x: 255.054
y: 256.054
theta: 257.0538820m
---
t: 1456290241.225772120
x: 255.061
y: 256.061
theta: 257.0612140m
---
t: 1456290241.305784165
x: 255.043
y: 256.043
theta: 257.0434130m
---
t: 1456290241.346280524
x: 255.053
y: 256.053
theta: 257.0525310m
---
t: 1456290241.346498520
x: 255.044
y: 256.044
theta: 257.0435270m
---
t: 1456290241.385781913
x: 255.066
y: 256.066
theta: 257.0659640m
---
t: 1456290241.385823049
x: 255.047
y: 256.047
theta: 257.0465240m
---
t: 1456290241.505789282
x: 255.057
y: 256.057
theta: 257.0573710m
---
t: 1456290241.545725163
x: 255.052
y: 256.052
theta: 257.0518490m
---
t: 1456290241.545761500
x: 255.054
y: 256.054
theta: 257.0539120m
---
t: 1456290241.626022513
x: 255.049
y: 256.049
theta: 257.0493920m
---
t: 1456290241.705799463
x: 255.045
y: 256.045
theta: 257.0447810m
---
t: 1456290241.745790468
x: 255.051
y: 256.051
theta: 257.0507030m
---
t: 1456290241.865770691
x: 255.048
y: 256.048
theta: 257.0478860m
---
t: 1456290241.945769560
x: 255.048
y: 256.048
theta: 257.0480630m
---
t: 1456290242.345795894
x: 255.062
y: 256.062
theta: 257.0623300m
---
t: 1456290242.425749634
x: 255.056
y: 256.056
theta: 257.0564390m
---
t: 1456290242.465814890
x: 255.056
y: 256.056
theta: 257.0560560m
---
t: 1456290242.505790712
x: 255.057
y: 256.057
theta: 257.0573790m
---
t: 1456290242.505845090
x: 255.054
y: 256.054
theta: 257.0539380m
---
t: 1456290242.625784601
x: 253.992
y: 254.992
theta: 255.9919470m
---
t: 1456290242.665768885
x: 254.119
y: 255.119
theta: 256.1189480m
---
t: 1456290242.705773282
x: 254.125
y: 255.125
theta: 256.1252920m
---
t: 1456290242.705816839
x: 254.296
y: 255.296
theta: 256.2964110m
---
t: 1456290242.825771845
x: 254.213
y: 255.213
theta: 256.2134450m
---
t: 1456290242.985788333
x: 255.456
y: 256.456
theta: 257.4564600m
---
t: 1456290243.025733432
x: 255.799
y: 256.799
theta: 257.7986740m
---
t: 1456290243.065741260
x: 256.097
y: 257.097
theta: 258.0966230m
---
t: 1456290243.225780158
x: 256.611
y: 257.611
theta: 258.6112820m
---
t: 1456290243.265785946
x: 256.582
y: 257.582
theta: 258.5821730m
---
t: 1456290243.305780388
x: 256.838
y: 257.838
theta: 258.8384470m
---
t: 1456290243.465927813
x: 258.271
y: 259.271
theta: 260.2714920m
---
t: 1456290243.585793650
x: 258.788
y: 259.788
theta: 260.7879260m
---
t: 1456290243.585943430
x: 258.912
y: 259.912
theta: 260.9120970m
---
t: 1456290243.626270178
x: 258.53
y: 259.53
theta: 260.5301000m
---
t: 1456290243.626750502
x: 259.059
y: 260.059
theta: 261.0588190m
---
t: 1456290243.627110167
x: 259.389
y: 260.389
theta: 261.3889660m
---
t: 1456290243.705799350
x: 259.428
y: 260.428
theta: 261.4275420m
---
t: 1456290243.705889448
x: 259.754
y: 260.754
theta: 261.7536980m
---
t: 1456290243.745795566
x: 259.957
y: 260.957
theta: 261.9574250m
---
t: 1456290243.865775855
x: 260.86
y: 261.86
theta: 262.8604000m
---
t: 1456290243.945782966
x: 260.418
y: 261.418
theta: 262.4178530m
---
t: 1456290243.985791000
x: 260.964
y: 261.964
theta: 262.9638750m
---
t: 1456290243.985849353
x: 261.054
y: 262.054
theta: 263.0538970m
---
t: 1456290244.065773272
x: 261.296
y: 262.296
theta: 263.2956140m
---
t: 1456290244.145784453
x: 261.891
y: 262.891
theta: 263.8910810m
---
t: 1456290244.185768959
x: 262.332
y: 263.332
theta: 264.3315140m
---
t: 1456290244.425791309
x: 263.003
y: 264.003
theta: 265.0033910m
---
t: 1456290244.505780001
x: 263.677
y: 264.677
theta: 265.6773630m
---
t: 1456290244.545729020
x: 263.122
y: 264.122
theta: 265.1223220m
---
t: 1456290244.545774071
x: 263.19
y: 264.19
theta: 265.1905000m
---
t: 1456290244.745791288
x: 264.961
y: 265.961
theta: 266.9607090m
---
t: 1456290244.785800193
x: 265.329
y: 266.329
theta: 267.3291180m
---
t: 1456290244.825798133
x: 265.286
y: 266.286
theta: 267.2859850m
---
t: 1456290244.865789248
x: 265.561
y: 266.561
theta: 267.5607830m
---
t: 1456290245.105780961
x: 266.857
y: 267.857
theta: 268.8569820m
---
t: 1456290245.145740749
x: 267.012
y: 268.012
theta: 269.0120780m
---
t: 1456290245.225788367
x: 267.796
y: 268.796
theta: 269.7958360m
---
t: 1456290245.305790718
x: 268.214
y: 269.214
theta: 270.2137490m
---
t: 1456290245.345764272
x: 268.668
y: 269.668
theta: 270.6676600m
---
t: 1456290245.385792552
x: 268.732
y: 269.732
theta: 270.7323050m
---
t: 1456290245.705782328
x: 270.241
y: 271.241
theta: 272.2413770m
---
t: 1456290245.785795735
x: 270.357
y: 271.357
theta: 272.3573710m
---
t: 1456290245.905778272
x: 271.578
y: 272.578
theta: 273.5777990m
---
t: 1456290245.905823218
x: 271.358
y: 272.358
theta: 273.3583340m
---
t: 1456290245.985769823
x: 271.985
y: 272.985
theta: 273.9854550m
---
t: 1456290245.985820342
x: 271.833
y: 272.833
theta: 273.8331630m
---
t: 1456290246.105779143
x: 272.608
y: 273.608
theta: 274.6081790m
---
t: 1456290246.105823777
x: 272.545
y: 273.545
theta: 274.5453360m
---
t: 1456290246.145769692
x: 272.673
y: 273.673
theta: 274.6730840m
---
t: 1456290246.225777681
x: 273.183
y: 274.183
theta: 275.1826470m
---
t: 1456290246.225818408
x: 273.356
y: 274.356
theta: 275.3561330m
---
t: 1456290246.265782036
x: 272.888
y: 273.888
theta: 274.8876430m
---
t: 1456290246.385733653
x: 274.104
y: 275.104
theta: 276.1036610m
---
t: 1456290246.505784226
x: 274.915
y: 275.915
theta: 276.9150710m
---
t: 1456290246.585785902
x: 275.241
y: 276.241
theta: 277.2406050m
---
t: 1456290246.585829514
x: 275.474
y: 276.474
theta: 277.4740730m
---
t: 1456290246.905769596
x: 276.291
y: 277.291
theta: 278.2911160m
---
t: 1456290246.905813114
x: 276.202
y: 277.202
theta: 278.2015580m
---
t: 1456290247.025812360
x: 277.324
y: 278.324
theta: 279.3244030m
---
t: 1456290247.465876067
x: 280.512
y: 281.512
theta: 282.5119190m
---
t: 1456290247.545749089
x: 280.697
y: 281.697
theta: 282.6974350m
---
t: 1456290247.665805641
x: 281.025
y: 282.025
theta: 283.0253110m
---
t: 1456290247.705772892
x: 281.534
y: 282.534
theta: 283.5344820m
---
t: 1456290247.745789701
x: 281.733
y: 282.733
theta: 283.7328690m
---
t: 1456290247.786011793
x: 281.387
y: 282.387
theta: 283.3868710m
---
t: 1456290247.786084934
x: 281.619
y: 282.619
theta: 283.6192340m
---
t: 1456290247.786126962
x: 281.305
y: 282.305
theta: 283.3046760m
---
t: 1456290248.065779120
x: 282.706
y: 283.706
theta: 284.7062180m
---
t: 1456290248.225787021
x: 283.344
y: 284.344
theta: 285.3444920m
---
t: 1456290248.305787390
x: 283.686
y: 284.686
theta: 285.6862680m
---
t: 1456290248.385997770
x: 283.815
y: 284.815
theta: 285.8146990m
---
t: 1456290248.425748190
x: 284.047
y: 285.047
theta: 286.0467110m
---
t: 1456290248.825778358
x: 287.85
y: 288.85
theta: 289.8499590m
---
t: 1456290248.825826288
x: 288.266
y: 289.266
theta: 290.2661880m
---
t: 1456290249.145787245
x: 290.793
y: 291.793
theta: 292.7926860m
---
t: 1456290249.185781682
x: 298.119
y: 299.119
theta: 300.1194380m
---
t: 1456290249.265786332
x: 298.751
y: 299.751
theta: 300.7509110m
---
t: 1456290249.345768208
x: 300.072
y: 301.072
theta: 302.0724130m
---
t: 1456290249.385775916
x: 299.335
y: 300.335
theta: 301.3351560m
---
t: 1456290249.385816418
x: 300.014
y: 301.014
theta: 302.0142440m
---
t: 1456290249.505802755
x: 302.03
y: 303.03
theta: 304.0304820m
---
t: 1456290249.586066263
x: 303.176
y: 304.176
theta: 305.1756280m
---
t: 1456290249.586267585
x: 303.033
y: 304.033
theta: 305.0332290m
---
t: 1456290249.626058240
x: 303.681
y: 304.681
theta: 305.6812810m
---
t: 1456290249.626197167
x: 304.007
y: 305.007
theta: 306.0065130m
---
t: 1456290249.705804768
x: 304.256
y: 305.256
theta: 306.2559880m
---
t: 1456290249.785806194
x: 305.617
y: 306.617
theta: 307.6173260m
---
t: 1456290249.865740831
x: 305.506
y: 306.506
theta: 307.5057910m
---
t: 1456290249.865800968
x: 305.799
y: 306.799
theta: 307.7986400m
---
t: 1456290249.865863438
x: 306.138
y: 307.138
theta: 308.1381380m
---
t: 1456290249.865936337
x: 306.265
y: 307.265
theta: 308.2646350m
---
t: 1456290249.905785678
x: 306.333
y: 307.333
theta: 308.3327750m
---
t: 1456290249.905838235
x: 306.602
y: 307.602
theta: 308.6018910m
---
t: 1456290249.945779581
x: 306.819
y: 307.819
theta: 308.8186010m
---
t: 1456290249.985799408
x: 307.309
y: 308.309
theta: 309.3092070m
---
t: 1456290250.105795519
x: 308.224
y: 309.224
theta: 310.2236080m
---
t: 1456290250.186021521
x: 308.769
y: 309.769
theta: 310.7692940m
---
t: 1456290250.225812174
x: 309.095
y: 310.095
theta: 311.0950440m
---
t: 1456290250.225873714
x: 309.084
y: 310.084
theta: 311.0844140m
---
t: 1456290250.305772941
x: 309.324
y: 310.324
theta: 311.3244940m
---
t: 1456290250.305809212
x: 309.391
y: 310.391
theta: 311.3906770m
---
t: 1456290250.305863786
x: 309.157
y: 310.157
theta: 311.1573460m
---
t: 1456290250.345780755
x: 310.05
y: 311.05
theta: 312.0497980m
---
t: 1456290250.505770736
x: 311.408
y: 312.408
theta: 313.4082760m
---
t: 1456290250.625806815
x: 311.768
y: 312.768
theta: 313.7677010m
---
t: 1456290250.665748263
x: 311.717
y: 312.717
theta: 313.7166860m
---
t: 1456290250.745738118
x: 311.543
y: 312.543
theta: 313.5431520m
---
t: 1456290250.745780337
x: 311.75
y: 312.75
theta: 313.7503440m
---
t: 1456290250.825806784
x: 311.627
y: 312.627
theta: 313.6273780m
---
t: 1456290250.905776704
x: 312.525
y: 313.525
theta: 314.5249360m
---
t: 1456290250.945791243
x: 312.585
y: 313.585
theta: 314.5845980m
---
t: 1456290251.025780720
x: 313.241
y: 314.241
theta: 315.2411940m
---
t: 1456290251.065789736
x: 312.571
y: 313.571
theta: 314.5706790m
---
t: 1456290251.065829888
x: 312.427
y: 313.427
theta: 314.4266700m
---
t: 1456290251.185787067
x: 313.477
y: 314.477
theta: 315.4768420m
---
t: 1456290251.305771752
x: 314.971
y: 315.971
theta: 316.9713870m
---
t: 1456290251.545789941
x: 317.098
y: 318.098
theta: 319.0978800m
---
t: 1456290251.585781242
x: 317.54
y: 318.54
theta: 319.5404120m
---
t: 1456290251.626095548
x: 318.135
y: 319.135
theta: 320.1345270m
---
t: 1456290251.665806292
x: 318.419
y: 319.419
theta: 320.4189700m
---
t: 1456290251.665875138
x: 318.507
y: 319.507
theta: 320.5066900m
---
t: 1456290251.825784343
x: 320.069
y: 321.069
theta: 322.0687870m
---
t: 1456290251.905791018
x: 320.165
y: 321.165
theta: 322.1651320m
---
t: 1456290251.905829891
x: 320.513
y: 321.513
theta: 322.5133170m
---
t: 1456290251.985815635
x: 321.348
y: 322.348
theta: 323.3475140m
---
t: 1456290252.025804249
x: 321.71
y: 322.71
theta: 323.7104340m
---
t: 1456290252.185793335
x: 323.98
y: 324.98
theta: 325.9804860m
---
t: 1456290252.265802550
x: 324.205
y: 325.205
theta: 326.2051220m
---
t: 1456290252.425785711
x: 324.443
y: 325.443
theta: 326.4433660m
---
t: 1456290252.505787570
x: 325.195
y: 326.195
theta: 327.1954510m
---
t: 1456290252.545776200
x: 325.513
y: 326.513
theta: 327.5132120m
---
t: 1456290252.625784097
x: 326.061
y: 327.061
theta: 328.0608930m
---
t: 1456290252.665795692
x: 326.225
y: 327.225
theta: 328.2245060m
---
t: 1456290252.705787515
x: 326.061
y: 327.061
theta: 328.0608930m
---
t: 1456290252.705841071
x: 326.585
y: 327.585
theta: 328.5846180m
---
t: 1456290252.745783919
x: 326.585
y: 327.585
theta: 328.5846180m
---
t: 1456290252.785785610
x: 326.961
y: 327.961
theta: 328.9605930m
---
t: 1456290252.785824116
x: 327.09
y: 328.09
theta: 329.0904180m
---
t: 1456290252.825779306
x: 327.47
y: 328.47
theta: 329.4696000m
---
t: 1456290252.825822868
x: 326.773
y: 327.773
theta: 328.7726310m
---
t: 1456290252.905796095
x: 328.21
y: 329.21
theta: 330.2096500m
---
t: 1456290252.905842834
x: 327.886
y: 328.886
theta: 329.8864090m
---
t: 1456290253.105773548
x: 329.461
y: 330.461
theta: 331.4605180m
---
t: 1456290253.145777182
x: 329.617
y: 330.617
theta: 331.6169440m
---
t: 1456290253.185790777
x: 329.796
y: 330.796
theta: 331.7957820m
---
t: 1456290253.545783866
x: 332.853
y: 333.853
theta: 334.8526980m
---
t: 1456290253.625987097
x: 333.38
y: 334.38
theta: 335.3801930m
---
t: 1456290253.705804589
x: 333.837
y: 334.837
theta: 335.8370070m
---
t: 1456290253.705878872
x: 333.86
y: 334.86
theta: 335.8596200m
---
t: 1456290253.745794809
x: 333.863
y: 334.863
theta: 335.8628600m
---
t: 1456290253.905777563
x: 334.583
y: 335.583
theta: 336.5828900m
---
t: 1456290253.945770802
x: 334.924
y: 335.924
theta: 336.9237960m
---
t: 1456290254.065793806
x: 334.855
y: 335.855
theta: 336.8554410m
---
t: 1456290254.185789577
x: 336.003
y: 337.003
theta: 338.0030740m
---
t: 1456290254.225789225
x: 336.197
y: 337.197
theta: 338.1969170m
---
t: 1456290254.305783376
x: 336.276
y: 337.276
theta: 338.2763220m
---
t: 1456290254.345727328
x: 336.688
y: 337.688
theta: 338.6879150m
---
t: 1456290254.385773491
x: 336.771
y: 337.771
theta: 338.7711970m
---
t: 1456290254.425791379
x: 336.545
y: 337.545
theta: 338.5454270m
---
t: 1456290254.625774629
x: 338.175
y: 339.175
theta: 340.1751690m
---
t: 1456290254.665781240
x: 338.42
y: 339.42
theta: 340.4200070m
---
t: 1456290254.745786779
x: 338.901
y: 339.901
theta: 340.9008930m
---
t: 1456290254.745829667
x: 340.031
y: 341.031
theta: 342.0308470m
---
t: 1456290254.865782286
x: 340.888
y: 341.888
theta: 342.8875590m
---
t: 1456290254.945766972
x: 341.492
y: 342.492
theta: 343.4924160m
---
t: 1456290254.945802902
x: 341.88
y: 342.88
theta: 343.8795860m
---
t: 1456290255.065786154
x: 343.622
y: 344.622
theta: 345.6221440m
---
t: 1456290255.185791744
x: 344.708
y: 345.708
theta: 346.7077490m
---
t: 1456290255.225779317
x: 344.708
y: 345.708
theta: 346.7077490m
---
t: 1456290255.305782964
x: 344.708
y: 345.708
theta: 346.7077490m
---
t: 1456290255.345773622
x: 344.708
y: 345.708
theta: 346.7077490m
---
t: 1456290255.385793607
x: 344.398
y: 345.398
theta: 346.3982210m
---
t: 1456290255.425780296
x: 343.996
y: 344.996
theta: 345.9955350m
---
t: 1456290255.505800241
x: 343.966
y: 344.966
theta: 345.9660710m
---
t: 1456290255.505891946
x: 343.766
y: 344.766
theta: 345.7663900m
---
t: 1456290255.585798397
x: 343.677
y: 344.677
theta: 345.6768230m
---
t: 1456290255.745786491
x: 343.766
y: 344.766
theta: 345.7663870m
---
t: 1456290255.745847712
x: 343.793
y: 344.793
theta: 345.7925740m
---
t: 1456290255.785737899
x: 343.981
y: 344.981
theta: 345.9806290m
---
t: 1456290255.905775386
x: 343.993
y: 344.993
theta: 345.9925180m
---
t: 1456290255.905818962
x: 343.767
y: 344.767
theta: 345.7669890m
---
t: 1456290255.905898192
x: 343.882
y: 344.882
theta: 345.8815540m
---
t: 1456290255.985792972
x: 343.768
y: 344.768
theta: 345.7676400m
---
t: 1456290255.985857381
x: 343.972
y: 344.972
theta: 345.9720280m
---
t: 1456290255.985942424
x: 343.821
y: 344.821
theta: 345.8209890m
---
t: 1456290256.105797529
x: 343.836
y: 344.836
theta: 345.8357900m
---
t: 1456290256.105891468
x: 343.888
y: 344.888
theta: 345.8876970m
---
t: 1456290256.185772480
x: 343.861
y: 344.861
theta: 345.8608460m
---
t: 1456290256.265773682
x: 343.905
y: 344.905
theta: 345.9053070m
---
t: 1456290256.265810209
x: 343.889
y: 344.889
theta: 345.8894770m
---
t: 1456290256.345772612
x: 343.958
y: 344.958
theta: 345.9577140m
---
t: 1456290256.385770178
x: 343.797
y: 344.797
theta: 345.7974470m
---
t: 1456290256.425779076
x: 343.795
y: 344.795
theta: 345.7948640m
---
t: 1456290256.425828327
x: 343.947
y: 344.947
theta: 345.9465960m
---
t: 1456290256.465934773
x: 343.954
y: 344.954
theta: 345.9540730m
---
t: 1456290256.465992623
x: 343.814
y: 344.814
theta: 345.8136260m
---
t: 1456290256.505779462
x: 343.887
y: 344.887
theta: 345.8869910m
---
t: 1456290256.505815625
x: 343.941
y: 344.941
theta: 345.9413840m
---
t: 1456290256.505855507
x: 343.875
y: 344.875
theta: 345.8745390m
---
t: 1456290256.545790673
x: 343.858
y: 344.858
theta: 345.8578450m
---
t: 1456290256.585786826
x: 343.813
y: 344.813
theta: 345.8133580m
---
t: 1456290256.625742842
x: 343.792
y: 344.792
theta: 345.7916630m
---
t: 1456290256.625790510
x: 343.801
y: 344.801
theta: 345.8005400m
---
t: 1456290256.705774222
x: 343.929
y: 344.929
theta: 345.9289360m
---
t: 1456290256.705819987
x: 343.876
y: 344.876
theta: 345.8760150m
---
t: 1456290256.785797235
x: 343.878
y: 344.878
theta: 345.8784290m
---
t: 1456290256.825784701
x: 343.835
y: 344.835
theta: 345.8352830m
---
t: 1456290256.865776710
x: 343.839
y: 344.839
theta: 345.8385240m
---
t: 1456290256.945786615
x: 343.959
y: 344.959
theta: 345.9585420m
---
t: 1456290256.945825251
x: 343.855
y: 344.855
theta: 345.8548970m
---
t: 1456290257.025735281
x: 343.837
y: 344.837
theta: 345.8366440m
---
t: 1456290257.025784715
x: 343.846
y: 344.846
theta: 345.8456820m
---
t: 1456290257.105795661
x: 343.876
y: 344.876
theta: 345.8764290m
---
t: 1456290257.105866732
x: 343.896
y: 344.896
theta: 345.8963880m
---
t: 1456290257.105898779
x: 343.889
y: 344.889
theta: 345.8893570m
---
t: 1456290257.145770136
x: 343.903
y: 344.903
theta: 345.9025060m
---
t: 1456290257.185785198
x: 343.89
y: 344.89
theta: 345.8903350m
---
t: 1456290257.225787889
x: 343.872
y: 344.872
theta: 345.8722270m
---
t: 1456290257.265762202
x: 343.832
y: 344.832
theta: 345.8323470m
---
t: 1456290257.345784044
x: 343.844
y: 344.844
theta: 345.8441100m
---
t: 1456290257.385773198
x: 343.835
y: 344.835
theta: 345.8346320m
---
t: 1456290257.385816787
x: 343.879
y: 344.879
theta: 345.8794340m
---
t: 1456290257.425766564
x: 343.841
y: 344.841
theta: 345.8411410m
---
t: 1456290257.425811007
x: 343.891
y: 344.891
theta: 345.8911950m
---
t: 1456290257.465940571
x: 343.892
y: 344.892
theta: 345.8921540m
---
t: 1456290257.466006795
x: 343.82
y: 344.82
theta: 345.8201120m
---
t: 1456290257.625911680
x: 343.848
y: 344.848
theta: 345.8481790m
---
t: 1456290257.626018429
x: 343.855
y: 344.855
theta: 345.8547040m
---
t: 1456290257.665924552
x: 343.852
y: 344.852
theta: 345.8516260m
---
t: 1456290257.745760163
x: 343.812
y: 344.812
theta: 345.8117300m
---
t: 1456290257.785799296
x: 343.821
y: 344.821
theta: 345.8210310m
---
t: 1456290257.825779925
x: 343.826
y: 344.826
theta: 345.8264590m
---
t: 1456290257.865751621
x: 343.819
y: 344.819
theta: 345.8185250m
---
t: 1456290257.865796502
x: 343.845
y: 344.845
theta: 345.8449910m
---
t: 1456290257.905728967
x: 343.852
y: 344.852
theta: 345.8515590m
---
t: 1456290257.905766770
x: 343.849
y: 344.849
theta: 345.8489000m
---
t: 1456290257.985776719
x: 343.874
y: 344.874
theta: 345.8742090m
---
t: 1456290258.025796322
x: 343.841
y: 344.841
theta: 345.8413790m
---
t: 1456290258.145772888
x: 343.837
y: 344.837
theta: 345.8367930m
---
t: 1456290258.225758606
x: 343.87
y: 344.87
theta: 345.8699660m
---
t: 1456290258.225798249
x: 343.819
y: 344.819
theta: 345.8186940m
---
t: 1456290258.305798747
x: 343.834
y: 344.834
theta: 345.8335670m
---
t: 1456290258.345724067
x: 343.873
y: 344.873
theta: 345.8733530m
---
t: 1456290258.385731096
x: 343.865
y: 344.865
theta: 345.8652490m
---
t: 1456290258.385776423
x: 343.851
y: 344.851
theta: 345.8509750m
---
t: 1456290258.425766571
x: 343.825
y: 344.825
theta: 345.8245330m
---
t: 1456290258.425802374
x: 343.824
y: 344.824
theta: 345.8244480m
---
t: 1456290258.465814018
x: 343.825
y: 344.825
theta: 345.8250090m
---
t: 1456290258.505769211
x: 343.842
y: 344.842
theta: 345.8416490m
---
t: 1456290258.505804583
x: 343.829
y: 344.829
theta: 345.8294500m
---
t: 1456290258.505842232
x: 343.835
y: 344.835
theta: 345.8348490m
---
t: 1456290258.545795858
x: 343.823
y: 344.823
theta: 345.8230370m
---
t: 1456290258.585772448
x: 343.881
y: 344.881
theta: 345.8805830m
---
t: 1456290258.625799272
x: 343.844
y: 344.844
theta: 345.8439350m
---
t: 1456290258.625853973
x: 343.841
y: 344.841
theta: 345.8411040m
---
t: 1456290258.665783058
x: 343.873
y: 344.873
theta: 345.8734670m
---
t: 1456290258.705784419
x: 343.842
y: 344.842
theta: 345.8416240m
---
t: 1456290258.745779164
x: 343.838
y: 344.838
theta: 345.8382890m
---
t: 1456290258.745826366
x: 343.858
y: 344.858
theta: 345.8580880m
---
t: 1456290258.745862451
x: 343.821
y: 344.821
theta: 345.8207440m
---
t: 1456290258.785739679
x: 343.819
y: 344.819
theta: 345.8194050m
---
t: 1456290258.785794731
x: 343.82
y: 344.82
theta: 345.8201710m
---
t: 1456290258.865770704
x: 343.819
y: 344.819
theta: 345.8188060m
---
t: 1456290258.865807184
x: 343.827
y: 344.827
theta: 345.8266830m
---
t: 1456290258.905772021
x: 343.891
y: 344.891
theta: 345.8911860m
---
t: 1456290258.945775587
x: 343.849
y: 344.849
theta: 345.8493560m
---
t: 1456290258.945820588
x: 343.87
y: 344.87
theta: 345.8695360m
---
t: 1456290259.025787254
x: 343.816
y: 344.816
theta: 345.8161060m
---
t: 1456290259.065776282
x: 343.808
y: 344.808
theta: 345.8082230m
---
t: 1456290259.145750282
x: 343.827
y: 344.827
theta: 345.8268270m
---
t: 1456290259.145794420
x: 343.819
y: 344.819
theta: 345.8194150m
---
t: 1456290259.145827461
x: 343.821
y: 344.821
theta: 345.8210620m
---
t: 1456290259.225785034
x: 343.818
y: 344.818
theta: 345.8175370m
---
t: 1456290259.265782401
x: 343.876
y: 344.876
theta: 345.8763850m
---
t: 1456290259.265818647
x: 343.853
y: 344.853
theta: 345.8531070m
---
t: 1456290259.265851565
x: 343.873
y: 344.873
theta: 345.8730210m
---
t: 1456290259.305775777
x: 343.842
y: 344.842
theta: 345.8424660m
---
t: 1456290259.345776283
x: 343.845
y: 344.845
theta: 345.8448980m
---
t: 1456290259.345825496
x: 343.854
y: 344.854
theta: 345.8541990m
---
t: 1456290259.345897585
x: 343.852
y: 344.852
theta: 345.8521410m
---
t: 1456290259.385793930
x: 343.855
y: 344.855
theta: 345.8552480m
---
t: 1456290259.465900319
x: 343.824
y: 344.824
theta: 345.8242560m
---
t: 1456290259.465991427
x: 343.851
y: 344.851
theta: 345.8507980m
---
t: 1456290259.505729626
x: 343.844
y: 344.844
theta: 345.8442900m
---
t: 1456290259.505780299
x: 343.867
y: 344.867
theta: 345.8674160m
---
t: 1456290259.545789073
x: 343.842
y: 344.842
theta: 345.8417160m
---
t: 1456290259.626061888
x: 343.85
y: 344.85
theta: 345.8501180m
---
t: 1456290259.666257449
x: 343.849
y: 344.849
theta: 345.8491550m
---
t: 1456290259.666319403
x: 343.848
y: 344.848
theta: 345.8483310m
---
t: 1456290259.705801888
x: 343.862
y: 344.862
theta: 345.8621640m
---
t: 1456290259.785803149
x: 343.826
y: 344.826
theta: 345.8261990m
---
t: 1456290259.825774008
x: 343.85
y: 344.85
theta: 345.8495830m
---
t: 1456290259.825817916
x: 343.843
y: 344.843
theta: 345.8427170m
---
t: 1456290259.825849547
x: 343.857
y: 344.857
theta: 345.8573970m
---
t: 1456290259.865725676
x: 343.84
y: 344.84
theta: 345.8400960m
---
t: 1456290259.865761322
x: 343.855
y: 344.855
theta: 345.8550640m
---
t: 1456290259.865789364
x: 343.878
y: 344.878
theta: 345.8779300m
---
t: 1456290259.905783763
x: 343.845
y: 344.845
theta: 345.8454350m
---
t: 1456290259.905831237
x: 343.843
y: 344.843
theta: 345.8428100m
---
t: 1456290259.985814981
x: 343.829
y: 344.829
theta: 345.8289710m
---
t: 1456290259.985918998
x: 343.856
y: 344.856
theta: 345.8560750m
---
t: 1456290260.025771208
x: 343.823
y: 344.823
theta: 345.8229740m
---
t: 1456290260.025818697
x: 343.843
y: 344.843
theta: 345.8426600m
---
t: 1456290260.025854358
x: 343.847
y: 344.847
theta: 345.8465610m
---
t: 1456290260.025882389
x: 343.844
y: 344.844
theta: 345.8439710m
---
t: 1456290260.065787855
x: 343.859
y: 344.859
theta: 345.8588460m
---
t: 1456290260.105818532
x: 343.848
y: 344.848
theta: 345.8479950m
---
t: 1456290260.265784375
x: 343.859
y: 344.859
theta: 345.8592530m
---
t: 1456290260.305783926
x: 343.829
y: 344.829
theta: 345.8294740m
---
t: 1456290260.345788513
x: 343.829
y: 344.829
theta: 345.8289410m
---
t: 1456290260.465809120
x: 343.858
y: 344.858
theta: 345.8584070m
---
t: 1456290260.505789380
x: 343.839
y: 344.839
theta: 345.8390170m
---
t: 1456290260.545787610
x: 343.843
y: 344.843
theta: 345.8432680m
---
t: 1456290260.585789551
x: 343.841
y: 344.841
theta: 345.8412350m
---
t: 1456290260.585844799
x: 343.861
y: 344.861
theta: 345.8608870m
---
t: 1456290260.585880425
x: 343.845
y: 344.845
theta: 345.8450500m
---
t: 1456290260.585909580
x: 343.841
y: 344.841
theta: 345.8410610m
---
t: 1456290260.665786671
x: 343.85
y: 344.85
theta: 345.8500720m
---
t: 1456290260.825768253
x: 343.841
y: 344.841
theta: 345.8412910m
---
t: 1456290260.825804927
x: 343.843
y: 344.843
theta: 345.8427500m
---
t: 1456290260.825845978
x: 343.842
y: 344.842
theta: 345.8419350m
---
t: 1456290260.825884728
x: 343.861
y: 344.861
theta: 345.8605100m
---
t: 1456290260.945805364
x: 343.843
y: 344.843
theta: 345.8430780m
---
t: 1456290260.985800133
x: 343.862
y: 344.862
theta: 345.8624580m
---
t: 1456290260.985861949
x: 343.881
y: 344.881
theta: 345.8808370m
---
t: 1456290261.225784636
x: 343.839
y: 344.839
theta: 345.8390310m
---
t: 1456290261.225842673
x: 343.858
y: 344.858
theta: 345.8584280m
---
t: 1456290261.225886646
x: 343.822
y: 344.822
theta: 345.8216060m
---
t: 1456290261.265793205
x: 343.831
y: 344.831
theta: 345.8311120m
---
t: 1456290261.265830270
x: 343.869
y: 344.869
theta: 345.8693180m
---
t: 1456290261.265868083
x: 343.842
y: 344.842
theta: 345.8418770m
---
t: 1456290261.345757934
x: 343.85
y: 344.85
theta: 345.8504780m
---
t: 1456290261.345796763
x: 343.878
y: 344.878
theta: 345.8784520m
---
t: 1456290261.385781161
x: 343.847
y: 344.847
theta: 345.8465470m
---
t: 1456290261.425768217
x: 343.888
y: 344.888
theta: 345.8878050m
---
t: 1456290261.465930887
x: 343.846
y: 344.846
theta: 345.8459530m
---
t: 1456290261.465992965
x: 343.87
y: 344.87
theta: 345.8695610m
---
t: 1456290261.505773967
x: 343.846
y: 344.846
theta: 345.8457820m
---
t: 1456290261.505809793
x: 343.882
y: 344.882
theta: 345.8817740m
---
t: 1456290261.626171662
x: 343.846
y: 344.846
theta: 345.8456970m
---
t: 1456290261.626292387
x: 343.846
y: 344.846
theta: 345.8462230m
---
t: 1456290261.705784560
x: 343.868
y: 344.868
theta: 345.8677140m
---
t: 1456290261.705850600
x: 343.86
y: 344.86
theta: 345.8595100m
---
t: 1456290261.705893367
x: 343.826
y: 344.826
theta: 345.8259000m
---
t: 1456290261.705925424
x: 343.845
y: 344.845
theta: 345.8446580m
---
t: 1456290261.785777539
x: 343.82
y: 344.82
theta: 345.8196780m
---
t: 1456290261.785867165
x: 343.842
y: 344.842
theta: 345.8423090m
---
t: 1456290261.825781329
x: 343.867
y: 344.867
theta: 345.8674690m
---
t: 1456290261.825817568
x: 343.877
y: 344.877
theta: 345.8765460m
---
t: 1456290261.825855861
x: 343.85
y: 344.85
theta: 345.8499860m
---
t: 1456290261.865804960
x: 343.849
y: 344.849
theta: 345.8489270m
---
t: 1456290261.905774830
x: 343.846
y: 344.846
theta: 345.8458680m
---
t: 1456290261.905819820
x: 343.875
y: 344.875
theta: 345.8753220m
---
t: 1456290262.025781900
x: 343.875
y: 344.875
theta: 345.8748730m
---
t: 1456290262.065777853
x: 343.847
y: 344.847
theta: 345.8465610m
---
t: 1456290262.105784977
x: 343.845
y: 344.845
theta: 345.8445560m
---
t: 1456290262.145786410
x: 343.877
y: 344.877
theta: 345.8767390m
---
t: 1456290262.145825732
x: 343.878
y: 344.878
theta: 345.8783520m
---
t: 1456290262.225755262
x: 343.849
y: 344.849
theta: 345.8485590m
---
t: 1456290262.265772989
x: 343.845
y: 344.845
theta: 345.8447510m
---
t: 1456290262.265812217
x: 343.842
y: 344.842
theta: 345.8421660m
---
t: 1456290262.265842430
x: 343.867
y: 344.867
theta: 345.8672140m
---
t: 1456290262.265874687
x: 343.863
y: 344.863
theta: 345.8628740m
---
t: 1456290262.305775711
x: 343.836
y: 344.836
theta: 345.8361910m
---
t: 1456290262.345787935
x: 343.844
y: 344.844
theta: 345.8441670m
---
t: 1456290262.345826722
x: 343.871
y: 344.871
theta: 345.8709300m
---
t: 1456290262.345873132
x: 343.844
y: 344.844
theta: 345.8435160m
---
t: 1456290262.345937221
x: 343.849
y: 344.849
theta: 345.8488490m
---
t: 1456290262.345975792
x: 343.848
y: 344.848
theta: 345.8480160m
---
t: 1456290262.346011690
x: 343.857
y: 344.857
theta: 345.8569530m
---
t: 1456290262.465816764
x: 343.865
y: 344.865
theta: 345.8646770m
---
t: 1456290262.465907455
x: 343.857
y: 344.857
theta: 345.8569590m
---
t: 1456290262.505784901
x: 343.879
y: 344.879
theta: 345.8787510m
---
t: 1456290262.545780075
x: 343.843
y: 344.843
theta: 345.8428490m
---
t: 1456290262.545825455
x: 343.869
y: 344.869
theta: 345.8692460m
---
t: 1456290262.545870131
x: 343.856
y: 344.856
theta: 345.8562230m
---
t: 1456290262.545906185
x: 343.847
y: 344.847
theta: 345.8467800m
---
t: 1456290262.585779494
x: 343.845
y: 344.845
theta: 345.8445830m
---
t: 1456290262.705775791
x: 343.87
y: 344.87
theta: 345.8704540m
---
t: 1456290262.785782558
x: 343.856
y: 344.856
theta: 345.8555870m
---
t: 1456290262.825800579
x: 343.844
y: 344.844
theta: 345.8437030m
---
t: 1456290262.865778091
x: 343.854
y: 344.854
theta: 345.8539040m
---
t: 1456290262.865820351
x: 343.848
y: 344.848
theta: 345.8481290m
---
t: 1456290262.865854347
x: 343.845
y: 344.845
theta: 345.8445730m
---
t: 1456290262.865952289
x: 343.843
y: 344.843
theta: 345.8431040m
---
t: 1456290262.945782286
x: 343.84
y: 344.84
theta: 345.8403400m
---
t: 1456290262.945824250
x: 343.875
y: 344.875
theta: 345.8746660m
---
t: 1456290262.945860838
x: 343.857
y: 344.857
theta: 345.8566720m
---
t: 1456290262.985800887
x: 343.849
y: 344.849
theta: 345.8491080m
---
t: 1456290263.025788264
x: 343.861
y: 344.861
theta: 345.8614020m
---
t: 1456290263.025828171
x: 343.855
y: 344.855
theta: 345.8549020m
---
t: 1456290263.025859869
x: 343.842
y: 344.842
theta: 345.8424740m
---
t: 1456290263.145777743
x: 343.824
y: 344.824
theta: 345.8238050m
---
t: 1456290263.145825968
x: 343.872
y: 344.872
theta: 345.8724980m
---
t: 1456290263.225796445
x: 343.863
y: 344.863
theta: 345.8630640m
---
t: 1456290263.305769308
x: 343.872
y: 344.872
theta: 345.8718560m
---
t: 1456290263.305820627
x: 343.845
y: 344.845
theta: 345.8449750m
---
t: 1456290263.305863074
x: 343.856
y: 344.856
theta: 345.8556440m
---
t: 1456290263.425779011
x: 343.844
y: 344.844
theta: 345.8438730m
---
t: 1456290263.425818827
x: 343.841
y: 344.841
theta: 345.8414010m
---
t: 1456290263.465807753
x: 343.851
y: 344.851
theta: 345.8513780m
---
t: 1456290263.465884541
x: 343.86
y: 344.86
theta: 345.8601860m
---
t: 1456290263.465920282
x: 343.899
y: 344.899
theta: 345.8986930m
---
t: 1456290263.505778458
x: 343.869
y: 344.869
theta: 345.8689160m
---
t: 1456290263.505814129
x: 343.873
y: 344.873
theta: 345.8733360m
---
t: 1456290263.505854895
x: 343.866
y: 344.866
theta: 345.8662340m
---
t: 1456290263.545803752
x: 343.842
y: 344.842
theta: 345.8423920m
---
t: 1456290263.666136997
x: 343.845
y: 344.845
theta: 345.8445040m
---
t: 1456290263.666233479
x: 343.843
y: 344.843
theta: 345.8433160m
---
t: 1456290263.745792800
x: 343.848
y: 344.848
theta: 345.8481350m
---
t: 1456290263.785768860
x: 343.843
y: 344.843
theta: 345.8426170m
---
t: 1456290263.785831173
x: 343.846
y: 344.846
theta: 345.8459960m
---
t: 1456290263.785876568
x: 343.863
y: 344.863
theta: 345.8626820m
---
t: 1456290263.825789728
x: 343.878
y: 344.878
theta: 345.8777500m
---
t: 1456290263.865774656
x: 343.849
y: 344.849
theta: 345.8491400m
---
t: 1456290263.905769143
x: 343.844
y: 344.844
theta: 345.8441560m
---
t: 1456290263.945727021
x: 343.858
y: 344.858
theta: 345.8576520m
---
t: 1456290263.945764226
x: 343.86
y: 344.86
theta: 345.8597300m
---
t: 1456290263.985807303
x: 343.839
y: 344.839
theta: 345.8392580m
---
t: 1456290264.065785204
x: 343.859
y: 344.859
theta: 345.8588870m
---
t: 1456290264.065839724
x: 343.847
y: 344.847
theta: 345.8466020m
---
t: 1456290264.065872553
x: 343.844
y: 344.844
theta: 345.8444360m
---
t: 1456290264.065897485
x: 343.859
y: 344.859
theta: 345.8588730m
---
t: 1456290264.065963477
x: 343.867
y: 344.867
theta: 345.8667060m
---
t: 1456290264.105765009
x: 343.883
y: 344.883
theta: 345.8826960m
---
t: 1456290264.105801168
x: 343.853
y: 344.853
theta: 345.8528400m
---
t: 1456290264.105901794
x: 343.887
y: 344.887
theta: 345.8872060m
---
t: 1456290264.105957584
x: 343.852
y: 344.852
theta: 345.8516260m
---
t: 1456290264.145774968
x: 343.843
y: 344.843
theta: 345.8428000m
---
t: 1456290264.145827496
x: 343.851
y: 344.851
theta: 345.8506470m
---
t: 1456290264.145865617
x: 343.847
y: 344.847
theta: 345.8472640m
---
t: 1456290264.145894326
x: 343.83
y: 344.83
theta: 345.8304450m
---
t: 1456290264.185767616
x: 343.863
y: 344.863
theta: 345.8633890m
---
t: 1456290264.225783221
x: 343.838
y: 344.838
theta: 345.8377910m
---
t: 1456290264.265772304
x: 343.852
y: 344.852
theta: 345.8524550m
---
t: 1456290264.305780878
x: 343.866
y: 344.866
theta: 345.8657380m
---
t: 1456290264.385774205
x: 343.858
y: 344.858
theta: 345.8578980m
---
t: 1456290264.385819997
x: 343.858
y: 344.858
theta: 345.8577590m
---
t: 1456290264.385866344
x: 343.885
y: 344.885
theta: 345.8848900m
---
t: 1456290264.425788927
x: 343.846
y: 344.846
theta: 345.8462330m
---
t: 1456290264.465888278
x: 343.843
y: 344.843
theta: 345.8426280m
---
t: 1456290264.466006043
x: 343.844
y: 344.844
theta: 345.8441280m
---
t: 1456290264.466072324
x: 343.841
y: 344.841
theta: 345.8410650m
---
t: 1456290264.466158952
x: 343.843
y: 344.843
theta: 345.8427280m
---
t: 1456290264.505783815
x: 343.856
y: 344.856
theta: 345.8562390m
---
t: 1456290264.545774754
x: 343.84
y: 344.84
theta: 345.8403890m
---
t: 1456290264.545823423
x: 343.875
y: 344.875
theta: 345.8747010m
---
t: 1456290264.625765949
x: 343.845
y: 344.845
theta: 345.8447360m
---
t: 1456290264.705812459
x: 343.844
y: 344.844
theta: 345.8436420m
---
t: 1456290264.705882480
x: 343.855
y: 344.855
theta: 345.8548150m
---
t: 1456290264.745781647
x: 343.866
y: 344.866
theta: 345.8658950m
---
t: 1456290264.745838338
x: 343.845
y: 344.845
theta: 345.8449170m
---
t: 1456290264.785778229
x: 343.87
y: 344.87
theta: 345.8697200m
---
t: 1456290264.785826639
x: 343.809
y: 344.809
theta: 345.8092600m
---
t: 1456290264.785872292
x: 343.858
y: 344.858
theta: 345.8583270m
---
t: 1456290264.825776032
x: 343.843
y: 344.843
theta: 345.8427490m
---
t: 1456290264.825839813
x: 343.841
y: 344.841
theta: 345.8408400m
---
t: 1456290264.865790965
x: 343.84
y: 344.84
theta: 345.8397950m
---
t: 1456290264.865829916
x: 343.848
y: 344.848
theta: 345.8483510m
---
t: 1456290264.985777622
x: 343.85
y: 344.85
theta: 345.8502370m
---
t: 1456290265.025785973
x: 343.863
y: 344.863
theta: 345.8626970m
---
t: 1456290265.105797123
x: 343.842
y: 344.842
theta: 345.8422280m
---
t: 1456290265.185776867
x: 343.844
y: 344.844
theta: 345.8438460m
---
t: 1456290265.185816989
x: 343.848
y: 344.848
theta: 345.8479850m
---
t: 1456290265.185861395
x: 343.878
y: 344.878
theta: 345.8776830m
---
t: 1456290265.225781942
x: 343.843
y: 344.843
theta: 345.8430580m
---
t: 1456290265.225822752
x: 343.862
y: 344.862
theta: 345.8617810m
---
t: 1456290265.265783166
x: 343.842
y: 344.842
theta: 345.8419850m
---
t: 1456290265.265821026
x: 343.858
y: 344.858
theta: 345.8579960m
---
t: 1456290265.305786006
x: 343.87
y: 344.87
theta: 345.8696370m
---
t: 1456290265.305826694
x: 343.852
y: 344.852
theta: 345.8522650m
---
t: 1456290265.385770733
x: 343.845
y: 344.845
theta: 345.8451000m
---
t: 1456290265.385812440
x: 343.855
y: 344.855
theta: 345.8546100m
---
t: 1456290265.385858437
x: 343.844
y: 344.844
theta: 345.8440300m
---
t: 1456290265.385923454
x: 343.873
y: 344.873
theta: 345.8734030m
---
t: 1456290265.385976695
x: 343.848
y: 344.848
theta: 345.8481510m
---
t: 1456290265.425776922
x: 343.843
y: 344.843
theta: 345.8431550m
---
t: 1456290265.465795734
x: 343.847
y: 344.847
theta: 345.8470040m
---
t: 1456290265.545795187
x: 343.845
y: 344.845
theta: 345.8454290m
---
t: 1456290265.585780988
x: 343.843
y: 344.843
theta: 345.8430070m
---
t: 1456290265.625980841
x: 343.875
y: 344.875
theta: 345.8751810m
---
t: 1456290265.626191387
x: 343.842
y: 344.842
theta: 345.8420000m
---
t: 1456290265.745813737
x: 343.847
y: 344.847
theta: 345.8470200m
---
t: 1456290265.745891829
x: 343.845
y: 344.845
theta: 345.8445690m
---
t: 1456290265.745935091
x: 343.876
y: 344.876
theta: 345.8755250m
---
t: 1456290265.825773336
x: 343.843
y: 344.843
theta: 345.8426320m
---
t: 1456290265.825817970
x: 343.857
y: 344.857
theta: 345.8569130m
---
t: 1456290265.865727551
x: 343.849
y: 344.849
theta: 345.8489270m
---
t: 1456290265.865767774
x: 343.846
y: 344.846
theta: 345.8461320m
---
t: 1456290265.945801638
x: 343.867
y: 344.867
theta: 345.8669280m
---
t: 1456290265.985794045
x: 343.872
y: 344.872
theta: 345.8724150m
---
t: 1456290265.985884344
x: 343.843
y: 344.843
theta: 345.8430180m
---
t: 1456290265.985936849
x: 343.847
y: 344.847
theta: 345.8474530m
---
t: 1456290266.025750325
x: 343.863
y: 344.863
theta: 345.8627190m
---
t: 1456290266.065742402
x: 343.844
y: 344.844
theta: 345.8436590m
---
t: 1456290266.065792313
x: 343.845
y: 344.845
theta: 345.8453300m
---
t: 1456290266.065830667
x: 343.85
y: 344.85
theta: 345.8502520m
---
t: 1456290266.225792099
x: 343.848
y: 344.848
theta: 345.8484680m
---
t: 1456290266.225851498
x: 343.873
y: 344.873
theta: 345.8733330m
---
t: 1456290266.265775330
x: 343.844
y: 344.844
theta: 345.8438080m
---
t: 1456290266.265812502
x: 343.864
y: 344.864
theta: 345.8640250m
---
t: 1456290266.265844197
x: 343.856
y: 344.856
theta: 345.8555400m
---
t: 1456290266.265864367
x: 343.856
y: 344.856
theta: 345.8556520m
---
t: 1456290266.305776242
x: 343.848
y: 344.848
theta: 345.8476010m
---
t: 1456290266.305821791
x: 343.84
y: 344.84
theta: 345.8399590m
---
t: 1456290266.305863739
x: 343.854
y: 344.854
theta: 345.8544150m
---
t: 1456290266.305899297
x: 343.844
y: 344.844
theta: 345.8441320m
---
t: 1456290266.385785779
x: 343.854
y: 344.854
theta: 345.8537490m
---
t: 1456290266.465791516
x: 343.854
y: 344.854
theta: 345.8536350m
---
t: 1456290266.505809512
x: 343.874
y: 344.874
theta: 345.8741870m
---
t: 1456290266.505868754
x: 343.852
y: 344.852
theta: 345.8516700m
---
t: 1456290266.545769736
x: 343.843
y: 344.843
theta: 345.8425500m
---
t: 1456290266.545816716
x: 343.842
y: 344.842
theta: 345.8423750m
---
t: 1456290266.545851561
x: 343.847
y: 344.847
theta: 345.8472070m
---
t: 1456290266.585769012
x: 343.848
y: 344.848
theta: 345.8476680m
---
t: 1456290266.585825188
x: 343.844
y: 344.844
theta: 345.8439630m
---
t: 1456290266.585862597
x: 343.878
y: 344.878
theta: 345.8779870m
---
t: 1456290266.585889254
x: 343.882
y: 344.882
theta: 345.8815810m
---
t: 1456290266.625768130
x: 343.84
y: 344.84
theta: 345.8404360m
---
t: 1456290266.625802382
x: 343.85
y: 344.85
theta: 345.8496540m
---
t: 1456290266.625831396
x: 343.843
y: 344.843
theta: 345.8428780m
---
t: 1456290266.665791610
x: 343.862
y: 344.862
theta: 345.8620670m
---
t: 1456290266.665841208
x: 343.849
y: 344.849
theta: 345.8488700m
---
t: 1456290266.705797520
x: 343.876
y: 344.876
theta: 345.8760500m
---
t: 1456290266.825782854
x: 343.873
y: 344.873
theta: 345.8728840m
---
t: 1456290266.825821892
x: 343.857
y: 344.857
theta: 345.8567390m
---
t: 1456290266.865784800
x: 343.871
y: 344.871
theta: 345.8713840m
---
t: 1456290266.865854544
x: 343.848
y: 344.848
theta: 345.8476990m
---
t: 1456290266.865891959
x: 343.841
y: 344.841
theta: 345.8413870m
---
t: 1456290266.906149837
x: 343.86
y: 344.86
theta: 345.8601510m
---
t: 1456290266.906417006
x: 343.844
y: 344.844
theta: 345.8436420m
---
t: 1456290266.906559374
x: 343.856
y: 344.856
theta: 345.8562940m
---
t: 1456290266.985809486
x: 343.822
y: 344.822
theta: 345.8216970m
---
t: 1456290266.985866125
x: 343.867
y: 344.867
theta: 345.8665590m
---
t: 1456290267.025784665
x: 343.842
y: 344.842
theta: 345.8422290m
---
t: 1456290267.065782566
x: 343.86
y: 344.86
theta: 345.8604530m
---
t: 1456290267.185787218
x: 343.861
y: 344.861
theta: 345.8608160m
---
t: 1456290267.225781596
x: 343.852
y: 344.852
theta: 345.8519270m
---
t: 1456290267.225824907
x: 343.876
y: 344.876
theta: 345.8758550m
---
t: 1456290267.225858779
x: 343.844
y: 344.844
theta: 345.8444840m
---
t: 1456290267.225880361
x: 343.848
y: 344.848
theta: 345.8483110m
---
t: 1456290267.305779923
x: 343.836
y: 344.836
theta: 345.8357930m
---
t: 1456290267.345996075
x: 343.839
y: 344.839
theta: 345.8392630m
---
t: 1456290267.425785266
x: 343.889
y: 344.889
theta: 345.8893940m
---
t: 1456290267.425829380
x: 343.872
y: 344.872
theta: 345.8719190m
---
t: 1456290267.505784945
x: 343.854
y: 344.854
theta: 345.8542690m
---
t: 1456290267.505840406
x: 343.85
y: 344.85
theta: 345.8498430m
---
t: 1456290267.545769864
x: 343.869
y: 344.869
theta: 345.8693610m
---
t: 1456290267.545806268
x: 343.844
y: 344.844
theta: 345.8440000m
---
t: 1456290267.545850176
x: 343.846
y: 344.846
theta: 345.8459690m
---
t: 1456290267.625981451
x: 343.846
y: 344.846
theta: 345.8463810m
---
t: 1456290267.627031777
x: 343.851
y: 344.851
theta: 345.8510880m
---
t: 1456290267.705784683
x: 343.851
y: 344.851
theta: 345.8514480m
---
t: 1456290267.785806850
x: 343.848
y: 344.848
theta: 345.8484290m
---
t: 1456290267.825771729
x: 343.833
y: 344.833
theta: 345.8331060m
---
t: 1456290267.825818004
x: 343.858
y: 344.858
theta: 345.8578180m
---
t: 1456290267.905781431
x: 343.868
y: 344.868
theta: 345.8682900m
---
t: 1456290267.905826822
x: 343.873
y: 344.873
theta: 345.8734700m
---
t: 1456290267.905867531
x: 343.864
y: 344.864
theta: 345.8638490m
---
t: 1456290267.945781908
x: 343.843
y: 344.843
theta: 345.8425800m
---
t: 1456290268.025781100
x: 343.875
y: 344.875
theta: 345.8753700m
---
t: 1456290268.025831488
x: 343.871
y: 344.871
theta: 345.8705670m
---
t: 1456290268.065769228
x: 343.86
y: 344.86
theta: 345.8597730m
---
t: 1456290268.065812176
x: 343.841
y: 344.841
theta: 345.8412660m
---
t: 1456290268.105774071
x: 343.844
y: 344.844
theta: 345.8441950m
---
t: 1456290268.105817329
x: 343.843
y: 344.843
theta: 345.8425070m
---
t: 1456290268.305792241
x: 343.865
y: 344.865
theta: 345.8654370m
---
t: 1456290268.345772699
x: 343.842
y: 344.842
theta: 345.8424290m
---
t: 1456290268.345817670
x: 343.859
y: 344.859
theta: 345.8590360m
---
t: 1456290268.345861612
x: 343.874
y: 344.874
theta: 345.8735700m
---
t: 1456290268.345894034
x: 343.86
y: 344.86
theta: 345.8600950m
---
t: 1456290268.385766240
x: 343.879
y: 344.879
theta: 345.8790060m
---
t: 1456290268.385804550
x: 343.845
y: 344.845
theta: 345.8450930m
---
t: 1456290268.465922656
x: 343.844
y: 344.844
theta: 345.8437670m
---
t: 1456290268.505783463
x: 343.858
y: 344.858
theta: 345.8582300m
---
t: 1456290268.545774071
x: 343.846
y: 344.846
theta: 345.8459410m
---
t: 1456290268.545814355
x: 343.844
y: 344.844
theta: 345.8438270m
---
t: 1456290268.545858725
x: 343.845
y: 344.845
theta: 345.8447490m
---
t: 1456290268.625771946
x: 343.837
y: 344.837
theta: 345.8371840m
---
t: 1456290268.625809675
x: 343.85
y: 344.85
theta: 345.8496980m
---
t: 1456290268.625849360
x: 343.843
y: 344.843
theta: 345.8425890m
---
t: 1456290268.665770831
x: 343.865
y: 344.865
theta: 345.8650810m
---
t: 1456290268.665812372
x: 343.857
y: 344.857
theta: 345.8571910m
---
t: 1456290268.905777647
x: 343.859
y: 344.859
theta: 345.8590290m
---
t: 1456290268.905816241
x: 343.839
y: 344.839
theta: 345.8387350m
---
t: 1456290268.945768348
x: 343.852
y: 344.852
theta: 345.8521030m
---
t: 1456290268.945809227
x: 343.84
y: 344.84
theta: 345.8403320m
---
t: 1456290269.065771945
x: 343.869
y: 344.869
theta: 345.8694430m
---
t: 1456290269.065816362
x: 343.875
y: 344.875
theta: 345.8752350m
---
t: 1456290269.065854540
x: 343.848
y: 344.848
theta: 345.8479400m
---
t: 1456290269.185780506
x: 343.843
y: 344.843
theta: 345.8434100m
---
t: 1456290269.305773464
x: 343.872
y: 344.872
theta: 345.8715440m
---
t: 1456290269.345781839
x: 343.844
y: 344.844
theta: 345.8440010m
---
t: 1456290269.345838079
x: 343.832
y: 344.832
theta: 345.8318840m
---
t: 1456290269.385777393
x: 343.84
y: 344.84
theta: 345.8401000m
---
t: 1456290269.385862434
x: 343.839
y: 344.839
theta: 345.8394450m
---
t: 1456290269.505772939
x: 343.856
y: 344.856
theta: 345.8555060m
---
t: 1456290269.545778467
x: 343.852
y: 344.852
theta: 345.8521880m
---
t: 1456290269.585768678
x: 343.846
y: 344.846
theta: 345.8457080m
---
t: 1456290269.665806384
x: 343.823
y: 344.823
theta: 345.8232570m
---
t: 1456290269.705766551
x: 343.868
y: 344.868
theta: 345.8684140m
---
t: 1456290269.745767906
x: 343.859
y: 344.859
theta: 345.8592590m
---
t: 1456290269.785797813
x: 343.866
y: 344.866
theta: 345.8655830m
---
t: 1456290269.865774983
x: 343.863
y: 344.863
theta: 345.8631100m
---
t: 1456290269.905769714
x: 343.864
y: 344.864
theta: 345.8640740m
---
t: 1456290269.945738621
x: 343.847
y: 344.847
theta: 345.8466700m
---
t: 1456290269.985828971
x: 343.842
y: 344.842
theta: 345.8415910m
---
t: 1456290269.985886295
x: 343.853
y: 344.853
theta: 345.8527940m
---
t: 1456290270.065781375
x: 343.843
y: 344.843
theta: 345.8432940m
---
t: 1456290270.105786329
x: 343.851
y: 344.851
theta: 345.8513340m
---
t: 1456290270.145769938
x: 343.856
y: 344.856
theta: 345.8562800m
---
t: 1456290270.145807251
x: 343.87
y: 344.87
theta: 345.8696030m
---
t: 1456290270.265791917
x: 343.855
y: 344.855
theta: 345.8550240m
---
t: 1456290270.305789555
x: 343.851
y: 344.851
theta: 345.8511810m
---
t: 1456290270.305846915
x: 343.839
y: 344.839
theta: 345.8385910m
---
t: 1456290270.305887827
x: 343.849
y: 344.849
theta: 345.8492580m
---
t: 1456290270.305937075
x: 343.842
y: 344.842
theta: 345.8420420m
---
t: 1456290270.385741987
x: 343.876
y: 344.876
theta: 345.8759100m
---
t: 1456290270.385791769
x: 343.872
y: 344.872
theta: 345.8723070m
---
t: 1456290270.385856307
x: 343.841
y: 344.841
theta: 345.8414730m
---
t: 1456290270.425786116
x: 343.832
y: 344.832
theta: 345.8323500m
---
t: 1456290270.465814394
x: 343.864
y: 344.864
theta: 345.8641670m
---
t: 1456290270.465887050
x: 343.849
y: 344.849
theta: 345.8489030m
---
t: 1456290270.505770319
x: 343.842
y: 344.842
theta: 345.8420490m
---
t: 1456290270.505818241
x: 343.844
y: 344.844
theta: 345.8442560m
---
t: 1456290270.505863041
x: 343.851
y: 344.851
theta: 345.8514220m
---
t: 1456290270.505897565
x: 343.84
y: 344.84
theta: 345.8398980m
---
t: 1456290270.545769041
x: 343.848
y: 344.848
theta: 345.8475340m
---
t: 1456290270.625786527
x: 343.875
y: 344.875
theta: 345.8751920m
---
t: 1456290270.625839546
x: 343.839
y: 344.839
theta: 345.8390820m
---
t: 1456290270.625880067
x: 343.857
y: 344.857
theta: 345.8573420m
---
t: 1456290270.625943589
x: 343.84
y: 344.84
theta: 345.8400010m
---
t: 1456290270.705792243
x: 343.848
y: 344.848
theta: 345.8476080m
---
t: 1456290270.785792868
x: 343.845
y: 344.845
theta: 345.8454680m
---
t: 1456290270.825767137
x: 343.84
y: 344.84
theta: 345.8404780m
---
t: 1456290270.905795573
x: 343.839
y: 344.839
theta: 345.8388690m
---
t: 1456290270.905870219
x: 343.843
y: 344.843
theta: 345.8432780m
---
t: 1456290270.945749374
x: 343.842
y: 344.842
theta: 345.8415210m
---
t: 1456290270.985794263
x: 343.891
y: 344.891
theta: 345.8912680m
---
t: 1456290270.985856307
x: 343.835
y: 344.835
theta: 345.8352320m
---
t: 1456290271.065782480
x: 343.839
y: 344.839
theta: 345.8391840m
---
t: 1456290271.145769076
x: 343.842
y: 344.842
theta: 345.8415480m
---
t: 1456290271.265758926
x: 343.857
y: 344.857
theta: 345.8568820m
---
t: 1456290271.265807731
x: 343.844
y: 344.844
theta: 345.8436570m
---
t: 1456290271.305772612
x: 343.883
y: 344.883
theta: 345.8834930m
---
t: 1456290271.305812697
x: 343.842
y: 344.842
theta: 345.8423120m
---
t: 1456290271.345774083
x: 343.848
y: 344.848
theta: 345.8480520m
---
t: 1456290271.345814956
x: 343.845
y: 344.845
theta: 345.8445580m
---
t: 1456290271.345848600
x: 343.844
y: 344.844
theta: 345.8444610m
---
t: 1456290271.345882827
x: 343.855
y: 344.855
theta: 345.8549540m
---
t: 1456290271.425770700
x: 343.878
y: 344.878
theta: 345.8777210m
---
t: 1456290271.425811903
x: 343.842
y: 344.842
theta: 345.8416430m
---
t: 1456290271.465865062
x: 343.864
y: 344.864
theta: 345.8640600m
---
t: 1456290271.465975188
x: 343.859
y: 344.859
theta: 345.8593890m
---
t: 1456290271.505790150
x: 343.871
y: 344.871
theta: 345.8712930m
---
t: 1456290271.545779649
x: 343.843
y: 344.843
theta: 345.8431340m
---
t: 1456290271.625877990
x: 343.867
y: 344.867
theta: 345.8672740m
---
t: 1456290271.665807463
x: 343.847
y: 344.847
theta: 345.8469200m
---
t: 1456290271.705791762
x: 343.858
y: 344.858
theta: 345.8580610m
---
t: 1456290271.745795956
x: 343.841
y: 344.841
theta: 345.8411890m
---
t: 1456290271.785806870
x: 343.847
y: 344.847
theta: 345.8467600m
---
t: 1456290271.865793173
x: 343.852
y: 344.852
theta: 345.8516670m
---
t: 1456290271.905773082
x: 343.851
y: 344.851
theta: 345.8511120m
---
t: 1456290271.905823656
x: 343.85
y: 344.85
theta: 345.8500600m
---
t: 1456290271.945731089
x: 343.853
y: 344.853
theta: 345.8529210m
---
t: 1456290271.985772124
x: 343.886
y: 344.886
theta: 345.8855740m
---
t: 1456290272.025781090
x: 343.844
y: 344.844
theta: 345.8442760m
---
t: 1456290272.025819119
x: 343.846
y: 344.846
theta: 345.8459920m
---
t: 1456290272.025851324
x: 343.86
y: 344.86
theta: 345.8603770m
---
t: 1456290272.025871105
x: 343.855
y: 344.855
theta: 345.8550390m
---
t: 1456290272.065780953
x: 343.842
y: 344.842
theta: 345.8422750m
---
t: 1456290272.105769079
x: 343.861
y: 344.861
theta: 345.8614290m
---
t: 1456290272.105808393
x: 343.849
y: 344.849
theta: 345.8493510m
---
t: 1456290272.145768052
x: 343.842
y: 344.842
theta: 345.8422780m
---
t: 1456290272.145802447
x: 343.851
y: 344.851
theta: 345.8505070m
---
t: 1456290272.265773698
x: 343.839
y: 344.839
theta: 345.8390130m
---
t: 1456290272.305790940
x: 343.85
y: 344.85
theta: 345.8501480m
---
t: 1456290272.305836049
x: 343.86
y: 344.86
theta: 345.8597960m
---
t: 1456290272.345780056
x: 343.843
y: 344.843
theta: 345.8434350m
---
t: 1456290272.345819127
x: 343.842
y: 344.842
theta: 345.8423150m
---
t: 1456290272.385780814
x: 343.844
y: 344.844
theta: 345.8437930m
---
t: 1456290272.585785979
x: 343.846
y: 344.846
theta: 345.8461530m
---
t: 1456290272.625778450
x: 343.857
y: 344.857
theta: 345.8565640m
---
t: 1456290272.705736952
x: 343.861
y: 344.861
theta: 345.8609970m
---
t: 1456290272.785750491
x: 343.862
y: 344.862
theta: 345.8617000m
---
t: 1456290272.825788906
x: 343.842
y: 344.842
theta: 345.8422710m
---
t: 1456290272.825829877
x: 343.841
y: 344.841
theta: 345.8408250m
---
t: 1456290272.865776559
x: 343.844
y: 344.844
theta: 345.8435830m
---
t: 1456290272.865828466
x: 343.874
y: 344.874
theta: 345.8742380m
---
t: 1456290272.905777198
x: 343.856
y: 344.856
theta: 345.8560660m
---
t: 1456290272.945787777
x: 343.849
y: 344.849
theta: 345.8494300m
---
t: 1456290272.985783290
x: 343.845
y: 344.845
theta: 345.8450130m
---
t: 1456290273.105763672
x: 343.866
y: 344.866
theta: 345.8658660m
---
t: 1456290273.105820578
x: 343.882
y: 344.882
theta: 345.8819970m
---
t: 1456290273.185778642
x: 343.845
y: 344.845
theta: 345.8451700m
---
t: 1456290273.185824927
x: 343.859
y: 344.859
theta: 345.8587190m
---
t: 1456290273.225766500
x: 343.851
y: 344.851
theta: 345.8513190m
---
t: 1456290273.265791359
x: 343.876
y: 344.876
theta: 345.8758470m
---
t: 1456290273.265843805
x: 343.842
y: 344.842
theta: 345.8420180m
---
t: 1456290273.345770880
x: 343.868
y: 344.868
theta: 345.8682270m
---
t: 1456290273.385786367
x: 343.844
y: 344.844
theta: 345.8442430m
---
t: 1456290273.425782900
x: 343.842
y: 344.842
theta: 345.8424330m
---
t: 1456290273.425827791
x: 343.861
y: 344.861
theta: 345.8606250m
---
t: 1456290273.465829833
x: 343.846
y: 344.846
theta: 345.8458260m
---
t: 1456290273.465901856
x: 343.86
y: 344.86
theta: 345.8604590m
---
t: 1456290273.545767993
x: 343.866
y: 344.866
theta: 345.8661500m
---
t: 1456290273.545811323
x: 343.858
y: 344.858
theta: 345.8584490m
---
t: 1456290273.585755561
x: 343.869
y: 344.869
theta: 345.8688140m
---
t: 1456290273.625904555
x: 343.844
y: 344.844
theta: 345.8436220m
---
t: 1456290273.665806048
x: 343.849
y: 344.849
theta: 345.8491400m
---
t: 1456290273.665870626
x: 343.854
y: 344.854
theta: 345.8544380m
---
t: 1456290273.665902726
x: 343.849
y: 344.849
theta: 345.8486630m
---
t: 1456290273.705785197
x: 343.848
y: 344.848
theta: 345.8484750m
---
t: 1456290273.745766499
x: 343.844
y: 344.844
theta: 345.8438960m
---
t: 1456290273.745825946
x: 343.865
y: 344.865
theta: 345.8653140m
---
t: 1456290273.785801726
x: 343.843
y: 344.843
theta: 345.8426580m
---
t: 1456290273.825768358
x: 343.871
y: 344.871
theta: 345.8708590m
---
t: 1456290273.825807957
x: 343.841
y: 344.841
theta: 345.8410310m
---
t: 1456290273.945771127
x: 343.87
y: 344.87
theta: 345.8703450m
---
t: 1456290273.945807932
x: 343.841
y: 344.841
theta: 345.8414360m
---
t: 1456290273.985799177
x: 343.847
y: 344.847
theta: 345.8467210m
---
t: 1456290274.026080209
x: 343.839
y: 344.839
theta: 345.8394650m
---
t: 1456290274.145779360
x: 343.869
y: 344.869
theta: 345.8693690m
---
t: 1456290274.145847733
x: 343.85
y: 344.85
theta: 345.8502140m
---
t: 1456290274.185764140
x: 343.876
y: 344.876
theta: 345.8760990m
---
t: 1456290274.225777851
x: 343.841
y: 344.841
theta: 345.8409900m
---
t: 1456290274.225816727
x: 343.849
y: 344.849
theta: 345.8494740m
---
t: 1456290274.265787121
x: 343.86
y: 344.86
theta: 345.8595390m
---
t: 1456290274.265836813
x: 343.844
y: 344.844
theta: 345.8436510m
---
t: 1456290274.385798965
x: 343.843
y: 344.843
theta: 345.8427460m
---
t: 1456290274.385876971
x: 343.846
y: 344.846
theta: 345.8455640m
---
t: 1456290274.465906059
x: 343.846
y: 344.846
theta: 345.8460950m
---
t: 1456290274.505786857
x: 343.87
y: 344.87
theta: 345.8696350m
---
t: 1456290274.545783207
x: 343.842
y: 344.842
theta: 345.8423580m
---
t: 1456290274.545818357
x: 343.862
y: 344.862
theta: 345.8620800m
---
t: 1456290274.585740936
x: 343.857
y: 344.857
theta: 345.8568650m
---
t: 1456290274.625771717
x: 343.877
y: 344.877
theta: 345.8772230m
---
t: 1456290274.665737144
x: 343.844
y: 344.844
theta: 345.8441680m
---
t: 1456290274.745794403
x: 343.846
y: 344.846
theta: 345.8461110m
---
t: 1456290274.785797680
x: 343.873
y: 344.873
theta: 345.8732220m
---
t: 1456290274.825792776
x: 343.85
y: 344.85
theta: 345.8502400m
---
t: 1456290274.905796207
x: 343.844
y: 344.844
theta: 345.8440500m
---
t: 1456290274.905881277
x: 343.847
y: 344.847
theta: 345.8468800m
---
t: 1456290274.985797397
x: 343.88
y: 344.88
theta: 345.8799660m
---
t: 1456290274.985853930
x: 343.84
y: 344.84
theta: 345.8398270m
---
t: 1456290275.025785932
x: 343.843
y: 344.843
theta: 345.8430600m
---
t: 1456290275.025837634
x: 343.872
y: 344.872
theta: 345.8723780m
---
t: 1456290275.025867526
x: 343.859
y: 344.859
theta: 345.8590030m
---
t: 1456290275.065766289
x: 343.857
y: 344.857
theta: 345.8565670m
---
t: 1456290275.105795175
x: 343.856
y: 344.856
theta: 345.8560030m
---
t: 1456290275.145781896
x: 343.839
y: 344.839
theta: 345.8392400m
---
t: 1456290275.225771145
x: 343.837
y: 344.837
theta: 345.8369990m
---
t: 1456290275.225826548
x: 343.84
y: 344.84
theta: 345.8404230m
---
t: 1456290275.225869669
x: 343.841
y: 344.841
theta: 345.8410260m
---
t: 1456290275.225907147
x: 343.847
y: 344.847
theta: 345.8469350m
---
t: 1456290275.305805685
x: 343.847
y: 344.847
theta: 345.8466410m
---
t: 1456290275.345781018
x: 343.851
y: 344.851
theta: 345.8513470m
---
t: 1456290275.385784341
x: 343.844
y: 344.844
theta: 345.8441840m
---
t: 1456290275.425787914
x: 343.861
y: 344.861
theta: 345.8611130m
---
t: 1456290275.425825329
x: 343.843
y: 344.843
theta: 345.8432910m
---
t: 1456290275.425857185
x: 343.867
y: 344.867
theta: 345.8673260m
---
t: 1456290275.505774516
x: 343.871
y: 344.871
theta: 345.8711200m
---
t: 1456290275.545788690
x: 343.846
y: 344.846
theta: 345.8463560m
---
t: 1456290275.585773985
x: 343.848
y: 344.848
theta: 345.8479760m
---
t: 1456290275.745805128
x: 343.876
y: 344.876
theta: 345.8758640m
---
t: 1456290275.745878573
x: 343.868
y: 344.868
theta: 345.8680460m
---
t: 1456290275.745917356
x: 343.843
y: 344.843
theta: 345.8433320m
---
t: 1456290275.785790642
x: 343.844
y: 344.844
theta: 345.8437930m
---
t: 1456290275.865790912
x: 343.862
y: 344.862
theta: 345.8624640m
---
t: 1456290275.905776384
x: 343.834
y: 344.834
theta: 345.8343640m
---
t: 1456290275.945769912
x: 343.854
y: 344.854
theta: 345.8544490m
---
t: 1456290276.065791646
x: 343.842
y: 344.842
theta: 345.8421510m
---
t: 1456290276.065849972
x: 343.847
y: 344.847
theta: 345.8471610m
---
t: 1456290276.145801076
x: 343.85
y: 344.85
theta: 345.8503310m
---
t: 1456290276.385788485
x: 343.843
y: 344.843
theta: 345.8428710m
---
t: 1456290276.505775883
x: 343.841
y: 344.841
theta: 345.8410140m
---
t: 1456290276.505819871
x: 343.847
y: 344.847
theta: 345.8472140m
---
t: 1456290276.545745805
x: 343.852
y: 344.852
theta: 345.8518780m
---
t: 1456290276.545793355
x: 343.845
y: 344.845
theta: 345.8448380m
---
t: 1456290276.585769147
x: 343.841
y: 344.841
theta: 345.8410960m
---
t: 1456290276.585813652
x: 343.872
y: 344.872
theta: 345.8721050m
---
t: 1456290276.625738920
x: 343.845
y: 344.845
theta: 345.8452210m
---
t: 1456290276.665800882
x: 343.854
y: 344.854
theta: 345.8538060m
---
t: 1456290276.825757288
x: 343.871
y: 344.871
theta: 345.8713380m
---
t: 1456290276.945780867
x: 343.846
y: 344.846
theta: 345.8464240m
---
t: 1456290276.945825374
x: 343.845
y: 344.845
theta: 345.8447360m
---
t: 1456290276.945877209
x: 343.841
y: 344.841
theta: 345.8406030m
---
t: 1456290276.945917488
x: 343.851
y: 344.851
theta: 345.8514970m
---
t: 1456290276.985803874
x: 343.85
y: 344.85
theta: 345.8500230m
---
t: 1456290276.985874124
x: 343.854
y: 344.854
theta: 345.8542470m
---
t: 1456290277.025780934
x: 343.86
y: 344.86
theta: 345.8603670m
---
t: 1456290277.025823675
x: 343.827
y: 344.827
theta: 345.8268810m
---
t: 1456290277.025856424
x: 343.838
y: 344.838
theta: 345.8382220m
---
t: 1456290277.105780902
x: 343.848
y: 344.848
theta: 345.8484000m
---
t: 1456290277.265797861
x: 343.844
y: 344.844
theta: 345.8440570m
---
t: 1456290277.265850995
x: 343.864
y: 344.864
theta: 345.8639210m
---
t: 1456290277.305793806
x: 343.858
y: 344.858
theta: 345.8576330m
---
t: 1456290277.305848707
x: 343.854
y: 344.854
theta: 345.8537900m
---
t: 1456290277.345775082
x: 343.836
y: 344.836
theta: 345.8360670m
---
t: 1456290277.385731962
x: 343.839
y: 344.839
theta: 345.8386650m
---
t: 1456290277.425786659
x: 343.869
y: 344.869
theta: 345.8687370m
---
t: 1456290277.425838475
x: 343.841
y: 344.841
theta: 345.8413560m
---
t: 1456290277.545785584
x: 343.858
y: 344.858
theta: 345.8580920m
---
t: 1456290277.545829374
x: 343.864
y: 344.864
theta: 345.8636260m
---
t: 1456290277.585786127
x: 343.858
y: 344.858
theta: 345.8580590m
---
t: 1456290277.626983685
x: 343.869
y: 344.869
theta: 345.8686390m
---
t: 1456290277.627522452
x: 343.868
y: 344.868
theta: 345.8676140m
---
t: 1456290277.627714105
x: 343.843
y: 344.843
theta: 345.8425310m
---
t: 1456290277.705785812
x: 343.866
y: 344.866
theta: 345.8660770m
---
t: 1456290277.945795263
x: 343.842
y: 344.842
theta: 345.8415580m
---
t: 1456290278.025784573
x: 343.841
y: 344.841
theta: 345.8405190m
---
t: 1456290278.065775742
x: 343.856
y: 344.856
theta: 345.8556080m
---
t: 1456290278.105773356
x: 343.842
y: 344.842
theta: 345.8422690m
---
t: 1456290278.105811750
x: 343.868
y: 344.868
theta: 345.8684950m
---
t: 1456290278.105845356
x: 343.854
y: 344.854
theta: 345.8540740m
---
t: 1456290278.145788357
x: 343.839
y: 344.839
theta: 345.8391240m
---
t: 1456290278.185770515
x: 343.842
y: 344.842
theta: 345.8417020m
---
t: 1456290278.185810380
x: 343.847
y: 344.847
theta: 345.8466570m
---
t: 1456290278.225770916
x: 343.844
y: 344.844
theta: 345.8435990m
---
t: 1456290278.305736023
x: 343.858
y: 344.858
theta: 345.8576480m
---
t: 1456290278.345777076
x: 343.84
y: 344.84
theta: 345.8404550m
---
t: 1456290278.345820648
x: 343.849
y: 344.849
theta: 345.8490130m
---
t: 1456290278.345863203
x: 343.865
y: 344.865
theta: 345.8651370m
---
t: 1456290278.385793830
x: 343.868
y: 344.868
theta: 345.8679240m
---
t: 1456290278.425778327
x: 343.857
y: 344.857
theta: 345.8570390m
---
t: 1456290278.465899837
x: 343.846
y: 344.846
theta: 345.8464880m
---
t: 1456290278.505737574
x: 343.842
y: 344.842
theta: 345.8419470m
---
t: 1456290278.545795947
x: 343.884
y: 344.884
theta: 345.8844760m
---
t: 1456290278.585720053
x: 343.846
y: 344.846
theta: 345.8462800m
---
t: 1456290278.665793060
x: 343.842
y: 344.842
theta: 345.8421670m
---
t: 1456290278.665842131
x: 343.843
y: 344.843
theta: 345.8431630m
---
t: 1456290278.745800920
x: 343.846
y: 344.846
theta: 345.8459790m
---
t: 1456290278.745855513
x: 343.854
y: 344.854
theta: 345.8539430m
---
t: 1456290278.785726542
x: 343.844
y: 344.844
theta: 345.8440100m
---
t: 1456290278.785772121
x: 343.841
y: 344.841
theta: 345.8409330m
---
t: 1456290278.825774744
x: 343.844
y: 344.844
theta: 345.8441920m
---
t: 1456290278.825820924
x: 343.852
y: 344.852
theta: 345.8523940m
---
t: 1456290278.825870746
x: 343.887
y: 344.887
theta: 345.8872410m
---
t: 1456290278.865813182
x: 343.848
y: 344.848
theta: 345.8482560m
---
t: 1456290278.865877157
x: 343.845
y: 344.845
theta: 345.8452420m
---
t: 1456290278.945739211
x: 343.844
y: 344.844
theta: 345.8438220m
---
t: 1456290279.025800128
x: 343.885
y: 344.885
theta: 345.8851740m
---
t: 1456290279.105726240
x: 343.845
y: 344.845
theta: 345.8449320m
---
t: 1456290279.145781382
x: 343.861
y: 344.861
theta: 345.8607030m
---
t: 1456290279.185797780
x: 343.841
y: 344.841
theta: 345.8411990m
---
t: 1456290279.225811249
x: 343.869
y: 344.869
theta: 345.8686460m
---
t: 1456290279.225932693
x: 343.841
y: 344.841
theta: 345.8410140m
---
t: 1456290279.305804519
x: 343.839
y: 344.839
theta: 345.8394160m
---
t: 1456290279.345812821
x: 343.847
y: 344.847
theta: 345.8474280m
---
t: 1456290279.385811213
x: 343.842
y: 344.842
theta: 345.8422160m
---
t: 1456290279.385936937
x: 343.85
