t: 1456290279.567082825
x: 343.844
y: 344.844
theta: 345.8439900m
---
t: 1456290279.567173387
x: 343.847
y: 344.847
theta: 345.8466380m
---
t: 1456290279.607030244
x: 343.839
y: 344.839
theta: 345.8386690m
---
t: 1456290279.687030147
x: 343.851
y: 344.851
theta: 345.8508940m
---
t: 1456290279.687092900
x: 343.845
y: 344.845
theta: 345.8450780m
---
t: 1456290279.727009968
x: 344.227
y: 345.227
theta: 346.2267560m
---
t: 1456290279.806984897
x: 345.107
y: 346.107
theta: 347.1073490m
---
t: 1456290279.846988178
x: 345.336
y: 346.336
theta: 347.3358050m
---
t: 1456290279.886984802
x: 345.198
y: 346.198
theta: 347.1984790m
---
t: 1456290279.887020778
x: 345.336
y: 346.336
theta: 347.3358050m
---
t: 1456290279.926986777
x: 345.336
y: 346.336
theta: 347.3358050m
---
t: 1456290279.927025247
x: 345.336
y: 346.336
theta: 347.3358050m
---
t: 1456290280.007018592
x: 346.214
y: 347.214
theta: 348.2137720m
---
t: 1456290280.046992274
x: 346.235
y: 347.235
theta: 348.2354630m
---
t: 1456290280.047030510
x: 346.158
y: 347.158
theta: 348.1581020m
---
t: 1456290280.047063628
x: 346.129
y: 347.129
theta: 348.1290730m
---
t: 1456290280.047100214
x: 346.102
y: 347.102
theta: 348.1023650m
---
t: 1456290280.126985471
x: 346.208
y: 347.208
theta: 348.2079480m
---
t: 1456290280.127027454
x: 346.296
y: 347.296
theta: 348.2961890m
---
t: 1456290280.127061611
x: 346.189
y: 347.189
theta: 348.1889760m
---
t: 1456290280.166984274
x: 346.746
y: 347.746
theta: 348.7456790m
---
t: 1456290280.206996617
x: 347.42
y: 348.42
theta: 349.4197170m
---
t: 1456290280.247002795
x: 346.587
y: 347.587
theta: 348.5871900m
---
t: 1456290280.286988923
x: 347.498
y: 348.498
theta: 349.4981640m
---
t: 1456290280.287027872
x: 347.343
y: 348.343
theta: 349.3429230m
---
t: 1456290280.287053649
x: 347.546
y: 348.546
theta: 349.5457110m
---
t: 1456290280.287083107
x: 347.448
y: 348.448
theta: 349.4481560m
---
t: 1456290280.366973593
x: 347.587
y: 348.587
theta: 349.5867390m
---
t: 1456290280.367022499
x: 347.521
y: 348.521
theta: 349.5208200m
---
t: 1456290280.446965507
x: 347.607
y: 348.607
theta: 349.6070860m
---
t: 1456290280.447027353
x: 347.665
y: 348.665
theta: 349.6653090m
---
t: 1456290280.526973768
x: 347.977
y: 348.977
theta: 349.9770300m
---
t: 1456290280.527021999
x: 348.016
y: 349.016
theta: 350.0157640m
---
t: 1456290280.566992959
x: 348.034
y: 349.034
theta: 350.0339820m
---
t: 1456290280.606998623
x: 348.131
y: 349.131
theta: 350.1306880m
---
t: 1456290280.607044649
x: 347.977
y: 348.977
theta: 349.9770300m
---
t: 1456290280.646967623
x: 348.068
y: 349.068
theta: 350.0678100m
---
t: 1456290280.647006614
x: 348.181
y: 349.181
theta: 350.1806010m
---
t: 1456290280.686958515
x: 348.139
y: 349.139
theta: 350.1393310m
---
t: 1456290280.687007677
x: 348.268
y: 349.268
theta: 350.2676610m
---
t: 1456290280.766993259
x: 348.782
y: 349.782
theta: 350.7815750m
---
t: 1456290280.806987395
x: 348.935
y: 349.935
theta: 350.9353930m
---
t: 1456290280.807026361
x: 349.217
y: 350.217
theta: 351.2173840m
---
t: 1456290280.886996456
x: 349.233
y: 350.233
theta: 351.2331070m
---
t: 1456290280.887047462
x: 349.16
y: 350.16
theta: 351.1597860m
---
t: 1456290280.887082304
x: 349.319
y: 350.319
theta: 351.3185270m
---
t: 1456290280.926989914
x: 349.776
y: 350.776
theta: 351.7756970m
---
t: 1456290280.967932667
x: 349.845
y: 350.845
theta: 351.8453460m
---
t: 1456290280.967991610
x: 349.7
y: 350.7
theta: 351.7003280m
---
t: 1456290281.007001410
x: 349.857
y: 350.857
theta: 351.8571140m
---
t: 1456290281.046995506
x: 350.009
y: 351.009
theta: 352.0088750m
---
t: 1456290281.047041931
x: 350.079
y: 351.079
theta: 352.0787260m
---
t: 1456290281.086983828
x: 350.195
y: 351.195
theta: 352.1951650m
---
t: 1456290281.206996217
x: 350.726
y: 351.726
theta: 352.7257310m
---
t: 1456290281.207035155
x: 350.405
y: 351.405
theta: 352.4046990m
---
t: 1456290281.207067075
x: 350.839
y: 351.839
theta: 352.8391730m
---
t: 1456290281.246995016
x: 350.74
y: 351.74
theta: 352.7403990m
---
t: 1456290281.327008217
x: 350.943
y: 351.943
theta: 352.9426430m
---
t: 1456290281.367011941
x: 351.149
y: 352.149
theta: 353.1486290m
---
t: 1456290281.407004360
x: 351.304
y: 352.304
theta: 353.3040610m
---
t: 1456290281.446984818
x: 351.556
y: 352.556
theta: 353.5563890m
---
t: 1456290281.447022779
x: 351.504
y: 352.504
theta: 353.5040640m
---
t: 1456290281.487009150
x: 351.49
y: 352.49
theta: 353.4899980m
---
t: 1456290281.566994657
x: 351.874
y: 352.874
theta: 353.8739580m
---
t: 1456290281.567037364
x: 351.943
y: 352.943
theta: 353.9425090m
---
t: 1456290281.606993091
x: 352.014
y: 353.014
theta: 354.0138540m
---
t: 1456290281.607030627
x: 352.192
y: 353.192
theta: 354.1923250m
---
t: 1456290281.647009282
x: 352.087
y: 353.087
theta: 354.0868210m
---
t: 1456290281.647072101
x: 351.966
y: 352.966
theta: 353.9661650m
---
t: 1456290281.686983463
x: 352.263
y: 353.263
theta: 354.2629960m
---
t: 1456290281.687023015
x: 352.347
y: 353.347
theta: 354.3466380m
---
t: 1456290281.727024271
x: 352.388
y: 353.388
theta: 354.3876390m
---
t: 1456290281.727083891
x: 352.28
y: 353.28
theta: 354.2795230m
---
t: 1456290281.767026450
x: 352.656
y: 353.656
theta: 354.6555310m
---
t: 1456290281.887017208
x: 352.887
y: 353.887
theta: 354.8869900m
---
t: 1456290281.967100856
x: 353.038
y: 354.038
theta: 355.0379740m
---
t: 1456290282.007003946
x: 353.238
y: 354.238
theta: 355.2379010m
---
t: 1456290282.007044916
x: 352.943
y: 353.943
theta: 354.9426550m
---
t: 1456290282.007071103
x: 353.091
y: 354.091
theta: 355.0910730m
---
t: 1456290282.007103369
x: 352.899
y: 353.899
theta: 354.8988540m
---
t: 1456290282.007141759
x: 353.147
y: 354.147
theta: 355.1471960m
---
t: 1456290282.046987356
x: 353.355
y: 354.355
theta: 355.3550690m
---
t: 1456290282.047025655
x: 353.411
y: 354.411
theta: 355.4109970m
---
t: 1456290282.086958960
x: 353.511
y: 354.511
theta: 355.5109860m
---
t: 1456290282.126968527
x: 353.573
y: 354.573
theta: 355.5732130m
---
t: 1456290282.206984555
x: 353.558
y: 354.558
theta: 355.5581520m
---
t: 1456290282.246992255
x: 353.792
y: 354.792
theta: 355.7923870m
---
t: 1456290282.286999820
x: 353.921
y: 354.921
theta: 355.9211060m
---
t: 1456290282.287046133
x: 353.907
y: 354.907
theta: 355.9067010m
---
t: 1456290282.367011238
x: 354.107
y: 355.107
theta: 356.1065930m
---
t: 1456290282.367076703
x: 354.144
y: 355.144
theta: 356.1438810m
---
t: 1456290282.407003319
x: 353.999
y: 354.999
theta: 355.9985810m
---
t: 1456290282.407054819
x: 354.014
y: 355.014
theta: 356.0138880m
---
t: 1456290282.446996638
x: 354.26
y: 355.26
theta: 356.2596680m
---
t: 1456290282.487018509
x: 354.213
y: 355.213
theta: 356.2130630m
---
t: 1456290282.526985387
x: 354.295
y: 355.295
theta: 356.2949140m
---
t: 1456290282.527022713
x: 354.36
y: 355.36
theta: 356.3604630m
---
t: 1456290282.607008400
x: 354.376
y: 355.376
theta: 356.3759820m
---
t: 1456290282.607062750
x: 354.514
y: 355.514
theta: 356.5140510m
---
t: 1456290282.647004973
x: 354.664
y: 355.664
theta: 356.6639810m
---
t: 1456290282.686985488
x: 354.896
y: 355.896
theta: 356.8957880m
---
t: 1456290282.726993308
x: 355.191
y: 356.191
theta: 357.1910000m
---
t: 1456290282.806976950
x: 355.038
y: 356.038
theta: 357.0383080m
---
t: 1456290282.887000982
x: 356.123
y: 357.123
theta: 358.1232650m
---
t: 1456290282.926963145
x: 355.496
y: 356.496
theta: 357.4961170m
---
t: 1456290282.926998442
x: 356.889
y: 357.889
theta: 358.8893120m
---
t: 1456290282.967015243
x: 357.038
y: 358.038
theta: 359.0378070m
---
t: 1456290282.967075289
x: 357.064
y: 358.064
theta: 359.0640390m
---
t: 1456290283.007001404
x: 357.031
y: 358.031
theta: 359.0306730m
---
t: 1456290283.086984008
x: 357.687
y: 358.687
theta: 359.6874410m
---
t: 1456290283.087027327
x: 357.655
y: 358.655
theta: 359.6549380m
---
t: 1456290283.167003869
x: -1.83781
y: -0.837811
theta: 0.1621890m
---
t: 1456290283.207001400
x: -1.6473
y: -0.647296
theta: 0.3527040m
---
t: 1456290283.246995071
x: -1.46182
y: -0.46182
theta: 0.5381800m
---
t: 1456290283.247044824
x: -1.43828
y: -0.438284
theta: 0.5617160m
---
t: 1456290283.367012619
x: -1.11643
y: -0.11643
theta: 0.8835700m
---
t: 1456290283.367064195
x: -1.24892
y: -0.24892
theta: 0.7510800m
---
t: 1456290283.407014894
x: -0.993526
y: 0.006474
theta: 1.0064740m
---
t: 1456290283.407061157
x: -1.08337
y: -0.083371
theta: 0.9166290m
---
t: 1456290283.407094571
x: -0.961268
y: 0.038732
theta: 1.0387320m
---
t: 1456290283.446987614
x: -0.886938
y: 0.113062
theta: 1.1130620m
---
t: 1456290283.487018013
x: -0.891344
y: 0.108656
theta: 1.1086560m
---
t: 1456290283.526993533
x: -1.08503
y: -0.085029
theta: 0.9149710m
---
t: 1456290283.527037263
x: -0.808424
y: 0.191576
theta: 1.1915760m
---
t: 1456290283.567012290
x: -0.675201
y: 0.324799
theta: 1.3247990m
---
t: 1456290283.606992117
x: -0.79785
y: 0.20215
theta: 1.2021500m
---
t: 1456290283.607030872
x: -0.492932
y: 0.507068
theta: 1.5070680m
---
t: 1456290283.607065592
x: -0.35616
y: 0.64384
theta: 1.6438400m
---
t: 1456290283.647036434
x: -0.276629
y: 0.723371
theta: 1.7233710m
---
t: 1456290283.687007415
x: -0.208164
y: 0.791836
theta: 1.7918360m
---
t: 1456290283.727011560
x: 0.173969
y: 1.17397
theta: 2.1739690m
---
t: 1456290283.806952345
x: 0.60923
y: 1.60923
theta: 2.6092300m
---
t: 1456290283.846993328
x: 0.684782
y: 1.68478
theta: 2.6847820m
---
t: 1456290283.847040829
x: 0.189586
y: 1.18959
theta: 2.1895860m
---
t: 1456290283.886991655
x: 1.09007
y: 2.09007
theta: 3.0900690m
---
t: 1456290283.926998470
x: 1.22081
y: 2.22081
theta: 3.2208060m
---
t: 1456290284.047012775
x: 1.26023
y: 2.26023
theta: 3.2602300m
---
t: 1456290284.047062236
x: 1.18936
y: 2.18936
theta: 3.1893590m
---
t: 1456290284.086988257
x: 1.6275
y: 2.6275
theta: 3.6275010m
---
t: 1456290284.087026235
x: 1.64304
y: 2.64304
theta: 3.6430370m
---
t: 1456290284.087059063
x: 1.70489
y: 2.70489
theta: 3.7048920m
---
t: 1456290284.206986383
x: 2.35628
y: 3.35628
theta: 4.3562800m
---
t: 1456290284.246993140
x: 2.40225
y: 3.40225
theta: 4.4022460m
---
t: 1456290284.247037166
x: 2.23991
y: 3.23991
theta: 4.2399140m
---
t: 1456290284.247063319
x: 2.60285
y: 3.60285
theta: 4.6028480m
---
t: 1456290284.247081802
x: 2.43298
y: 3.43298
theta: 4.4329830m
---
t: 1456290284.286953545
x: 2.75936
y: 3.75936
theta: 4.7593620m
---
t: 1456290284.326999702
x: 2.95838
y: 3.95838
theta: 4.9583850m
---
t: 1456290284.406998333
x: 3.4221
y: 4.4221
theta: 5.4221020m
---
t: 1456290284.487005763
x: 3.7605
y: 4.7605
theta: 5.7605030m
---
t: 1456290284.487057174
x: 3.52862
y: 4.52862
theta: 5.5286180m
---
t: 1456290284.487145582
x: 3.84614
y: 4.84614
theta: 5.8461440m
---
t: 1456290284.526987252
x: 3.89291
y: 4.89291
theta: 5.8929110m
---
t: 1456290284.527031578
x: 3.79951
y: 4.79951
theta: 5.7995100m
---
t: 1456290284.567012219
x: 3.74579
y: 4.74579
theta: 5.7457880m
---
t: 1456290284.606962011
x: 4.3572
y: 5.3572
theta: 6.3571970m
---
t: 1456290284.607004733
x: 4.29376
y: 5.29376
theta: 6.2937560m
---
t: 1456290284.646951669
x: 4.5398
y: 5.5398
theta: 6.5397970m
---
t: 1456290284.646990052
x: 4.47734
y: 5.47734
theta: 6.4773450m
---
t: 1456290284.726987102
x: 4.35111
y: 5.35111
theta: 6.3511090m
---
t: 1456290284.727028064
x: 4.93015
y: 5.93015
theta: 6.9301490m
---
t: 1456290284.727069693
x: 4.97646
y: 5.97646
theta: 6.9764570m
---
t: 1456290284.806997001
x: 5.26565
y: 6.26565
theta: 7.2656550m
---
t: 1456290284.807039676
x: 5.25265
y: 6.25265
theta: 7.2526450m
---
t: 1456290284.807075025
x: 5.1522
y: 6.1522
theta: 7.1522000m
---
t: 1456290284.846984256
x: 5.28762
y: 6.28762
theta: 7.2876170m
---
t: 1456290284.847017978
x: 5.29504
y: 6.29504
theta: 7.2950350m
---
t: 1456290284.967034502
x: 5.75706
y: 6.75706
theta: 7.7570640m
---
t: 1456290284.967097268
x: 5.49817
y: 6.49817
theta: 7.4981700m
---
t: 1456290285.006991194
x: 5.79365
y: 6.79365
theta: 7.7936480m
---
t: 1456290285.007058176
x: 5.84651
y: 6.84651
theta: 7.8465060m
---
t: 1456290285.086995403
x: 6.1126
y: 7.1126
theta: 8.1125990m
---
t: 1456290285.126995758
x: 6.20909
y: 7.20909
theta: 8.2090890m
---
t: 1456290285.127037492
x: 5.80561
y: 6.80561
theta: 7.8056060m
---
t: 1456290285.127071385
x: 5.91997
y: 6.91997
theta: 7.9199670m
---
t: 1456290285.127105474
x: 5.87843
y: 6.87843
theta: 7.8784280m
---
t: 1456290285.206974177
x: 6.59393
y: 7.59393
theta: 8.5939270m
---
t: 1456290285.327002949
x: 7.10467
y: 8.10467
theta: 9.1046660m
---
t: 1456290285.366998201
x: 6.69434
y: 7.69434
theta: 8.6943380m
---
t: 1456290285.446984819
x: 7.77548
y: 8.77548
theta: 9.7754760m
---
t: 1456290285.566973569
x: 7.88668
y: 8.88668
theta: 9.8866770m
---
t: 1456290285.567062995
x: 8.0346
y: 9.0346
theta: 10.0346000m
---
t: 1456290285.567116270
x: 8.1461
y: 9.1461
theta: 10.1460980m
---
t: 1456290285.567156195
x: 8.28192
y: 9.28192
theta: 10.2819250m
---
t: 1456290285.606969296
x: 8.475
y: 9.475
theta: 10.4750010m
---
t: 1456290285.607006329
x: 8.56186
y: 9.56186
theta: 10.5618630m
---
t: 1456290285.687020313
x: 8.7007
y: 9.7007
theta: 10.7007030m
---
t: 1456290285.767027504
x: 8.73918
y: 9.73918
theta: 10.7391780m
---
t: 1456290285.807002847
x: 9.08212
y: 10.0821
theta: 11.0821190m
---
t: 1456290285.846993438
x: 9.23763
y: 10.2376
theta: 11.2376280m
---
t: 1456290285.886989923
x: 9.47588
y: 10.4759
theta: 11.4758780m
---
t: 1456290285.967016761
x: 9.74504
y: 10.745
theta: 11.7450390m
---
t: 1456290285.967078700
x: 9.8597
y: 10.8597
theta: 11.8596950m
---
t: 1456290286.007006287
x: 9.52454
y: 10.5245
theta: 11.5245400m
---
t: 1456290286.007051450
x: 9.08626
y: 10.0863
theta: 11.0862640m
---
t: 1456290286.087005530
x: 10.1024
y: 11.1024
theta: 12.1023700m
---
t: 1456290286.127002175
x: 10.2313
y: 11.2313
theta: 12.2312600m
---
t: 1456290286.127055502
x: 10.3433
y: 11.3433
theta: 12.3433160m
---
t: 1456290286.166990852
x: 10.2922
y: 11.2922
theta: 12.2922080m
---
t: 1456290286.206989428
x: 10.5565
y: 11.5565
theta: 12.5564880m
---
t: 1456290286.207032791
x: 10.5096
y: 11.5096
theta: 12.5096450m
---
t: 1456290286.246988404
x: 10.671
y: 11.671
theta: 12.6710350m
---
t: 1456290286.286992824
x: 10.8447
y: 11.8447
theta: 12.8447220m
---
t: 1456290286.326997848
x: 10.8875
y: 11.8875
theta: 12.8874880m
---
t: 1456290286.406969857
x: 11.0943
y: 12.0943
theta: 13.0943450m
---
t: 1456290286.407011929
x: 11.0675
y: 12.0675
theta: 13.0674870m
---
t: 1456290286.447001486
x: 11.1224
y: 12.1224
theta: 13.1224200m
---
t: 1456290286.487026246
x: 11.1633
y: 12.1633
theta: 13.1633000m
---
t: 1456290286.487091426
x: 11.0765
y: 12.0765
theta: 13.0765040m
---
t: 1456290286.646983989
x: 11.2097
y: 12.2097
theta: 13.2096670m
---
t: 1456290286.647019805
x: 11.1357
y: 12.1357
theta: 13.1357350m
---
t: 1456290286.647046462
x: 11.236
y: 12.236
theta: 13.2360050m
---
t: 1456290286.647110638
x: 11.2291
y: 12.2291
theta: 13.2291050m
---
t: 1456290286.647179078
x: 11.2986
y: 12.2986
theta: 13.2985560m
---
t: 1456290286.647213273
x: 11.2574
y: 12.2574
theta: 13.2574270m
---
t: 1456290286.686982526
x: 11.2
y: 12.2
theta: 13.2000450m
---
t: 1456290286.727014174
x: 11.3405
y: 12.3405
theta: 13.3405220m
---
t: 1456290286.806991526
x: 11.4013
y: 12.4013
theta: 13.4012700m
---
t: 1456290286.807029192
x: 11.3547
y: 12.3547
theta: 13.3546540m
---
t: 1456290286.807058544
x: 11.3822
y: 12.3822
theta: 13.3821540m
---
t: 1456290286.807085587
x: 11.6726
y: 12.6726
theta: 13.6725650m
---
t: 1456290286.846977932
x: 11.3772
y: 12.3772
theta: 13.3771550m
---
t: 1456290286.886993870
x: 11.8574
y: 12.8574
theta: 13.8573930m
---
t: 1456290286.887041901
x: 11.5427
y: 12.5427
theta: 13.5426930m
---
t: 1456290287.087001355
x: 12.5651
y: 13.5651
theta: 14.5651160m
---
t: 1456290287.126996400
x: 13.6452
y: 14.6452
theta: 15.6452080m
---
t: 1456290287.127043490
x: 13.6863
y: 14.6863
theta: 15.6863210m
---
t: 1456290287.166987178
x: 14.0852
y: 15.0852
theta: 16.0852120m
---
t: 1456290287.167022297
x: 14.3204
y: 15.3204
theta: 16.3203760m
---
t: 1456290287.206987489
x: 14.4468
y: 15.4468
theta: 16.4468410m
---
t: 1456290287.246986343
x: 14.7866
y: 15.7866
theta: 16.7865970m
---
t: 1456290287.326982369
x: 15.021
y: 16.021
theta: 17.0209960m
---
t: 1456290287.366979070
x: 15.0707
y: 16.0707
theta: 17.0706900m
---
t: 1456290287.367027384
x: 15.0073
y: 16.0073
theta: 17.0073460m
---
t: 1456290287.407007093
x: 15.1353
y: 16.1353
theta: 17.1353220m
---
t: 1456290287.447003560
x: 15.7287
y: 16.7287
theta: 17.7286900m
---
t: 1456290287.526997602
x: 15.8645
y: 16.8645
theta: 17.8645160m
---
t: 1456290287.527043346
x: 16.0989
y: 17.0989
theta: 18.0989180m
---
t: 1456290287.527077327
x: 16.0271
y: 17.0271
theta: 18.0270530m
---
t: 1456290287.606996678
x: 16.6893
y: 17.6893
theta: 18.6892560m
---
t: 1456290287.647023281
x: 17.0823
y: 18.0823
theta: 19.0823050m
---
t: 1456290287.647084421
x: 16.2614
y: 17.2614
theta: 18.2613600m
---
t: 1456290287.647137849
x: 16.4374
y: 17.4374
theta: 18.4374060m
---
t: 1456290287.726983429
x: 18.156
y: 19.156
theta: 20.1560280m
---
t: 1456290287.767019818
x: 18.1897
y: 19.1897
theta: 20.1896850m
---
t: 1456290287.807002941
x: 18.5432
y: 19.5432
theta: 20.5432250m
---
t: 1456290287.846997724
x: 18.609
y: 19.609
theta: 20.6090050m
---
t: 1456290287.886984819
x: 18.7908
y: 19.7908
theta: 20.7908060m
---
t: 1456290287.887021896
x: 18.7437
y: 19.7437
theta: 20.7436610m
---
t: 1456290288.006972061
x: 18.9862
y: 19.9862
theta: 20.9862070m
---
t: 1456290288.046993839
x: 19.1608
y: 20.1608
theta: 21.1608320m
---
t: 1456290288.126982786
x: 19.6254
y: 20.6254
theta: 21.6254370m
---
t: 1456290288.127019243
x: 19.6521
y: 20.6521
theta: 21.6520590m
---
t: 1456290288.166999621
x: 19.531
y: 20.531
theta: 21.5309830m
---
t: 1456290288.286986034
x: 20.3239
y: 21.3239
theta: 22.3238740m
---
t: 1456290288.366990518
x: 20.5595
y: 21.5595
theta: 22.5594740m
---
t: 1456290288.367027086
x: 20.4389
y: 21.4389
theta: 22.4388540m
---
t: 1456290288.487005818
x: 20.9159
y: 21.9159
theta: 22.9159030m
---
t: 1456290288.526997135
x: 20.5379
y: 21.5379
theta: 22.5379200m
---
t: 1456290288.527037027
x: 21.1581
y: 22.1581
theta: 23.1581430m
---
t: 1456290288.527063357
x: 20.9813
y: 21.9813
theta: 22.9812620m
---
t: 1456290288.527080686
x: 20.639
y: 21.639
theta: 22.6390270m
---
t: 1456290288.566965481
x: 21.1864
y: 22.1864
theta: 23.1864350m
---
t: 1456290288.607003748
x: 21.2424
y: 22.2424
theta: 23.2423770m
---
t: 1456290288.607051617
x: 21.4208
y: 22.4208
theta: 23.4208150m
---
t: 1456290288.607075529
x: 21.5184
y: 22.5184
theta: 23.5183690m
---
t: 1456290288.646989040
x: 21.6119
y: 22.6119
theta: 23.6118640m
---
t: 1456290288.687004651
x: 21.6822
y: 22.6822
theta: 23.6821890m
---
t: 1456290288.726991343
x: 21.7385
y: 22.7385
theta: 23.7385410m
---
t: 1456290288.766989874
x: 22.0962
y: 23.0962
theta: 24.0962240m
---
t: 1456290288.806994003
x: 21.9478
y: 22.9478
theta: 23.9477510m
---
t: 1456290288.807029517
x: 22.3382
y: 23.3382
theta: 24.3381910m
---
t: 1456290288.887000035
x: 22.4552
y: 23.4552
theta: 24.4551980m
---
t: 1456290288.927005201
x: 22.6232
y: 23.6232
theta: 24.6232350m
---
t: 1456290288.967731404
x: 22.2585
y: 23.2585
theta: 24.2585340m
---
t: 1456290288.967796633
x: 22.87
y: 23.87
theta: 24.8700000m
---
t: 1456290289.006987750
x: 22.9475
y: 23.9475
theta: 24.9475010m
---
t: 1456290289.007035587
x: 22.7798
y: 23.7798
theta: 24.7798260m
---
t: 1456290289.007070891
x: 22.8828
y: 23.8828
theta: 24.8828050m
---
t: 1456290289.007106323
x: 22.9677
y: 23.9677
theta: 24.9677400m
---
t: 1456290289.007141798
x: 23.143
y: 24.143
theta: 25.1430260m
---
t: 1456290289.046986705
x: 23.2721
y: 24.2721
theta: 25.2720500m
---
t: 1456290289.086985149
x: 23.2996
y: 24.2996
theta: 25.2996290m
---
t: 1456290289.087029859
x: 23.3777
y: 24.3777
theta: 25.3777210m
---
t: 1456290289.126985837
x: 23.561
y: 24.561
theta: 25.5609960m
---
t: 1456290289.127024613
x: 23.4753
y: 24.4753
theta: 25.4752640m
---
t: 1456290289.166994731
x: 23.7502
y: 24.7502
theta: 25.7502330m
---
t: 1456290289.246957198
x: 23.863
y: 24.863
theta: 25.8630450m
---
t: 1456290289.247011390
x: 23.9119
y: 24.9119
theta: 25.9119180m
---
t: 1456290289.247051114
x: 23.8404
y: 24.8404
theta: 25.8404370m
---
t: 1456290289.287000466
x: 23.9939
y: 24.9939
theta: 25.9939350m
---
t: 1456290289.326953528
x: 24.0232
y: 25.0232
theta: 26.0231600m
---
t: 1456290289.326989373
x: 24.0903
y: 25.0903
theta: 26.0902590m
---
t: 1456290289.327023779
x: 24.1462
y: 25.1462
theta: 26.1462100m
---
t: 1456290289.366999882
x: 23.9341
y: 24.9341
theta: 25.9340620m
---
t: 1456290289.406970713
x: 24.0786
y: 25.0786
theta: 26.0786320m
---
t: 1456290289.407016372
x: 24.1992
y: 25.1992
theta: 26.1991580m
---
t: 1456290289.407047554
x: 24.3153
y: 25.3153
theta: 26.3152670m
---
t: 1456290289.407077598
x: 24.4397
y: 25.4397
theta: 26.4396880m
---
t: 1456290289.407113755
x: 24.3545
y: 25.3545
theta: 26.3545080m
---
t: 1456290289.486967495
x: 24.6365
y: 25.6365
theta: 26.6365090m
---
t: 1456290289.566985296
x: 24.4933
y: 25.4933
theta: 26.4932720m
---
t: 1456290289.567058828
x: 24.9478
y: 25.9478
theta: 26.9478480m
---
t: 1456290289.567087003
x: 24.5493
y: 25.5493
theta: 26.5493370m
---
t: 1456290289.606990563
x: 25.082
y: 26.082
theta: 27.0819770m
---
t: 1456290289.607031002
x: 25.2071
y: 26.2071
theta: 27.2070590m
---
t: 1456290289.607064239
x: 25.4061
y: 26.4061
theta: 27.4061310m
---
t: 1456290289.647025787
x: 25.2569
y: 26.2569
theta: 27.2568920m
---
t: 1456290289.647087544
x: 25.3271
y: 26.3271
theta: 27.3270760m
---
t: 1456290289.647121093
x: 25.4728
y: 26.4728
theta: 27.4728420m
---
t: 1456290289.687001862
x: 25.4819
y: 26.4819
theta: 27.4818670m
---
t: 1456290289.766976837
x: 25.5296
y: 26.5296
theta: 27.5295850m
---
t: 1456290289.807001418
x: 25.7319
y: 26.7319
theta: 27.7318900m
---
t: 1456290289.807044285
x: 25.9306
y: 26.9306
theta: 27.9305830m
---
t: 1456290289.846967893
x: 26.0299
y: 27.0299
theta: 28.0298980m
---
t: 1456290289.926981075
x: 26.4731
y: 27.4731
theta: 28.4731310m
---
t: 1456290290.007019587
x: 26.4724
y: 27.4724
theta: 28.4723830m
---
t: 1456290290.046992919
x: 26.7652
y: 27.7652
theta: 28.7652180m
---
t: 1456290290.086956185
x: 26.9626
y: 27.9626
theta: 28.9625930m
---
t: 1456290290.086990007
x: 26.7201
y: 27.7201
theta: 28.7200790m
---
t: 1456290290.126990741
x: 26.9689
y: 27.9689
theta: 28.9688920m
---
t: 1456290290.127033442
x: 26.8059
y: 27.8059
theta: 28.8059220m
---
t: 1456290290.166996698
x: 27.1729
y: 28.1729
theta: 29.1728730m
---
t: 1456290290.167040270
x: 27.0927
y: 28.0927
theta: 29.0927100m
---
t: 1456290290.207008664
x: 27.2353
y: 28.2353
theta: 29.2353410m
---
t: 1456290290.207063785
x: 27.2877
y: 28.2877
theta: 29.2876780m
---
t: 1456290290.246986413
x: 27.3861
y: 28.3861
theta: 29.3860620m
---
t: 1456290290.247031007
x: 27.4107
y: 28.4107
theta: 29.4106810m
---
t: 1456290290.247063591
x: 27.1366
y: 28.1366
theta: 29.1366070m
---
t: 1456290290.247095151
x: 27.4384
y: 28.4384
theta: 29.4383890m
---
t: 1456290290.326996407
x: 27.6843
y: 28.6843
theta: 29.6842820m
---
t: 1456290290.406998753
x: 27.6331
y: 28.6331
theta: 29.6331340m
---
t: 1456290290.446996946
x: 27.8383
y: 28.8383
theta: 29.8382510m
---
t: 1456290290.527001899
x: 27.9299
y: 28.9299
theta: 29.9299220m
---
t: 1456290290.607010240
x: 28.2871
y: 29.2871
theta: 30.2871160m
---
t: 1456290290.686957193
x: 28.7328
y: 29.7328
theta: 30.7328360m
---
t: 1456290290.726957302
x: 28.8361
y: 29.8361
theta: 30.8360650m
---
t: 1456290290.766986528
x: 28.7724
y: 29.7724
theta: 30.7723890m
---
t: 1456290290.767021807
x: 27.8837
y: 28.8837
theta: 29.8837090m
---
t: 1456290290.767051395
x: 28.3852
y: 29.3852
theta: 30.3852470m
---
t: 1456290290.807001613
x: 29.1192
y: 30.1192
theta: 31.1192250m
---
t: 1456290290.846999612
x: 29.3144
y: 30.3144
theta: 31.3143580m
---
t: 1456290290.847048433
x: 29.4063
y: 30.4063
theta: 31.4062860m
---
t: 1456290290.886993480
x: 29.3945
y: 30.3945
theta: 31.3944840m
---
t: 1456290290.926984099
x: 29.4712
y: 30.4712
theta: 31.4712290m
---
t: 1456290290.927026612
x: 29.5877
y: 30.5877
theta: 31.5876590m
---
t: 1456290290.927057306
x: 29.6364
y: 30.6364
theta: 31.6363540m
---
t: 1456290291.006989184
x: 29.7377
y: 30.7377
theta: 31.7376990m
---
t: 1456290291.046996206
x: 29.8478
y: 30.8478
theta: 31.8478420m
---
t: 1456290291.086995294
x: 29.9036
y: 30.9036
theta: 31.9035710m
---
t: 1456290291.087039983
x: 29.9751
y: 30.9751
theta: 31.9750520m
---
t: 1456290291.166984104
x: 30.3125
y: 31.3125
theta: 32.3124820m
---
t: 1456290291.206983640
x: 30.1556
y: 31.1556
theta: 32.1556340m
---
t: 1456290291.207019031
x: 30.3343
y: 31.3343
theta: 32.3342630m
---
t: 1456290291.326982686
x: 31.4025
y: 32.4025
theta: 33.4024710m
---
t: 1456290291.327018075
x: 31.3361
y: 32.3361
theta: 33.3361300m
---
t: 1456290291.366990175
x: 31.4168
y: 32.4168
theta: 33.4167910m
---
t: 1456290291.367033104
x: 31.4652
y: 32.4652
theta: 33.4652110m
---
t: 1456290291.367059529
x: 31.4429
y: 32.4429
theta: 33.4429220m
---
t: 1456290291.406996721
x: 31.56
y: 32.56
theta: 33.5599530m
---
t: 1456290291.446982583
x: 31.5729
y: 32.5729
theta: 33.5729430m
---
t: 1456290291.447019962
x: 31.509
y: 32.509
theta: 33.5089890m
---
t: 1456290291.447081512
x: 31.5475
y: 32.5475
theta: 33.5475070m
---
t: 1456290291.487011295
x: 31.6058
y: 32.6058
theta: 33.6057840m
---
t: 1456290291.526991745
x: 31.4857
y: 32.4857
theta: 33.4856980m
---
t: 1456290291.527049759
x: 31.6402
y: 32.6402
theta: 33.6402490m
---
t: 1456290291.606981546
x: 31.9206
y: 32.9206
theta: 33.9206450m
---
t: 1456290291.607024578
x: 31.839
y: 32.839
theta: 33.8390350m
---
t: 1456290291.647042004
x: 31.9973
y: 32.9973
theta: 33.9972640m
---
t: 1456290291.647105252
x: 31.9689
y: 32.9689
theta: 33.9689320m
---
t: 1456290291.647142000
x: 31.8282
y: 32.8282
theta: 33.8281740m
---
t: 1456290291.647173730
x: 31.9752
y: 32.9752
theta: 33.9752460m
---
t: 1456290291.686971492
x: 32.0738
y: 33.0738
theta: 34.0737510m
---
t: 1456290291.726975248
x: 32.1847
y: 33.1847
theta: 34.1847360m
---
t: 1456290291.727030770
x: 32.2822
y: 33.2822
theta: 34.2821510m
---
t: 1456290291.767007457
x: 32.4804
y: 33.4804
theta: 34.4803510m
---
t: 1456290291.807005106
x: 32.0543
y: 33.0543
theta: 34.0542710m
---
t: 1456290291.807049825
x: 32.7681
y: 33.7681
theta: 34.7680990m
---
t: 1456290291.807075292
x: 32.6077
y: 33.6077
theta: 34.6076900m
---
t: 1456290291.846961114
x: 33.1943
y: 34.1943
theta: 35.1942690m
---
t: 1456290291.886976573
x: 32.9067
y: 33.9067
theta: 34.9067480m
---
t: 1456290291.926983357
x: 33.3621
y: 34.3621
theta: 35.3621280m
---
t: 1456290291.967004582
x: 33.4316
y: 34.4316
theta: 35.4316070m
---
t: 1456290291.967056412
x: 33.3463
y: 34.3463
theta: 35.3462720m
---
t: 1456290292.126952182
x: 33.6247
y: 34.6247
theta: 35.6247330m
---
t: 1456290292.126996267
x: 33.7737
y: 34.7737
theta: 35.7737020m
---
t: 1456290292.127028533
x: 33.8761
y: 34.8761
theta: 35.8761330m
---
t: 1456290292.167001297
x: 33.8224
y: 34.8224
theta: 35.8223580m
---
t: 1456290292.247009239
x: 34.3124
y: 35.3124
theta: 36.3124270m
---
t: 1456290292.326998423
x: 34.3938
y: 35.3938
theta: 36.3937950m
---
t: 1456290292.327040539
x: 34.2324
y: 35.2324
theta: 36.2324240m
---
t: 1456290292.327070541
x: 33.9327
y: 34.9327
theta: 35.9327150m
---
t: 1456290292.406983470
x: 35.077
y: 36.077
theta: 37.0769570m
---
t: 1456290292.407033164
x: 35.1251
y: 36.1251
theta: 37.1251130m
---
t: 1456290292.446988686
x: 35.1423
y: 36.1423
theta: 37.1422850m
---
t: 1456290292.527004950
x: 35.3286
y: 36.3286
theta: 37.3285770m
---
t: 1456290292.566990770
x: 35.4116
y: 36.4116
theta: 37.4115820m
---
t: 1456290292.567026893
x: 35.3352
y: 36.3352
theta: 37.3352150m
---
t: 1456290292.607009670
x: 35.7267
y: 36.7267
theta: 37.7266750m
---
t: 1456290292.646989862
x: 35.7263
y: 36.7263
theta: 37.7262600m
---
t: 1456290292.686998872
x: 35.9393
y: 36.9393
theta: 37.9393420m
---
t: 1456290292.687046445
x: 35.566
y: 36.566
theta: 37.5659800m
---
t: 1456290292.687077123
x: 36.3355
y: 37.3355
theta: 38.3355170m
---
t: 1456290292.726993737
x: 36.5303
y: 37.5303
theta: 38.5302960m
---
t: 1456290292.766987887
x: 36.623
y: 37.623
theta: 38.6229510m
---
t: 1456290292.767031141
x: 36.4413
y: 37.4413
theta: 38.4413260m
---
t: 1456290292.806996024
x: 36.3677
y: 37.3677
theta: 38.3676790m
---
t: 1456290292.807043149
x: 36.4628
y: 37.4628
theta: 38.4627700m
---
t: 1456290292.807078657
x: 36.7626
y: 37.7626
theta: 38.7625960m
---
t: 1456290292.926993901
x: 37.2754
y: 38.2754
theta: 39.2754070m
---
t: 1456290292.927034631
x: 36.6743
y: 37.6743
theta: 38.6742940m
---
t: 1456290292.927068669
x: 37.3459
y: 38.3459
theta: 39.3458950m
---
t: 1456290292.927100317
x: 36.8107
y: 37.8107
theta: 38.8107000m
---
t: 1456290292.966996756
x: 37.3245
y: 38.3245
theta: 39.3244570m
---
t: 1456290293.006999448
x: 37.4355
y: 38.4355
theta: 39.4355380m
---
t: 1456290293.047009952
x: 37.5376
y: 38.5376
theta: 39.5376370m
---
t: 1456290293.086989203
x: 37.8585
y: 38.8585
theta: 39.8584610m
---
t: 1456290293.126995188
x: 37.9544
y: 38.9544
theta: 39.9543660m
---
t: 1456290293.127043744
x: 37.1117
y: 38.1117
theta: 39.1116740m
---
t: 1456290293.127075957
x: 37.8113
y: 38.8113
theta: 39.8112680m
---
t: 1456290293.286997553
x: 38.4463
y: 39.4463
theta: 40.4462780m
---
t: 1456290293.327001729
x: 38.4617
y: 39.4617
theta: 40.4617030m
---
t: 1456290293.327046559
x: 38.5657
y: 39.5657
theta: 40.5656850m
---
t: 1456290293.327100192
x: 38.2719
y: 39.2719
theta: 40.2718570m
---
t: 1456290293.327135898
x: 38.3253
y: 39.3253
theta: 40.3253490m
---
t: 1456290293.446985773
x: 39.0839
y: 40.0839
theta: 41.0838640m
---
t: 1456290293.486977507
x: 39.0454
y: 40.0454
theta: 41.0454330m
---
t: 1456290293.526994219
x: 39.083
y: 40.083
theta: 41.0830450m
---
t: 1456290293.527036692
x: 39.1269
y: 40.1269
theta: 41.1268570m
---
t: 1456290293.566985795
x: 39.2603
y: 40.2603
theta: 41.2602810m
---
t: 1456290293.567039523
x: 39.1468
y: 40.1468
theta: 41.1468420m
---
t: 1456290293.567075809
x: 39.1675
y: 40.1675
theta: 41.1675170m
---
t: 1456290293.607017732
x: 39.0407
y: 40.0407
theta: 41.0406890m
---
t: 1456290293.607077297
x: 39.0615
y: 40.0615
theta: 41.0615150m
---
t: 1456290293.687017981
x: 39.017
y: 40.017
theta: 41.0169600m
---
t: 1456290293.687075349
x: 38.9706
y: 39.9706
theta: 40.9706060m
---
t: 1456290293.767017323
x: 39.0399
y: 40.0399
theta: 41.0398710m
---
t: 1456290293.806996664
x: 39.014
y: 40.014
theta: 41.0139630m
---
t: 1456290293.926993123
x: 39.12
y: 40.12
theta: 41.1199660m
---
t: 1456290293.927032068
x: 39.0536
y: 40.0536
theta: 41.0536210m
---
t: 1456290293.927066326
x: 39.0786
y: 40.0786
theta: 41.0786330m
---
t: 1456290294.007002351
x: 39.0699
y: 40.0699
theta: 41.0699380m
---
t: 1456290294.007053555
x: 39.1752
y: 40.1752
theta: 41.1751720m
---
t: 1456290294.046984421
x: 39.0723
y: 40.0723
theta: 41.0722680m
---
t: 1456290294.047026373
x: 39.2231
y: 40.2231
theta: 41.2230980m
---
t: 1456290294.047053775
x: 39.0466
y: 40.0466
theta: 41.0465710m
---
t: 1456290294.086993009
x: 39.2081
y: 40.2081
theta: 41.2081070m
---
t: 1456290294.087033908
x: 39.0615
y: 40.0615
theta: 41.0615140m
---
t: 1456290294.126987082
x: 39.0385
y: 40.0385
theta: 41.0385350m
---
t: 1456290294.127036849
x: 39.1523
y: 40.1523
theta: 41.1522900m
---
t: 1456290294.127068128
x: 39.2149
y: 40.2149
theta: 41.2149190m
---
t: 1456290294.127103844
x: 39.0576
y: 40.0576
theta: 41.0576200m
---
t: 1456290294.166997827
x: 39.0609
y: 40.0609
theta: 41.0608540m
---
t: 1456290294.207003138
x: 39.0584
y: 40.0584
theta: 41.0584460m
---
t: 1456290294.246999838
x: 39.0586
y: 40.0586
theta: 41.0585780m
---
t: 1456290294.247048132
x: 39.0744
y: 40.0744
theta: 41.0744080m
---
t: 1456290294.247082173
x: 39.062
y: 40.062
theta: 41.0619990m
---
t: 1456290294.247117070
x: 39.0641
y: 40.0641
theta: 41.0640910m
---
t: 1456290294.286961271
x: 39.0622
y: 40.0622
theta: 41.0621910m
---
t: 1456290294.286999681
x: 39.228
y: 40.228
theta: 41.2280020m
---
t: 1456290294.287037708
x: 39.0915
y: 40.0915
theta: 41.0915270m
---
t: 1456290294.366995404
x: 39.0632
y: 40.0632
theta: 41.0631980m
---
t: 1456290294.367038136
x: 39.0561
y: 40.0561
theta: 41.0561350m
---
t: 1456290294.406984990
x: 39.1925
y: 40.1925
theta: 41.1924860m
---
t: 1456290294.407019084
x: 39.0734
y: 40.0734
theta: 41.0733590m
---
t: 1456290294.446980241
x: 39.0816
y: 40.0816
theta: 41.0815540m
---
t: 1456290294.447015096
x: 39.0591
y: 40.0591
theta: 41.0590930m
---
t: 1456290294.487007531
x: 39.0651
y: 40.0651
theta: 41.0651100m
---
t: 1456290294.487062211
x: 39.1731
y: 40.1731
theta: 41.1730590m
---
t: 1456290294.526959055
x: 39.0742
y: 40.0742
theta: 41.0741760m
---
t: 1456290294.527001918
x: 39.0677
y: 40.0677
theta: 41.0676780m
---
t: 1456290294.567004722
x: 39.0448
y: 40.0448
theta: 41.0448120m
---
t: 1456290294.567043819
x: 39.0552
y: 40.0552
theta: 41.0551760m
---
t: 1456290294.567097931
x: 39.0583
y: 40.0583
theta: 41.0582520m
---
t: 1456290294.606952878
x: 39.0707
y: 40.0707
theta: 41.0706560m
---
t: 1456290294.646998613
x: 39.0576
y: 40.0576
theta: 41.0576010m
---
t: 1456290294.647037980
x: 39.0642
y: 40.0642
theta: 41.0641540m
---
t: 1456290294.686993281
x: 39.0828
y: 40.0828
theta: 41.0828390m
---
t: 1456290294.687032886
x: 39.1948
y: 40.1948
theta: 41.1947670m
---
t: 1456290294.687054766
x: 39.075
y: 40.075
theta: 41.0750290m
---
t: 1456290294.687085359
x: 39.0582
y: 40.0582
theta: 41.0582270m
---
t: 1456290294.687118902
x: 39.1786
y: 40.1786
theta: 41.1785740m
---
t: 1456290294.726994167
x: 39.1488
y: 40.1488
theta: 41.1487670m
---
t: 1456290294.806988852
x: 39.0639
y: 40.0639
theta: 41.0638760m
---
t: 1456290294.846971842
x: 39.0785
y: 40.0785
theta: 41.0784740m
---
t: 1456290294.886989839
x: 39.0754
y: 40.0754
theta: 41.0753920m
---
t: 1456290294.887026309
x: 39.0768
y: 40.0768
theta: 41.0767840m
---
t: 1456290294.887069020
x: 39.1832
y: 40.1832
theta: 41.1832320m
---
t: 1456290294.926967807
x: 39.0866
y: 40.0866
theta: 41.0866200m
---
t: 1456290295.007009933
x: 39.0488
y: 40.0488
theta: 41.0488320m
---
t: 1456290295.047003154
x: 39.0882
y: 40.0882
theta: 41.0881640m
---
t: 1456290295.047048503
x: 39.1834
y: 40.1834
theta: 41.1833560m
---
t: 1456290295.047070130
x: 39.1853
y: 40.1853
theta: 41.1852960m
---
t: 1456290295.087002823
x: 39.1705
y: 40.1705
theta: 41.1704860m
---
t: 1456290295.087053415
x: 39.1763
y: 40.1763
theta: 41.1763460m
---
t: 1456290295.126992907
x: 39.0907
y: 40.0907
theta: 41.0907500m
---
t: 1456290295.127034262
x: 39.0788
y: 40.0788
theta: 41.0787600m
---
t: 1456290295.206962809
x: 39.1631
y: 40.1631
theta: 41.1631240m
---
t: 1456290295.207001032
x: 39.0571
y: 40.0571
theta: 41.0570800m
---
t: 1456290295.207027328
x: 39.0824
y: 40.0824
theta: 41.0824030m
---
t: 1456290295.246993846
x: 39.0859
y: 40.0859
theta: 41.0859430m
---
t: 1456290295.286998886
x: 39.0761
y: 40.0761
theta: 41.0760540m
---
t: 1456290295.287044600
x: 39.0803
y: 40.0803
theta: 41.0802880m
---
t: 1456290295.287073184
x: 39.1699
y: 40.1699
theta: 41.1698670m
---
t: 1456290295.326986329
x: 39.0739
y: 40.0739
theta: 41.0739380m
---
t: 1456290295.327026934
x: 39.0834
y: 40.0834
theta: 41.0833950m
---
t: 1456290295.366989148
x: 39.0738
y: 40.0738
theta: 41.0738490m
---
t: 1456290295.367025803
x: 39.0838
y: 40.0838
theta: 41.0837520m
---
t: 1456290295.367047166
x: 39.0795
y: 40.0795
theta: 41.0794760m
---
t: 1456290295.446990924
x: 39.1714
y: 40.1714
theta: 41.1713620m
---
t: 1456290295.527003428
x: 39.1722
y: 40.1722
theta: 41.1721710m
---
t: 1456290295.527045977
x: 39.1727
y: 40.1727
theta: 41.1726530m
---
t: 1456290295.647023628
x: 39.1718
y: 40.1718
theta: 41.1718500m
---
t: 1456290295.647101009
x: 39.1847
y: 40.1847
theta: 41.1846900m
---
t: 1456290295.687011327
x: 39.0867
y: 40.0867
theta: 41.0867440m
---
t: 1456290295.687063521
x: 39.082
y: 40.082
theta: 41.0819780m
---
t: 1456290295.727014266
x: 39.0732
y: 40.0732
theta: 41.0731640m
---
t: 1456290295.767016977
x: 39.1737
y: 40.1737
theta: 41.1736630m
---
t: 1456290295.806992059
x: 39.1698
y: 40.1698
theta: 41.1698130m
---
t: 1456290295.847008613
x: 39.1691
y: 40.1691
theta: 41.1690590m
---
t: 1456290295.887006794
x: 39.0737
y: 40.0737
theta: 41.0736950m
---
t: 1456290295.887053302
x: 39.1756
y: 40.1756
theta: 41.1756110m
---
t: 1456290295.926993749
x: 39.0755
y: 40.0755
theta: 41.0755140m
---
t: 1456290295.927057319
x: 39.0673
y: 40.0673
theta: 41.0672570m
---
t: 1456290296.006970096
x: 39.0783
y: 40.0783
theta: 41.0783010m
---
t: 1456290296.007020610
x: 39.0746
y: 40.0746
theta: 41.0746070m
---
t: 1456290296.046999425
x: 39.0728
y: 40.0728
theta: 41.0728360m
---
t: 1456290296.086981372
x: 39.0776
y: 40.0776
theta: 41.0775690m
---
t: 1456290296.087026322
x: 39.1728
y: 40.1728
theta: 41.1728050m
---
t: 1456290296.126983065
x: 39.1821
y: 40.1821
theta: 41.1820650m
---
t: 1456290296.127016679
x: 39.1735
y: 40.1735
theta: 41.1735390m
---
t: 1456290296.127046115
x: 39.1753
y: 40.1753
theta: 41.1753120m
---
t: 1456290296.166985206
x: 39.1767
y: 40.1767
theta: 41.1766980m
---
t: 1456290296.206996391
x: 39.1818
y: 40.1818
theta: 41.1818380m
---
t: 1456290296.207050712
x: 39.1792
y: 40.1792
theta: 41.1792080m
---
t: 1456290296.326981733
x: 39.0718
y: 40.0718
theta: 41.0717660m
---
t: 1456290296.327017080
x: 39.0829
y: 40.0829
theta: 41.0828680m
---
t: 1456290296.327051488
x: 39.0773
y: 40.0773
theta: 41.0773000m
---
t: 1456290296.327084644
x: 39.0776
y: 40.0776
theta: 41.0775640m
---
t: 1456290296.366983292
x: 39.181
y: 40.181
theta: 41.1809770m
---
t: 1456290296.446981146
x: 39.1673
y: 40.1673
theta: 41.1672980m
---
t: 1456290296.447020066
x: 39.2012
y: 40.2012
theta: 41.2012290m
---
t: 1456290296.447056010
x: 39.1725
y: 40.1725
theta: 41.1724820m
---
t: 1456290296.447098227
x: 39.1784
y: 40.1784
theta: 41.1783910m
---
t: 1456290296.567009268
x: 39.182
y: 40.182
theta: 41.1819550m
---
t: 1456290296.567059348
x: 39.1801
y: 40.1801
theta: 41.1801440m
---
t: 1456290296.567093319
x: 39.1818
y: 40.1818
theta: 41.1818220m
---
t: 1456290296.606999154
x: 39.0703
y: 40.0703
theta: 41.0703480m
---
t: 1456290296.646981304
x: 39.0794
y: 40.0794
theta: 41.0793520m
---
t: 1456290296.647023927
x: 39.076
y: 40.076
theta: 41.0759660m
---
t: 1456290296.687008789
x: 39.0777
y: 40.0777
theta: 41.0777230m
---
t: 1456290296.687068961
x: 39.0722
y: 40.0722
theta: 41.0722190m
---
t: 1456290296.726988422
x: 39.1867
y: 40.1867
theta: 41.1867300m
---
t: 1456290296.766985107
x: 39.0815
y: 40.0815
theta: 41.0815330m
---
t: 1456290296.846986763
x: 39.0798
y: 40.0798
theta: 41.0797800m
---
t: 1456290296.847030226
x: 39.1831
y: 40.1831
theta: 41.1830590m
---
t: 1456290296.847064785
x: 39.074
y: 40.074
theta: 41.0740210m
---
t: 1456290296.886995360
x: 39.0728
y: 40.0728
theta: 41.0727840m
---
t: 1456290296.887038160
x: 39.1808
y: 40.1808
theta: 41.1808130m
---
t: 1456290296.887067459
x: 39.181
y: 40.181
theta: 41.1810470m
---
t: 1456290296.926980287
x: 39.0805
y: 40.0805
theta: 41.0805350m
---
t: 1456290296.927019998
x: 39.0833
y: 40.0833
theta: 41.0832760m
---
t: 1456290296.967022851
x: 39.0819
y: 40.0819
theta: 41.0818890m
---
t: 1456290297.086995782
x: 39.1887
y: 40.1887
theta: 41.1887490m
---
t: 1456290297.087040723
x: 39.1752
y: 40.1752
theta: 41.1752280m
---
t: 1456290297.087069444
x: 39.1869
y: 40.1869
theta: 41.1869080m
---
t: 1456290297.166993804
x: 39.1915
y: 40.1915
theta: 41.1914530m
---
t: 1456290297.167035247
x: 39.0749
y: 40.0749
theta: 41.0748560m
---
t: 1456290297.207006104
x: 39.0784
y: 40.0784
theta: 41.0784020m
---
t: 1456290297.286992232
x: 39.0799
y: 40.0799
theta: 41.0798570m
---
t: 1456290297.326984558
x: 39.1824
y: 40.1824
theta: 41.1824400m
---
t: 1456290297.327020194
x: 39.0855
y: 40.0855
theta: 41.0854780m
---
t: 1456290297.327052038
x: 39.1725
y: 40.1725
theta: 41.1724800m
---
t: 1456290297.327102780
x: 39.0779
y: 40.0779
theta: 41.0779120m
---
t: 1456290297.366978683
x: 39.1907
y: 40.1907
theta: 41.1907280m
---
t: 1456290297.406989626
x: 39.1688
y: 40.1688
theta: 41.1688480m
---
t: 1456290297.487017963
x: 39.0815
y: 40.0815
theta: 41.0815150m
---
t: 1456290297.527020442
x: 39.0756
y: 40.0756
theta: 41.0755890m
---
t: 1456290297.527069682
x: 39.0701
y: 40.0701
theta: 41.0701190m
---
t: 1456290297.567037003
x: 39.0798
y: 40.0798
theta: 41.0797610m
---
t: 1456290297.567105918
x: 39.1863
y: 40.1863
theta: 41.1863060m
---
t: 1456290297.647025323
x: 39.0673
y: 40.0673
theta: 41.0672880m
---
t: 1456290297.687004964
x: 39.0753
y: 40.0753
theta: 41.0753490m
---
t: 1456290297.687071140
x: 39.079
y: 40.079
theta: 41.0789840m
---
t: 1456290297.687106523
x: 39.0828
y: 40.0828
theta: 41.0828340m
---
t: 1456290297.727015707
x: 39.1861
y: 40.1861
theta: 41.1860960m
---
t: 1456290297.767033780
x: 39.1851
y: 40.1851
theta: 41.1851310m
---
t: 1456290297.806985049
x: 39.0831
y: 40.0831
theta: 41.0831460m
---
t: 1456290297.846990833
x: 39.1851
y: 40.1851
theta: 41.1850510m
---
t: 1456290297.886990947
x: 39.0791
y: 40.0791
theta: 41.0790990m
---
t: 1456290297.887028180
x: 39.0851
y: 40.0851
theta: 41.0850950m
---
t: 1456290297.887061763
x: 39.083
y: 40.083
theta: 41.0830230m
---
t: 1456290297.926986684
x: 39.0754
y: 40.0754
theta: 41.0753840m
---
t: 1456290298.006998437
x: 39.0668
y: 40.0668
theta: 41.0668200m
---
t: 1456290298.046973040
x: 39.0769
y: 40.0769
theta: 41.0768570m
---
t: 1456290298.167016411
x: 39.0776
y: 40.0776
theta: 41.0776350m
---
t: 1456290298.206994394
x: 39.0829
y: 40.0829
theta: 41.0828670m
---
t: 1456290298.246984995
x: 39.203
y: 40.203
theta: 41.2030110m
---
t: 1456290298.326998013
x: 39.1892
y: 40.1892
theta: 41.1891510m
---
t: 1456290298.366994782
x: 39.195
y: 40.195
theta: 41.1950310m
---
t: 1456290298.406969503
x: 39.2048
y: 40.2048
theta: 41.2047690m
---
t: 1456290298.407026992
x: 39.075
y: 40.075
theta: 41.0749900m
---
t: 1456290298.446983723
x: 39.1801
y: 40.1801
theta: 41.1800980m
---
t: 1456290298.447064759
x: 39.1766
y: 40.1766
theta: 41.1765970m
---
t: 1456290298.487041277
x: 39.0897
y: 40.0897
theta: 41.0897270m
---
t: 1456290298.487101448
x: 39.0794
y: 40.0794
theta: 41.0794310m
---
t: 1456290298.487136999
x: 39.0766
y: 40.0766
theta: 41.0766370m
---
t: 1456290298.526997167
x: 39.1899
y: 40.1899
theta: 41.1898880m
---
t: 1456290298.527041714
x: 39.0785
y: 40.0785
theta: 41.0785370m
---
t: 1456290298.567002780
x: 39.1926
y: 40.1926
theta: 41.1925640m
---
t: 1456290298.607000634
x: 39.0757
y: 40.0757
theta: 41.0757080m
---
t: 1456290298.607046550
x: 39.185
y: 40.185
theta: 41.1850170m
---
t: 1456290298.607081836
x: 39.0831
y: 40.0831
theta: 41.0830730m
---
t: 1456290298.686987865
x: 39.1904
y: 40.1904
theta: 41.1904310m
---
t: 1456290298.687043227
x: 39.2034
y: 40.2034
theta: 41.2034370m
---
t: 1456290298.687108124
x: 39.0791
y: 40.0791
theta: 41.0790540m
---
t: 1456290298.766987428
x: 39.0755
y: 40.0755
theta: 41.0754910m
---
t: 1456290298.767035288
x: 39.082
y: 40.082
theta: 41.0819930m
---
t: 1456290298.767066839
x: 39.0777
y: 40.0777
theta: 41.0777310m
---
t: 1456290298.767101015
x: 39.1894
y: 40.1894
theta: 41.1894060m
---
t: 1456290298.767137005
x: 39.187
y: 40.187
theta: 41.1870110m
---
t: 1456290298.807461874
x: 39.1893
y: 40.1893
theta: 41.1892690m
---
t: 1456290298.887009967
x: 39.2143
y: 40.2143
theta: 41.2143460m
---
t: 1456290298.887065348
x: 39.2086
y: 40.2086
theta: 41.2086320m
---
t: 1456290298.887104235
x: 39.0537
y: 40.0537
theta: 41.0537000m
---
t: 1456290298.926964924
x: 39.0819
y: 40.0819
theta: 41.0818750m
---
t: 1456290298.927013383
x: 39.2
y: 40.2
theta: 41.1999640m
---
t: 1456290298.927051366
x: 39.1907
y: 40.1907
theta: 41.1907230m
---
t: 1456290298.967012625
x: 39.0832
y: 40.0832
theta: 41.0831650m
---
t: 1456290299.006997415
x: 39.1891
y: 40.1891
theta: 41.1891430m
---
t: 1456290299.007037928
x: 39.0733
y: 40.0733
theta: 41.0733330m
---
t: 1456290299.046971207
x: 39.0814
y: 40.0814
theta: 41.0814160m
---
t: 1456290299.086991066
x: 39.0841
y: 40.0841
theta: 41.0840790m
---
t: 1456290299.087037696
x: 39.0724
y: 40.0724
theta: 41.0724130m
---
t: 1456290299.126988637
x: 39.08
y: 40.08
theta: 41.0800110m
---
t: 1456290299.127035649
x: 39.0781
y: 40.0781
theta: 41.0781340m
---
t: 1456290299.166991222
x: 39.0796
y: 40.0796
theta: 41.0796290m
---
t: 1456290299.167039576
x: 39.08
y: 40.08
theta: 41.0799870m
---
t: 1456290299.247001611
x: 39.078
y: 40.078
theta: 41.0779730m
---
t: 1456290299.247048854
x: 39.0775
y: 40.0775
theta: 41.0775240m
---
t: 1456290299.326996685
x: 39.1892
y: 40.1892
theta: 41.1892490m
---
t: 1456290299.327042421
x: 39.0809
y: 40.0809
theta: 41.0809300m
---
t: 1456290299.366986424
x: 39.0801
y: 40.0801
theta: 41.0800880m
---
t: 1456290299.447013261
x: 39.1779
y: 40.1779
theta: 41.1778550m
---
t: 1456290299.487031534
x: 39.1868
y: 40.1868
theta: 41.1868210m
---
t: 1456290299.487099723
x: 39.2025
y: 40.2025
theta: 41.2024690m
---
t: 1456290299.526998533
x: 39.0801
y: 40.0801
theta: 41.0800550m
---
t: 1456290299.527045503
x: 39.0862
y: 40.0862
theta: 41.0862060m
---
t: 1456290299.606988495
x: 39.0787
y: 40.0787
theta: 41.0786720m
---
t: 1456290299.687033135
x: 39.0833
y: 40.0833
theta: 41.0832760m
---
t: 1456290299.687097564
x: 39.0806
y: 40.0806
theta: 41.0805820m
---
t: 1456290299.727016809
x: 39.0819
y: 40.0819
theta: 41.0819050m
---
t: 1456290299.767000399
x: 39.1975
y: 40.1975
theta: 41.1974980m
---
t: 1456290299.767049962
x: 39.1929
y: 40.1929
theta: 41.1929480m
---
t: 1456290299.767108143
x: 39.1834
y: 40.1834
theta: 41.1833820m
---
t: 1456290299.767193599
x: 39.0755
y: 40.0755
theta: 41.0755330m
---
t: 1456290299.887010219
x: 39.0832
y: 40.0832
theta: 41.0832400m
---
t: 1456290299.926993851
x: 39.0824
y: 40.0824
theta: 41.0823580m
---
t: 1456290299.927032344
x: 39.2089
y: 40.2089
theta: 41.2089150m
---
t: 1456290299.927061158
x: 39.0763
y: 40.0763
theta: 41.0762820m
---
t: 1456290299.967097769
x: 39.188
y: 40.188
theta: 41.1880420m
---
t: 1456290300.046960953
x: 39.0763
y: 40.0763
theta: 41.0763400m
---
t: 1456290300.087002760
x: 39.1903
y: 40.1903
theta: 41.1902770m
---
t: 1456290300.087053342
x: 39.0752
y: 40.0752
theta: 41.0752130m
---
t: 1456290300.127005739
x: 39.0799
y: 40.0799
theta: 41.0798760m
---
t: 1456290300.166996518
x: 39.0837
y: 40.0837
theta: 41.0837150m
---
t: 1456290300.206951732
x: 39.0822
y: 40.0822
theta: 41.0822050m
---
t: 1456290300.206989688
x: 39.0735
y: 40.0735
theta: 41.0734710m
---
t: 1456290300.207022150
x: 39.0813
y: 40.0813
theta: 41.0812980m
---
t: 1456290300.246960149
x: 39.0769
y: 40.0769
theta: 41.0768700m
---
t: 1456290300.246999421
x: 39.08
y: 40.08
theta: 41.0799530m
---
t: 1456290300.247031864
x: 39.1906
y: 40.1906
theta: 41.1905750m
---
t: 1456290300.247061446
x: 39.1866
y: 40.1866
theta: 41.1865780m
---
t: 1456290300.287007925
x: 39.0826
y: 40.0826
theta: 41.0826480m
---
t: 1456290300.287060921
x: 39.1908
y: 40.1908
theta: 41.1908410m
---
t: 1456290300.287095133
x: 39.0766
y: 40.0766
theta: 41.0766230m
---
t: 1456290300.327000050
x: 39.0843
y: 40.0843
theta: 41.0843000m
---
t: 1456290300.327048769
x: 39.0401
y: 40.0401
theta: 41.0401200m
---
t: 1456290300.327083672
x: 39.078
y: 40.078
theta: 41.0779670m
---
t: 1456290300.327113999
x: 39.0805
y: 40.0805
theta: 41.0805270m
---
t: 1456290300.327144347
x: 39.0806
y: 40.0806
theta: 41.0806070m
---
t: 1456290300.367005026
x: 39.0823
y: 40.0823
theta: 41.0823070m
---
t: 1456290300.446991018
x: 39.1882
y: 40.1882
theta: 41.1881600m
---
t: 1456290300.447038851
x: 39.2022
y: 40.2022
theta: 41.2021820m
---
t: 1456290300.447071134
x: 39.0814
y: 40.0814
theta: 41.0813920m
---
t: 1456290300.527008807
x: 39.0795
y: 40.0795
theta: 41.0795250m
---
t: 1456290300.566966102
x: 39.1922
y: 40.1922
theta: 41.1921840m
---
t: 1456290300.567004085
x: 39.0782
y: 40.0782
theta: 41.0781740m
---
t: 1456290300.607051805
x: 39.0867
y: 40.0867
theta: 41.0866950m
---
t: 1456290300.646966569
x: 39.0778
y: 40.0778
theta: 41.0778120m
---
t: 1456290300.647012998
x: 39.1703
y: 40.1703
theta: 41.1702680m
---
t: 1456290300.647050320
x: 39.0729
y: 40.0729
theta: 41.0728650m
---
t: 1456290300.726999615
x: 39.0851
y: 40.0851
theta: 41.0850830m
---
t: 1456290300.766986338
x: 39.1935
y: 40.1935
theta: 41.1935120m
---
t: 1456290300.806996193
x: 39.084
y: 40.084
theta: 41.0839740m
---
t: 1456290300.846996612
x: 39.0865
y: 40.0865
theta: 41.0865190m
---
t: 1456290300.847038353
x: 39.0859
y: 40.0859
theta: 41.0859490m
---
t: 1456290300.847064711
x: 39.075
y: 40.075
theta: 41.0749840m
---
t: 1456290300.847091512
x: 39.0766
y: 40.0766
theta: 41.0766040m
---
t: 1456290300.886999634
x: 39.085
y: 40.085
theta: 41.0849990m
---
t: 1456290300.887048564
x: 39.1921
y: 40.1921
theta: 41.1921330m
---
t: 1456290300.887082814
x: 39.1849
y: 40.1849
theta: 41.1849190m
---
t: 1456290300.927001531
x: 39.0777
y: 40.0777
theta: 41.0777460m
---
t: 1456290300.927046825
x: 39.074
y: 40.074
theta: 41.0739990m
---
t: 1456290301.046974884
x: 39.2106
y: 40.2106
theta: 41.2106130m
---
t: 1456290301.047024006
x: 39.0841
y: 40.0841
theta: 41.0841060m
---
t: 1456290301.047050845
x: 39.0833
y: 40.0833
theta: 41.0832860m
---
t: 1456290301.086995838
x: 39.0838
y: 40.0838
theta: 41.0838300m
---
t: 1456290301.087056399
x: 39.0843
y: 40.0843
theta: 41.0842860m
---
t: 1456290301.087086200
x: 39.2059
y: 40.2059
theta: 41.2059330m
---
t: 1456290301.126992981
x: 39.0838
y: 40.0838
theta: 41.0837970m
---
t: 1456290301.166988884
x: 39.0852
y: 40.0852
theta: 41.0852010m
---
t: 1456290301.167033657
x: 39.0811
y: 40.0811
theta: 41.0811190m
---
t: 1456290301.167073872
x: 39.0867
y: 40.0867
theta: 41.0866800m
---
t: 1456290301.207006000
x: 39.0896
y: 40.0896
theta: 41.0896180m
---
t: 1456290301.207056321
x: 39.2052
y: 40.2052
theta: 41.2051810m
---
t: 1456290301.286988447
x: 39.0811
y: 40.0811
theta: 41.0810610m
---
t: 1456290301.287023573
x: 39.0845
y: 40.0845
theta: 41.0844770m
---
t: 1456290301.287049407
x: 39.0776
y: 40.0776
theta: 41.0776000m
---
t: 1456290301.287078139
x: 39.1893
y: 40.1893
theta: 41.1892850m
---
t: 1456290301.326996006
x: 39.077
y: 40.077
theta: 41.0769700m
---
t: 1456290301.367005609
x: 39.0796
y: 40.0796
theta: 41.0795910m
---
t: 1456290301.406985282
x: 39.0839
y: 40.0839
theta: 41.0838920m
---
t: 1456290301.407020500
x: 39.1855
y: 40.1855
theta: 41.1855390m
---
t: 1456290301.446960845
x: 39.0823
y: 40.0823
theta: 41.0822820m
---
t: 1456290301.446997962
x: 39.0803
y: 40.0803
theta: 41.0802860m
---
t: 1456290301.447031633
x: 39.0811
y: 40.0811
theta: 41.0811490m
---
t: 1456290301.447059523
x: 39.0841
y: 40.0841
theta: 41.0840890m
---
t: 1456290301.486986681
x: 39.079
y: 40.079
theta: 41.0790140m
---
t: 1456290301.487031273
x: 39.0728
y: 40.0728
theta: 41.0728450m
---
t: 1456290301.526999844
x: 39.1868
y: 40.1868
theta: 41.1867690m
---
t: 1456290301.566984485
x: 39.2047
y: 40.2047
theta: 41.2047430m
---
t: 1456290301.606991596
x: 39.0814
y: 40.0814
theta: 41.0814320m
---
t: 1456290301.647027825
x: 39.0729
y: 40.0729
theta: 41.0728530m
---
t: 1456290301.647088833
x: 39.187
y: 40.187
theta: 41.1869650m
---
t: 1456290301.687002453
x: 39.073
y: 40.073
theta: 41.0729570m
---
t: 1456290301.687046263
x: 39.0801
y: 40.0801
theta: 41.0800940m
---
t: 1456290301.687080298
x: 39.1924
y: 40.1924
theta: 41.1924060m
---
t: 1456290301.766997833
x: 39.0776
y: 40.0776
theta: 41.0776100m
---
t: 1456290301.767054642
x: 39.0783
y: 40.0783
theta: 41.0783330m
---
t: 1456290301.846997244
x: 39.2001
y: 40.2001
theta: 41.2001200m
---
t: 1456290301.886990395
x: 39.1903
y: 40.1903
theta: 41.1902970m
---
t: 1456290301.926986223
x: 39.0786
y: 40.0786
theta: 41.0785630m
---
t: 1456290301.927040029
x: 39.0772
y: 40.0772
theta: 41.0771880m
---
t: 1456290301.927074880
x: 39.1915
y: 40.1915
theta: 41.1914910m
---
t: 1456290301.927110031
x: 39.0814
y: 40.0814
theta: 41.0814200m
---
t: 1456290301.927146443
x: 39.078
y: 40.078
theta: 41.0779880m
---
t: 1456290301.927181837
x: 39.0793
y: 40.0793
theta: 41.0792630m
---
t: 1456290301.967040582
x: 39.0716
y: 40.0716
theta: 41.0715830m
---
t: 1456290301.967137636
x: 39.0805
y: 40.0805
theta: 41.0805280m
---
t: 1456290302.007005573
x: 39.0828
y: 40.0828
theta: 41.0827980m
---
t: 1456290302.007063507
x: 39.1903
y: 40.1903
theta: 41.1902660m
---
t: 1456290302.007124840
x: 39.0745
y: 40.0745
theta: 41.0745060m
---
t: 1456290302.046956691
x: 39.0778
y: 40.0778
theta: 41.0778380m
---
t: 1456290302.047012169
x: 39.0741
y: 40.0741
theta: 41.0740850m
---
t: 1456290302.127016847
x: 39.2006
y: 40.2006
theta: 41.2006120m
---
t: 1456290302.127099332
x: 39.0804
y: 40.0804
theta: 41.0803510m
---
t: 1456290302.127157220
x: 39.0809
y: 40.0809
theta: 41.0808850m
---
t: 1456290302.167004081
x: 39.0816
y: 40.0816
theta: 41.0815680m
---
t: 1456290302.206998630
x: 39.0804
y: 40.0804
theta: 41.0803650m
---
t: 1456290302.246989035
x: 39.2043
y: 40.2043
theta: 41.2042790m
---
t: 1456290302.247028721
x: 39.0805
y: 40.0805
theta: 41.0805460m
---
t: 1456290302.326990975
x: 39.081
y: 40.081
theta: 41.0809820m
---
t: 1456290302.367018820
x: 39.079
y: 40.079
theta: 41.0790140m
---
t: 1456290302.367071715
x: 39.0779
y: 40.0779
theta: 41.0778960m
---
t: 1456290302.407003935
x: 39.0811
y: 40.0811
theta: 41.0811240m
---
t: 1456290302.407056125
x: 39.0772
y: 40.0772
theta: 41.0772110m
---
t: 1456290302.487004684
x: 39.0833
y: 40.0833
theta: 41.0832510m
---
t: 1456290302.526963515
x: 39.0317
y: 40.0317
theta: 41.0317450m
---
t: 1456290302.527006777
x: 38.9361
y: 39.9361
theta: 40.9360750m
---
t: 1456290302.566983800
x: 38.7345
y: 39.7345
theta: 40.7344550m
---
t: 1456290302.567022603
x: 38.8209
y: 39.8209
theta: 40.8208550m
---
t: 1456290302.606993604
x: 38.6686
y: 39.6686
theta: 40.6685970m
---
t: 1456290302.607034688
x: 38.7067
y: 39.7067
theta: 40.7067420m
---
t: 1456290302.646982692
x: 38.592
y: 39.592
theta: 40.5920290m
---
t: 1456290302.686996053
x: 38.5973
y: 39.5973
theta: 40.5973110m
---
t: 1456290302.726983897
x: 38.7158
y: 39.7158
theta: 40.7157610m
---
t: 1456290302.727018200
x: 38.1223
y: 39.1223
theta: 40.1222520m
---
t: 1456290302.727038278
x: 38.0677
y: 39.0677
theta: 40.0677090m
---
t: 1456290302.806970964
x: 38.0845
y: 39.0845
theta: 40.0845000m
---
t: 1456290302.846991472
x: 37.9309
y: 38.9309
theta: 39.9308970m
---
t: 1456290302.847036327
x: 37.9233
y: 38.9233
theta: 39.9233360m
---
t: 1456290302.847065749
x: 37.993
y: 38.993
theta: 39.9930030m
---
t: 1456290302.847095730
x: 37.9869
y: 38.9869
theta: 39.9869110m
---
t: 1456290302.847188470
x: 38.1029
y: 39.1029
theta: 40.1029380m
---
t: 1456290302.886989463
x: 38.0009
y: 39.0009
theta: 40.0009450m
---
t: 1456290302.887042556
x: 37.7315
y: 38.7315
theta: 39.7315330m
---
t: 1456290302.887082617
x: 37.7676
y: 38.7676
theta: 39.7676120m
---
t: 1456290302.967038285
x: 37.4717
y: 38.4717
theta: 39.4717490m
---
t: 1456290302.967131648
x: 37.1125
y: 38.1125
theta: 39.1125430m
---
t: 1456290303.006978788
x: 37.3477
y: 38.3477
theta: 39.3477190m
---
t: 1456290303.007031972
x: 37.4652
y: 38.4652
theta: 39.4651940m
---
t: 1456290303.007069062
x: 37.4672
y: 38.4672
theta: 39.4671700m
---
t: 1456290303.007116010
x: 37.1204
y: 38.1204
theta: 39.1203700m
---
t: 1456290303.007153653
x: 37.3341
y: 38.3341
theta: 39.3340960m
---
t: 1456290303.126996372
x: 37.1265
y: 38.1265
theta: 39.1265480m
---
t: 1456290303.166947897
x: 36.6196
y: 37.6196
theta: 38.6196160m
---
t: 1456290303.166992744
x: 36.595
y: 37.595
theta: 38.5949790m
---
t: 1456290303.167027171
x: 36.6283
y: 37.6283
theta: 38.6283380m
---
t: 1456290303.246988910
x: 36.7706
y: 37.7706
theta: 38.7706410m
---
t: 1456290303.247024846
x: 36.7616
y: 37.7616
theta: 38.7615620m
---
t: 1456290303.247053345
x: 36.5064
y: 37.5064
theta: 38.5063870m
---
t: 1456290303.247077544
x: 36.7906
y: 37.7906
theta: 38.7906280m
---
t: 1456290303.247124535
x: 36.3579
y: 37.3579
theta: 38.3578670m
---
t: 1456290303.286981525
x: 36.4047
y: 37.4047
theta: 38.4047150m
---
t: 1456290303.287015635
x: 36.3488
y: 37.3488
theta: 38.3487950m
---
t: 1456290303.287045839
x: 36.3364
y: 37.3364
theta: 38.3363690m
---
t: 1456290303.326984101
x: 36.9903
y: 37.9903
theta: 38.9902870m
---
t: 1456290303.327026795
x: 36.2544
y: 37.2544
theta: 38.2543830m
---
t: 1456290303.327057930
x: 36.3368
y: 37.3368
theta: 38.3367810m
---
t: 1456290303.327088779
x: 36.2085
y: 37.2085
theta: 38.2085250m
---
t: 1456290303.327136539
x: 36.2084
y: 37.2084
theta: 38.2084070m
---
t: 1456290303.366992615
x: 36.1803
y: 37.1803
theta: 38.1802590m
---
t: 1456290303.367040121
x: 36.2618
y: 37.2618
theta: 38.2618200m
---
t: 1456290303.406986020
x: 36.0262
y: 37.0262
theta: 38.0262190m
---
t: 1456290303.407030227
x: 36.1549
y: 37.1549
theta: 38.1548720m
---
t: 1456290303.446988819
x: 36.1512
y: 37.1512
theta: 38.1511550m
---
t: 1456290303.447035170
x: 35.8091
y: 36.8091
theta: 37.8091050m
---
t: 1456290303.447066219
x: 36.314
y: 37.314
theta: 38.3140450m
---
t: 1456290303.486986074
x: 35.6994
y: 36.6994
theta: 37.6994180m
---
t: 1456290303.526987180
x: 35.4724
y: 36.4724
theta: 37.4723530m
---
t: 1456290303.527028853
x: 35.243
y: 36.243
theta: 37.2429760m
---
t: 1456290303.647007430
x: 34.5311
y: 35.5311
theta: 36.5310860m
---
t: 1456290303.687007308
x: 34.1775
y: 35.1775
theta: 36.1774790m
---
t: 1456290303.687051568
x: 34.0361
y: 35.0361
theta: 36.0361220m
---
t: 1456290303.726996048
x: 34.1859
y: 35.1859
theta: 36.1858790m
---
t: 1456290303.727047124
x: 33.6074
y: 34.6074
theta: 35.6073970m
---
t: 1456290303.766973740
x: 33.4204
y: 34.4204
theta: 35.4204240m
---
t: 1456290303.767022950
x: 33.3524
y: 34.3524
theta: 35.3524230m
---
t: 1456290303.806965012
x: 33.3677
y: 34.3677
theta: 35.3677060m
---
t: 1456290303.807004033
x: 33.4629
y: 34.4629
theta: 35.4628790m
---
t: 1456290303.807033687
x: 33.1933
y: 34.1933
theta: 35.1933210m
---
t: 1456290303.807055487
x: 33.344
y: 34.344
theta: 35.3439600m
---
t: 1456290303.846984360
x: 34.4667
y: 35.4667
theta: 36.4667040m
---
t: 1456290303.847023514
x: 33.0841
y: 34.0841
theta: 35.0840730m
---
t: 1456290303.886972144
x: 33.3743
y: 34.3743
theta: 35.3742590m
---
t: 1456290303.887011916
x: 32.9268
y: 33.9268
theta: 34.9267860m
---
t: 1456290303.887046221
x: 33.0444
y: 34.0444
theta: 35.0444490m
---
t: 1456290303.887077742
x: 33.1927
y: 34.1927
theta: 35.1927440m
---
t: 1456290303.887113192
x: 34.804
y: 35.804
theta: 36.8039780m
---
t: 1456290303.887150569
x: 33.6534
y: 34.6534
theta: 35.6534120m
---
t: 1456290303.927004989
x: 32.9301
y: 33.9301
theta: 34.9301010m
---
t: 1456290303.927051498
x: 32.8353
y: 33.8353
theta: 34.8353160m
---
t: 1456290303.927086617
x: 32.8329
y: 33.8329
theta: 34.8329150m
---
t: 1456290303.967024343
x: 32.8201
y: 33.8201
theta: 34.8201200m
---
t: 1456290304.006982725
x: 32.7677
y: 33.7677
theta: 34.7677030m
---
t: 1456290304.007026151
x: 32.8096
y: 33.8096
theta: 34.8095630m
---
t: 1456290304.007063735
x: 32.6739
y: 33.6739
theta: 34.6739210m
---
t: 1456290304.046992102
x: 32.8609
y: 33.8609
theta: 34.8608510m
---
t: 1456290304.047038717
x: 32.727
y: 33.727
theta: 34.7269980m
---
t: 1456290304.126967485
x: 32.3115
y: 33.3115
theta: 34.3115050m
---
t: 1456290304.127024094
x: 32.2385
y: 33.2385
theta: 34.2385080m
---
t: 1456290304.127057974
x: 32.6751
y: 33.6751
theta: 34.6750600m
---
t: 1456290304.127110352
x: 32.4041
y: 33.4041
theta: 34.4040570m
---
t: 1456290304.127174331
x: 32.521
y: 33.521
theta: 34.5209630m
---
t: 1456290304.167002298
x: 31.8744
y: 32.8744
theta: 33.8744490m
---
t: 1456290304.167051772
x: 32.0631
y: 33.0631
theta: 34.0630930m
---
t: 1456290304.206997554
x: 31.5393
y: 32.5393
theta: 33.5393250m
---
t: 1456290304.207044710
x: 32.0197
y: 33.0197
theta: 34.0196920m
---
t: 1456290304.207072578
x: 32.6746
y: 33.6746
theta: 34.6745560m
---
t: 1456290304.207096364
x: 31.7256
y: 32.7256
theta: 33.7256320m
---
t: 1456290304.286953098
x: 31.4012
y: 32.4012
theta: 33.4012450m
---
t: 1456290304.287004208
x: 31.4071
y: 32.4071
theta: 33.4070850m
---
t: 1456290304.287044231
x: 31.3674
y: 32.3674
theta: 33.3673810m
---
t: 1456290304.326960452
x: 31.2762
y: 32.2762
theta: 33.2761990m
---
t: 1456290304.327005396
x: 31.3284
y: 32.3284
theta: 33.3284140m
---
t: 1456290304.327031899
x: 31.4769
y: 32.4769
theta: 33.4768780m
---
t: 1456290304.327055094
x: 31.3795
y: 32.3795
theta: 33.3794710m
---
t: 1456290304.327086178
x: 31.4602
y: 32.4602
theta: 33.4601920m
---
t: 1456290304.366995643
x: 31.2568
y: 32.2568
theta: 33.2567820m
---
t: 1456290304.406992971
x: 31.1792
y: 32.1792
theta: 33.1791710m
---
t: 1456290304.407038417
x: 31.2239
y: 32.2239
theta: 33.2238670m
---
t: 1456290304.486989778
x: 31.0865
y: 32.0865
theta: 33.0865030m
---
t: 1456290304.526995166
x: 30.9618
y: 31.9618
theta: 32.9617750m
---
t: 1456290304.527059130
x: 31.0081
y: 32.0081
theta: 33.0080880m
---
t: 1456290304.527097438
x: 31.06
y: 32.06
theta: 33.0599600m
---
t: 1456290304.566983079
x: 31.0157
y: 32.0157
theta: 33.0156830m
---
t: 1456290304.567026362
x: 30.9862
y: 31.9862
theta: 32.9862190m
---
t: 1456290304.567054899
x: 30.8521
y: 31.8521
theta: 32.8521370m
---
t: 1456290304.646976633
x: 30.7782
y: 31.7782
theta: 32.7782120m
---
t: 1456290304.647027768
x: 30.7291
y: 31.7291
theta: 32.7290550m
---
t: 1456290304.686985419
x: 30.635
y: 31.635
theta: 32.6349700m
---
t: 1456290304.687020755
x: 30.556
y: 31.556
theta: 32.5560090m
---
t: 1456290304.766947031
x: 30.6013
y: 31.6013
theta: 32.6013380m
---
t: 1456290304.767001675
x: 30.313
y: 31.313
theta: 32.3129710m
---
t: 1456290304.806973823
x: 30.4583
y: 31.4583
theta: 32.4582680m
---
t: 1456290304.807014925
x: 30.5189
y: 31.5189
theta: 32.5188680m
---
t: 1456290304.846992825
x: 30.7035
y: 31.7035
theta: 32.7034980m
---
t: 1456290304.886998354
x: 30.2202
y: 31.2202
theta: 32.2201520m
---
t: 1456290304.887037132
x: 30.0881
y: 31.0881
theta: 32.0881400m
---
t: 1456290304.967019831
x: 29.8168
y: 30.8168
theta: 31.8168290m
---
t: 1456290304.967079710
x: 29.8539
y: 30.8539
theta: 31.8539120m
---
t: 1456290305.006994245
x: 29.7823
y: 30.7823
theta: 31.7823070m
---
t: 1456290305.007037959
x: 29.4675
y: 30.4675
theta: 31.4675170m
---
t: 1456290305.166999077
x: 28.5431
y: 29.5431
theta: 30.5431020m
---
t: 1456290305.167045832
x: 28.6731
y: 29.6731
theta: 30.6731040m
---
t: 1456290305.167078906
x: 28.5713
y: 29.5713
theta: 30.5712920m
---
t: 1456290305.206962283
x: 28.7878
y: 29.7878
theta: 30.7877720m
---
t: 1456290305.207014675
x: 28.7775
y: 29.7775
theta: 30.7774610m
---
t: 1456290305.207053187
x: 28.4493
y: 29.4493
theta: 30.4492840m
---
t: 1456290305.246989917
x: 28.2624
y: 29.2624
theta: 30.2623510m
---
t: 1456290305.287004502
x: 28.4776
y: 29.4776
theta: 30.4776000m
---
t: 1456290305.366990453
x: 28.0531
y: 29.0531
theta: 30.0531440m
---
t: 1456290305.367034261
x: 27.8612
y: 28.8612
theta: 29.8611670m
---
t: 1456290305.446988801
x: 27.757
y: 28.757
theta: 29.7570010m
---
t: 1456290305.447046015
x: 27.6301
y: 28.6301
theta: 29.6300910m
---
t: 1456290305.447074253
x: 27.4325
y: 28.4325
theta: 29.4325220m
---
t: 1456290305.487021725
x: 27.7803
y: 28.7803
theta: 29.7802940m
---
t: 1456290305.487084862
x: 27.4735
y: 28.4735
theta: 29.4735050m
---
t: 1456290305.526999328
x: 26.8179
y: 27.8179
theta: 28.8178690m
---
t: 1456290305.647087660
x: 26.3217
y: 27.3217
theta: 28.3217090m
---
t: 1456290305.687004719
x: 26.2358
y: 27.2358
theta: 28.2358480m
---
t: 1456290305.726993436
x: 26.0369
y: 27.0369
theta: 28.0368680m
---
t: 1456290305.727047179
x: 25.826
y: 26.826
theta: 27.8260400m
---
t: 1456290305.727080007
x: 25.8834
y: 26.8834
theta: 27.8834460m
---
t: 1456290305.727115497
x: 25.7876
y: 26.7876
theta: 27.7875990m
---
t: 1456290305.767002999
x: 25.7333
y: 26.7333
theta: 27.7333110m
---
t: 1456290305.806997129
x: 25.788
y: 26.788
theta: 27.7880150m
---
t: 1456290305.807045827
x: 25.8257
y: 26.8257
theta: 27.8256690m
---
t: 1456290305.846993145
x: 25.3921
y: 26.3921
theta: 27.3920800m
---
t: 1456290305.847041628
x: 25.3658
y: 26.3658
theta: 27.3658230m
---
t: 1456290305.886952227
x: 25.6511
y: 26.6511
theta: 27.6511420m
---
t: 1456290305.926962333
x: 25.0148
y: 26.0148
theta: 27.0147820m
---
t: 1456290305.967089106
x: 24.8719
y: 25.8719
theta: 26.8718530m
---
t: 1456290305.967192028
x: 24.8112
y: 25.8112
theta: 26.8111810m
---
t: 1456290306.006988519
x: 24.7251
y: 25.7251
theta: 26.7250830m
---
t: 1456290306.007038209
x: 24.4014
y: 25.4014
theta: 26.4014220m
---
t: 1456290306.046984827
x: 24.5024
y: 25.5024
theta: 26.5023690m
---
t: 1456290306.047028454
x: 24.267
y: 25.267
theta: 26.2669700m
---
t: 1456290306.086986333
x: 24.2188
y: 25.2188
theta: 26.2187790m
---
t: 1456290306.206985998
x: 23.713
y: 24.713
theta: 25.7130500m
---
t: 1456290306.207028080
x: 24.4791
y: 25.4791
theta: 26.4791230m
---
t: 1456290306.207060568
x: 23.7138
y: 24.7138
theta: 25.7138160m
---
t: 1456290306.246969589
x: 23.999
y: 24.999
theta: 25.9990080m
---
t: 1456290306.286995478
x: 23.5106
y: 24.5106
theta: 25.5106270m
---
t: 1456290306.366986753
x: 23.2177
y: 24.2177
theta: 25.2177390m
---
t: 1456290306.367031741
x: 23.3327
y: 24.3327
theta: 25.3327120m
---
t: 1456290306.406959142
x: 23.2201
y: 24.2201
theta: 25.2200580m
---
t: 1456290306.446964871
x: 23.3542
y: 24.3542
theta: 25.3542150m
---
t: 1456290306.447008259
x: 22.8451
y: 23.8451
theta: 24.8451390m
---
t: 1456290306.487007666
x: 22.9665
y: 23.9665
theta: 24.9665470m
---
t: 1456290306.487073119
x: 23.1305
y: 24.1305
theta: 25.1304560m
---
t: 1456290306.487116343
x: 22.6739
y: 23.6739
theta: 24.6738860m
---
t: 1456290306.527008500
x: 22.5998
y: 23.5998
theta: 24.5997730m
---
t: 1456290306.566981083
x: 22.5056
y: 23.5056
theta: 24.5056360m
---
t: 1456290306.567025018
x: 22.4394
y: 23.4394
theta: 24.4394010m
---
t: 1456290306.646999688
x: 22.2212
y: 23.2212
theta: 24.2212440m
---
t: 1456290306.687008702
x: 22.0749
y: 23.0749
theta: 24.0748850m
---
t: 1456290306.687060405
x: 22.0943
y: 23.0943
theta: 24.0943470m
---
t: 1456290306.766997795
x: 21.5851
y: 22.5851
theta: 23.5850900m
---
t: 1456290306.806992180
x: 21.4213
y: 22.4213
theta: 23.4212680m
---
t: 1456290306.847006850
x: 21.4139
y: 22.4139
theta: 23.4139390m
---
t: 1456290306.886996573
x: 21.469
y: 22.469
theta: 23.4690410m
---
t: 1456290306.887043285
x: 21.4033
y: 22.4033
theta: 23.4032640m
---
t: 1456290306.926984267
x: 21.0925
y: 22.0925
theta: 23.0925470m
---
t: 1456290306.927027582
x: 21.051
y: 22.051
theta: 23.0510160m
---
t: 1456290306.927056113
x: 20.9119
y: 21.9119
theta: 22.9118500m
---
t: 1456290306.967050500
x: 20.7952
y: 21.7952
theta: 22.7952290m
---
t: 1456290307.006979244
x: 20.7726
y: 21.7726
theta: 22.7726160m
---
t: 1456290307.007044926
x: 20.885
y: 21.885
theta: 22.8849530m
---
t: 1456290307.007082125
x: 21.0136
y: 22.0136
theta: 23.0136250m
---
t: 1456290307.047001577
x: 20.7417
y: 21.7417
theta: 22.7416640m
---
t: 1456290307.086971075
x: 20.5572
y: 21.5572
theta: 22.5572060m
---
t: 1456290307.087025593
x: 20.4611
y: 21.4611
theta: 22.4611470m
---
t: 1456290307.126995829
x: 20.695
y: 21.695
theta: 22.6949550m
---
t: 1456290307.206985879
x: 20.4136
y: 21.4136
theta: 22.4136010m
---
t: 1456290307.207026476
x: 20.3203
y: 21.3203
theta: 22.3202930m
---
t: 1456290307.207056073
x: 20.3923
y: 21.3923
theta: 22.3923230m
---
t: 1456290307.287000348
x: 20.1029
y: 21.1029
theta: 22.1029470m
---
t: 1456290307.326983169
x: 19.925
y: 20.925
theta: 21.9250160m
---
t: 1456290307.366958443
x: 19.8575
y: 20.8575
theta: 21.8575490m
---
t: 1456290307.367010665
x: 19.9832
y: 20.9832
theta: 21.9832260m
---
t: 1456290307.367050641
x: 19.8341
y: 20.8341
theta: 21.8341470m
---
t: 1456290307.406991502
x: 19.7112
y: 20.7112
theta: 21.7111820m
---
t: 1456290307.446995315
x: 19.7959
y: 20.7959
theta: 21.7959030m
---
t: 1456290307.487017322
x: 19.5053
y: 20.5053
theta: 21.5052980m
---
t: 1456290307.487103336
x: 19.4723
y: 20.4723
theta: 21.4722640m
---
t: 1456290307.526998818
x: 19.523
y: 20.523
theta: 21.5230330m
---
t: 1456290307.527044486
x: 19.4333
y: 20.4333
theta: 21.4332990m
---
t: 1456290307.527073766
x: 19.5058
y: 20.5058
theta: 21.5058010m
---
t: 1456290307.566985681
x: 19.4118
y: 20.4118
theta: 21.4117800m
---
t: 1456290307.567024300
x: 19.4213
y: 20.4213
theta: 21.4212640m
---
t: 1456290307.606966780
x: 19.5543
y: 20.5543
theta: 21.5542630m
---
t: 1456290307.647029890
x: 19.101
y: 20.101
theta: 21.1010140m
---
t: 1456290307.687005902
x: 19.1199
y: 20.1199
theta: 21.1199000m
---
t: 1456290307.726996587
x: 18.8864
y: 19.8864
theta: 20.8863590m
---
t: 1456290307.727046944
x: 19.0433
y: 20.0433
theta: 21.0432560m
---
t: 1456290307.727084074
x: 18.8109
y: 19.8109
theta: 20.8108670m
---
t: 1456290307.767011297
x: 18.6885
y: 19.6885
theta: 20.6885470m
---
t: 1456290307.767065005
x: 18.682
y: 19.682
theta: 20.6820120m
---
t: 1456290307.807004737
x: 18.7705
y: 19.7705
theta: 20.7704930m
---
t: 1456290307.886992070
x: 19.0252
y: 20.0252
theta: 21.0251910m
---
t: 1456290307.887033635
x: 18.384
y: 19.384
theta: 20.3840150m
---
t: 1456290307.887064694
x: 18.2765
y: 19.2765
theta: 20.2764760m
---
t: 1456290307.926988396
x: 17.4963
y: 18.4963
theta: 19.4963040m
---
t: 1456290307.967020797
x: 18.0237
y: 19.0237
theta: 20.0236950m
---
t: 1456290308.006986882
x: 16.4191
y: 17.4191
theta: 18.4190540m
---
t: 1456290308.007024204
x: 15.9135
y: 16.9135
theta: 17.9134770m
---
t: 1456290308.126985466
x: 14.1469
y: 15.1469
theta: 16.1468550m
---
t: 1456290308.127020875
x: 15.7334
y: 16.7334
theta: 17.7333710m
---
t: 1456290308.166996779
x: 14.2928
y: 15.2928
theta: 16.2927710m
---
t: 1456290308.167046686
x: 14.6849
y: 15.6849
theta: 16.6849140m
---
t: 1456290308.246994237
x: 13.3686
y: 14.3686
theta: 15.3685560m
---
t: 1456290308.247040002
x: 13.2991
y: 14.2991
theta: 15.2990710m
---
t: 1456290308.287002772
x: 13.0809
y: 14.0809
theta: 15.0808710m
---
t: 1456290308.326983106
x: 13.0078
y: 14.0078
theta: 15.0077690m
---
t: 1456290308.327018014
x: 13.3577
y: 14.3577
theta: 15.3577330m
---
t: 1456290308.327052730
x: 12.9969
y: 13.9969
theta: 14.9968880m
---
t: 1456290308.366996556
x: 12.8409
y: 13.8409
theta: 14.8409280m
---
t: 1456290308.406970833
x: 12.8103
y: 13.8103
theta: 14.8103470m
---
t: 1456290308.407017562
x: 12.7514
y: 13.7514
theta: 14.7514080m
---
t: 1456290308.446985173
x: 12.5787
y: 13.5787
theta: 14.5786890m
---
t: 1456290308.447025434
x: 12.4443
y: 13.4443
theta: 14.4442780m
---
t: 1456290308.447060901
x: 12.265
y: 13.265
theta: 14.2650090m
---
t: 1456290308.487021834
x: 12.5244
y: 13.5244
theta: 14.5243830m
---
t: 1456290308.487073991
x: 12.408
y: 13.408
theta: 14.4079620m
---
t: 1456290308.487110281
x: 12.0722
y: 13.0722
theta: 14.0722470m
---
t: 1456290308.527000722
x: 12.6856
y: 13.6856
theta: 14.6855690m
---
t: 1456290308.566965553
x: 11.535
y: 12.535
theta: 13.5350080m
---
t: 1456290308.567001573
x: 11.6231
y: 12.6231
theta: 13.6231240m
---
t: 1456290308.567032336
x: 11.4098
y: 12.4098
theta: 13.4098390m
---
t: 1456290308.606982641
x: 11.3239
y: 12.3239
theta: 13.3238680m
---
t: 1456290308.647000828
x: 11.557
y: 12.557
theta: 13.5569520m
---
t: 1456290308.686994048
x: 10.9794
y: 11.9794
theta: 12.9793640m
---
t: 1456290308.687031378
x: 11.068
y: 12.068
theta: 13.0679610m
---
t: 1456290308.726999496
x: 10.6022
y: 11.6022
theta: 12.6021520m
---
t: 1456290308.766987140
x: 10.7399
y: 11.7399
theta: 12.7398770m
---
t: 1456290308.767024612
x: 11.4061
y: 12.4061
theta: 13.4061130m
---
t: 1456290308.767052086
x: 10.6328
y: 11.6328
theta: 12.6327860m
---
t: 1456290308.767077200
x: 10.298
y: 11.298
theta: 12.2979580m
---
t: 1456290308.806981682
x: 10.2217
y: 11.2217
theta: 12.2217100m
---
t: 1456290308.807030188
x: 10.1168
y: 11.1168
theta: 12.1167960m
---
t: 1456290308.886962963
x: 9.77275
y: 10.7727
theta: 11.7727490m
---
t: 1456290308.887009791
x: 9.34077
y: 10.3408
theta: 11.3407680m
---
t: 1456290308.887039264
x: 9.66685
y: 10.6669
theta: 11.6668510m
---
t: 1456290309.006973543
x: 10.0733
y: 11.0733
theta: 12.0733040m
---
t: 1456290309.007016335
x: 9.09053
y: 10.0905
theta: 11.0905260m
---
t: 1456290309.046949798
x: 9.02526
y: 10.0253
theta: 11.0252650m
---
t: 1456290309.046993404
x: 8.86353
y: 9.86353
theta: 10.8635330m
---
t: 1456290309.047027278
x: 8.83469
y: 9.83469
theta: 10.8346890m
---
t: 1456290309.086964854
x: 8.82474
y: 9.82474
theta: 10.8247380m
---
t: 1456290309.126996671
x: 8.87562
y: 9.87562
theta: 10.8756170m
---
t: 1456290309.127041182
x: 8.73303
y: 9.73303
theta: 10.7330350m
---
t: 1456290309.127067264
x: 8.68958
y: 9.68958
theta: 10.6895850m
---
t: 1456290309.207002835
x: 8.51249
y: 9.51249
theta: 10.5124910m
---
t: 1456290309.207047894
x: 8.42381
y: 9.42381
theta: 10.4238120m
---
t: 1456290309.207082286
x: 8.39014
y: 9.39014
theta: 10.3901410m
---
t: 1456290309.246999112
x: 8.37329
y: 9.37329
theta: 10.3732940m
---
t: 1456290309.286973238
x: 8.28066
y: 9.28066
theta: 10.2806590m
---
t: 1456290309.287029893
x: 8.36196
y: 9.36196
theta: 10.3619600m
---
t: 1456290309.287059260
x: 8.29321
y: 9.29321
theta: 10.2932070m
---
t: 1456290309.326984596
x: 8.06959
y: 9.06959
theta: 10.0695900m
---
t: 1456290309.327022733
x: 8.09335
y: 9.09335
theta: 10.0933510m
---
t: 1456290309.367001001
x: 8.02387
y: 9.02387
theta: 10.0238650m
---
t: 1456290309.407012735
x: 8.377
y: 9.377
theta: 10.3769960m
---
t: 1456290309.407059078
x: 7.95105
y: 8.95105
theta: 9.9510480m
---
t: 1456290309.407112299
x: 8.0534
y: 9.0534
theta: 10.0533960m
---
t: 1456290309.407148741
x: 8.05434
y: 9.05434
theta: 10.0543440m
---
t: 1456290309.407184854
x: 7.92905
y: 8.92905
theta: 9.9290460m
---
t: 1456290309.446984273
x: 7.87726
y: 8.87726
theta: 9.8772640m
---
t: 1456290309.447026738
x: 7.92236
y: 8.92236
theta: 9.9223570m
---
t: 1456290309.447056739
x: 7.9309
y: 8.9309
theta: 9.9308990m
---
t: 1456290309.447082008
x: 7.79402
y: 8.79402
theta: 9.7940250m
---
t: 1456290309.487016946
x: 7.69448
y: 8.69448
theta: 9.6944830m
---
t: 1456290309.526989657
x: 7.60613
y: 8.60613
theta: 9.6061340m
---
t: 1456290309.527025719
x: 7.57236
y: 8.57236
theta: 9.5723580m
---
t: 1456290309.527053769
x: 7.5588
y: 8.5588
theta: 9.5588030m
---
t: 1456290309.606994822
x: 7.64548
y: 8.64548
theta: 9.6454830m
---
t: 1456290309.607051551
x: 7.4803
y: 8.4803
theta: 9.4803050m
---
t: 1456290309.646979671
x: 7.42844
y: 8.42844
theta: 9.4284370m
---
t: 1456290309.686997358
x: 7.36927
y: 8.36927
theta: 9.3692710m
---
t: 1456290309.687047251
x: 7.34291
y: 8.34291
theta: 9.3429150m
---
t: 1456290309.687081380
x: 7.26597
y: 8.26597
theta: 9.2659750m
---
t: 1456290309.687109056
x: 7.36218
y: 8.36218
theta: 9.3621840m
---
t: 1456290309.727016082
x: 7.19518
y: 8.19518
theta: 9.1951770m
---
t: 1456290309.727066801
x: 7.21382
y: 8.21382
theta: 9.2138170m
---
t: 1456290309.767025891
x: 7.15679
y: 8.15679
theta: 9.1567930m
---
t: 1456290309.767082692
x: 7.15065
y: 8.15065
theta: 9.1506450m
---
t: 1456290309.807007757
x: 7.11641
y: 8.11641
theta: 9.1164070m
---
t: 1456290309.807054522
x: 7.09472
y: 8.09472
theta: 9.0947210m
---
t: 1456290309.807092515
x: 7.45404
y: 8.45404
theta: 9.4540360m
---
t: 1456290309.886985812
x: 6.77808
y: 7.77808
theta: 8.7780800m
---
t: 1456290309.926987793
x: 6.73111
y: 7.73111
theta: 8.7311100m
---
t: 1456290309.927021929
x: 6.66209
y: 7.66209
theta: 8.6620930m
---
t: 1456290309.927049398
x: 6.79702
y: 7.79702
theta: 8.7970190m
---
t: 1456290310.007021293
x: 6.64249
y: 7.64249
theta: 8.6424900m
---
t: 1456290310.007081217
x: 6.58569
y: 7.58569
theta: 8.5856910m
---
t: 1456290310.046985251
x: 6.38134
y: 7.38134
theta: 8.3813450m
---
t: 1456290310.047024363
x: 6.1428
y: 7.1428
theta: 8.1428020m
---
t: 1456290310.047052541
x: 6.33061
y: 7.33061
theta: 8.3306140m
---
t: 1456290310.086991510
x: 6.06893
y: 7.06893
theta: 8.0689320m
---
t: 1456290310.087035553
x: 6.44296
y: 7.44296
theta: 8.4429620m
---
t: 1456290310.087072046
x: 6.0044
y: 7.0044
theta: 8.0044030m
---
t: 1456290310.087107956
x: 5.89679
y: 6.89679
theta: 7.8967890m
---
t: 1456290310.126995066
x: 5.79296
y: 6.79296
theta: 7.7929560m
---
t: 1456290310.206998065
x: 5.55117
y: 6.55117
theta: 7.5511660m
---
t: 1456290310.207040776
x: 5.9034
y: 6.9034
theta: 7.9033990m
---
t: 1456290310.247009576
x: 5.51566
y: 6.51566
theta: 7.5156600m
---
t: 1456290310.247050118
x: 5.39359
y: 6.39359
theta: 7.3935890m
---
t: 1456290310.286984638
x: 5.3902
y: 6.3902
theta: 7.3902040m
---
t: 1456290310.326983049
x: 5.23358
y: 6.23358
theta: 7.2335750m
---
t: 1456290310.327021017
x: 5.3664
y: 6.3664
theta: 7.3663970m
---
t: 1456290310.366993102
x: 5.20358
y: 6.20358
theta: 7.2035770m
---
t: 1456290310.367038427
x: 5.20035
y: 6.20035
theta: 7.2003490m
---
t: 1456290310.367063515
x: 5.29721
y: 6.29721
theta: 7.2972070m
---
t: 1456290310.407019371
x: 5.15149
y: 6.15149
theta: 7.1514900m
---
t: 1456290310.407068710
x: 5.18664
y: 6.18664
theta: 7.1866410m
---
t: 1456290310.446997574
x: 5.08607
y: 6.08607
theta: 7.0860670m
---
t: 1456290310.447039595
x: 5.09942
y: 6.09942
theta: 7.0994210m
---
t: 1456290310.447061340
x: 5.13439
y: 6.13439
theta: 7.1343940m
---
t: 1456290310.486982430
x: 5.14863
y: 6.14863
theta: 7.1486290m
---
t: 1456290310.487029248
x: 4.87428
y: 5.87428
theta: 6.8742810m
---
t: 1456290310.487063734
x: 4.8971
y: 5.8971
theta: 6.8971020m
---
t: 1456290310.527014924
x: 4.84512
y: 5.84512
theta: 6.8451210m
---
t: 1456290310.527064921
x: 4.99493
y: 5.99493
theta: 6.9949330m
---
t: 1456290310.527120703
x: 5.1719
y: 6.1719
theta: 7.1718960m
---
t: 1456290310.566995181
x: 4.88118
y: 5.88118
theta: 6.8811830m
---
t: 1456290310.607011009
x: 4.51279
