t: 1456289837.552298642
x: 2.94481
y: 3.94481
theta: 4.9448090m
---
t: 1456289837.632244717
x: 2.95984
y: 3.95984
theta: 4.9598380m
---
t: 1456289837.632288380
x: 2.9667
y: 3.9667
theta: 4.9667010m
---
t: 1456289837.632318017
x: 3.0705
y: 4.0705
theta: 5.0705030m
---
t: 1456289837.712259661
x: 3.03333
y: 4.03333
theta: 5.0333300m
---
t: 1456289837.712299511
x: 2.96481
y: 3.96481
theta: 4.9648070m
---
t: 1456289837.752219881
x: 2.95401
y: 3.95401
theta: 4.9540060m
---
t: 1456289837.872267667
x: 2.95177
y: 3.95177
theta: 4.9517720m
---
t: 1456289837.872314995
x: 2.95574
y: 3.95574
theta: 4.9557420m
---
t: 1456289837.912216849
x: 3.04934
y: 4.04934
theta: 5.0493360m
---
t: 1456289837.992240003
x: 3.06857
y: 4.06857
theta: 5.0685700m
---
t: 1456289838.032215469
x: 3.0528
y: 4.0528
theta: 5.0527960m
---
t: 1456289838.032270902
x: 3.10539
y: 4.10539
theta: 5.1053950m
---
t: 1456289838.072214470
x: 3.5112
y: 4.5112
theta: 5.5112030m
---
t: 1456289838.072258809
x: 3.53776
y: 4.53776
theta: 5.5377640m
---
t: 1456289838.072291117
x: 3.52904
y: 4.52904
theta: 5.5290360m
---
t: 1456289838.192204947
x: 3.70057
y: 4.70057
theta: 5.7005660m
---
t: 1456289838.192240398
x: 3.70057
y: 4.70057
theta: 5.7005660m
---
t: 1456289838.232261553
x: 3.70057
y: 4.70057
theta: 5.7005660m
---
t: 1456289838.272268703
x: 3.70057
y: 4.70057
theta: 5.7005660m
---
t: 1456289838.312257040
x: 3.70057
y: 4.70057
theta: 5.7005660m
---
t: 1456289838.312292832
x: 3.05263
y: 4.05263
theta: 5.0526340m
---
t: 1456289838.312320887
x: 3.00662
y: 4.00662
theta: 5.0066150m
---
t: 1456289838.432212157
x: 2.9789
y: 3.9789
theta: 4.9789040m
---
t: 1456289838.432248106
x: 2.95427
y: 3.95427
theta: 4.9542670m
---
t: 1456289838.472275907
x: 2.89074
y: 3.89074
theta: 4.8907400m
---
t: 1456289838.512255278
x: 2.65894
y: 3.65894
theta: 4.6589400m
---
t: 1456289838.552978362
x: 2.73265
y: 3.73265
theta: 4.7326480m
---
t: 1456289838.672276503
x: 2.43544
y: 3.43544
theta: 4.4354430m
---
t: 1456289838.672338984
x: 2.44198
y: 3.44198
theta: 4.4419850m
---
t: 1456289838.672380094
x: 2.41015
y: 3.41015
theta: 4.4101480m
---
t: 1456289838.712250483
x: 2.21019
y: 3.21019
theta: 4.2101880m
---
t: 1456289838.792257450
x: 2.05737
y: 3.05737
theta: 4.0573680m
---
t: 1456289838.832246123
x: 1.96147
y: 2.96147
theta: 3.9614740m
---
t: 1456289838.832290630
x: 1.92419
y: 2.92419
theta: 3.9241920m
---
t: 1456289838.832323073
x: 1.86866
y: 2.86866
theta: 3.8686590m
---
t: 1456289838.912246823
x: 1.8443
y: 2.8443
theta: 3.8443040m
---
t: 1456289838.912291966
x: 1.89387
y: 2.89387
theta: 3.8938700m
---
t: 1456289838.992264325
x: 1.52647
y: 2.52647
theta: 3.5264720m
---
t: 1456289839.072263373
x: 1.31557
y: 2.31557
theta: 3.3155670m
---
t: 1456289839.072318821
x: 1.61306
y: 2.61306
theta: 3.6130560m
---
t: 1456289839.152243827
x: 1.22407
y: 2.22407
theta: 3.2240680m
---
t: 1456289839.192245795
x: 1.23576
y: 2.23576
theta: 3.2357610m
---
t: 1456289839.272261029
x: 1.14653
y: 2.14653
theta: 3.1465340m
---
t: 1456289839.312218326
x: 1.07365
y: 2.07365
theta: 3.0736500m
---
t: 1456289839.312268458
x: 0.979939
y: 1.97994
theta: 2.9799390m
---
t: 1456289839.352254576
x: 0.891517
y: 1.89152
theta: 2.8915170m
---
t: 1456289839.392241102
x: 0.923441
y: 1.92344
theta: 2.9234410m
---
t: 1456289839.432255163
x: 0.934481
y: 1.93448
theta: 2.9344810m
---
t: 1456289839.512245389
x: 0.627365
y: 1.62737
theta: 2.6273650m
---
t: 1456289839.552257007
x: 0.716109
y: 1.71611
theta: 2.7161090m
---
t: 1456289839.592264406
x: 0.557362
y: 1.55736
theta: 2.5573620m
---
t: 1456289839.752258179
x: 0.459456
y: 1.45946
theta: 2.4594560m
---
t: 1456289839.792243205
x: 0.439841
y: 1.43984
theta: 2.4398410m
---
t: 1456289839.792285363
x: 0.318997
y: 1.319
theta: 2.3189970m
---
t: 1456289839.792316277
x: 0.254273
y: 1.25427
theta: 2.2542730m
---
t: 1456289839.832250375
x: 0.292098
y: 1.2921
theta: 2.2920980m
---
t: 1456289839.912270246
x: 0.247217
y: 1.24722
theta: 2.2472170m
---
t: 1456289839.952254338
x: 0.306885
y: 1.30688
theta: 2.3068850m
---
t: 1456289840.312253244
x: -0.533189
y: 0.466811
theta: 1.4668110m
---
t: 1456289840.392202096
x: -0.686601
y: 0.313399
theta: 1.3133990m
---
t: 1456289840.432206820
x: -0.637147
y: 0.362853
theta: 1.3628530m
---
t: 1456289840.432245349
x: -0.678947
y: 0.321053
theta: 1.3210530m
---
t: 1456289840.512252048
x: -0.657394
y: 0.342606
theta: 1.3426060m
---
t: 1456289840.512297912
x: -0.664045
y: 0.335955
theta: 1.3359550m
---
t: 1456289840.552482979
x: -0.590443
y: 0.409557
theta: 1.4095570m
---
t: 1456289840.592244012
x: -0.753606
y: 0.246394
theta: 1.2463940m
---
t: 1456289840.672260786
x: -0.907134
y: 0.092866
theta: 1.0928660m
---
t: 1456289840.712248163
x: -0.885645
y: 0.114355
theta: 1.1143550m
---
t: 1456289840.712284725
x: -0.914856
y: 0.085144
theta: 1.0851440m
---
t: 1456289840.752262611
x: -1.0561
y: -0.056099
theta: 0.9439010m
---
t: 1456289840.792232890
x: -1.17555
y: -0.175547
theta: 0.8244530m
---
t: 1456289840.832232660
x: -1.26723
y: -0.267225
theta: 0.7327750m
---
t: 1456289840.832274221
x: -1.1131
y: -0.113098
theta: 0.8869020m
---
t: 1456289840.832310281
x: -1.26355
y: -0.263547
theta: 0.7364530m
---
t: 1456289840.872213375
x: -1.28649
y: -0.286492
theta: 0.7135080m
---
t: 1456289840.952216475
x: -1.39594
y: -0.395937
theta: 0.6040630m
---
t: 1456289840.952256131
x: -1.29435
y: -0.294355
theta: 0.7056450m
---
t: 1456289841.072255894
x: -1.6036
y: -0.603597
theta: 0.3964030m
---
t: 1456289841.112260389
x: -1.68343
y: -0.683427
theta: 0.3165730m
---
t: 1456289841.112297793
x: -1.71475
y: -0.714751
theta: 0.2852490m
---
t: 1456289841.152259743
x: -1.79075
y: -0.790754
theta: 0.2092460m
---
t: 1456289841.152307881
x: -1.78255
y: -0.782546
theta: 0.2174540m
---
t: 1456289841.192259133
x: -1.80641
y: -0.806405
theta: 0.1935950m
---
t: 1456289841.312254691
x: 357.744
y: 358.744
theta: 359.7442770m
---
t: 1456289841.392216559
x: 357.652
y: 358.652
theta: 359.6520940m
---
t: 1456289841.432270800
x: 357.714
y: 358.714
theta: 359.7139110m
---
t: 1456289841.472277333
x: 357.607
y: 358.607
theta: 359.6072880m
---
t: 1456289841.552256883
x: 357.292
y: 358.292
theta: 359.2922020m
---
t: 1456289841.552303306
x: 357.486
y: 358.486
theta: 359.4857010m
---
t: 1456289841.592254442
x: 357.291
y: 358.291
theta: 359.2907590m
---
t: 1456289841.592315997
x: 357.306
y: 358.306
theta: 359.3061640m
---
t: 1456289841.632257995
x: 357.151
y: 358.151
theta: 359.1505730m
---
t: 1456289841.632305784
x: 357.3
y: 358.3
theta: 359.3000640m
---
t: 1456289841.672270477
x: 357.088
y: 358.088
theta: 359.0878980m
---
t: 1456289841.672314927
x: 357.041
y: 358.041
theta: 359.0408920m
---
t: 1456289841.832268533
x: 356.436
y: 357.436
theta: 358.4364130m
---
t: 1456289841.872247094
x: 356.377
y: 357.377
theta: 358.3768560m
---
t: 1456289841.952216193
x: 356.395
y: 357.395
theta: 358.3948380m
---
t: 1456289841.952263789
x: 356.318
y: 357.318
theta: 358.3183500m
---
t: 1456289841.952300976
x: 356.186
y: 357.186
theta: 358.1863840m
---
t: 1456289841.992509829
x: 356.12
y: 357.12
theta: 358.1203910m
---
t: 1456289841.992730877
x: 356.108
y: 357.108
theta: 358.1077860m
---
t: 1456289841.992873341
x: 356.076
y: 357.076
theta: 358.0756070m
---
t: 1456289842.032281772
x: 356.208
y: 357.208
theta: 358.2080100m
---
t: 1456289842.152262665
x: 355.842
y: 356.842
theta: 357.8424940m
---
t: 1456289842.152312808
x: 355.707
y: 356.707
theta: 357.7072400m
---
t: 1456289842.232277383
x: 354.625
y: 355.625
theta: 356.6254170m
---
t: 1456289842.232321801
x: 355.071
y: 356.071
theta: 357.0711110m
---
t: 1456289842.312248957
x: 355.317
y: 356.317
theta: 357.3169840m
---
t: 1456289842.312287904
x: 355.318
y: 356.318
theta: 357.3177910m
---
t: 1456289842.392217710
x: 355.395
y: 356.395
theta: 357.3949990m
---
t: 1456289842.432279748
x: 355.43
y: 356.43
theta: 357.4298250m
---
t: 1456289842.512262782
x: 355.366
y: 356.366
theta: 357.3656890m
---
t: 1456289842.552326074
x: 355.517
y: 356.517
theta: 357.5165790m
---
t: 1456289842.593246404
x: 355.527
y: 356.527
theta: 357.5271480m
---
t: 1456289842.593718615
x: 355.427
y: 356.427
theta: 357.4266540m
---
t: 1456289842.672275614
x: 355.391
y: 356.391
theta: 357.3907080m
---
t: 1456289842.672339663
x: 355.463
y: 356.463
theta: 357.4630490m
---
t: 1456289842.712247121
x: 355.39
y: 356.39
theta: 357.3900900m
---
t: 1456289842.752253892
x: 355.37
y: 356.37
theta: 357.3695700m
---
t: 1456289842.792267129
x: 355.353
y: 356.353
theta: 357.3528630m
---
t: 1456289842.792305637
x: 355.309
y: 356.309
theta: 357.3091090m
---
t: 1456289842.832234943
x: 355.211
y: 356.211
theta: 357.2114980m
---
t: 1456289842.872263542
x: 355.205
y: 356.205
theta: 357.2046250m
---
t: 1456289842.872302368
x: 355.148
y: 356.148
theta: 357.1478490m
---
t: 1456289842.952249484
x: 355.087
y: 356.087
theta: 357.0870650m
---
t: 1456289842.952286912
x: 355.016
y: 356.016
theta: 357.0163020m
---
t: 1456289842.992267359
x: 355.022
y: 356.022
theta: 357.0224240m
---
t: 1456289843.032273867
x: 354.999
y: 355.999
theta: 356.9992910m
---
t: 1456289843.072246266
x: 354.938
y: 355.938
theta: 356.9376270m
---
t: 1456289843.072291440
x: 354.746
y: 355.746
theta: 356.7456180m
---
t: 1456289843.232275336
x: 354.565
y: 355.565
theta: 356.5646680m
---
t: 1456289843.232326329
x: 354.637
y: 355.637
theta: 356.6373340m
---
t: 1456289843.232355548
x: 354.548
y: 355.548
theta: 356.5477380m
---
t: 1456289843.232387557
x: 354.475
y: 355.475
theta: 356.4748210m
---
t: 1456289843.272266505
x: 354.665
y: 355.665
theta: 356.6647810m
---
t: 1456289843.352268051
x: 354.64
y: 355.64
theta: 356.6395610m
---
t: 1456289843.352319114
x: 354.604
y: 355.604
theta: 356.6038950m
---
t: 1456289843.392264377
x: 354.489
y: 355.489
theta: 356.4890810m
---
t: 1456289843.392310045
x: 354.518
y: 355.518
theta: 356.5175720m
---
t: 1456289843.432276327
x: 354.49
y: 355.49
theta: 356.4900510m
---
t: 1456289843.472274660
x: 354.389
y: 355.389
theta: 356.3885880m
---
t: 1456289843.552255763
x: 354.149
y: 355.149
theta: 356.1489400m
---
t: 1456289843.552291062
x: 354.189
y: 355.189
theta: 356.1886580m
---
t: 1456289843.552316257
x: 354.178
y: 355.178
theta: 356.1776920m
---
t: 1456289843.672263594
x: 354.248
y: 355.248
theta: 356.2483950m
---
t: 1456289843.712251068
x: 353.879
y: 354.879
theta: 355.8785100m
---
t: 1456289843.752247171
x: 353.839
y: 354.839
theta: 355.8392690m
---
t: 1456289843.752283246
x: 354.005
y: 355.005
theta: 356.0054880m
---
t: 1456289843.832236381
x: 353.873
y: 354.873
theta: 355.8730950m
---
t: 1456289843.872269848
x: 353.741
y: 354.741
theta: 355.7409320m
---
t: 1456289843.912238436
x: 353.506
y: 354.506
theta: 355.5056800m
---
t: 1456289843.992244662
x: 353.237
y: 354.237
theta: 355.2374390m
---
t: 1456289844.152244655
x: 352.281
y: 353.281
theta: 354.2805910m
---
t: 1456289844.272249261
x: 352.412
y: 353.412
theta: 354.4119490m
---
t: 1456289844.272289339
x: 352.308
y: 353.308
theta: 354.3081690m
---
t: 1456289844.352255581
x: 352.345
y: 353.345
theta: 354.3454060m
---
t: 1456289844.432223178
x: 352.305
y: 353.305
theta: 354.3052060m
---
t: 1456289844.512258318
x: 352.352
y: 353.352
theta: 354.3524380m
---
t: 1456289844.592219989
x: 352.379
y: 353.379
theta: 354.3786300m
---
t: 1456289844.632296296
x: 352.354
y: 353.354
theta: 354.3541970m
---
t: 1456289844.752217381
x: 352.277
y: 353.277
theta: 354.2766870m
---
t: 1456289844.752258124
x: 352.176
y: 353.176
theta: 354.1755440m
---
t: 1456289844.792218400
x: 352.209
y: 353.209
theta: 354.2092340m
---
t: 1456289844.792259217
x: 352.266
y: 353.266
theta: 354.2664770m
---
t: 1456289844.832265038
x: 352.246
y: 353.246
theta: 354.2462300m
---
t: 1456289844.832308689
x: 352.1
y: 353.1
theta: 354.0998790m
---
t: 1456289844.912219616
x: 351.747
y: 352.747
theta: 353.7473250m
---
t: 1456289844.992351507
x: 351.928
y: 352.928
theta: 353.9277360m
---
t: 1456289845.072257376
x: 351.675
y: 352.675
theta: 353.6747910m
---
t: 1456289845.112307663
x: 351.68
y: 352.68
theta: 353.6799400m
---
t: 1456289845.192237223
x: 351.595
y: 352.595
theta: 353.5953590m
---
t: 1456289845.232226262
x: 351.376
y: 352.376
theta: 353.3755900m
---
t: 1456289845.232267290
x: 351.162
y: 352.162
theta: 353.1615110m
---
t: 1456289845.272254496
x: 351.057
y: 352.057
theta: 353.0568970m
---
t: 1456289845.352205283
x: 351.095
y: 352.095
theta: 353.0945590m
---
t: 1456289845.352243012
x: 350.823
y: 351.823
theta: 352.8228910m
---
t: 1456289845.432228402
x: 350.831
y: 351.831
theta: 352.8313420m
---
t: 1456289845.432270902
x: 350.862
y: 351.862
theta: 352.8620930m
---
t: 1456289845.472275050
x: 350.539
y: 351.539
theta: 352.5387450m
---
t: 1456289845.472349232
x: 350.777
y: 351.777
theta: 352.7767690m
---
t: 1456289845.592262700
x: 350.842
y: 351.842
theta: 352.8419250m
---
t: 1456289845.632235707
x: 350.716
y: 351.716
theta: 352.7158230m
---
t: 1456289845.632284164
x: 350.729
y: 351.729
theta: 352.7285130m
---
t: 1456289845.672243706
x: 350.42
y: 351.42
theta: 352.4200120m
---
t: 1456289845.672280520
x: 350.679
y: 351.679
theta: 352.6789100m
---
t: 1456289845.672307441
x: 350.5
y: 351.5
theta: 352.4997360m
---
t: 1456289845.672333415
x: 350.619
y: 351.619
theta: 352.6190000m
---
t: 1456289845.752257118
x: 350.53
y: 351.53
theta: 352.5304330m
---
t: 1456289845.832256392
x: 350.395
y: 351.395
theta: 352.3947110m
---
t: 1456289845.832297361
x: 350.284
y: 351.284
theta: 352.2839480m
---
t: 1456289845.832321705
x: 350.21
y: 351.21
theta: 352.2095100m
---
t: 1456289845.912245683
x: 350.127
y: 351.127
theta: 352.1265730m
---
t: 1456289845.952243064
x: 350.249
y: 351.249
theta: 352.2492930m
---
t: 1456289846.032297866
x: 349.871
y: 350.871
theta: 351.8705080m
---
t: 1456289846.072244645
x: 349.944
y: 350.944
theta: 351.9438090m
---
t: 1456289846.072282925
x: 349.984
y: 350.984
theta: 351.9842450m
---
t: 1456289846.112267181
x: 349.853
y: 350.853
theta: 351.8529950m
---
t: 1456289846.152254000
x: 349.862
y: 350.862
theta: 351.8624250m
---
t: 1456289846.152293411
x: 349.928
y: 350.928
theta: 351.9277460m
---
t: 1456289846.152327125
x: 349.923
y: 350.923
theta: 351.9229640m
---
t: 1456289846.152364147
x: 349.781
y: 350.781
theta: 351.7808260m
---
t: 1456289846.192263955
x: 349.012
y: 350.012
theta: 351.0124810m
---
t: 1456289846.192312809
x: 349.634
y: 350.634
theta: 351.6339180m
---
t: 1456289846.192337052
x: 349.274
y: 350.274
theta: 351.2741010m
---
t: 1456289846.232272575
x: 349.063
y: 350.063
theta: 351.0633410m
---
t: 1456289846.272205922
x: 348.92
y: 349.92
theta: 350.9202020m
---
t: 1456289846.272250216
x: 348.804
y: 349.804
theta: 350.8043890m
---
t: 1456289846.312244733
x: 348.92
y: 349.92
theta: 350.9202020m
---
t: 1456289846.312289802
x: 348.296
y: 349.296
theta: 350.2955940m
---
t: 1456289846.352253450
x: 348.019
y: 349.019
theta: 350.0185230m
---
t: 1456289846.392271013
x: 347.765
y: 348.765
theta: 349.7652580m
---
t: 1456289846.392320462
x: 347.6
y: 348.6
theta: 349.6000860m
---
t: 1456289846.392345838
x: 347.78
y: 348.78
theta: 349.7800070m
---
t: 1456289846.512249300
x: 347.619
y: 348.619
theta: 349.6190610m
---
t: 1456289846.552343492
x: 347.515
y: 348.515
theta: 349.5151920m
---
t: 1456289846.632277966
x: 347.834
y: 348.834
theta: 349.8336730m
---
t: 1456289846.672262376
x: 347.878
y: 348.878
theta: 349.8782380m
---
t: 1456289846.712225873
x: 347.901
y: 348.901
theta: 349.9008610m
---
t: 1456289846.712267280
x: 348.03
y: 349.03
theta: 350.0303430m
---
t: 1456289846.832279217
x: 347.804
y: 348.804
theta: 349.8040910m
---
t: 1456289846.832330383
x: 347.812
y: 348.812
theta: 349.8124550m
---
t: 1456289846.872209785
x: 347.925
y: 348.925
theta: 349.9245400m
---
t: 1456289846.872254248
x: 347.862
y: 348.862
theta: 349.8621500m
---
t: 1456289846.952259128
x: 347.908
y: 348.908
theta: 349.9084920m
---
t: 1456289846.952314253
x: 347.993
y: 348.993
theta: 349.9928700m
---
t: 1456289846.952354664
x: 347.907
y: 348.907
theta: 349.9068870m
---
t: 1456289847.032265370
x: 347.806
y: 348.806
theta: 349.8064480m
---
t: 1456289847.032313637
x: 347.981
y: 348.981
theta: 349.9805120m
---
t: 1456289847.152223203
x: 347.856
y: 348.856
theta: 349.8556150m
---
t: 1456289847.192287293
x: 348.018
y: 349.018
theta: 350.0183120m
---
t: 1456289847.192342669
x: 347.879
y: 348.879
theta: 349.8788160m
---
t: 1456289847.192373834
x: 347.881
y: 348.881
theta: 349.8807030m
---
t: 1456289847.272259953
x: 347.652
y: 348.652
theta: 349.6522740m
---
t: 1456289847.392276712
x: 347.803
y: 348.803
theta: 349.8031060m
---
t: 1456289847.392336515
x: 347.676
y: 348.676
theta: 349.6755720m
---
t: 1456289847.432258725
x: 347.648
y: 348.648
theta: 349.6477430m
---
t: 1456289847.472274939
x: 347.68
y: 348.68
theta: 349.6799560m
---
t: 1456289847.512250985
x: 347.685
y: 348.685
theta: 349.6854860m
---
t: 1456289847.552260064
x: 347.567
y: 348.567
theta: 349.5674750m
---
t: 1456289847.592205148
x: 347.874
y: 348.874
theta: 349.8742200m
---
t: 1456289847.632253475
x: 347.578
y: 348.578
theta: 349.5778200m
---
t: 1456289847.672247077
x: 347.842
y: 348.842
theta: 349.8423450m
---
t: 1456289847.672291970
x: 347.555
y: 348.555
theta: 349.5547820m
---
t: 1456289847.752257762
x: 348.036
y: 349.036
theta: 350.0360800m
---
t: 1456289847.792258976
x: 347.987
y: 348.987
theta: 349.9870570m
---
t: 1456289847.832255597
x: 347.917
y: 348.917
theta: 349.9174590m
---
t: 1456289847.912239012
x: 347.928
y: 348.928
theta: 349.9282830m
---
t: 1456289847.952209223
x: 347.929
y: 348.929
theta: 349.9292550m
---
t: 1456289847.952246127
x: 348.084
y: 349.084
theta: 350.0835570m
---
t: 1456289847.992273128
x: 348.027
y: 349.027
theta: 350.0267720m
---
t: 1456289848.032208184
x: 347.597
y: 348.597
theta: 349.5969710m
---
t: 1456289848.032244546
x: 347.591
y: 348.591
theta: 349.5907320m
---
t: 1456289848.032274099
x: 347.562
y: 348.562
theta: 349.5615800m
---
t: 1456289848.112267730
x: 348.115
y: 349.115
theta: 350.1145350m
---
t: 1456289848.192249758
x: 347.947
y: 348.947
theta: 349.9469630m
---
t: 1456289848.192296312
x: 347.523
y: 348.523
theta: 349.5228340m
---
t: 1456289848.192334584
x: 347.549
y: 348.549
theta: 349.5491130m
---
t: 1456289848.232253267
x: 347.532
y: 348.532
theta: 349.5320830m
---
t: 1456289848.272216095
x: 347.912
y: 348.912
theta: 349.9124150m
---
t: 1456289848.432265765
x: 347.853
y: 348.853
theta: 349.8534830m
---
t: 1456289848.432306687
x: 348.048
y: 349.048
theta: 350.0479700m
---
t: 1456289848.472267713
x: 348.09
y: 349.09
theta: 350.0902780m
---
t: 1456289848.472332376
x: 348.013
y: 349.013
theta: 350.0125880m
---
t: 1456289848.552614856
x: 347.933
y: 348.933
theta: 349.9327460m
---
t: 1456289848.552750508
x: 348.097
y: 349.097
theta: 350.0973000m
---
t: 1456289848.552828953
x: 348.042
y: 349.042
theta: 350.0421640m
---
t: 1456289848.592265772
x: 347.92
y: 348.92
theta: 349.9195350m
---
t: 1456289848.632264506
x: 348.084
y: 349.084
theta: 350.0842890m
---
t: 1456289848.672266071
x: 348.039
y: 349.039
theta: 350.0385970m
---
t: 1456289848.712246795
x: 348.113
y: 349.113
theta: 350.1127810m
---
t: 1456289848.712288209
x: 348.136
y: 349.136
theta: 350.1361620m
---
t: 1456289848.792247871
x: 348.11
y: 349.11
theta: 350.1097080m
---
t: 1456289848.792292522
x: 348.111
y: 349.111
theta: 350.1106460m
---
t: 1456289848.792318888
x: 348.046
y: 349.046
theta: 350.0455040m
---
t: 1456289848.832245630
x: 348.079
y: 349.079
theta: 350.0786980m
---
t: 1456289848.872259920
x: 348.023
y: 349.023
theta: 350.0228950m
---
t: 1456289848.872314606
x: 348.092
y: 349.092
theta: 350.0923700m
---
t: 1456289848.872344262
x: 348.098
y: 349.098
theta: 350.0981640m
---
t: 1456289849.032270793
x: 348.118
y: 349.118
theta: 350.1175050m
---
t: 1456289849.112209134
x: 348.106
y: 349.106
theta: 350.1055650m
---
t: 1456289849.112249934
x: 348.111
y: 349.111
theta: 350.1112230m
---
t: 1456289849.112285342
x: 348.066
y: 349.066
theta: 350.0658230m
---
t: 1456289849.112323044
x: 348.021
y: 349.021
theta: 350.0209690m
---
t: 1456289849.152264491
x: 348.103
y: 349.103
theta: 350.1029260m
---
t: 1456289849.152312193
x: 348.025
y: 349.025
theta: 350.0252310m
---
t: 1456289849.232259090
x: 348.068
y: 349.068
theta: 350.0680350m
---
t: 1456289849.232296887
x: 348.077
y: 349.077
theta: 350.0765430m
---
t: 1456289849.272217803
x: 348.028
y: 349.028
theta: 350.0282870m
---
t: 1456289849.272260236
x: 348.045
y: 349.045
theta: 350.0445870m
---
t: 1456289849.312263973
x: 348.059
y: 349.059
theta: 350.0588370m
---
t: 1456289849.352255837
x: 348.012
y: 349.012
theta: 350.0117190m
---
t: 1456289849.392254316
x: 348.09
y: 349.09
theta: 350.0901800m
---
t: 1456289849.432262283
x: 348.09
y: 349.09
theta: 350.0896900m
---
t: 1456289849.472278823
x: 348.043
y: 349.043
theta: 350.0434480m
---
t: 1456289849.512216894
x: 348.007
y: 349.007
theta: 350.0068280m
---
t: 1456289849.552255085
x: 348.082
y: 349.082
theta: 350.0823960m
---
t: 1456289849.552297381
x: 348.03
y: 349.03
theta: 350.0296320m
---
t: 1456289849.592461022
x: 348.033
y: 349.033
theta: 350.0333680m
---
t: 1456289849.632265393
x: 347.832
y: 348.832
theta: 349.8323160m
---
t: 1456289849.672248228
x: 348.04
y: 349.04
theta: 350.0404190m
---
t: 1456289849.792282169
x: 348.041
y: 349.041
theta: 350.0408830m
---
t: 1456289849.792332044
x: 348.045
y: 349.045
theta: 350.0452420m
---
t: 1456289849.912261322
x: 348.072
y: 349.072
theta: 350.0715860m
---
t: 1456289849.912315914
x: 348.027
y: 349.027
theta: 350.0272910m
---
t: 1456289849.912346061
x: 348.017
y: 349.017
theta: 350.0167220m
---
t: 1456289850.032218394
x: 348.043
y: 349.043
theta: 350.0431880m
---
t: 1456289850.072221430
x: 348.042
y: 349.042
theta: 350.0419920m
---
t: 1456289850.072264990
x: 348.036
y: 349.036
theta: 350.0360890m
---
t: 1456289850.112247872
x: 348.034
y: 349.034
theta: 350.0337710m
---
t: 1456289850.112289997
x: 348.039
y: 349.039
theta: 350.0386090m
---
t: 1456289850.112336494
x: 348.042
y: 349.042
theta: 350.0423520m
---
t: 1456289850.152247332
x: 347.844
y: 348.844
theta: 349.8436160m
---
t: 1456289850.232259613
x: 348.026
y: 349.026
theta: 350.0256660m
---
t: 1456289850.312253683
x: 348.03
y: 349.03
theta: 350.0299930m
---
t: 1456289850.312300484
x: 348.047
y: 349.047
theta: 350.0468530m
---
t: 1456289850.352250763
x: 348.023
y: 349.023
theta: 350.0229430m
---
t: 1456289850.352296418
x: 348.032
y: 349.032
theta: 350.0318000m
---
t: 1456289850.392220128
x: 348.039
y: 349.039
theta: 350.0385660m
---
t: 1456289850.512216783
x: 347.996
y: 348.996
theta: 349.9956710m
---
t: 1456289850.552787250
x: 347.999
y: 348.999
theta: 349.9986970m
---
t: 1456289850.552900004
x: 348.027
y: 349.027
theta: 350.0266800m
---
t: 1456289850.672276139
x: 348.035
y: 349.035
theta: 350.0350820m
---
t: 1456289850.672337331
x: 348.034
y: 349.034
theta: 350.0344850m
---
t: 1456289850.712270596
x: 348.033
y: 349.033
theta: 350.0334400m
---
t: 1456289850.752271246
x: 348.028
y: 349.028
theta: 350.0282500m
---
t: 1456289850.792474266
x: 348.042
y: 349.042
theta: 350.0416550m
---
t: 1456289850.832236435
x: 348.029
y: 349.029
theta: 350.0285460m
---
t: 1456289850.832287359
x: 348.032
y: 349.032
theta: 350.0321020m
---
t: 1456289850.872254248
x: 348.029
y: 349.029
theta: 350.0292040m
---
t: 1456289850.872300211
x: 348.028
y: 349.028
theta: 350.0275190m
---
t: 1456289850.912245799
x: 348.021
y: 349.021
theta: 350.0208550m
---
t: 1456289850.952255185
x: 348.031
y: 349.031
theta: 350.0309020m
---
t: 1456289850.992271024
x: 348.043
y: 349.043
theta: 350.0433510m
---
t: 1456289850.992327183
x: 348.031
y: 349.031
theta: 350.0313270m
---
t: 1456289851.072262898
x: 348.011
y: 349.011
theta: 350.0105360m
---
t: 1456289851.072314674
x: 348.036
y: 349.036
theta: 350.0361930m
---
t: 1456289851.192208104
x: 348.029
y: 349.029
theta: 350.0292810m
---
t: 1456289851.192245367
x: 348.035
y: 349.035
theta: 350.0346550m
---
t: 1456289851.192280672
x: 348.025
y: 349.025
theta: 350.0245750m
---
t: 1456289851.192315896
x: 348.031
y: 349.031
theta: 350.0310680m
---
t: 1456289851.192353394
x: 348.033
y: 349.033
theta: 350.0326150m
---
t: 1456289851.232261838
x: 348.03
y: 349.03
theta: 350.0300080m
---
t: 1456289851.272266865
x: 348.037
y: 349.037
theta: 350.0373720m
---
t: 1456289851.272304978
x: 348.037
y: 349.037
theta: 350.0366940m
---
t: 1456289851.352244518
x: 348.027
y: 349.027
theta: 350.0270380m
---
t: 1456289851.472281424
x: 348.043
y: 349.043
theta: 350.0431470m
---
t: 1456289851.472344296
x: 348.013
y: 349.013
theta: 350.0134920m
---
t: 1456289851.472380833
x: 348.034
y: 349.034
theta: 350.0336650m
---
t: 1456289851.512259171
x: 348.032
y: 349.032
theta: 350.0317800m
---
t: 1456289851.592255643
x: 348.033
y: 349.033
theta: 350.0328280m
---
t: 1456289851.592293513
x: 348.05
y: 349.05
theta: 350.0495640m
---
t: 1456289851.592325191
x: 348.033
y: 349.033
theta: 350.0329590m
---
t: 1456289851.752256130
x: 348.025
y: 349.025
theta: 350.0254570m
---
t: 1456289851.832260781
x: 348.007
y: 349.007
theta: 350.0065950m
---
t: 1456289851.872272720
x: 348.043
y: 349.043
theta: 350.0427190m
---
t: 1456289851.912267022
x: 348.037
y: 349.037
theta: 350.0372040m
---
t: 1456289851.992279630
x: 348.03
y: 349.03
theta: 350.0304280m
---
t: 1456289852.032268881
x: 348.025
y: 349.025
theta: 350.0245470m
---
t: 1456289852.072251120
x: 348.033
y: 349.033
theta: 350.0332630m
---
t: 1456289852.072293926
x: 348.029
y: 349.029
theta: 350.0294570m
---
t: 1456289852.152258073
x: 348.031
y: 349.031
theta: 350.0306140m
---
t: 1456289852.152304827
x: 348.066
y: 349.066
theta: 350.0655580m
---
t: 1456289852.192256556
x: 348.033
y: 349.033
theta: 350.0334760m
---
t: 1456289852.192304690
x: 348.034
y: 349.034
theta: 350.0342650m
---
t: 1456289852.272256098
x: 348.022
y: 349.022
theta: 350.0224100m
---
t: 1456289852.272302894
x: 348.009
y: 349.009
theta: 350.0093480m
---
t: 1456289852.272334287
x: 348.035
y: 349.035
theta: 350.0348040m
---
t: 1456289852.312257543
x: 348.036
y: 349.036
theta: 350.0364900m
---
t: 1456289852.352261431
x: 348.03
y: 349.03
theta: 350.0295490m
---
t: 1456289852.392257204
x: 348.029
y: 349.029
theta: 350.0288180m
---
t: 1456289852.432253978
x: 348.025
y: 349.025
theta: 350.0248790m
---
t: 1456289852.472281141
x: 348.029
y: 349.029
theta: 350.0293170m
---
t: 1456289852.512253441
x: 348.014
y: 349.014
theta: 350.0141530m
---
t: 1456289852.592247885
x: 348.028
y: 349.028
theta: 350.0280910m
---
t: 1456289852.632258265
x: 348.005
y: 349.005
theta: 350.0054830m
---
t: 1456289852.632314861
x: 347.83
y: 348.83
theta: 349.8302770m
---
t: 1456289852.632367118
x: 348.019
y: 349.019
theta: 350.0193790m
---
t: 1456289852.712245587
x: 347.853
y: 348.853
theta: 349.8526390m
---
t: 1456289852.832277013
x: 348.027
y: 349.027
theta: 350.0270440m
---
t: 1456289852.832352870
x: 348.025
y: 349.025
theta: 350.0253640m
---
t: 1456289852.872259687
x: 348.027
y: 349.027
theta: 350.0266460m
---
t: 1456289852.912253774
x: 348.036
y: 349.036
theta: 350.0358630m
---
t: 1456289852.952271974
x: 348.03
y: 349.03
theta: 350.0302400m
---
t: 1456289852.992272174
x: 347.841
y: 348.841
theta: 349.8412300m
---
t: 1456289853.032262485
x: 348.034
y: 349.034
theta: 350.0337060m
---
t: 1456289853.072242046
x: 348.036
y: 349.036
theta: 350.0359440m
---
t: 1456289853.072284272
x: 347.998
y: 348.998
theta: 349.9977450m
---
t: 1456289853.072314947
x: 348.032
y: 349.032
theta: 350.0317920m
---
t: 1456289853.112254856
x: 348.038
y: 349.038
theta: 350.0376470m
---
t: 1456289853.112302729
x: 348.034
y: 349.034
theta: 350.0340470m
---
t: 1456289853.152261934
x: 348.033
y: 349.033
theta: 350.0328170m
---
t: 1456289853.152306135
x: 347.846
y: 348.846
theta: 349.8458550m
---
t: 1456289853.192254742
x: 348.029
y: 349.029
theta: 350.0294730m
---
t: 1456289853.232249045
x: 348.03
y: 349.03
theta: 350.0301150m
---
t: 1456289853.232285162
x: 348.032
y: 349.032
theta: 350.0323610m
---
t: 1456289853.312258899
x: 348.03
y: 349.03
theta: 350.0300730m
---
t: 1456289853.312301283
x: 348.033
y: 349.033
theta: 350.0331700m
---
t: 1456289853.392250484
x: 348.033
y: 349.033
theta: 350.0326590m
---
t: 1456289853.392287171
x: 348.027
y: 349.027
theta: 350.0267300m
---
t: 1456289853.512254742
x: 348.029
y: 349.029
theta: 350.0291100m
---
t: 1456289853.512297401
x: 348.035
y: 349.035
theta: 350.0345310m
---
t: 1456289853.592263341
x: 348.034
y: 349.034
theta: 350.0339860m
---
t: 1456289853.752252229
x: 347.85
y: 348.85
theta: 349.8503600m
---
t: 1456289853.792208458
x: 348.031
y: 349.031
theta: 350.0306280m
---
t: 1456289853.792248131
x: 348.038
y: 349.038
theta: 350.0377500m
---
t: 1456289853.832246749
x: 348.031
y: 349.031
theta: 350.0310180m
---
t: 1456289853.832283777
x: 348.027
y: 349.027
theta: 350.0265780m
---
t: 1456289853.832316115
x: 348.028
y: 349.028
theta: 350.0278960m
---
t: 1456289853.872251826
x: 348.03
y: 349.03
theta: 350.0299270m
---
t: 1456289853.912245499
x: 348.02
y: 349.02
theta: 350.0201960m
---
t: 1456289853.912289892
x: 347.995
y: 348.995
theta: 349.9946260m
---
t: 1456289853.912318692
x: 348.027
y: 349.027
theta: 350.0265200m
---
t: 1456289853.952206308
x: 348.033
y: 349.033
theta: 350.0327860m
---
t: 1456289853.952252165
x: 347.85
y: 348.85
theta: 349.8503410m
---
t: 1456289853.952292264
x: 348.026
y: 349.026
theta: 350.0264520m
---
t: 1456289853.992259264
x: 348.03
y: 349.03
theta: 350.0298290m
---
t: 1456289854.072256953
x: 348.03
y: 349.03
theta: 350.0299520m
---
t: 1456289854.072294176
x: 348.023
y: 349.023
theta: 350.0229910m
---
t: 1456289854.112256031
x: 348.032
y: 349.032
theta: 350.0319930m
---
t: 1456289854.112297871
x: 348.039
y: 349.039
theta: 350.0390950m
---
t: 1456289854.112342412
x: 348.045
y: 349.045
theta: 350.0453880m
---
t: 1456289854.152245282
x: 348.032
y: 349.032
theta: 350.0318450m
---
t: 1456289854.152284098
x: 348.02
y: 349.02
theta: 350.0200920m
---
t: 1456289854.232253708
x: 348.031
y: 349.031
theta: 350.0307700m
---
t: 1456289854.272214047
x: 348.032
y: 349.032
theta: 350.0322640m
---
t: 1456289854.312249764
x: 348.035
y: 349.035
theta: 350.0352930m
---
t: 1456289854.312286697
x: 348.023
y: 349.023
theta: 350.0229410m
---
t: 1456289854.392267729
x: 348.028
y: 349.028
theta: 350.0277430m
---
t: 1456289854.392315058
x: 347.843
y: 348.843
theta: 349.8427180m
---
t: 1456289854.392345167
x: 348.022
y: 349.022
theta: 350.0222210m
---
t: 1456289854.512250498
x: 348.016
y: 349.016
theta: 350.0158270m
---
t: 1456289854.512293618
x: 347.859
y: 348.859
theta: 349.8593740m
---
t: 1456289854.592277195
x: 347.847
y: 348.847
theta: 349.8466850m
---
t: 1456289854.592343884
x: 348.036
y: 349.036
theta: 350.0363730m
---
t: 1456289854.632271340
x: 347.998
y: 348.998
theta: 349.9975410m
---
t: 1456289854.672226685
x: 347.983
y: 348.983
theta: 349.9833880m
---
t: 1456289854.672285545
x: 348.037
y: 349.037
theta: 350.0372440m
---
t: 1456289854.712245653
x: 348.032
y: 349.032
theta: 350.0319290m
---
t: 1456289854.712285290
x: 348.034
y: 349.034
theta: 350.0340570m
---
t: 1456289854.752258982
x: 348.032
y: 349.032
theta: 350.0322300m
---
t: 1456289854.752304414
x: 348.032
y: 349.032
theta: 350.0316380m
---
t: 1456289854.832226670
x: 347.831
y: 348.831
theta: 349.8307580m
---
t: 1456289854.832268733
x: 348.033
y: 349.033
theta: 350.0331020m
---
t: 1456289854.832303293
x: 348.03
y: 349.03
theta: 350.0304770m
---
t: 1456289854.832336332
x: 347.848
y: 348.848
theta: 349.8483630m
---
t: 1456289854.912266231
x: 347.836
y: 348.836
theta: 349.8355850m
---
t: 1456289854.952253758
x: 348.03
y: 349.03
theta: 350.0295690m
---
t: 1456289854.952290368
x: 348.025
y: 349.025
theta: 350.0254790m
---
t: 1456289854.992250162
x: 348.029
y: 349.029
theta: 350.0291600m
---
t: 1456289854.992297453
x: 348.033
y: 349.033
theta: 350.0331360m
---
t: 1456289854.992357186
x: 348.03
y: 349.03
theta: 350.0300890m
---
t: 1456289855.032249968
x: 348.03
y: 349.03
theta: 350.0298440m
---
t: 1456289855.032287935
x: 348.025
y: 349.025
theta: 350.0248040m
---
t: 1456289855.032313797
x: 348.028
y: 349.028
theta: 350.0279040m
---
t: 1456289855.072251580
x: 348.024
y: 349.024
theta: 350.0238820m
---
t: 1456289855.112272215
x: 348.022
y: 349.022
theta: 350.0222430m
---
t: 1456289855.192245714
x: 348.029
y: 349.029
theta: 350.0294840m
---
t: 1456289855.232248997
x: 348.027
y: 349.027
theta: 350.0268120m
---
t: 1456289855.232287142
x: 348.035
y: 349.035
theta: 350.0351330m
---
t: 1456289855.232320104
x: 348.035
y: 349.035
theta: 350.0346880m
---
t: 1456289855.272253365
x: 348.02
y: 349.02
theta: 350.0199660m
---
t: 1456289855.312243378
x: 348.03
y: 349.03
theta: 350.0300390m
---
t: 1456289855.352260923
x: 348.028
y: 349.028
theta: 350.0278110m
---
t: 1456289855.472237758
x: 348.703
y: 349.703
theta: 350.7030010m
---
t: 1456289855.472291940
x: 348.034
y: 349.034
theta: 350.0336100m
---
t: 1456289855.472331687
x: 348.762
y: 349.762
theta: 350.7617420m
---
t: 1456289855.512258486
x: 348.644
y: 349.644
theta: 350.6443710m
---
t: 1456289855.512295228
x: 348.796
y: 349.796
theta: 350.7957730m
---
t: 1456289855.552263500
x: 348.88
y: 349.88
theta: 350.8803680m
---
t: 1456289855.672223626
x: 348.796
y: 349.796
theta: 350.7957730m
---
t: 1456289855.712246644
x: 348.644
y: 349.644
theta: 350.6435710m
---
t: 1456289855.752261543
x: 348.147
y: 349.147
theta: 350.1467000m
---
t: 1456289855.752302299
x: 348.796
y: 349.796
theta: 350.7957730m
---
t: 1456289855.792256101
x: 348.145
y: 349.145
theta: 350.1448020m
---
t: 1456289855.792294702
x: 348.604
y: 349.604
theta: 350.6035740m
---
t: 1456289855.792322079
x: 348.201
y: 349.201
theta: 350.2012760m
---
t: 1456289855.832209484
x: 348.3
y: 349.3
theta: 350.2995820m
---
t: 1456289855.832255126
x: 348.712
y: 349.712
theta: 350.7116430m
---
t: 1456289855.872254886
x: 348.228
y: 349.228
theta: 350.2276210m
---
t: 1456289855.872299701
x: 348.786
y: 349.786
theta: 350.7861670m
---
t: 1456289855.872352634
x: 348.305
y: 349.305
theta: 350.3047560m
---
t: 1456289855.952255804
x: 348.305
y: 349.305
theta: 350.3047560m
---
t: 1456289855.952301716
x: 348.305
y: 349.305
theta: 350.3047560m
---
t: 1456289855.952332678
x: 348.305
y: 349.305
theta: 350.3047560m
---
t: 1456289856.032261898
x: 347.895
y: 348.895
theta: 349.8950850m
---
t: 1456289856.072224002
x: 348.115
y: 349.115
theta: 350.1152370m
---
t: 1456289856.072267150
x: 348.273
y: 349.273
theta: 350.2733030m
---
t: 1456289856.072290765
x: 348.305
y: 349.305
theta: 350.3047560m
---
t: 1456289856.072321469
x: 347.766
y: 348.766
theta: 349.7664140m
---
t: 1456289856.112247836
x: 347.793
y: 348.793
theta: 349.7932620m
---
t: 1456289856.112293750
x: 347.827
y: 348.827
theta: 349.8270240m
---
t: 1456289856.192261784
x: 347.126
y: 348.126
theta: 349.1259680m
---
t: 1456289856.272235354
x: 347.071
y: 348.071
theta: 349.0705530m
---
t: 1456289856.272280490
x: 347.071
y: 348.071
theta: 349.0705530m
---
t: 1456289856.312250138
x: 347.071
y: 348.071
theta: 349.0705530m
---
t: 1456289856.312307753
x: 346.923
y: 347.923
theta: 348.9231820m
---
t: 1456289856.352264898
x: 347.071
y: 348.071
theta: 349.0705530m
---
t: 1456289856.352310810
x: 347.087
y: 348.087
theta: 349.0869690m
---
t: 1456289856.352346442
x: 346.95
y: 347.95
theta: 348.9500070m
---
t: 1456289856.392222969
x: 346.987
y: 347.987
theta: 348.9872090m
---
t: 1456289856.432249969
x: 347.071
y: 348.071
theta: 349.0705530m
---
t: 1456289856.432300388
x: 346.808
y: 347.808
theta: 348.8084670m
---
t: 1456289856.432326573
x: 346.928
y: 347.928
theta: 348.9279210m
---
t: 1456289856.552290312
x: 346.687
y: 347.687
theta: 348.6872800m
---
t: 1456289856.552358168
x: 346.86
y: 347.86
theta: 348.8601440m
---
t: 1456289856.552394038
x: 346.478
y: 347.478
theta: 348.4783680m
---
t: 1456289856.552427184
x: 346.966
y: 347.966
theta: 348.9658640m
---
t: 1456289856.552458965
x: 346.57
y: 347.57
theta: 348.5699320m
---
t: 1456289856.592263267
x: 346.759
y: 347.759
theta: 348.7589820m
---
t: 1456289856.632272019
x: 346.302
y: 347.302
theta: 348.3023300m
---
t: 1456289856.632348537
x: 346.321
y: 347.321
theta: 348.3212830m
---
t: 1456289856.632387807
x: 346.351
y: 347.351
theta: 348.3509990m
---
t: 1456289856.632423510
x: 346.673
y: 347.673
theta: 348.6728190m
---
t: 1456289856.712227666
x: 346.038
y: 347.038
theta: 348.0382390m
---
t: 1456289856.752252325
x: 346.261
y: 347.261
theta: 348.2612070m
---
t: 1456289856.752292779
x: 346.03
y: 347.03
theta: 348.0304910m
---
t: 1456289856.792273461
x: 346.03
y: 347.03
theta: 348.0295010m
---
t: 1456289856.832255389
x: 345.962
y: 346.962
theta: 347.9622320m
---
t: 1456289856.992270747
x: 345.797
y: 346.797
theta: 347.7969340m
---
t: 1456289856.992329740
x: 345.882
y: 346.882
theta: 347.8821720m
---
t: 1456289857.032254703
x: 345.7
y: 346.7
theta: 347.6995850m
---
t: 1456289857.072224583
x: 345.643
y: 346.643
theta: 347.6432000m
---
t: 1456289857.112243201
x: 345.455
y: 346.455
theta: 347.4553700m
---
t: 1456289857.112277619
x: 345.555
y: 346.555
theta: 347.5552240m
---
t: 1456289857.112312141
x: 345.417
y: 346.417
theta: 347.4174740m
---
t: 1456289857.152272443
x: 345.425
y: 346.425
theta: 347.4246210m
---
t: 1456289857.192256756
x: 345.297
y: 346.297
theta: 347.2968160m
---
t: 1456289857.192297834
x: 345.364
y: 346.364
theta: 347.3644250m
---
t: 1456289857.232262418
x: 345.298
y: 346.298
theta: 347.2980080m
---
t: 1456289857.272275036
x: 345.178
y: 346.178
theta: 347.1776220m
---
t: 1456289857.272330518
x: 345.169
y: 346.169
theta: 347.1686320m
---
t: 1456289857.312276822
x: 345.205
y: 346.205
theta: 347.2048290m
---
t: 1456289857.392269179
x: 345.057
y: 346.057
theta: 347.0567110m
---
t: 1456289857.392309145
x: 345.076
y: 346.076
theta: 347.0756750m
---
t: 1456289857.432260559
x: 345.107
y: 346.107
theta: 347.1073800m
---
t: 1456289857.432300898
x: 345.011
y: 346.011
theta: 347.0112550m
---
t: 1456289857.472280529
x: 344.933
y: 345.933
theta: 346.9329180m
---
t: 1456289857.472336038
x: 344.914
y: 345.914
theta: 346.9138510m
---
t: 1456289857.632256838
x: 344.718
y: 345.718
theta: 346.7175780m
---
t: 1456289857.672283850
x: 344.77
y: 345.77
theta: 346.7701340m
---
t: 1456289857.712251160
x: 344.611
y: 345.611
theta: 346.6110950m
---
t: 1456289857.712306680
x: 344.49
y: 345.49
theta: 346.4899550m
---
t: 1456289857.712345878
x: 344.436
y: 345.436
theta: 346.4363630m
---
t: 1456289857.712385267
x: 344.554
y: 345.554
theta: 346.5536650m
---
t: 1456289857.912249045
x: 344.307
y: 345.307
theta: 346.3074740m
---
t: 1456289857.912292921
x: 344.171
y: 345.171
theta: 346.1710260m
---
t: 1456289857.912330085
x: 344.462
y: 345.462
theta: 346.4621670m
---
t: 1456289857.912367456
x: 344.227
y: 345.227
theta: 346.2272560m
---
t: 1456289857.912405109
x: 344.119
y: 345.119
theta: 346.1188150m
---
t: 1456289857.912469742
x: 344.256
y: 345.256
theta: 346.2557440m
---
t: 1456289857.952267555
x: 344.036
y: 345.036
theta: 346.0358420m
---
t: 1456289858.152276179
x: 343.865
y: 344.865
theta: 345.8650810m
---
t: 1456289858.152317293
x: 343.957
y: 344.957
theta: 345.9569220m
---
t: 1456289858.232590889
x: 343.664
y: 344.664
theta: 345.6643270m
---
t: 1456289858.312233582
x: 343.721
y: 344.721
theta: 345.7214870m
---
t: 1456289858.312274445
x: 343.832
y: 344.832
theta: 345.8322200m
---
t: 1456289858.352278752
x: 343.846
y: 344.846
theta: 345.8459380m
---
t: 1456289858.432260352
x: 343.538
y: 344.538
theta: 345.5375430m
---
t: 1456289858.432307998
x: 343.588
y: 344.588
theta: 345.5883490m
---
t: 1456289858.512268504
x: 343.588
y: 344.588
theta: 345.5883490m
---
t: 1456289858.552301239
x: 344.083
y: 345.083
theta: 346.0827010m
---
t: 1456289858.552363418
x: 343.811
y: 344.811
theta: 345.8105510m
---
t: 1456289858.552397162
x: 344.287
y: 345.287
theta: 346.2873580m
---
t: 1456289858.712279597
x: 343.881
y: 344.881
theta: 345.8808700m
---
t: 1456289858.752293813
x: 343.875
y: 344.875
theta: 345.8753200m
---
t: 1456289858.832256109
x: 343.686
y: 344.686
theta: 345.6862200m
---
t: 1456289858.832300604
x: 343.686
y: 344.686
theta: 345.6862200m
---
t: 1456289858.832320633
x: 343.659
y: 344.659
theta: 345.6592610m
---
t: 1456289858.832346024
x: 343.821
y: 344.821
theta: 345.8208730m
---
t: 1456289858.872204865
x: 343.686
y: 344.686
theta: 345.6862200m
---
t: 1456289858.872238876
x: 343.686
y: 344.686
theta: 345.6862200m
---
t: 1456289858.952244389
x: 343.686
y: 344.686
theta: 345.6862200m
---
t: 1456289859.032281397
x: 343.686
y: 344.686
theta: 345.6862200m
---
t: 1456289859.032329371
x: 343.686
y: 344.686
theta: 345.6862200m
---
t: 1456289859.072264721
x: 343.686
y: 344.686
theta: 345.6862200m
---
t: 1456289859.072308251
x: 343.686
y: 344.686
theta: 345.6862200m
---
t: 1456289859.112254022
x: 343.686
y: 344.686
theta: 345.6862200m
---
t: 1456289859.112300283
x: 342.508
y: 343.508
theta: 344.5075670m
---
t: 1456289859.152273020
x: 342.508
y: 343.508
theta: 344.5075670m
---
t: 1456289859.192213501
x: 342.645
y: 343.645
theta: 344.6448560m
---
t: 1456289859.232266098
x: 342.481
y: 343.481
theta: 344.4813500m
---
t: 1456289859.232313847
x: 342.605
y: 343.605
theta: 344.6051830m
---
t: 1456289859.232349339
x: 342.633
y: 343.633
theta: 344.6332060m
---
t: 1456289859.232384945
x: 342.465
y: 343.465
theta: 344.4646060m
---
t: 1456289859.272243528
x: 342.624
y: 343.624
theta: 344.6235450m
---
t: 1456289859.312238967
x: 342.752
y: 343.752
theta: 344.7521890m
---
t: 1456289859.312276628
x: 342.715
y: 343.715
theta: 344.7150880m
---
t: 1456289859.352211984
x: 342.586
y: 343.586
theta: 344.5864650m
---
t: 1456289859.432256197
x: 342.544
y: 343.544
theta: 344.5440310m
---
t: 1456289859.512262068
x: 342.548
y: 343.548
theta: 344.5481020m
---
t: 1456289859.552283348
x: 342.561
y: 343.561
theta: 344.5612700m
---
t: 1456289859.592260869
x: 342.565
y: 343.565
theta: 344.5645530m
---
t: 1456289859.592304222
x: 342.563
y: 343.563
theta: 344.5628980m
---
t: 1456289859.672251776
x: 342.575
y: 343.575
theta: 344.5748940m
---
t: 1456289859.752255737
x: 342.549
y: 343.549
theta: 344.5490500m
---
t: 1456289859.752323971
x: 342.572
y: 343.572
theta: 344.5721320m
---
t: 1456289859.792273055
x: 342.579
y: 343.579
theta: 344.5793570m
---
t: 1456289859.832204923
x: 342.577
y: 343.577
theta: 344.5771430m
---
t: 1456289859.832240949
x: 342.549
y: 343.549
theta: 344.5489470m
---
t: 1456289859.872263652
x: 342.567
y: 343.567
theta: 344.5670780m
---
t: 1456289859.872310826
x: 342.571
y: 343.571
theta: 344.5705740m
---
t: 1456289859.912215087
x: 342.713
y: 343.713
theta: 344.7127500m
---
t: 1456289859.952266148
x: 342.585
y: 343.585
theta: 344.5849610m
---
t: 1456289860.032230329
x: 342.589
y: 343.589
theta: 344.5885900m
---
t: 1456289860.032271983
x: 342.571
y: 343.571
theta: 344.5713620m
---
t: 1456289860.032301797
x: 342.594
y: 343.594
theta: 344.5944110m
---
t: 1456289860.112252863
x: 342.576
y: 343.576
theta: 344.5759950m
---
t: 1456289860.112296344
x: 342.578
y: 343.578
theta: 344.5777690m
---
t: 1456289860.112323645
x: 342.565
y: 343.565
theta: 344.5646780m
---
t: 1456289860.152263323
x: 342.579
y: 343.579
theta: 344.5789300m
---
t: 1456289860.152316629
x: 342.579
y: 343.579
theta: 344.5794360m
---
t: 1456289860.152352845
x: 342.563
y: 343.563
theta: 344.5632760m
---
t: 1456289860.312255768
x: 342.579
y: 343.579
theta: 344.5793650m
---
t: 1456289860.312302584
x: 342.55
y: 343.55
theta: 344.5503550m
---
t: 1456289860.352278075
x: 342.586
y: 343.586
theta: 344.5860440m
---
t: 1456289860.392247585
x: 342.568
y: 343.568
theta: 344.5681670m
---
t: 1456289860.432254658
x: 342.588
y: 343.588
theta: 344.5881960m
---
t: 1456289860.472254890
x: 342.696
y: 343.696
theta: 344.6958610m
---
t: 1456289860.512226290
x: 342.733
y: 343.733
theta: 344.7331020m
---
t: 1456289860.552296327
x: 342.72
y: 343.72
theta: 344.7201880m
---
t: 1456289860.552360893
x: 342.699
y: 343.699
theta: 344.6990170m
---
t: 1456289860.672260560
x: 342.585
y: 343.585
theta: 344.5849520m
---
t: 1456289860.672340494
x: 342.593
y: 343.593
theta: 344.5928420m
---
t: 1456289860.672402849
x: 342.573
y: 343.573
theta: 344.5733620m
---
t: 1456289860.832261571
x: 342.562
y: 343.562
theta: 344.5622430m
---
t: 1456289860.832310338
x: 342.569
y: 343.569
theta: 344.5693200m
---
t: 1456289860.872225249
x: 342.579
y: 343.579
theta: 344.5793670m
---
t: 1456289860.912276000
x: 342.587
y: 343.587
theta: 344.5871450m
---
t: 1456289860.952261132
x: 342.664
y: 343.664
theta: 344.6642350m
---
t: 1456289860.952310872
x: 342.669
y: 343.669
theta: 344.6693370m
---
t: 1456289860.992262372
x: 342.707
y: 343.707
theta: 344.7070900m
---
t: 1456289860.992339158
x: 342.711
y: 343.711
theta: 344.7112100m
---
t: 1456289860.992370800
x: 342.713
y: 343.713
theta: 344.7128560m
---
t: 1456289861.032263240
x: 342.714
y: 343.714
theta: 344.7144790m
---
t: 1456289861.072250885
x: 342.703
y: 343.703
theta: 344.7032840m
---
t: 1456289861.112263556
x: 342.593
y: 343.593
theta: 344.5926880m
---
t: 1456289861.192261231
x: 342.566
y: 343.566
theta: 344.5663320m
---
t: 1456289861.232269386
x: 342.578
y: 343.578
theta: 344.5778560m
---
t: 1456289861.272267228
x: 342.585
y: 343.585
theta: 344.5849940m
---
t: 1456289861.352266635
x: 342.582
y: 343.582
theta: 344.5819680m
---
t: 1456289861.352308591
x: 342.606
y: 343.606
theta: 344.6057220m
---
t: 1456289861.392251745
x: 342.587
y: 343.587
theta: 344.5872360m
---
t: 1456289861.472282473
x: 342.593
y: 343.593
theta: 344.5933500m
---
t: 1456289861.472344104
x: 342.68
y: 343.68
theta: 344.6795650m
---
t: 1456289861.472381099
x: 342.695
y: 343.695
theta: 344.6951620m
---
t: 1456289861.512287462
x: 342.601
y: 343.601
theta: 344.6010450m
---
t: 1456289861.552261644
x: 342.587
y: 343.587
theta: 344.5867860m
---
t: 1456289861.552310768
x: 342.585
y: 343.585
theta: 344.5850770m
---
t: 1456289861.592254911
x: 342.561
y: 343.561
theta: 344.5605230m
---
t: 1456289861.672293112
x: 342.58
y: 343.58
theta: 344.5804380m
---
t: 1456289861.752251277
x: 342.593
y: 343.593
theta: 344.5927000m
---
t: 1456289861.752299270
x: 342.576
y: 343.576
theta: 344.5762100m
---
t: 1456289861.832256056
x: 342.588
y: 343.588
theta: 344.5876670m
---
t: 1456289861.832303108
x: 342.578
y: 343.578
theta: 344.5780480m
---
t: 1456289861.912258673
x: 342.588
y: 343.588
theta: 344.5882530m
---
t: 1456289861.952267098
x: 342.572
y: 343.572
theta: 344.5722730m
---
t: 1456289861.992279652
x: 342.639
y: 343.639
theta: 344.6391110m
---
t: 1456289862.032256353
x: 342.584
y: 343.584
theta: 344.5838400m
---
t: 1456289862.032302707
x: 342.576
y: 343.576
theta: 344.5761720m
---
t: 1456289862.072258307
x: 342.582
y: 343.582
theta: 344.5822610m
---
t: 1456289862.112211811
x: 342.572
y: 343.572
theta: 344.5715160m
---
t: 1456289862.152249913
x: 342.575
y: 343.575
theta: 344.5746050m
---
t: 1456289862.272245546
x: 342.586
y: 343.586
theta: 344.5861370m
---
t: 1456289862.312253467
x: 342.584
y: 343.584
theta: 344.5837120m
---
t: 1456289862.312302114
x: 342.565
y: 343.565
theta: 344.5650900m
---
t: 1456289862.312332780
x: 342.6
y: 343.6
theta: 344.6003240m
---
t: 1456289862.352210842
x: 342.585
y: 343.585
theta: 344.5848960m
---
t: 1456289862.352257191
x: 342.584
y: 343.584
theta: 344.5840500m
---
t: 1456289862.352287896
x: 342.578
y: 343.578
theta: 344.5784940m
---
t: 1456289862.432249972
x: 342.589
y: 343.589
theta: 344.5889960m
---
t: 1456289862.512261303
x: 342.586
y: 343.586
theta: 344.5859430m
---
t: 1456289862.512310723
x: 342.58
y: 343.58
theta: 344.5801330m
---
t: 1456289862.592294755
x: 342.577
y: 343.577
theta: 344.5768060m
---
t: 1456289862.632265161
x: 342.582
y: 343.582
theta: 344.5820850m
---
t: 1456289862.632324006
x: 342.585
y: 343.585
theta: 344.5853570m
---
t: 1456289862.632361771
x: 342.578
y: 343.578
theta: 344.5779380m
---
t: 1456289862.672277748
x: 342.573
y: 343.573
theta: 344.5731960m
---
t: 1456289862.712261776
x: 342.597
y: 343.597
theta: 344.5973940m
---
t: 1456289862.752238670
x: 342.573
y: 343.573
theta: 344.5727260m
---
t: 1456289862.792258155
x: 342.575
y: 343.575
theta: 344.5752440m
---
t: 1456289862.792314844
x: 342.59
y: 343.59
theta: 344.5900680m
---
t: 1456289862.832251966
x: 342.584
y: 343.584
theta: 344.5842950m
---
t: 1456289862.832292932
x: 342.586
y: 343.586
theta: 344.5861130m
---
t: 1456289862.952225711
x: 342.586
y: 343.586
theta: 344.5862520m
---
t: 1456289862.952269275
x: 342.575
y: 343.575
theta: 344.5747730m
---
t: 1456289862.992274555
x: 342.59
y: 343.59
theta: 344.5903340m
---
t: 1456289862.992331402
x: 342.571
y: 343.571
theta: 344.5706210m
---
t: 1456289862.992369540
x: 342.582
y: 343.582
theta: 344.5821690m
---
t: 1456289862.992404868
x: 342.596
y: 343.596
theta: 344.5957020m
---
t: 1456289863.032259526
x: 342.573
y: 343.573
theta: 344.5728560m
---
t: 1456289863.112442002
x: 342.588
y: 343.588
theta: 344.5875370m
---
t: 1456289863.112591951
x: 342.581
y: 343.581
theta: 344.5811480m
---
t: 1456289863.152238701
x: 342.588
y: 343.588
theta: 344.5880020m
---
t: 1456289863.192265378
x: 342.578
y: 343.578
theta: 344.5783090m
---
t: 1456289863.192306928
x: 342.575
y: 343.575
theta: 344.5753330m
---
t: 1456289863.232220474
x: 342.578
y: 343.578
theta: 344.5775580m
---
t: 1456289863.232264481
x: 342.589
y: 343.589
theta: 344.5886860m
---
t: 1456289863.312261189
x: 342.599
y: 343.599
theta: 344.5985410m
---
t: 1456289863.312311096
x: 342.586
y: 343.586
theta: 344.5861970m
---
t: 1456289863.352282484
x: 342.588
y: 343.588
theta: 344.5884240m
---
t: 1456289863.392214951
x: 342.576
y: 343.576
theta: 344.5759440m
---
t: 1456289863.432261094
x: 342.584
y: 343.584
theta: 344.5838450m
---
t: 1456289863.432308287
x: 342.585
y: 343.585
theta: 344.5849450m
---
t: 1456289863.432343885
x: 342.58
y: 343.58
theta: 344.5804470m
---
t: 1456289863.512232529
x: 342.586
y: 343.586
theta: 344.5856710m
---
t: 1456289863.592219665
x: 342.575
y: 343.575
theta: 344.5747750m
---
t: 1456289863.712257021
x: 342.584
y: 343.584
theta: 344.5838430m
---
t: 1456289863.712299652
x: 342.583
y: 343.583
theta: 344.5834310m
---
t: 1456289863.752223533
x: 342.581
y: 343.581
theta: 344.5811480m
---
t: 1456289863.792284218
x: 342.58
y: 343.58
theta: 344.5802170m
---
t: 1456289863.832247637
x: 342.586
y: 343.586
theta: 344.5856570m
---
t: 1456289863.872230685
x: 342.582
y: 343.582
theta: 344.5821050m
---
t: 1456289863.872277272
x: 342.576
y: 343.576
theta: 344.5763510m
---
t: 1456289863.872311233
x: 342.59
y: 343.59
theta: 344.5897640m
---
t: 1456289863.872343759
x: 342.549
y: 343.549
theta: 344.5487770m
---
t: 1456289863.912260078
x: 342.577
y: 343.577
theta: 344.5766440m
---
t: 1456289863.952220677
x: 342.584
y: 343.584
theta: 344.5836290m
---
t: 1456289864.072235200
x: 342.574
y: 343.574
theta: 344.5736820m
---
t: 1456289864.192217821
x: 342.593
y: 343.593
theta: 344.5927930m
---
t: 1456289864.232254242
x: 342.589
y: 343.589
theta: 344.5886240m
---
t: 1456289864.232310595
x: 342.59
y: 343.59
theta: 344.5897120m
---
t: 1456289864.312243930
x: 342.58
y: 343.58
theta: 344.5796300m
---
t: 1456289864.312283628
x: 342.576
y: 343.576
theta: 344.5764320m
---
t: 1456289864.432266799
x: 342.587
y: 343.587
theta: 344.5867370m
---
t: 1456289864.432314459
x: 342.565
y: 343.565
theta: 344.5651770m
---
t: 1456289864.472274862
x: 342.585
y: 343.585
theta: 344.5852770m
---
t: 1456289864.472326281
x: 342.583
y: 343.583
theta: 344.5829380m
---
t: 1456289864.472361892
x: 342.58
y: 343.58
theta: 344.5801400m
---
t: 1456289864.552300080
x: 342.58
y: 343.58
theta: 344.5802760m
---
t: 1456289864.592255573
x: 342.564
y: 343.564
theta: 344.5635510m
---
t: 1456289864.832256431
x: 342.585
y: 343.585
theta: 344.5846100m
---
t: 1456289864.832303987
x: 342.578
y: 343.578
theta: 344.5775770m
---
t: 1456289864.872269008
x: 342.576
y: 343.576
theta: 344.5760020m
---
t: 1456289864.952259363
x: 342.589
y: 343.589
theta: 344.5889180m
---
t: 1456289864.952307902
x: 342.588
y: 343.588
theta: 344.5883190m
---
t: 1456289864.992255292
x: 342.566
y: 343.566
theta: 344.5661830m
---
t: 1456289864.992305646
x: 342.595
y: 343.595
theta: 344.5953500m
---
t: 1456289865.032258329
x: 342.579
y: 343.579
theta: 344.5789700m
---
t: 1456289865.072255672
x: 342.589
y: 343.589
theta: 344.5892090m
---
t: 1456289865.112249593
x: 342.597
y: 343.597
theta: 344.5968710m
---
t: 1456289865.152271578
x: 342.581
y: 343.581
theta: 344.5806790m
---
t: 1456289865.192245900
x: 342.581
y: 343.581
theta: 344.5809830m
---
t: 1456289865.232220141
x: 342.594
y: 343.594
theta: 344.5937520m
---
t: 1456289865.272216162
x: 342.576
y: 343.576
theta: 344.5762400m
---
t: 1456289865.272259985
x: 342.578
y: 343.578
theta: 344.5775620m
---
t: 1456289865.312256933
x: 342.575
y: 343.575
theta: 344.5752460m
---
t: 1456289865.392262426
x: 342.6
y: 343.6
theta: 344.5998150m
---
t: 1456289865.392310679
x: 342.592
y: 343.592
theta: 344.5919280m
---
t: 1456289865.432256056
x: 342.58
y: 343.58
theta: 344.5795090m
---
t: 1456289865.432297501
x: 342.594
y: 343.594
theta: 344.5942540m
---
t: 1456289865.472282736
x: 342.587
y: 343.587
theta: 344.5874240m
---
t: 1456289865.512259341
x: 342.585
y: 343.585
theta: 344.5853690m
---
t: 1456289865.552269896
x: 342.584
y: 343.584
theta: 344.5839350m
---
t: 1456289865.632261462
x: 342.603
y: 343.603
theta: 344.6034820m
---
t: 1456289865.712249607
x: 342.582
y: 343.582
theta: 344.5823650m
---
t: 1456289865.712290873
x: 342.588
y: 343.588
theta: 344.5883300m
---
t: 1456289865.712318944
x: 342.589
y: 343.589
theta: 344.5888530m
---
t: 1456289865.712349737
x: 342.586
y: 343.586
theta: 344.5860910m
---
t: 1456289865.752265005
x: 342.59
y: 343.59
theta: 344.5899270m
---
t: 1456289865.832223694
x: 342.58
y: 343.58
theta: 344.5799810m
---
t: 1456289865.832273219
x: 342.596
y: 343.596
theta: 344.5961540m
---
t: 1456289865.872273316
x: 342.58
y: 343.58
theta: 344.5798550m
---
t: 1456289865.912220662
x: 342.586
y: 343.586
theta: 344.5864240m
---
t: 1456289865.912270103
x: 342.588
y: 343.588
theta: 344.5882760m
---
t: 1456289865.912306768
x: 342.583
y: 343.583
theta: 344.5827280m
---
t: 1456289865.952225948
x: 342.571
y: 343.571
theta: 344.5706550m
---
t: 1456289865.992262271
x: 342.577
y: 343.577
theta: 344.5770080m
---
t: 1456289866.032265010
x: 342.567
y: 343.567
theta: 344.5667910m
---
t: 1456289866.032306284
x: 342.581
y: 343.581
theta: 344.5810180m
---
t: 1456289866.032342163
x: 342.58
y: 343.58
theta: 344.5802770m
---
t: 1456289866.032380013
x: 342.581
y: 343.581
theta: 344.5814390m
---
t: 1456289866.112262696
x: 342.57
y: 343.57
theta: 344.5702840m
---
t: 1456289866.112341381
x: 342.597
y: 343.597
theta: 344.5965230m
---
t: 1456289866.152224544
x: 342.577
y: 343.577
theta: 344.5767760m
---
t: 1456289866.152283466
x: 342.594
y: 343.594
theta: 344.5935850m
---
t: 1456289866.152314451
x: 342.6
y: 343.6
theta: 344.6002420m
---
t: 1456289866.232254863
x: 342.572
y: 343.572
theta: 344.5715890m
---
t: 1456289866.312252696
x: 342.596
y: 343.596
theta: 344.5960290m
---
t: 1456289866.352254156
x: 342.58
y: 343.58
theta: 344.5796330m
---
t: 1456289866.352295413
x: 342.59
y: 343.59
theta: 344.5896940m
---
t: 1456289866.352343419
x: 342.584
y: 343.584
theta: 344.5844670m
---
t: 1456289866.392249239
x: 342.584
y: 343.584
theta: 344.5839940m
---
t: 1456289866.472271957
x: 342.589
y: 343.589
theta: 344.5885570m
---
t: 1456289866.552340251
x: 342.582
y: 343.582
theta: 344.5817050m
---
t: 1456289866.552448951
x: 342.564
y: 343.564
theta: 344.5635730m
---
t: 1456289866.592238053
x: 342.578
y: 343.578
theta: 344.5783300m
---
t: 1456289866.592288354
x: 342.585
y: 343.585
theta: 344.5850620m
---
t: 1456289866.632276664
x: 342.577
y: 343.577
theta: 344.5774890m
---
t: 1456289866.792266986
x: 342.591
y: 343.591
theta: 344.5910330m
---
t: 1456289866.792311137
x: 342.581
y: 343.581
theta: 344.5810890m
---
t: 1456289866.872250247
x: 342.588
y: 343.588
theta: 344.5881840m
---
t: 1456289866.912254362
x: 342.589
y: 343.589
theta: 344.5886670m
---
t: 1456289866.912298751
x: 342.593
y: 343.593
theta: 344.5932110m
---
t: 1456289866.992270422
x: 342.583
y: 343.583
theta: 344.5826970m
---
t: 1456289867.032261855
x: 342.588
y: 343.588
theta: 344.5883220m
---
t: 1456289867.072262587
x: 342.591
y: 343.591
theta: 344.5906800m
---
t: 1456289867.152262445
x: 342.587
y: 343.587
theta: 344.5870470m
---
t: 1456289867.192248977
x: 342.594
y: 343.594
theta: 344.5944410m
---
t: 1456289867.192287002
x: 342.575
y: 343.575
theta: 344.5749850m
---
t: 1456289867.232258664
x: 342.588
y: 343.588
theta: 344.5882210m
---
t: 1456289867.272209483
x: 342.586
y: 343.586
theta: 344.5857380m
---
t: 1456289867.272256189
x: 342.574
y: 343.574
theta: 344.5735410m
---
t: 1456289867.352220378
x: 342.574
y: 343.574
theta: 344.5742570m
---
t: 1456289867.352258060
x: 342.59
y: 343.59
theta: 344.5898690m
---
t: 1456289867.432244771
x: 342.58
y: 343.58
theta: 344.5797620m
---
t: 1456289867.472281988
x: 342.57
y: 343.57
theta: 344.5699720m
---
t: 1456289867.592271721
x: 342.596
y: 343.596
theta: 344.5961080m
---
t: 1456289867.592311495
x: 342.6
y: 343.6
theta: 344.6001860m
---
t: 1456289867.752240565
x: 342.582
y: 343.582
theta: 344.5817760m
---
t: 1456289867.752283422
x: 342.575
y: 343.575
theta: 344.5752240m
---
t: 1456289867.832231073
x: 342.59
y: 343.59
theta: 344.5897150m
---
t: 1456289867.872285795
x: 342.583
y: 343.583
theta: 344.5831670m
---
t: 1456289867.912253548
x: 342.59
y: 343.59
theta: 344.5896680m
---
t: 1456289867.912290376
x: 342.592
y: 343.592
theta: 344.5919050m
---
t: 1456289867.952197904
x: 342.589
y: 343.589
theta: 344.5893060m
---
t: 1456289867.952239345
x: 342.588
y: 343.588
theta: 344.5884430m
---
t: 1456289867.992268053
x: 342.596
y: 343.596
theta: 344.5956060m
---
t: 1456289868.032266548
x: 342.583
y: 343.583
theta: 344.5830630m
---
t: 1456289868.072246601
x: 342.589
y: 343.589
theta: 344.5886050m
---
t: 1456289868.072284636
x: 342.592
y: 343.592
theta: 344.5917430m
---
t: 1456289868.112250767
x: 342.597
y: 343.597
theta: 344.5972880m
---
t: 1456289868.112299082
x: 342.582
y: 343.582
theta: 344.5815460m
---
t: 1456289868.112326132
x: 342.57
y: 343.57
theta: 344.5695390m
---
t: 1456289868.192248361
x: 342.596
y: 343.596
theta: 344.5956200m
---
t: 1456289868.192293984
x: 342.585
y: 343.585
theta: 344.5847230m
---
t: 1456289868.312258553
x: 342.582
y: 343.582
theta: 344.5824470m
---
t: 1456289868.312299475
x: 342.592
y: 343.592
theta: 344.5918970m
---
t: 1456289868.352256538
x: 342.591
y: 343.591
theta: 344.5908480m
---
t: 1456289868.392247446
x: 342.59
y: 343.59
theta: 344.5895130m
---
t: 1456289868.432254048
x: 342.582
y: 343.582
theta: 344.5816030m
---
t: 1456289868.512262611
x: 342.591
y: 343.591
theta: 344.5906910m
---
t: 1456289868.552252679
x: 342.577
y: 343.577
theta: 344.5768340m
---
t: 1456289868.592270486
x: 342.585
y: 343.585
theta: 344.5845190m
---
t: 1456289868.632245358
x: 342.609
y: 343.609
theta: 344.6092270m
---
t: 1456289868.672289915
x: 342.598
y: 343.598
theta: 344.5983410m
---
t: 1456289868.792254159
x: 342.587
y: 343.587
theta: 344.5872050m
---
t: 1456289868.832265822
x: 342.567
y: 343.567
theta: 344.5672480m
---
t: 1456289868.872252492
x: 342.583
y: 343.583
theta: 344.5834450m
---
t: 1456289868.952244763
x: 342.591
y: 343.591
theta: 344.5906410m
---
t: 1456289868.952293505
x: 342.59
y: 343.59
theta: 344.5902850m
---
t: 1456289868.952345652
x: 342.577
y: 343.577
theta: 344.5770120m
---
t: 1456289868.992549475
x: 342.582
y: 343.582
theta: 344.5821000m
---
t: 1456289868.992608523
x: 342.59
y: 343.59
theta: 344.5900510m
---
t: 1456289868.992644420
x: 342.579
y: 343.579
theta: 344.5793780m
---
t: 1456289869.032247020
x: 342.59
y: 343.59
theta: 344.5902450m
---
t: 1456289869.072264594
x: 342.594
y: 343.594
theta: 344.5938800m
---
t: 1456289869.072318118
x: 342.594
y: 343.594
theta: 344.5940630m
---
t: 1456289869.112246255
x: 342.587
y: 343.587
theta: 344.5867950m
---
t: 1456289869.112282382
x: 342.608
y: 343.608
theta: 344.6075620m
---
t: 1456289869.112319650
x: 342.582
y: 343.582
theta: 344.5822840m
---
t: 1456289869.112359109
x: 342.579
y: 343.579
theta: 344.5786630m
---
t: 1456289869.152268692
x: 342.576
y: 343.576
theta: 344.5760760m
---
t: 1456289869.352251526
x: 342.585
y: 343.585
theta: 344.5851810m
---
t: 1456289869.352301279
x: 342.58
y: 343.58
theta: 344.5804690m
---
t: 1456289869.392246535
x: 342.583
y: 343.583
theta: 344.5829820m
---
t: 1456289869.392284973
x: 342.58
y: 343.58
theta: 344.5800420m
---
t: 1456289869.432259285
x: 342.595
y: 343.595
theta: 344.5950090m
---
t: 1456289869.472272186
x: 342.589
y: 343.589
theta: 344.5894820m
---
t: 1456289869.512222363
x: 342.573
y: 343.573
theta: 344.5733870m
---
t: 1456289869.632274285
x: 342.568
y: 343.568
theta: 344.5683260m
---
t: 1456289869.672266951
x: 342.589
y: 343.589
theta: 344.5888640m
---
t: 1456289869.712241080
x: 342.578
y: 343.578
theta: 344.5776920m
---
t: 1456289869.832260401
x: 342.582
y: 343.582
theta: 344.5819700m
---
t: 1456289869.872264971
x: 342.598
y: 343.598
theta: 344.5976080m
---
t: 1456289870.032269468
x: 342.583
y: 343.583
theta: 344.5825950m
---
t: 1456289870.072267431
x: 342.583
y: 343.583
theta: 344.5827770m
---
t: 1456289870.112260552
x: 342.59
y: 343.59
theta: 344.5899440m
---
t: 1456289870.152255887
x: 342.588
y: 343.588
theta: 344.5876700m
---
t: 1456289870.152293645
x: 342.583
y: 343.583
theta: 344.5827280m
---
t: 1456289870.312268277
x: 342.566
y: 343.566
theta: 344.5662020m
---
t: 1456289870.352246908
x: 342.583
y: 343.583
theta: 344.5829970m
---
t: 1456289870.352288657
x: 342.588
y: 343.588
theta: 344.5881420m
---
t: 1456289870.392271151
x: 342.59
y: 343.59
theta: 344.5899800m
---
t: 1456289870.512213072
x: 342.596
y: 343.596
theta: 344.5959260m
---
t: 1456289870.552299900
x: 342.589
y: 343.589
theta: 344.5892800m
---
t: 1456289870.632273179
x: 342.581
y: 343.581
theta: 344.5812640m
---
t: 1456289870.672285669
x: 342.588
y: 343.588
theta: 344.5878080m
---
t: 1456289870.752270153
x: 342.591
y: 343.591
theta: 344.5905090m
---
t: 1456289870.792267093
x: 342.584
y: 343.584
theta: 344.5843280m
---
t: 1456289870.912276048
x: 342.591
y: 343.591
theta: 344.5910670m
---
t: 1456289870.952236831
x: 342.553
y: 343.553
theta: 344.5530080m
---
t: 1456289870.992270771
x: 342.588
y: 343.588
theta: 344.5879920m
---
t: 1456289870.992324140
x: 342.59
y: 343.59
theta: 344.5902940m
---
t: 1456289871.072237863
x: 342.559
y: 343.559
theta: 344.5587550m
---
t: 1456289871.112262972
x: 342.581
y: 343.581
theta: 344.5805700m
---
t: 1456289871.112301201
x: 342.578
y: 343.578
theta: 344.5779390m
---
t: 1456289871.152246570
x: 342.566
y: 343.566
theta: 344.5657680m
---
t: 1456289871.152287565
x: 342.592
y: 343.592
theta: 344.5915230m
---
t: 1456289871.192263172
x: 342.598
y: 343.598
theta: 344.5984050m
---
t: 1456289871.232223567
x: 342.581
y: 343.581
theta: 344.5813420m
---
t: 1456289871.272264744
x: 342.578
y: 343.578
theta: 344.5784720m
---
t: 1456289871.312225766
x: 342.583
y: 343.583
theta: 344.5828540m
---
t: 1456289871.312295214
x: 342.579
y: 343.579
theta: 344.5787460m
---
t: 1456289871.432464371
x: 342.592
y: 343.592
theta: 344.5919780m
---
t: 1456289871.432670874
x: 342.588
y: 343.588
theta: 344.5877530m
---
t: 1456289871.472345638
x: 342.585
y: 343.585
theta: 344.5848720m
---
t: 1456289871.632268158
x: 342.589
y: 343.589
theta: 344.5891730m
---
t: 1456289871.712265455
x: 342.586
y: 343.586
theta: 344.5862900m
---
t: 1456289871.712314385
x: 342.606
y: 343.606
theta: 344.6060820m
---
t: 1456289871.752265681
x: 342.596
y: 343.596
theta: 344.5957120m
---
t: 1456289871.792428533
x: 342.582
y: 343.582
theta: 344.5824200m
---
t: 1456289871.832272300
x: 342.58
y: 343.58
theta: 344.5795760m
---
t: 1456289871.832322464
x: 342.592
y: 343.592
theta: 344.5922880m
---
t: 1456289871.912453972
x: 342.592
y: 343.592
theta: 344.5919390m
---
t: 1456289871.992268223
x: 342.581
y: 343.581
theta: 344.5806360m
---
t: 1456289872.032271720
x: 342.592
y: 343.592
theta: 344.5921640m
---
t: 1456289872.112259993
x: 342.59
y: 343.59
theta: 344.5896080m
---
t: 1456289872.152501455
x: 342.598
y: 343.598
theta: 344.5982190m
---
t: 1456289872.152680475
x: 342.58
y: 343.58
theta: 344.5804500m
---
t: 1456289872.192285836
x: 342.576
y: 343.576
theta: 344.5755350m
---
t: 1456289872.192339702
x: 342.592
y: 343.592
theta: 344.5921760m
---
t: 1456289872.192369043
x: 342.593
y: 343.593
theta: 344.5934620m
---
t: 1456289872.232262749
x: 342.591
y: 343.591
theta: 344.5911640m
---
t: 1456289872.232303614
x: 342.591
y: 343.591
theta: 344.5914080m
---
t: 1456289872.272268715
x: 342.59
y: 343.59
theta: 344.5898230m
---
t: 1456289872.312262891
x: 342.571
y: 343.571
theta: 344.5706260m
---
t: 1456289872.312316129
x: 342.602
y: 343.602
theta: 344.6024210m
---
t: 1456289872.352263346
x: 342.579
y: 343.579
theta: 344.5786480m
---
t: 1456289872.392243863
x: 342.592
y: 343.592
theta: 344.5924880m
---
t: 1456289872.392286969
x: 342.581
y: 343.581
theta: 344.5811580m
---
t: 1456289872.432264009
x: 342.593
y: 343.593
theta: 344.5929550m
---
t: 1456289872.472290512
x: 342.587
y: 343.587
theta: 344.5866570m
---
t: 1456289872.472366129
x: 342.592
y: 343.592
theta: 344.5920150m
---
t: 1456289872.512251888
x: 342.583
y: 343.583
theta: 344.5830390m
---
t: 1456289872.592257102
x: 342.591
y: 343.591
theta: 344.5906990m
---
t: 1456289872.632273466
x: 342.588
y: 343.588
theta: 344.5882710m
---
t: 1456289872.712271519
x: 342.59
y: 343.59
theta: 344.5896840m
---
t: 1456289872.712329136
x: 342.59
y: 343.59
theta: 344.5903630m
---
t: 1456289872.752284226
x: 342.58
y: 343.58
theta: 344.5798020m
---
t: 1456289872.752353559
x: 342.579
y: 343.579
theta: 344.5792570m
---
t: 1456289872.832257988
x: 342.595
y: 343.595
theta: 344.5949090m
---
t: 1456289872.832313939
x: 342.591
y: 343.591
theta: 344.5913010m
---
t: 1456289872.872233407
x: 342.591
y: 343.591
theta: 344.5908920m
---
t: 1456289872.952238331
x: 342.589
y: 343.589
theta: 344.5889950m
---
t: 1456289872.992257214
x: 342.578
y: 343.578
theta: 344.5780140m
---
t: 1456289872.992310056
x: 342.591
y: 343.591
theta: 344.5909150m
---
t: 1456289873.032218092
x: 342.577
y: 343.577
theta: 344.5767710m
---
t: 1456289873.032257720
x: 342.585
y: 343.585
theta: 344.5847920m
---
t: 1456289873.032288334
x: 342.588
y: 343.588
theta: 344.5875290m
---
t: 1456289873.112249531
x: 342.566
y: 343.566
theta: 344.5662630m
---
t: 1456289873.232208469
x: 342.587
y: 343.587
theta: 344.5870380m
---
t: 1456289873.232247828
x: 342.59
y: 343.59
theta: 344.5900860m
---
t: 1456289873.272269822
x: 342.592
y: 343.592
theta: 344.5915490m
---
t: 1456289873.352278481
x: 342.586
y: 343.586
theta: 344.5862120m
---
t: 1456289873.352323626
x: 342.601
y: 343.601
theta: 344.6013620m
---
t: 1456289873.472298258
x: 342.59
y: 343.59
theta: 344.5901630m
---
t: 1456289873.512255962
x: 342.588
y: 343.588
theta: 344.5884600m
---
t: 1456289873.512292647
x: 342.59
y: 343.59
theta: 344.5896620m
---
t: 1456289873.552224042
x: 342.581
y: 343.581
theta: 344.5809420m
---
t: 1456289873.632258884
x: 342.581
y: 343.581
theta: 344.5809270m
---
t: 1456289873.672269292
x: 342.601
y: 343.601
theta: 344.6011930m
---
t: 1456289873.712446309
x: 342.582
y: 343.582
theta: 344.5815160m
---
t: 1456289873.712587718
x: 342.583
y: 343.583
theta: 344.5834230m
---
t: 1456289873.712649091
x: 342.603
y: 343.603
theta: 344.6028490m
---
t: 1456289873.712724457
x: 342.592
y: 343.592
theta: 344.5917300m
---
t: 1456289873.792240657
x: 342.593
y: 343.593
theta: 344.5926740m
---
t: 1456289873.792292798
x: 342.594
y: 343.594
theta: 344.5944110m
---
t: 1456289873.832217019
x: 342.587
y: 343.587
theta: 344.5873650m
---
t: 1456289873.832261138
x: 342.602
y: 343.602
theta: 344.6016280m
---
t: 1456289873.872256331
x: 342.584
y: 343.584
theta: 344.5836230m
---
t: 1456289873.872305537
x: 342.58
y: 343.58
theta: 344.5799460m
---
t: 1456289873.872342986
x: 342.583
y: 343.583
theta: 344.5833140m
---
t: 1456289873.912253511
x: 342.57
y: 343.57
theta: 344.5696980m
---
t: 1456289873.992269525
x: 342.584
y: 343.584
theta: 344.5840950m
---
t: 1456289874.072258713
x: 342.59
y: 343.59
theta: 344.5895410m
---
t: 1456289874.152258251
x: 342.588
y: 343.588
theta: 344.5880220m
---
t: 1456289874.152297658
x: 342.582
y: 343.582
theta: 344.5815440m
---
t: 1456289874.192274446
x: 342.592
y: 343.592
theta: 344.5915740m
---
t: 1456289874.192317012
x: 342.595
y: 343.595
theta: 344.5948290m
---
t: 1456289874.192342194
x: 342.603
y: 343.603
theta: 344.6026000m
---
t: 1456289874.232237029
x: 342.589
y: 343.589
theta: 344.5892210m
---
t: 1456289874.272270095
x: 342.579
y: 343.579
theta: 344.5785510m
---
t: 1456289874.312260175
x: 342.589
y: 343.589
theta: 344.5889710m
---
t: 1456289874.392273767
x: 342.587
y: 343.587
theta: 344.5867560m
---
t: 1456289874.392313507
x: 342.617
y: 343.617
theta: 344.6166240m
---
t: 1456289874.432268280
x: 342.579
y: 343.579
theta: 344.5794970m
---
t: 1456289874.432314269
x: 342.601
y: 343.601
theta: 344.6012390m
---
t: 1456289874.472283121
x: 342.585
y: 343.585
theta: 344.5848290m
---
t: 1456289874.472342103
x: 342.595
y: 343.595
theta: 344.5950940m
---
t: 1456289874.472381757
x: 342.587
y: 343.587
theta: 344.5868660m
---
t: 1456289874.592256250
x: 342.583
y: 343.583
theta: 344.5831370m
---
t: 1456289874.592310671
x: 342.578
y: 343.578
theta: 344.5775120m
---
t: 1456289874.632260639
x: 342.588
y: 343.588
theta: 344.5880520m
---
t: 1456289874.712262760
x: 342.578
y: 343.578
theta: 344.5781240m
---
t: 1456289874.712317111
x: 342.582
y: 343.582
theta: 344.5820580m
---
t: 1456289874.792258689
x: 342.591
y: 343.591
theta: 344.5910750m
---
t: 1456289874.832269168
x: 342.591
y: 343.591
theta: 344.5910910m
---
t: 1456289874.872225232
x: 342.595
y: 343.595
theta: 344.5953240m
---
t: 1456289874.912216440
x: 342.593
y: 343.593
theta: 344.5934640m
---
t: 1456289874.912267545
x: 342.594
y: 343.594
theta: 344.5944960m
---
t: 1456289875.032261654
x: 342.582
y: 343.582
theta: 344.5823670m
---
t: 1456289875.032301367
x: 342.579
y: 343.579
theta: 344.5792970m
---
t: 1456289875.152257068
x: 342.556
y: 343.556
theta: 344.5557600m
---
t: 1456289875.152304184
x: 342.582
y: 343.582
theta: 344.5819650m
---
t: 1456289875.312256296
x: 342.599
y: 343.599
theta: 344.5988610m
---
t: 1456289875.352235106
x: 342.616
y: 343.616
theta: 344.6163680m
---
t: 1456289875.392278314
x: 342.589
y: 343.589
theta: 344.5894210m
---
t: 1456289875.472291535
x: 342.59
y: 343.59
theta: 344.5902970m
---
t: 1456289875.472348201
x: 342.58
y: 343.58
theta: 344.5802380m
---
t: 1456289875.512262523
x: 342.568
y: 343.568
theta: 344.5677720m
---
t: 1456289875.872262983
x: 342.59
y: 343.59
theta: 344.5901840m
---
t: 1456289875.872310104
x: 342.594
y: 343.594
theta: 344.5939950m
---
t: 1456289875.992270684
x: 342.57
y: 343.57
theta: 344.5696630m
---
t: 1456289876.032224723
x: 342.587
y: 343.587
theta: 344.5868120m
---
t: 1456289876.072260668
x: 342.587
y: 343.587
theta: 344.5874900m
---
t: 1456289876.112250606
x: 342.57
y: 343.57
theta: 344.5703950m
---
t: 1456289876.192235878
x: 342.585
y: 343.585
theta: 344.5849080m
---
t: 1456289876.272265044
x: 342.584
y: 343.584
theta: 344.5836220m
---
t: 1456289876.272314183
x: 342.591
y: 343.591
theta: 344.5908830m
---
t: 1456289876.312246574
x: 342.593
y: 343.593
theta: 344.5927290m
---
t: 1456289876.392253440
x: 342.589
y: 343.589
theta: 344.5888170m
---
t: 1456289876.432208213
x: 342.596
y: 343.596
theta: 344.5956180m
---
t: 1456289876.432249532
x: 342.603
y: 343.603
theta: 344.6025560m
---
t: 1456289876.432310199
x: 342.585
y: 343.585
theta: 344.5846520m
---
t: 1456289876.472279352
x: 342.588
y: 343.588
theta: 344.5875590m
---
t: 1456289876.512232461
x: 342.596
y: 343.596
theta: 344.5956280m
---
t: 1456289876.552288302
x: 342.583
y: 343.583
theta: 344.5825790m
---
t: 1456289876.672264968
x: 342.578
y: 343.578
theta: 344.5775020m
---
t: 1456289876.672315885
x: 342.591
y: 343.591
theta: 344.5910930m
---
t: 1456289876.712261646
x: 342.587
y: 343.587
theta: 344.5874150m
---
t: 1456289876.712307599
x: 342.588
y: 343.588
theta: 344.5878700m
---
t: 1456289876.712343342
x: 342.594
y: 343.594
theta: 344.5943900m
---
t: 1456289876.752267145
x: 342.598
y: 343.598
theta: 344.5981180m
---
t: 1456289876.832265326
x: 342.584
y: 343.584
theta: 344.5839060m
---
t: 1456289876.872268443
x: 342.585
y: 343.585
theta: 344.5849410m
---
t: 1456289876.872313298
x: 342.597
y: 343.597
theta: 344.5973520m
---
t: 1456289876.992260271
x: 342.588
y: 343.588
theta: 344.5884270m
---
t: 1456289876.992318796
x: 342.593
y: 343.593
theta: 344.5932100m
---
t: 1456289876.992353687
x: 342.587
y: 343.587
theta: 344.5874490m
---
t: 1456289876.992390785
x: 342.58
y: 343.58
theta: 344.5799770m
---
t: 1456289877.072266148
x: 342.59
y: 343.59
theta: 344.5899860m
---
t: 1456289877.112232058
x: 342.57
y: 343.57
theta: 344.5700860m
---
t: 1456289877.152260689
x: 342.588
y: 343.588
theta: 344.5879480m
---
t: 1456289877.192257032
x: 342.601
y: 343.601
theta: 344.6007550m
---
t: 1456289877.272252655
x: 342.581
y: 343.581
theta: 344.5805400m
---
t: 1456289877.352225796
x: 342.584
y: 343.584
theta: 344.5840590m
---
t: 1456289877.432256938
x: 342.589
y: 343.589
theta: 344.5894500m
---
t: 1456289877.432294072
x: 342.583
y: 343.583
theta: 344.5831260m
---
t: 1456289877.512271225
x: 342.59
y: 343.59
theta: 344.5895810m
---
t: 1456289877.592258694
x: 342.59
y: 343.59
theta: 344.5900360m
---
t: 1456289877.632219605
x: 342.573
y: 343.573
theta: 344.5734770m
---
t: 1456289877.632261166
x: 342.595
y: 343.595
theta: 344.5945130m
---
t: 1456289877.672247482
x: 342.582
y: 343.582
theta: 344.5815340m
---
t: 1456289877.712240808
x: 342.589
y: 343.589
theta: 344.5887510m
---
t: 1456289877.752249682
x: 342.595
y: 343.595
theta: 344.5951990m
---
t: 1456289877.792261662
x: 342.59
y: 343.59
theta: 344.5900870m
---
t: 1456289877.872254688
x: 342.583
y: 343.583
theta: 344.5825400m
---
t: 1456289877.872293555
x: 342.586
y: 343.586
theta: 344.5859330m
---
t: 1456289877.912208947
x: 342.589
y: 343.589
theta: 344.5889260m
---
t: 1456289877.952247296
x: 342.594
y: 343.594
theta: 344.5940910m
---
t: 1456289877.952298648
x: 342.572
y: 343.572
theta: 344.5720070m
---
t: 1456289877.992292527
x: 342.597
y: 343.597
theta: 344.5969640m
---
t: 1456289877.992358040
x: 342.602
y: 343.602
theta: 344.6022250m
---
t: 1456289878.032238258
x: 342.584
y: 343.584
theta: 344.5841110m
---
t: 1456289878.072247562
x: 342.588
y: 343.588
theta: 344.5879010m
---
t: 1456289878.072284097
x: 342.584
y: 343.584
theta: 344.5837850m
---
t: 1456289878.152259583
x: 342.598
y: 343.598
theta: 344.5984480m
---
t: 1456289878.152305148
x: 342.59
y: 343.59
theta: 344.5900700m
---
t: 1456289878.192259398
x: 342.603
y: 343.603
theta: 344.6033160m
---
t: 1456289878.232258777
x: 342.589
y: 343.589
theta: 344.5891030m
---
t: 1456289878.232306757
x: 342.608
y: 343.608
theta: 344.6084710m
---
t: 1456289878.272264529
x: 342.587
y: 343.587
theta: 344.5874500m
---
t: 1456289878.272312659
x: 342.582
y: 343.582
theta: 344.5821280m
---
t: 1456289878.352224582
x: 342.594
y: 343.594
theta: 344.5940020m
---
t: 1456289878.392269756
x: 342.609
y: 343.609
theta: 344.6085360m
---
t: 1456289878.432252892
x: 342.591
y: 343.591
theta: 344.5907860m
---
t: 1456289878.432299041
x: 342.578
y: 343.578
theta: 344.5781350m
---
t: 1456289878.512246629
x: 342.587
y: 343.587
theta: 344.5872900m
---
t: 1456289878.512291934
x: 342.581
y: 343.581
theta: 344.5805630m
---
t: 1456289878.632273645
x: 342.587
y: 343.587
theta: 344.5873510m
---
t: 1456289878.672264238
x: 342.599
y: 343.599
theta: 344.5988490m
---
t: 1456289878.672315309
x: 342.589
y: 343.589
theta: 344.5887700m
---
t: 1456289878.712266226
x: 342.59
y: 343.59
theta: 344.5903500m
---
t: 1456289878.712314411
x: 342.578
y: 343.578
theta: 344.5784360m
---
t: 1456289878.752214057
x: 342.583
y: 343.583
theta: 344.5830430m
---
t: 1456289878.792267489
x: 342.594
y: 343.594
theta: 344.5941080m
---
t: 1456289878.832251248
x: 342.586
y: 343.586
theta: 344.5857070m
---
t: 1456289878.832300547
x: 342.588
y: 343.588
theta: 344.5880880m
---
t: 1456289878.832329768
x: 342.595
y: 343.595
theta: 344.5953350m
---
t: 1456289878.952257437
x: 342.576
y: 343.576
theta: 344.5758390m
---
t: 1456289878.952293984
x: 342.591
y: 343.591
theta: 344.5908410m
---
t: 1456289879.032233763
x: 342.586
y: 343.586
theta: 344.5855560m
---
t: 1456289879.072267017
x: 342.595
y: 343.595
theta: 344.5951880m
---
t: 1456289879.112230952
x: 342.593
y: 343.593
theta: 344.5928300m
---
t: 1456289879.112279941
x: 342.592
y: 343.592
theta: 344.5916340m
---
t: 1456289879.152264311
x: 342.594
y: 343.594
theta: 344.5940950m
---
t: 1456289879.192259739
x: 342.59
y: 343.59
theta: 344.5904580m
---
t: 1456289879.192322792
x: 342.597
y: 343.597
theta: 344.5969290m
---
t: 1456289879.192353418
x: 342.584
y: 343.584
theta: 344.5844200m
---
t: 1456289879.232265512
x: 342.595
y: 343.595
theta: 344.5949840m
---
t: 1456289879.272264799
x: 342.591
y: 343.591
theta: 344.5914540m
---
t: 1456289879.312262899
x: 342.597
y: 343.597
theta: 344.5970620m
---
t: 1456289879.312324883
x: 342.593
y: 343.593
theta: 344.5928940m
---
t: 1456289879.392246067
x: 342.603
y: 343.603
theta: 344.6031150m
---
t: 1456289879.392284790
x: 342.595
y: 343.595
theta: 344.5954120m
---
t: 1456289879.472272043
x: 342.589
y: 343.589
theta: 344.5889460m
---
t: 1456289879.512262598
x: 342.58
y: 343.58
theta: 344.5796560m
---
t: 1456289879.512306134
x: 342.574
y: 343.574
theta: 344.5736970m
---
t: 1456289879.512336539
x: 342.6
y: 343.6
theta: 344.6000870m
---
t: 1456289879.512372759
x: 342.597
y: 343.597
theta: 344.5973270m
---
t: 1456289879.592270968
x: 342.584
y: 343.584
theta: 344.5835370m
---
t: 1456289879.632248616
x: 342.595
y: 343.595
theta: 344.5953250m
---
t: 1456289879.632285727
x: 342.598
y: 343.598
theta: 344.5980040m
---
t: 1456289879.672259493
x: 342.616
y: 343.616
theta: 344.6163550m
---
t: 1456289879.752249344
x: 342.586
y: 343.586
theta: 344.5858330m
---
t: 1456289879.792264693
x: 342.596
y: 343.596
theta: 344.5964430m
---
t: 1456289879.872255298
x: 342.59
y: 343.59
theta: 344.5895080m
---
t: 1456289879.912248991
x: 342.586
y: 343.586
theta: 344.5862650m
---
t: 1456289879.952246695
x: 342.603
y: 343.603
theta: 344.6028350m
---
t: 1456289879.992266706
x: 342.574
y: 343.574
theta: 344.5736080m
---
t: 1456289880.032260244
x: 342.601
y: 343.601
theta: 344.6014880m
---
t: 1456289880.072262532
x: 342.591
y: 343.591
theta: 344.5911740m
---
t: 1456289880.152239177
x: 342.592
y: 343.592
theta: 344.5921900m
---
t: 1456289880.192237567
x: 342.58
y: 343.58
theta: 344.5800260m
---
t: 1456289880.192296233
x: 342.588
y: 343.588
theta: 344.5877450m
---
t: 1456289880.192346382
x: 342.573
y: 343.573
theta: 344.5733840m
---
t: 1456289880.232239120
x: 342.615
y: 343.615
theta: 344.6147950m
---
t: 1456289880.232280972
x: 342.595
y: 343.595
theta: 344.5945470m
---
t: 1456289880.232340628
x: 342.59
y: 343.59
theta: 344.5904900m
---
t: 1456289880.272254969
x: 342.572
y: 343.572
theta: 344.5722840m
---
t: 1456289880.312264979
x: 342.584
y: 343.584
theta: 344.5839280m
---
t: 1456289880.392255986
x: 342.603
y: 343.603
theta: 344.6030760m
---
t: 1456289880.472271987
x: 342.585
y: 343.585
theta: 344.5848950m
---
t: 1456289880.512245190
x: 342.58
y: 343.58
theta: 344.5795020m
---
t: 1456289880.512289575
x: 342.583
y: 343.583
theta: 344.5828440m
---
t: 1456289880.512321685
x: 342.598
y: 343.598
theta: 344.5980270m
---
t: 1456289880.592269100
x: 342.605
y: 343.605
theta: 344.6051720m
---
t: 1456289880.632284154
x: 342.599
y: 343.599
theta: 344.5986580m
---
t: 1456289880.672248096
x: 342.594
y: 343.594
theta: 344.5943370m
---
t: 1456289880.672296557
x: 342.603
y: 343.603
theta: 344.6029630m
---
t: 1456289880.752252586
x: 342.592
y: 343.592
theta: 344.5915170m
---
t: 1456289880.792262395
x: 342.592
y: 343.592
theta: 344.5924100m
---
t: 1456289880.832211926
x: 342.589
y: 343.589
theta: 344.5892540m
---
t: 1456289880.872260106
x: 342.597
y: 343.597
theta: 344.5971830m
---
t: 1456289880.952256475
x: 342.59
y: 343.59
theta: 344.5899700m
---
t: 1456289880.952299899
x: 342.583
y: 343.583
theta: 344.5833870m
---
t: 1456289881.072251421
x: 342.587
y: 343.587
theta: 344.5867790m
---
t: 1456289881.112257315
x: 342.588
y: 343.588
theta: 344.5876970m
---
t: 1456289881.112305316
x: 342.569
y: 343.569
theta: 344.5692800m
---
t: 1456289881.152253816
x: 342.587
y: 343.587
theta: 344.5873670m
---
t: 1456289881.232261961
x: 342.586
y: 343.586
theta: 344.5861490m
---
t: 1456289881.272254126
x: 342.586
y: 343.586
theta: 344.5864660m
---
t: 1456289881.312269140
x: 342.587
y: 343.587
theta: 344.5871820m
---
t: 1456289881.472272463
x: 342.595
y: 343.595
theta: 344.5946080m
---
t: 1456289881.512271410
x: 342.583
y: 343.583
theta: 344.5825100m
---
t: 1456289881.592212524
x: 342.589
y: 343.589
theta: 344.5888110m
---
t: 1456289881.672227477
x: 342.582
y: 343.582
theta: 344.5823660m
---
t: 1456289881.752225523
x: 342.586
y: 343.586
theta: 344.5857990m
---
t: 1456289881.752270633
x: 342.581
y: 343.581
theta: 344.5809070m
---
t: 1456289881.832220376
x: 342.593
y: 343.593
theta: 344.5928750m
---
t: 1456289881.872246143
x: 342.575
y: 343.575
theta: 344.5753460m
---
t: 1456289881.912246820
x: 342.588
y: 343.588
theta: 344.5876110m
---
t: 1456289881.912290527
x: 342.586
y: 343.586
theta: 344.5859460m
---
t: 1456289882.032250733
x: 342.588
y: 343.588
theta: 344.5884960m
---
t: 1456289882.072255278
x: 342.588
y: 343.588
theta: 344.5875240m
---
t: 1456289882.232253079
x: 342.596
y: 343.596
theta: 344.5962650m
---
t: 1456289882.352259215
x: 342.597
y: 343.597
theta: 344.5968810m
---
t: 1456289882.392247149
x: 342.618
y: 343.618
theta: 344.6176230m
---
t: 1456289882.432236719
x: 342.603
y: 343.603
theta: 344.6033840m
---
t: 1456289882.472279236
x: 342.6
y: 343.6
theta: 344.5995510m
---
t: 1456289882.472336022
x: 342.581
y: 343.581
theta: 344.5811060m
---
t: 1456289882.552361670
x: 342.587
y: 343.587
theta: 344.5866270m
---
t: 1456289882.592262399
x: 342.594
y: 343.594
theta: 344.5938040m
---
t: 1456289882.592307030
x: 342.583
y: 343.583
theta: 344.5830890m
---
t: 1456289882.592336365
x: 342.604
y: 343.604
theta: 344.6038750m
---
t: 1456289882.632274085
x: 342.595
y: 343.595
theta: 344.5950960m
---
t: 1456289882.672276921
x: 342.595
y: 343.595
theta: 344.5950250m
---
t: 1456289882.712217633
x: 342.592
y: 343.592
theta: 344.5920030m
---
t: 1456289882.752242734
x: 342.579
y: 343.579
theta: 344.5785320m
---
t: 1456289882.792249276
x: 342.586
y: 343.586
theta: 344.5864280m
---
t: 1456289882.872226953
x: 342.582
y: 343.582
theta: 344.5819310m
---
t: 1456289882.912224815
x: 342.581
y: 343.581
theta: 344.5808770m
---
t: 1456289882.912266455
x: 342.591
y: 343.591
theta: 344.5906110m
---
t: 1456289882.912314595
x: 342.586
y: 343.586
theta: 344.5861670m
---
t: 1456289883.032218289
x: 342.59
y: 343.59
theta: 344.5899520m
---
t: 1456289883.032286598
x: 342.577
y: 343.577
theta: 344.5766440m
---
t: 1456289883.072213245
x: 342.587
y: 343.587
theta: 344.5874140m
---
t: 1456289883.072268217
x: 342.596
y: 343.596
theta: 344.5960910m
---
t: 1456289883.192220099
x: 342.586
y: 343.586
theta: 344.5856130m
---
t: 1456289883.232252072
x: 342.57
y: 343.57
theta: 344.5703530m
---
t: 1456289883.232301481
x: 342.589
y: 343.589
theta: 344.5891180m
---
t: 1456289883.272267260
x: 342.59
y: 343.59
theta: 344.5899120m
---
t: 1456289883.352241105
x: 342.577
y: 343.577
theta: 344.5768800m
---
t: 1456289883.352283959
x: 342.593
y: 343.593
theta: 344.5934560m
---
t: 1456289883.392261784
x: 342.584
y: 343.584
theta: 344.5839000m
---
t: 1456289883.432258513
x: 342.586
y: 343.586
theta: 344.5863310m
---
t: 1456289883.472277194
x: 342.59
y: 343.59
theta: 344.5903920m
---
t: 1456289883.512255067
x: 342.585
y: 343.585
theta: 344.5852050m
---
t: 1456289883.592255943
x: 342.583
y: 343.583
theta: 344.5834000m
---
t: 1456289883.592293039
x: 342.599
y: 343.599
theta: 344.5992730m
---
t: 1456289883.592316430
x: 342.582
y: 343.582
theta: 344.5820200m
---
t: 1456289883.632251212
x: 342.587
y: 343.587
theta: 344.5867660m
---
t: 1456289883.752256308
x: 342.581
y: 343.581
theta: 344.5807050m
---
t: 1456289883.832224646
x: 342.609
y: 343.609
theta: 344.6094690m
---
t: 1456289883.872221144
x: 342.604
y: 343.604
theta: 344.6037270m
---
t: 1456289883.872261860
x: 342.578
y: 343.578
theta: 344.5781030m
---
t: 1456289883.952255687
x: 342.583
y: 343.583
theta: 344.5833500m
---
t: 1456289883.992254039
x: 342.602
y: 343.602
theta: 344.6022310m
---
t: 1456289883.992306350
x: 342.597
y: 343.597
theta: 344.5967690m
---
t: 1456289883.992362549
x: 342.594
y: 343.594
theta: 344.5944400m
---
t: 1456289884.072239874
x: 342.601
y: 343.601
theta: 344.6005240m
---
t: 1456289884.112275877
x: 342.591
y: 343.591
theta: 344.5908780m
---
t: 1456289884.152232507
x: 342.62
y: 343.62
theta: 344.6196620m
---
t: 1456289884.152273355
x: 342.582
y: 343.582
theta: 344.5816670m
---
t: 1456289884.192219666
x: 342.59
y: 343.59
theta: 344.5897530m
---
t: 1456289884.312260021
x: 342.584
y: 343.584
theta: 344.5835210m
---
t: 1456289884.312300331
x: 342.594
y: 343.594
theta: 344.5941550m
---
t: 1456289884.352262106
x: 342.57
y: 343.57
theta: 344.5701490m
---
t: 1456289884.432258133
x: 342.585
y: 343.585
theta: 344.5846010m
---
t: 1456289884.432304853
x: 342.591
y: 343.591
theta: 344.5905560m
---
t: 1456289884.472272682
x: 342.583
y: 343.583
theta: 344.5828070m
---
t: 1456289884.552359681
x: 342.59
y: 343.59
theta: 344.5897030m
---
t: 1456289884.592284260
x: 342.617
y: 343.617
theta: 344.6172990m
---
t: 1456289884.632268487
x: 342.532
y: 343.532
theta: 344.5323330m
---
t: 1456289884.632317062
x: 342.597
y: 343.597
theta: 344.5973260m
---
t: 1456289884.672272494
x: 342.614
y: 343.614
theta: 344.6138680m
---
t: 1456289884.672327263
x: 342.596
y: 343.596
theta: 344.5956620m
---
t: 1456289884.752258341
x: 342.586
y: 343.586
theta: 344.5861060m
---
t: 1456289884.752301631
x: 342.61
y: 343.61
theta: 344.6100190m
---
t: 1456289884.792250935
x: 342.587
y: 343.587
theta: 344.5867080m
---
t: 1456289884.792287744
x: 342.585
y: 343.585
theta: 344.5851800m
---
t: 1456289884.832304963
x: 342.586
y: 343.586
theta: 344.5858520m
---
t: 1456289885.072261875
x: 342.601
y: 343.601
theta: 344.6005200m
---
t: 1456289885.072300609
x: 342.597
y: 343.597
theta: 344.5969520m
---
t: 1456289885.152228845
x: 342.603
y: 343.603
theta: 344.6032740m
---
t: 1456289885.192214492
x: 342.581
y: 343.581
theta: 344.5806460m
---
t: 1456289885.192253760
x: 342.588
y: 343.588
theta: 344.5875130m
---
t: 1456289885.472313705
x: 342.593
y: 343.593
theta: 344.5925970m
---
t: 1456289885.472384817
x: 342.58
y: 343.58
theta: 344.5803430m
---
t: 1456289885.552264193
x: 342.593
y: 343.593
theta: 344.5925490m
---
t: 1456289885.592259567
x: 342.596
y: 343.596
theta: 344.5961570m
---
t: 1456289885.632266241
x: 342.595
y: 343.595
theta: 344.5945450m
---
t: 1456289885.672260596
x: 342.591
y: 343.591
theta: 344.5912560m
---
t: 1456289885.712253485
x: 342.579
y: 343.579
theta: 344.5792460m
---
t: 1456289885.712291286
x: 342.582
y: 343.582
theta: 344.5816370m
---
t: 1456289885.792236066
x: 342.619
y: 343.619
theta: 344.6191030m
---
t: 1456289885.792282743
x: 342.573
y: 343.573
theta: 344.5728070m
---
t: 1456289885.832258378
x: 342.57
y: 343.57
theta: 344.5701930m
---
t: 1456289885.912256653
x: 342.604
y: 343.604
theta: 344.6042620m
---
t: 1456289885.992246509
x: 342.581
y: 343.581
theta: 344.5810610m
---
t: 1456289886.032221012
x: 342.568
y: 343.568
theta: 344.5682720m
---
t: 1456289886.072428504
x: 342.584
y: 343.584
theta: 344.5838420m
---
t: 1456289886.112230138
x: 342.587
y: 343.587
theta: 344.5865870m
---
t: 1456289886.192263723
x: 342.591
y: 343.591
theta: 344.5907290m
---
t: 1456289886.232215861
x: 342.595
y: 343.595
theta: 344.5952830m
---
t: 1456289886.232255426
x: 342.584
y: 343.584
theta: 344.5841390m
---
t: 1456289886.312264101
x: 342.601
y: 343.601
theta: 344.6014080m
---
t: 1456289886.392278275
x: 342.596
y: 343.596
theta: 344.5957100m
---
t: 1456289886.432254850
x: 342.589
y: 343.589
theta: 344.5885990m
---
t: 1456289886.512268733
x: 342.591
y: 343.591
theta: 344.5906430m
---
t: 1456289886.552285324
x: 342.599
y: 343.599
theta: 344.5990680m
---
t: 1456289886.592328338
x: 342.595
y: 343.595
theta: 344.5952740m
---
t: 1456289886.672570031
x: 342.589
y: 343.589
theta: 344.5886530m
---
t: 1456289886.752253143
x: 342.604
y: 343.604
theta: 344.6044350m
---
t: 1456289886.752301822
x: 342.582
y: 343.582
theta: 344.5821720m
---
t: 1456289886.792253531
x: 342.584
y: 343.584
theta: 344.5840430m
---
t: 1456289886.792302320
x: 342.585
y: 343.585
theta: 344.5846760m
---
t: 1456289886.832236264
x: 342.583
y: 343.583
theta: 344.5833910m
---
t: 1456289886.832297745
x: 342.595
y: 343.595
theta: 344.5953420m
---
t: 1456289886.872282092
x: 342.588
y: 343.588
theta: 344.5880510m
---
t: 1456289886.912244700
x: 342.594
y: 343.594
theta: 344.5935900m
---
t: 1456289886.912287078
x: 342.597
y: 343.597
theta: 344.5968670m
---
t: 1456289886.912322387
x: 342.603
y: 343.603
theta: 344.6029990m
---
t: 1456289886.952251296
x: 342.583
y: 343.583
theta: 344.5825980m
---
t: 1456289886.992263480
x: 342.585
y: 343.585
theta: 344.5854580m
---
t: 1456289887.112263134
x: 342.604
y: 343.604
theta: 344.6043670m
---
t: 1456289887.112310097
x: 342.583
y: 343.583
theta: 344.5833940m
---
t: 1456289887.152245229
x: 342.583
y: 343.583
theta: 344.5827200m
---
t: 1456289887.232207932
x: 342.59
y: 343.59
theta: 344.5897530m
---
t: 1456289887.232256531
x: 342.589
y: 343.589
theta: 344.5885510m
---
t: 1456289887.312272066
x: 342.588
y: 343.588
theta: 344.5876310m
---
t: 1456289887.352261443
x: 342.589
y: 343.589
theta: 344.5885570m
---
t: 1456289887.432261859
x: 342.59
y: 343.59
theta: 344.5903120m
---
t: 1456289887.472291684
x: 342.602
y: 343.602
theta: 344.6022060m
---
t: 1456289887.552222722
x: 342.594
y: 343.594
theta: 344.5938150m
---
t: 1456289887.552273210
x: 342.587
y: 343.587
theta: 344.5873640m
---
t: 1456289887.672280449
x: 342.589
y: 343.589
theta: 344.5886970m
---
t: 1456289887.672338725
x: 342.6
y: 343.6
theta: 344.6004730m
---
t: 1456289887.712285667
x: 342.582
y: 343.582
theta: 344.5817550m
---
t: 1456289887.752281183
x: 342.593
y: 343.593
theta: 344.5933960m
---
t: 1456289887.792282291
x: 342.598
y: 343.598
theta: 344.5975480m
---
t: 1456289887.832271234
x: 342.606
