t: 1456289888.141637514
x: 342.592
y: 343.592
theta: 344.5924810m
---
t: 1456289888.181557207
x: 342.581
y: 343.581
theta: 344.5809750m
---
t: 1456289888.221558927
x: 342.589
y: 343.589
theta: 344.5885920m
---
t: 1456289888.221650089
x: 342.582
y: 343.582
theta: 344.5819780m
---
t: 1456289888.261503641
x: 342.601
y: 343.601
theta: 344.6007940m
---
t: 1456289888.261563833
x: 342.581
y: 343.581
theta: 344.5808230m
---
t: 1456289888.301553753
x: 342.584
y: 343.584
theta: 344.5841710m
---
t: 1456289888.341540459
x: 342.591
y: 343.591
theta: 344.5913140m
---
t: 1456289888.461515631
x: 341.32
y: 342.32
theta: 343.3201110m
---
t: 1456289888.501550967
x: 341.038
y: 342.038
theta: 343.0378090m
---
t: 1456289888.501619102
x: 341.153
y: 342.153
theta: 343.1533870m
---
t: 1456289888.581575185
x: 341.015
y: 342.015
theta: 343.0146190m
---
t: 1456289888.581632819
x: 341.266
y: 342.266
theta: 343.2657780m
---
t: 1456289888.621526479
x: 341.185
y: 342.185
theta: 343.1847770m
---
t: 1456289888.621568667
x: 341.266
y: 342.266
theta: 343.2657780m
---
t: 1456289888.661570961
x: 341.266
y: 342.266
theta: 343.2657780m
---
t: 1456289888.701558249
x: 341.266
y: 342.266
theta: 343.2657780m
---
t: 1456289888.741529034
x: 341.266
y: 342.266
theta: 343.2657780m
---
t: 1456289888.741574366
x: 341.266
y: 342.266
theta: 343.2657780m
---
t: 1456289888.781552644
x: 341.266
y: 342.266
theta: 343.2657780m
---
t: 1456289888.781609911
x: 341.266
y: 342.266
theta: 343.2657780m
---
t: 1456289888.861540532
x: 341.222
y: 342.222
theta: 343.2220680m
---
t: 1456289889.061542965
x: 341.244
y: 342.244
theta: 343.2435020m
---
t: 1456289889.061591574
x: 340.959
y: 341.959
theta: 342.9590840m
---
t: 1456289889.101547810
x: 341.002
y: 342.002
theta: 343.0019720m
---
t: 1456289889.381575676
x: 341.284
y: 342.284
theta: 343.2836110m
---
t: 1456289889.421541692
x: 341.391
y: 342.391
theta: 343.3907600m
---
t: 1456289889.421580584
x: 341.391
y: 342.391
theta: 343.3907600m
---
t: 1456289889.501541420
x: 341.315
y: 342.315
theta: 343.3145100m
---
t: 1456289889.501579046
x: 341.638
y: 342.638
theta: 343.6381300m
---
t: 1456289889.501608965
x: 341.491
y: 342.491
theta: 343.4911330m
---
t: 1456289889.501665525
x: 341.701
y: 342.701
theta: 343.7007430m
---
t: 1456289889.541530941
x: 341.688
y: 342.688
theta: 343.6880000m
---
t: 1456289889.581495311
x: 341.707
y: 342.707
theta: 343.7074830m
---
t: 1456289889.661530778
x: 341.683
y: 342.683
theta: 343.6825340m
---
t: 1456289889.701529463
x: 341.683
y: 342.683
theta: 343.6825340m
---
t: 1456289889.701564762
x: 341.717
y: 342.717
theta: 343.7173670m
---
t: 1456289889.701593519
x: 341.683
y: 342.683
theta: 343.6825340m
---
t: 1456289889.741534931
x: 341.685
y: 342.685
theta: 343.6847820m
---
t: 1456289889.741578189
x: 341.723
y: 342.723
theta: 343.7233800m
---
t: 1456289889.741607627
x: 341.723
y: 342.723
theta: 343.7233800m
---
t: 1456289889.781542116
x: 341.698
y: 342.698
theta: 343.6979550m
---
t: 1456289889.781586384
x: 341.664
y: 342.664
theta: 343.6641860m
---
t: 1456289889.821525617
x: 341.732
y: 342.732
theta: 343.7323110m
---
t: 1456289889.861491553
x: 341.929
y: 342.929
theta: 343.9290560m
---
t: 1456289889.901540605
x: 341.843
y: 342.843
theta: 343.8425720m
---
t: 1456289889.981571780
x: 341.886
y: 342.886
theta: 343.8861360m
---
t: 1456289890.021541189
x: 341.898
y: 342.898
theta: 343.8983120m
---
t: 1456289890.101541278
x: 342.163
y: 343.163
theta: 344.1628780m
---
t: 1456289890.141531071
x: 342.201
y: 343.201
theta: 344.2011300m
---
t: 1456289890.141574215
x: 342.306
y: 343.306
theta: 344.3058060m
---
t: 1456289890.181541761
x: 342.33
y: 343.33
theta: 344.3304440m
---
t: 1456289890.221553301
x: 342.37
y: 343.37
theta: 344.3700350m
---
t: 1456289890.261591569
x: 342.401
y: 343.401
theta: 344.4006290m
---
t: 1456289890.261631670
x: 342.338
y: 343.338
theta: 344.3375540m
---
t: 1456289890.261667052
x: 342.498
y: 343.498
theta: 344.4981580m
---
t: 1456289890.381555228
x: 342.735
y: 343.735
theta: 344.7348860m
---
t: 1456289890.381594451
x: 342.701
y: 343.701
theta: 344.7007960m
---
t: 1456289890.381630929
x: 342.826
y: 343.826
theta: 344.8256340m
---
t: 1456289890.461557827
x: 343.01
y: 344.01
theta: 345.0101840m
---
t: 1456289890.581569441
x: 343.268
y: 344.268
theta: 345.2679790m
---
t: 1456289890.621561068
x: 343.124
y: 344.124
theta: 345.1239870m
---
t: 1456289890.621615866
x: 343.285
y: 344.285
theta: 345.2847020m
---
t: 1456289890.701533592
x: 343.52
y: 344.52
theta: 345.5195580m
---
t: 1456289890.701580110
x: 343.367
y: 344.367
theta: 345.3672460m
---
t: 1456289890.741530642
x: 343.406
y: 344.406
theta: 345.4058610m
---
t: 1456289890.781566998
x: 343.407
y: 344.407
theta: 345.4067760m
---
t: 1456289890.821536177
x: 343.65
y: 344.65
theta: 345.6499200m
---
t: 1456289890.821583613
x: 343.422
y: 344.422
theta: 345.4218420m
---
t: 1456289890.861562655
x: 343.667
y: 344.667
theta: 345.6670620m
---
t: 1456289890.901548274
x: 343.627
y: 344.627
theta: 345.6265690m
---
t: 1456289890.941529863
x: 343.821
y: 344.821
theta: 345.8207480m
---
t: 1456289891.101523081
x: 343.814
y: 344.814
theta: 345.8142710m
---
t: 1456289891.101560937
x: 343.703
y: 344.703
theta: 345.7031830m
---
t: 1456289891.181533707
x: 343.668
y: 344.668
theta: 345.6676970m
---
t: 1456289891.261535417
x: 343.608
y: 344.608
theta: 345.6080190m
---
t: 1456289891.261576242
x: 343.746
y: 344.746
theta: 345.7463650m
---
t: 1456289891.301525231
x: 343.548
y: 344.548
theta: 345.5475450m
---
t: 1456289891.301563471
x: 343.634
y: 344.634
theta: 345.6343100m
---
t: 1456289891.461574959
x: 343.807
y: 344.807
theta: 345.8069320m
---
t: 1456289891.581540817
x: 343.647
y: 344.647
theta: 345.6473850m
---
t: 1456289891.581584541
x: 343.578
y: 344.578
theta: 345.5775360m
---
t: 1456289891.621547591
x: 344.14
y: 345.14
theta: 346.1398640m
---
t: 1456289891.661544259
x: 344.159
y: 345.159
theta: 346.1588370m
---
t: 1456289891.661588970
x: 344.204
y: 345.204
theta: 346.2043040m
---
t: 1456289891.701541752
x: 344.087
y: 345.087
theta: 346.0869700m
---
t: 1456289891.741553541
x: 344.278
y: 345.278
theta: 346.2775380m
---
t: 1456289891.781554761
x: 344.34
y: 345.34
theta: 346.3395410m
---
t: 1456289891.821545643
x: 344.377
y: 345.377
theta: 346.3768350m
---
t: 1456289891.861549122
x: 344.5
y: 345.5
theta: 346.5002210m
---
t: 1456289891.861601793
x: 344.159
y: 345.159
theta: 346.1589160m
---
t: 1456289891.901532239
x: 344.611
y: 345.611
theta: 346.6108960m
---
t: 1456289891.901575303
x: 344.443
y: 345.443
theta: 346.4427190m
---
t: 1456289891.941533372
x: 344.647
y: 345.647
theta: 346.6469990m
---
t: 1456289891.941582809
x: 344.491
y: 345.491
theta: 346.4914430m
---
t: 1456289891.981541669
x: 344.929
y: 345.929
theta: 346.9287800m
---
t: 1456289891.981592745
x: 344.798
y: 345.798
theta: 346.7975670m
---
t: 1456289892.141557955
x: 345.117
y: 346.117
theta: 347.1165820m
---
t: 1456289892.141606971
x: 345.053
y: 346.053
theta: 347.0533640m
---
t: 1456289892.181558564
x: 345.091
y: 346.091
theta: 347.0905790m
---
t: 1456289892.221546299
x: 345.15
y: 346.15
theta: 347.1502670m
---
t: 1456289892.261527404
x: 345.253
y: 346.253
theta: 347.2533220m
---
t: 1456289892.301544648
x: 345.388
y: 346.388
theta: 347.3878520m
---
t: 1456289892.461558944
x: 345.738
y: 346.738
theta: 347.7375290m
---
t: 1456289892.541566180
x: 345.848
y: 346.848
theta: 347.8484890m
---
t: 1456289892.661521536
x: 346.113
y: 347.113
theta: 348.1128850m
---
t: 1456289892.781547211
x: 346.417
y: 347.417
theta: 348.4173100m
---
t: 1456289892.821550453
x: 346.371
y: 347.371
theta: 348.3712950m
---
t: 1456289892.901548524
x: 346.286
y: 347.286
theta: 348.2861320m
---
t: 1456289892.901598420
x: 346.374
y: 347.374
theta: 348.3738000m
---
t: 1456289892.941556171
x: 346.577
y: 347.577
theta: 348.5771820m
---
t: 1456289892.941607104
x: 346.632
y: 347.632
theta: 348.6317000m
---
t: 1456289892.981566671
x: 346.474
y: 347.474
theta: 348.4744420m
---
t: 1456289893.061531668
x: 346.44
y: 347.44
theta: 348.4398970m
---
t: 1456289893.101541138
x: 346.122
y: 347.122
theta: 348.1218980m
---
t: 1456289893.141527612
x: 346.33
y: 347.33
theta: 348.3304390m
---
t: 1456289893.181538247
x: 346.404
y: 347.404
theta: 348.4039150m
---
t: 1456289893.181579988
x: 346.143
y: 347.143
theta: 348.1426100m
---
t: 1456289893.301544516
x: 346.327
y: 347.327
theta: 348.3273210m
---
t: 1456289893.421551421
x: 346.246
y: 347.246
theta: 348.2456460m
---
t: 1456289893.501537300
x: 346.38
y: 347.38
theta: 348.3796520m
---
t: 1456289893.501595310
x: 346.241
y: 347.241
theta: 348.2407710m
---
t: 1456289893.581536551
x: 346.128
y: 347.128
theta: 348.1283270m
---
t: 1456289893.661548414
x: 346.364
y: 347.364
theta: 348.3640590m
---
t: 1456289893.781536061
x: 346.556
y: 347.556
theta: 348.5558360m
---
t: 1456289893.821537538
x: 346.417
y: 347.417
theta: 348.4169370m
---
t: 1456289893.941549283
x: 346.636
y: 347.636
theta: 348.6362090m
---
t: 1456289893.981573853
x: 346.885
y: 347.885
theta: 348.8851890m
---
t: 1456289894.021544995
x: 346.88
y: 347.88
theta: 348.8803530m
---
t: 1456289894.061546453
x: 347.056
y: 348.056
theta: 349.0556620m
---
t: 1456289894.101544573
x: 347.066
y: 348.066
theta: 349.0664850m
---
t: 1456289894.141544681
x: 346.718
y: 347.718
theta: 348.7176000m
---
t: 1456289894.221545826
x: 347.412
y: 348.412
theta: 349.4121130m
---
t: 1456289894.221591690
x: 347.439
y: 348.439
theta: 349.4390230m
---
t: 1456289894.301549407
x: 347.346
y: 348.346
theta: 349.3456600m
---
t: 1456289894.381517002
x: 347.424
y: 348.424
theta: 349.4243050m
---
t: 1456289894.461564376
x: 347.468
y: 348.468
theta: 349.4681700m
---
t: 1456289894.461627201
x: 347.42
y: 348.42
theta: 349.4198180m
---
t: 1456289894.501588886
x: 347.689
y: 348.689
theta: 349.6893110m
---
t: 1456289894.541567294
x: 347.648
y: 348.648
theta: 349.6478130m
---
t: 1456289894.581539527
x: 347.813
y: 348.813
theta: 349.8131020m
---
t: 1456289894.581583532
x: 347.818
y: 348.818
theta: 349.8177220m
---
t: 1456289894.621576634
x: 347.66
y: 348.66
theta: 349.6600440m
---
t: 1456289894.661555490
x: 347.778
y: 348.778
theta: 349.7779090m
---
t: 1456289894.661609782
x: 347.891
y: 348.891
theta: 349.8907110m
---
t: 1456289894.781546326
x: 347.997
y: 348.997
theta: 349.9967680m
---
t: 1456289894.861554563
x: 347.947
y: 348.947
theta: 349.9467860m
---
t: 1456289894.861595798
x: 348.265
y: 349.265
theta: 350.2648550m
---
t: 1456289894.901535748
x: 348.008
y: 349.008
theta: 350.0080490m
---
t: 1456289894.941550036
x: 348.04
y: 349.04
theta: 350.0396210m
---
t: 1456289894.941594876
x: 347.974
y: 348.974
theta: 349.9743220m
---
t: 1456289894.981549310
x: 347.921
y: 348.921
theta: 349.9209160m
---
t: 1456289894.981602713
x: 348.262
y: 349.262
theta: 350.2621830m
---
t: 1456289895.021544302
x: 348.262
y: 349.262
theta: 350.2621830m
---
t: 1456289895.021595420
x: 348.262
y: 349.262
theta: 350.2621830m
---
t: 1456289895.021630455
x: 348.202
y: 349.202
theta: 350.2021840m
---
t: 1456289895.181483125
x: 348.041
y: 349.041
theta: 350.0407550m
---
t: 1456289895.221527828
x: 347.736
y: 348.736
theta: 349.7357430m
---
t: 1456289895.261543365
x: 348.018
y: 349.018
theta: 350.0175250m
---
t: 1456289895.301547018
x: 347.826
y: 348.826
theta: 349.8260900m
---
t: 1456289895.341539632
x: 347.923
y: 348.923
theta: 349.9225330m
---
t: 1456289895.341585618
x: 347.879
y: 348.879
theta: 349.8793160m
---
t: 1456289895.381529406
x: 347.943
y: 348.943
theta: 349.9428850m
---
t: 1456289895.421545083
x: 347.852
y: 348.852
theta: 349.8515420m
---
t: 1456289895.501553656
x: 347.821
y: 348.821
theta: 349.8212790m
---
t: 1456289895.701539845
x: 347.667
y: 348.667
theta: 349.6674280m
---
t: 1456289895.741543734
x: 347.751
y: 348.751
theta: 349.7514380m
---
t: 1456289895.781536983
x: 347.593
y: 348.593
theta: 349.5927070m
---
t: 1456289895.901553286
x: 347.823
y: 348.823
theta: 349.8228260m
---
t: 1456289895.941536941
x: 347.743
y: 348.743
theta: 349.7432100m
---
t: 1456289895.981569397
x: 347.813
y: 348.813
theta: 349.8132180m
---
t: 1456289896.021588133
x: 347.732
y: 348.732
theta: 349.7322260m
---
t: 1456289896.101538701
x: 348.011
y: 349.011
theta: 350.0107260m
---
t: 1456289896.181547270
x: 347.793
y: 348.793
theta: 349.7928990m
---
t: 1456289896.181597329
x: 347.974
y: 348.974
theta: 349.9741030m
---
t: 1456289896.181626502
x: 347.829
y: 348.829
theta: 349.8293620m
---
t: 1456289896.221545683
x: 347.935
y: 348.935
theta: 349.9351380m
---
t: 1456289896.261522601
x: 347.856
y: 348.856
theta: 349.8563720m
---
t: 1456289896.261570680
x: 347.926
y: 348.926
theta: 349.9259240m
---
t: 1456289896.301541026
x: 347.909
y: 348.909
theta: 349.9093830m
---
t: 1456289896.501521402
x: 347.994
y: 348.994
theta: 349.9940730m
---
t: 1456289896.581556411
x: 347.753
y: 348.753
theta: 349.7531000m
---
t: 1456289896.581615645
x: 347.753
y: 348.753
theta: 349.7529140m
---
t: 1456289896.701535466
x: 347.797
y: 348.797
theta: 349.7971420m
---
t: 1456289896.741531007
x: 347.804
y: 348.804
theta: 349.8041690m
---
t: 1456289896.741567924
x: 347.796
y: 348.796
theta: 349.7958390m
---
t: 1456289896.781550104
x: 347.843
y: 348.843
theta: 349.8431940m
---
t: 1456289896.941531802
x: 348.005
y: 349.005
theta: 350.0053710m
---
t: 1456289896.981550152
x: 348.014
y: 349.014
theta: 350.0143780m
---
t: 1456289897.021536366
x: 347.777
y: 348.777
theta: 349.7771020m
---
t: 1456289897.021583604
x: 347.786
y: 348.786
theta: 349.7860320m
---
t: 1456289897.101536276
x: 347.802
y: 348.802
theta: 349.8022360m
---
t: 1456289897.101578888
x: 347.809
y: 348.809
theta: 349.8091180m
---
t: 1456289897.101607351
x: 347.781
y: 348.781
theta: 349.7811020m
---
t: 1456289897.301526516
x: 347.787
y: 348.787
theta: 349.7870620m
---
t: 1456289897.301565055
x: 347.779
y: 348.779
theta: 349.7788330m
---
t: 1456289897.301599043
x: 347.791
y: 348.791
theta: 349.7910590m
---
t: 1456289897.341507792
x: 347.768
y: 348.768
theta: 349.7675320m
---
t: 1456289897.381512709
x: 347.795
y: 348.795
theta: 349.7951440m
---
t: 1456289897.461532536
x: 347.801
y: 348.801
theta: 349.8007760m
---
t: 1456289897.541522523
x: 347.809
y: 348.809
theta: 349.8089210m
---
t: 1456289897.661539685
x: 347.786
y: 348.786
theta: 349.7859910m
---
t: 1456289897.661582403
x: 347.798
y: 348.798
theta: 349.7980850m
---
t: 1456289897.661613732
x: 347.779
y: 348.779
theta: 349.7789590m
---
t: 1456289897.661634873
x: 347.784
y: 348.784
theta: 349.7839880m
---
t: 1456289897.781536049
x: 347.807
y: 348.807
theta: 349.8072130m
---
t: 1456289897.821547904
x: 347.812
y: 348.812
theta: 349.8115590m
---
t: 1456289897.861550965
x: 347.798
y: 348.798
theta: 349.7979030m
---
t: 1456289897.941548514
x: 347.803
y: 348.803
theta: 349.8029540m
---
t: 1456289898.021535994
x: 347.817
y: 348.817
theta: 349.8170180m
---
t: 1456289898.021581740
x: 347.79
y: 348.79
theta: 349.7902630m
---
t: 1456289898.061554669
x: 347.785
y: 348.785
theta: 349.7850590m
---
t: 1456289898.141559334
x: 347.802
y: 348.802
theta: 349.8019370m
---
t: 1456289898.181546772
x: 347.796
y: 348.796
theta: 349.7961010m
---
t: 1456289898.301542423
x: 347.774
y: 348.774
theta: 349.7742100m
---
t: 1456289898.461584126
x: 347.794
y: 348.794
theta: 349.7936520m
---
t: 1456289898.661577223
x: 347.799
y: 348.799
theta: 349.7994470m
---
t: 1456289898.661648234
x: 347.792
y: 348.792
theta: 349.7920600m
---
t: 1456289898.741568569
x: 347.798
y: 348.798
theta: 349.7984880m
---
t: 1456289898.781551142
x: 347.799
y: 348.799
theta: 349.7988460m
---
t: 1456289898.861578554
x: 347.806
y: 348.806
theta: 349.8061760m
---
t: 1456289898.901535290
x: 347.787
y: 348.787
theta: 349.7866300m
---
t: 1456289898.901580728
x: 347.806
y: 348.806
theta: 349.8061900m
---
t: 1456289898.901619514
x: 347.79
y: 348.79
theta: 349.7899040m
---
t: 1456289898.981566349
x: 347.795
y: 348.795
theta: 349.7945770m
---
t: 1456289898.981630329
x: 347.827
y: 348.827
theta: 349.8270650m
---
t: 1456289899.021546624
x: 348.036
y: 349.036
theta: 350.0358000m
---
t: 1456289899.101551240
x: 348.045
y: 349.045
theta: 350.0453050m
---
t: 1456289899.141557636
x: 347.805
y: 348.805
theta: 349.8051940m
---
t: 1456289899.181548360
x: 347.898
y: 348.898
theta: 349.8984710m
---
t: 1456289899.301528157
x: 347.784
y: 348.784
theta: 349.7839770m
---
t: 1456289899.341551139
x: 347.602
y: 348.602
theta: 349.6017590m
---
t: 1456289899.341603181
x: 347.63
y: 348.63
theta: 349.6295120m
---
t: 1456289899.501543091
x: 347.926
y: 348.926
theta: 349.9263010m
---
t: 1456289899.581547455
x: 347.731
y: 348.731
theta: 349.7307680m
---
t: 1456289899.621545256
x: 348.015
y: 349.015
theta: 350.0151730m
---
t: 1456289899.661553979
x: 347.655
y: 348.655
theta: 349.6553880m
---
t: 1456289899.701547266
x: 347.734
y: 348.734
theta: 349.7341610m
---
t: 1456289899.781552668
x: 347.735
y: 348.735
theta: 349.7354630m
---
t: 1456289899.861545135
x: 347.848
y: 348.848
theta: 349.8477010m
---
t: 1456289900.021557457
x: 347.97
y: 348.97
theta: 349.9702940m
---
t: 1456289900.061549251
x: 348.074
y: 349.074
theta: 350.0743930m
---
t: 1456289900.101540780
x: 347.736
y: 348.736
theta: 349.7364690m
---
t: 1456289900.181548596
x: 347.884
y: 348.884
theta: 349.8841900m
---
t: 1456289900.221553358
x: 347.868
y: 348.868
theta: 349.8682270m
---
t: 1456289900.341526284
x: 347.671
y: 348.671
theta: 349.6707120m
---
t: 1456289900.421565863
x: 347.641
y: 348.641
theta: 349.6414990m
---
t: 1456289900.581551571
x: 347.541
y: 348.541
theta: 349.5411780m
---
t: 1456289900.581608675
x: 347.527
y: 348.527
theta: 349.5274490m
---
t: 1456289900.621567549
x: 347.811
y: 348.811
theta: 349.8108870m
---
t: 1456289900.661554531
x: 347.702
y: 348.702
theta: 349.7019690m
---
t: 1456289900.701517971
x: 347.716
y: 348.716
theta: 349.7163030m
---
t: 1456289900.741548538
x: 347.697
y: 348.697
theta: 349.6974470m
---
t: 1456289900.861585997
x: 347.352
y: 348.352
theta: 349.3521190m
---
t: 1456289901.021534945
x: 347.3
y: 348.3
theta: 349.3003230m
---
t: 1456289901.261549397
x: 347.314
y: 348.314
theta: 349.3142670m
---
t: 1456289901.421502873
x: 347.269
y: 348.269
theta: 349.2694910m
---
t: 1456289901.541534898
x: 347.276
y: 348.276
theta: 349.2760100m
---
t: 1456289901.581543906
x: 347.202
y: 348.202
theta: 349.2016170m
---
t: 1456289901.661557086
x: 347.228
y: 348.228
theta: 349.2284780m
---
t: 1456289901.701545679
x: 347.293
y: 348.293
theta: 349.2934000m
---
t: 1456289901.741523988
x: 347.191
y: 348.191
theta: 349.1912160m
---
t: 1456289901.781554499
x: 347.241
y: 348.241
theta: 349.2408260m
---
t: 1456289901.781597039
x: 347.23
y: 348.23
theta: 349.2301310m
---
t: 1456289902.061532070
x: 347.144
y: 348.144
theta: 349.1437740m
---
t: 1456289902.061570033
x: 347.114
y: 348.114
theta: 349.1142250m
---
t: 1456289902.141553788
x: 347.197
y: 348.197
theta: 349.1974080m
---
t: 1456289902.181497273
x: 347.003
y: 348.003
theta: 349.0026430m
---
t: 1456289902.381559691
x: 347.084
y: 348.084
theta: 349.0844940m
---
t: 1456289902.501556308
x: 347.05
y: 348.05
theta: 349.0502070m
---
t: 1456289902.582319646
x: 347.234
y: 348.234
theta: 349.2344170m
---
t: 1456289902.701547285
x: 347.31
y: 348.31
theta: 349.3096180m
---
t: 1456289902.821538860
x: 347.351
y: 348.351
theta: 349.3508120m
---
t: 1456289902.901529879
x: 347.31
y: 348.31
theta: 349.3102630m
---
t: 1456289902.901569826
x: 347.259
y: 348.259
theta: 349.2593570m
---
t: 1456289902.901607175
x: 347.267
y: 348.267
theta: 349.2674240m
---
t: 1456289902.941531442
x: 347.368
y: 348.368
theta: 349.3676980m
---
t: 1456289902.941580448
x: 347.327
y: 348.327
theta: 349.3268740m
---
t: 1456289902.981506692
x: 347.432
y: 348.432
theta: 349.4316200m
---
t: 1456289903.021501520
x: 347.459
y: 348.459
theta: 349.4592170m
---
t: 1456289903.141537034
x: 347.371
y: 348.371
theta: 349.3714070m
---
t: 1456289903.301552432
x: 347.41
y: 348.41
theta: 349.4101280m
---
t: 1456289903.301591583
x: 347.523
y: 348.523
theta: 349.5234620m
---
t: 1456289903.341531826
x: 347.551
y: 348.551
theta: 349.5510350m
---
t: 1456289903.461567471
x: 347.571
y: 348.571
theta: 349.5709200m
---
t: 1456289903.461628884
x: 347.507
y: 348.507
theta: 349.5072250m
---
t: 1456289903.501530191
x: 347.503
y: 348.503
theta: 349.5029450m
---
t: 1456289903.541533417
x: 347.491
y: 348.491
theta: 349.4911540m
---
t: 1456289903.581561661
x: 347.465
y: 348.465
theta: 349.4653830m
---
t: 1456289903.581614288
x: 347.386
y: 348.386
theta: 349.3859540m
---
t: 1456289903.621555710
x: 347.444
y: 348.444
theta: 349.4436880m
---
t: 1456289903.661533907
x: 347.539
y: 348.539
theta: 349.5388650m
---
t: 1456289903.741548504
x: 347.589
y: 348.589
theta: 349.5889390m
---
t: 1456289903.781542210
x: 347.675
y: 348.675
theta: 349.6754810m
---
t: 1456289903.821549682
x: 347.606
y: 348.606
theta: 349.6057830m
---
t: 1456289904.021532041
x: 347.634
y: 348.634
theta: 349.6342240m
---
t: 1456289904.141535943
x: 347.738
y: 348.738
theta: 349.7383440m
---
t: 1456289904.141584860
x: 347.662
y: 348.662
theta: 349.6616480m
---
t: 1456289904.181544149
x: 347.645
y: 348.645
theta: 349.6453760m
---
t: 1456289904.221525854
x: 347.714
y: 348.714
theta: 349.7144620m
---
t: 1456289904.261544469
x: 347.703
y: 348.703
theta: 349.7027420m
---
t: 1456289904.301542351
x: 347.708
y: 348.708
theta: 349.7076180m
---
t: 1456289904.341551741
x: 347.728
y: 348.728
theta: 349.7276230m
---
t: 1456289904.341621694
x: 347.848
y: 348.848
theta: 349.8477230m
---
t: 1456289904.461580241
x: 347.886
y: 348.886
theta: 349.8864570m
---
t: 1456289904.501548468
x: 347.869
y: 348.869
theta: 349.8686770m
---
t: 1456289904.501598788
x: 347.895
y: 348.895
theta: 349.8949900m
---
t: 1456289904.541633925
x: 347.91
y: 348.91
theta: 349.9102500m
---
t: 1456289904.581561992
x: 347.986
y: 348.986
theta: 349.9863740m
---
t: 1456289904.661559998
x: 347.839
y: 348.839
theta: 349.8393420m
---
t: 1456289904.701537567
x: 348.047
y: 349.047
theta: 350.0466450m
---
t: 1456289904.701584298
x: 348.021
y: 349.021
theta: 350.0207610m
---
t: 1456289904.821535088
x: 347.979
y: 348.979
theta: 349.9786140m
---
t: 1456289904.861547864
x: 347.998
y: 348.998
theta: 349.9977380m
---
t: 1456289904.901543707
x: 348.107
y: 349.107
theta: 350.1072960m
---
t: 1456289904.941523378
x: 348.083
y: 349.083
theta: 350.0825210m
---
t: 1456289904.941560379
x: 347.966
y: 348.966
theta: 349.9658430m
---
t: 1456289904.941596150
x: 348.089
y: 349.089
theta: 350.0885380m
---
t: 1456289905.021556619
x: 348.144
y: 349.144
theta: 350.1438830m
---
t: 1456289905.061535427
x: 348.113
y: 349.113
theta: 350.1131910m
---
t: 1456289905.101533572
x: 348.009
y: 349.009
theta: 350.0093220m
---
t: 1456289905.101575557
x: 348.056
y: 349.056
theta: 350.0557940m
---
t: 1456289905.141541255
x: 348.113
y: 349.113
theta: 350.1134000m
---
t: 1456289905.141585485
x: 348.07
y: 349.07
theta: 350.0697290m
---
t: 1456289905.301542297
x: 348.249
y: 349.249
theta: 350.2489760m
---
t: 1456289905.341533678
x: 348.211
y: 349.211
theta: 350.2106650m
---
t: 1456289905.381545198
x: 348.268
y: 349.268
theta: 350.2676280m
---
t: 1456289905.421501746
x: 348.242
y: 349.242
theta: 350.2422080m
---
t: 1456289905.501547528
x: 348.285
y: 349.285
theta: 350.2854330m
---
t: 1456289905.581559858
x: 348.215
y: 349.215
theta: 350.2150670m
---
t: 1456289905.581617106
x: 348.308
y: 349.308
theta: 350.3079970m
---
t: 1456289905.661546076
x: 348.372
y: 349.372
theta: 350.3721570m
---
t: 1456289905.701546819
x: 348.321
y: 349.321
theta: 350.3211250m
---
t: 1456289905.861544407
x: 348.406
y: 349.406
theta: 350.4060580m
---
t: 1456289905.901533614
x: 348.446
y: 349.446
theta: 350.4463730m
---
t: 1456289905.941545633
x: 348.417
y: 349.417
theta: 350.4165460m
---
t: 1456289906.141538800
x: 348.43
y: 349.43
theta: 350.4299410m
---
t: 1456289906.181509277
x: 348.568
y: 349.568
theta: 350.5678990m
---
t: 1456289906.221530908
x: 348.615
y: 349.615
theta: 350.6151830m
---
t: 1456289906.421537358
x: 348.548
y: 349.548
theta: 350.5482680m
---
t: 1456289906.421581397
x: 348.595
y: 349.595
theta: 350.5945780m
---
t: 1456289906.461517398
x: 348.571
y: 349.571
theta: 350.5711390m
---
t: 1456289906.501547706
x: 348.62
y: 349.62
theta: 350.6204250m
---
t: 1456289906.621573992
x: 348.588
y: 349.588
theta: 350.5877960m
---
t: 1456289906.741534830
x: 348.603
y: 349.603
theta: 350.6033090m
---
t: 1456289906.781538639
x: 348.531
y: 349.531
theta: 350.5309620m
---
t: 1456289906.821527763
x: 348.586
y: 349.586
theta: 350.5858370m
---
t: 1456289906.861546963
x: 348.623
y: 349.623
theta: 350.6228820m
---
t: 1456289906.981556801
x: 348.589
y: 349.589
theta: 350.5891620m
---
t: 1456289907.021538930
x: 348.479
y: 349.479
theta: 350.4789590m
---
t: 1456289907.021595475
x: 348.56
y: 349.56
theta: 350.5599280m
---
t: 1456289907.101539535
x: 348.479
y: 349.479
theta: 350.4789790m
---
t: 1456289907.101587165
x: 348.495
y: 349.495
theta: 350.4947670m
---
t: 1456289907.101619957
x: 348.493
y: 349.493
theta: 350.4934450m
---
t: 1456289907.181531751
x: 348.429
y: 349.429
theta: 350.4285870m
---
t: 1456289907.181579636
x: 348.54
y: 349.54
theta: 350.5404820m
---
t: 1456289907.221558052
x: 348.527
y: 349.527
theta: 350.5268910m
---
t: 1456289907.261533625
x: 348.487
y: 349.487
theta: 350.4872230m
---
t: 1456289907.301547071
x: 348.519
y: 349.519
theta: 350.5188310m
---
t: 1456289907.341539303
x: 348.53
y: 349.53
theta: 350.5295380m
---
t: 1456289907.381524207
x: 348.521
y: 349.521
theta: 350.5207370m
---
t: 1456289907.421527322
x: 348.52
y: 349.52
theta: 350.5200640m
---
t: 1456289907.421570217
x: 348.51
y: 349.51
theta: 350.5100580m
---
t: 1456289907.461567157
x: 348.555
y: 349.555
theta: 350.5552640m
---
t: 1456289907.461625308
x: 348.508
y: 349.508
theta: 350.5075870m
---
t: 1456289907.621490419
x: 348.564
y: 349.564
theta: 350.5640570m
---
t: 1456289907.661507408
x: 348.488
y: 349.488
theta: 350.4879310m
---
t: 1456289907.661544823
x: 348.572
y: 349.572
theta: 350.5715620m
---
t: 1456289907.821505009
x: 348.363
y: 349.363
theta: 350.3628790m
---
t: 1456289907.821551784
x: 348.318
y: 349.318
theta: 350.3178390m
---
t: 1456289907.821609454
x: 348.332
y: 349.332
theta: 350.3319570m
---
t: 1456289907.901551974
x: 348.375
y: 349.375
theta: 350.3746310m
---
t: 1456289907.941548625
x: 348.515
y: 349.515
theta: 350.5152780m
---
t: 1456289907.981554067
x: 348.509
y: 349.509
theta: 350.5094090m
---
t: 1456289908.021533586
x: 348.545
y: 349.545
theta: 350.5450360m
---
t: 1456289908.061532166
x: 348.554
y: 349.554
theta: 350.5535380m
---
t: 1456289908.181541607
x: 348.47
y: 349.47
theta: 350.4704130m
---
t: 1456289908.221540874
x: 348.435
y: 349.435
theta: 350.4350790m
---
t: 1456289908.301544525
x: 348.422
y: 349.422
theta: 350.4219510m
---
t: 1456289908.341543710
x: 348.508
y: 349.508
theta: 350.5081430m
---
t: 1456289908.381558146
x: 348.52
y: 349.52
theta: 350.5202860m
---
t: 1456289908.421543630
x: 348.513
y: 349.513
theta: 350.5133250m
---
t: 1456289908.501557586
x: 348.499
y: 349.499
theta: 350.4987510m
---
t: 1456289908.541581406
x: 348.48
y: 349.48
theta: 350.4802460m
---
t: 1456289908.581971855
x: 348.479
y: 349.479
theta: 350.4790910m
---
t: 1456289908.582030095
x: 348.486
y: 349.486
theta: 350.4864610m
---
t: 1456289908.741539669
x: 348.499
y: 349.499
theta: 350.4994980m
---
t: 1456289908.741586520
x: 348.494
y: 349.494
theta: 350.4944810m
---
t: 1456289908.821541461
x: 348.502
y: 349.502
theta: 350.5019270m
---
t: 1456289908.981558057
x: 348.473
y: 349.473
theta: 350.4726570m
---
t: 1456289909.061537014
x: 348.495
y: 349.495
theta: 350.4945170m
---
t: 1456289909.101544585
x: 348.496
y: 349.496
theta: 350.4962010m
---
t: 1456289909.141540177
x: 348.498
y: 349.498
theta: 350.4984670m
---
t: 1456289909.181552441
x: 348.494
y: 349.494
theta: 350.4943890m
---
t: 1456289909.221537394
x: 348.498
y: 349.498
theta: 350.4979620m
---
t: 1456289909.221585824
x: 348.494
y: 349.494
theta: 350.4940340m
---
t: 1456289909.261543878
x: 348.485
y: 349.485
theta: 350.4853510m
---
t: 1456289909.261591901
x: 348.492
y: 349.492
theta: 350.4924000m
---
t: 1456289909.261648301
x: 348.498
y: 349.498
theta: 350.4983390m
---
t: 1456289909.301542907
x: 348.483
y: 349.483
theta: 350.4830450m
---
t: 1456289909.341535435
x: 348.494
y: 349.494
theta: 350.4939080m
---
t: 1456289909.461777765
x: 348.485
y: 349.485
theta: 350.4851640m
---
t: 1456289909.501557540
x: 348.494
y: 349.494
theta: 350.4942960m
---
t: 1456289909.501608209
x: 348.5
y: 349.5
theta: 350.5000790m
---
t: 1456289909.581534812
x: 348.478
y: 349.478
theta: 350.4781450m
---
t: 1456289909.741531395
x: 348.49
y: 349.49
theta: 350.4901820m
---
t: 1456289909.741570598
x: 348.507
y: 349.507
theta: 350.5065290m
---
t: 1456289910.061556191
x: 348.488
y: 349.488
theta: 350.4875360m
---
t: 1456289910.301532077
x: 348.186
y: 349.186
theta: 350.1864940m
---
t: 1456289910.461564892
x: 347.096
y: 348.096
theta: 349.0964430m
---
t: 1456289910.461624989
x: 347.343
y: 348.343
theta: 349.3430250m
---
t: 1456289910.661588201
x: 343.558
y: 344.558
theta: 345.5580810m
---
t: 1456289910.701550554
x: 343.126
y: 344.126
theta: 345.1261080m
---
t: 1456289910.861537751
x: 340.955
y: 341.955
theta: 342.9551550m
---
t: 1456289910.861579359
x: 340.955
y: 341.955
theta: 342.9551550m
---
t: 1456289910.901556346
x: 340.955
y: 341.955
theta: 342.9551550m
---
t: 1456289910.941538464
x: 340.955
y: 341.955
theta: 342.9551550m
---
t: 1456289910.941586225
x: 341.102
y: 342.102
theta: 343.1018970m
---
t: 1456289911.141530878
x: 336.08
y: 337.08
theta: 338.0801130m
---
t: 1456289911.381519716
x: 332.051
y: 333.051
theta: 334.0511460m
---
t: 1456289911.421537723
x: 330.979
y: 331.979
theta: 332.9790840m
---
t: 1456289911.581562703
x: 329.672
y: 330.672
theta: 331.6718200m
---
t: 1456289911.581613813
x: 328.601
y: 329.601
theta: 330.6013790m
---
t: 1456289911.621544803
x: 329.898
y: 330.898
theta: 331.8982470m
---
t: 1456289911.701555630
x: 327.086
y: 328.086
theta: 329.0856530m
---
t: 1456289911.701612540
x: 327.459
y: 328.459
theta: 329.4586540m
---
t: 1456289911.701653616
x: 327.887
y: 328.887
theta: 329.8873620m
---
t: 1456289911.741540580
x: 326.983
y: 327.983
theta: 328.9829400m
---
t: 1456289911.781529261
x: 326.939
y: 327.939
theta: 328.9392330m
---
t: 1456289911.981579324
x: 326.845
y: 327.845
theta: 328.8452360m
---
t: 1456289911.981651717
x: 326.86
y: 327.86
theta: 328.8604560m
---
t: 1456289912.061544672
x: 326.86
y: 327.86
theta: 328.8600200m
---
t: 1456289912.101528478
x: 326.819
y: 327.819
theta: 328.8187480m
---
t: 1456289912.181547227
x: 326.944
y: 327.944
theta: 328.9444690m
---
t: 1456289912.181591690
x: 326.875
y: 327.875
theta: 328.8750250m
---
t: 1456289912.261536155
x: 326.881
y: 327.881
theta: 328.8806760m
---
t: 1456289912.341537571
x: 326.879
y: 327.879
theta: 328.8792380m
---
t: 1456289912.381555321
x: 326.873
y: 327.873
theta: 328.8728970m
---
t: 1456289912.421531989
x: 326.875
y: 327.875
theta: 328.8749880m
---
t: 1456289912.461571888
x: 326.887
y: 327.887
theta: 328.8873640m
---
t: 1456289912.501529639
x: 326.88
y: 327.88
theta: 328.8799920m
---
t: 1456289912.501568737
x: 326.888
y: 327.888
theta: 328.8877550m
---
t: 1456289912.501606688
x: 326.882
y: 327.882
theta: 328.8816780m
---
t: 1456289912.501646530
x: 326.883
y: 327.883
theta: 328.8826840m
---
t: 1456289912.541634698
x: 326.888
y: 327.888
theta: 328.8882280m
---
t: 1456289912.621560816
x: 326.878
y: 327.878
theta: 328.8777090m
---
t: 1456289912.621619406
x: 326.882
y: 327.882
theta: 328.8823050m
---
t: 1456289912.621660167
x: 326.886
y: 327.886
theta: 328.8856380m
---
t: 1456289912.701552778
x: 326.88
y: 327.88
theta: 328.8799400m
---
t: 1456289912.821529820
x: 326.869
y: 327.869
theta: 328.8694310m
---
t: 1456289912.821581130
x: 326.88
y: 327.88
theta: 328.8800850m
---
t: 1456289912.861552681
x: 326.874
y: 327.874
theta: 328.8744160m
---
t: 1456289912.901545724
x: 326.887
y: 327.887
theta: 328.8872910m
---
t: 1456289912.941550286
x: 326.875
y: 327.875
theta: 328.8748120m
---
t: 1456289912.941590950
x: 326.876
y: 327.876
theta: 328.8759900m
---
t: 1456289913.021532628
x: 326.883
y: 327.883
theta: 328.8833090m
---
t: 1456289913.021582423
x: 326.874
y: 327.874
theta: 328.8743770m
---
t: 1456289913.021620724
x: 326.884
y: 327.884
theta: 328.8836900m
---
t: 1456289913.141536458
x: 326.876
y: 327.876
theta: 328.8764310m
---
t: 1456289913.141580537
x: 326.879
y: 327.879
theta: 328.8785170m
---
t: 1456289913.181567355
x: 326.879
y: 327.879
theta: 328.8785870m
---
t: 1456289913.221534880
x: 326.878
y: 327.878
theta: 328.8782480m
---
t: 1456289913.501573440
x: 326.876
y: 327.876
theta: 328.8763450m
---
t: 1456289913.541534772
x: 326.875
y: 327.875
theta: 328.8752400m
---
t: 1456289913.581559528
x: 326.874
y: 327.874
theta: 328.8736190m
---
t: 1456289913.621539448
x: 326.88
y: 327.88
theta: 328.8796090m
---
t: 1456289913.621608063
x: 326.873
y: 327.873
theta: 328.8730620m
---
t: 1456289913.621691361
x: 326.871
y: 327.871
theta: 328.8714090m
---
t: 1456289913.661568747
x: 326.874
y: 327.874
theta: 328.8736370m
---
t: 1456289913.701553856
x: 326.879
y: 327.879
theta: 328.8788230m
---
t: 1456289913.781951987
x: 326.882
y: 327.882
theta: 328.8822690m
---
t: 1456289913.821537938
x: 326.876
y: 327.876
theta: 328.8755640m
---
t: 1456289913.861555594
x: 326.877
y: 327.877
theta: 328.8766080m
---
t: 1456289914.021551966
x: 326.872
y: 327.872
theta: 328.8716270m
---
t: 1456289914.061554457
x: 326.87
y: 327.87
theta: 328.8704460m
---
t: 1456289914.101555626
x: 326.868
y: 327.868
theta: 328.8680100m
---
t: 1456289914.141536871
x: 326.874
y: 327.874
theta: 328.8742040m
---
t: 1456289914.221549329
x: 326.869
y: 327.869
theta: 328.8689180m
---
t: 1456289914.261549951
x: 326.876
y: 327.876
theta: 328.8763390m
---
t: 1456289914.301540979
x: 326.873
y: 327.873
theta: 328.8729460m
---
t: 1456289914.421545935
x: 326.869
y: 327.869
theta: 328.8692270m
---
t: 1456289914.421598159
x: 326.878
y: 327.878
theta: 328.8781960m
---
t: 1456289914.461593519
x: 326.877
y: 327.877
theta: 328.8771840m
---
t: 1456289914.501546872
x: 326.871
y: 327.871
theta: 328.8706140m
---
t: 1456289914.541590293
x: 326.882
y: 327.882
theta: 328.8823450m
---
t: 1456289914.541687773
x: 326.869
y: 327.869
theta: 328.8690630m
---
t: 1456289914.581586305
x: 326.873
y: 327.873
theta: 328.8727420m
---
t: 1456289914.581668570
x: 326.878
y: 327.878
theta: 328.8784370m
---
t: 1456289914.581712896
x: 326.869
y: 327.869
theta: 328.8689960m
---
t: 1456289914.621541418
x: 326.874
y: 327.874
theta: 328.8740560m
---
t: 1456289914.621590485
x: 326.872
y: 327.872
theta: 328.8716980m
---
t: 1456289914.621629957
x: 326.873
y: 327.873
theta: 328.8731920m
---
t: 1456289914.741715683
x: 326.878
y: 327.878
theta: 328.8779640m
---
t: 1456289914.741768555
x: 326.867
y: 327.867
theta: 328.8674500m
---
t: 1456289914.861540476
x: 326.869
y: 327.869
theta: 328.8688610m
---
t: 1456289914.861589134
x: 326.861
y: 327.861
theta: 328.8606120m
---
t: 1456289914.941550440
x: 326.867
y: 327.867
theta: 328.8674740m
---
t: 1456289915.021548872
x: 326.872
y: 327.872
theta: 328.8718300m
---
t: 1456289915.061558642
x: 326.87
y: 327.87
theta: 328.8698010m
---
t: 1456289915.061601474
x: 326.869
y: 327.869
theta: 328.8686520m
---
t: 1456289915.061635116
x: 326.876
y: 327.876
theta: 328.8764350m
---
t: 1456289915.101549683
x: 326.887
y: 327.887
theta: 328.8868590m
---
t: 1456289915.101595460
x: 326.866
y: 327.866
theta: 328.8655700m
---
t: 1456289915.141550347
x: 326.872
y: 327.872
theta: 328.8720580m
---
t: 1456289915.141603841
x: 326.864
y: 327.864
theta: 328.8637590m
---
t: 1456289915.181562529
x: 326.883
y: 327.883
theta: 328.8834370m
---
t: 1456289915.301524310
x: 326.859
y: 327.859
theta: 328.8587340m
---
t: 1456289915.301569889
x: 326.857
y: 327.857
theta: 328.8571730m
---
t: 1456289915.341533907
x: 326.873
y: 327.873
theta: 328.8726020m
---
t: 1456289915.461507533
x: 326.869
y: 327.869
theta: 328.8693730m
---
t: 1456289915.541553206
x: 326.875
y: 327.875
theta: 328.8749240m
---
t: 1456289915.581561270
x: 326.876
y: 327.876
theta: 328.8756840m
---
t: 1456289915.581616678
x: 326.876
y: 327.876
theta: 328.8762550m
---
t: 1456289915.741558403
x: 326.863
y: 327.863
theta: 328.8632430m
---
t: 1456289915.741606567
x: 326.873
y: 327.873
theta: 328.8733910m
---
t: 1456289915.781541916
x: 326.864
y: 327.864
theta: 328.8637550m
---
t: 1456289915.781592825
x: 326.865
y: 327.865
theta: 328.8649250m
---
t: 1456289915.781633292
x: 326.874
y: 327.874
theta: 328.8741670m
---
t: 1456289915.781670365
x: 326.84
y: 327.84
theta: 328.8398450m
---
t: 1456289915.821534624
x: 326.868
y: 327.868
theta: 328.8675030m
---
t: 1456289915.901547615
x: 326.85
y: 327.85
theta: 328.8499720m
---
t: 1456289915.901594225
x: 326.871
y: 327.871
theta: 328.8714280m
---
t: 1456289915.941557731
x: 326.869
y: 327.869
theta: 328.8687890m
---
t: 1456289916.021535165
x: 326.85
y: 327.85
theta: 328.8500280m
---
t: 1456289916.101559173
x: 326.856
y: 327.856
theta: 328.8562780m
---
t: 1456289916.181588161
x: 326.851
y: 327.851
theta: 328.8507090m
---
t: 1456289916.181679720
x: 326.859
y: 327.859
theta: 328.8592900m
---
t: 1456289916.261552917
x: 326.866
y: 327.866
theta: 328.8658760m
---
t: 1456289916.341553966
x: 326.866
y: 327.866
theta: 328.8663580m
---
t: 1456289916.341605856
x: 326.871
y: 327.871
theta: 328.8707180m
---
t: 1456289916.381546855
x: 326.875
y: 327.875
theta: 328.8750470m
---
t: 1456289916.421504631
x: 326.864
y: 327.864
theta: 328.8639160m
---
t: 1456289916.502022829
x: 326.86
y: 327.86
theta: 328.8596250m
---
t: 1456289916.542059573
x: 326.867
y: 327.867
theta: 328.8674640m
---
t: 1456289916.542154622
x: 326.863
y: 327.863
theta: 328.8630680m
---
t: 1456289916.621512159
x: 326.865
y: 327.865
theta: 328.8651710m
---
t: 1456289916.701571846
x: 326.866
y: 327.866
theta: 328.8662650m
---
t: 1456289916.781551699
x: 326.869
y: 327.869
theta: 328.8690410m
---
t: 1456289916.781600493
x: 326.868
y: 327.868
theta: 328.8676440m
---
t: 1456289916.821550714
x: 326.871
y: 327.871
theta: 328.8709440m
---
t: 1456289916.861540937
x: 326.862
y: 327.862
theta: 328.8623730m
---
t: 1456289916.901540705
x: 326.865
y: 327.865
theta: 328.8651910m
---
t: 1456289916.901587280
x: 326.863
y: 327.863
theta: 328.8634960m
---
t: 1456289916.981571625
x: 326.864
y: 327.864
theta: 328.8644510m
---
t: 1456289917.021533193
x: 326.853
y: 327.853
theta: 328.8526100m
---
t: 1456289917.061499551
x: 326.862
y: 327.862
theta: 328.8619220m
---
t: 1456289917.101548214
x: 326.868
y: 327.868
theta: 328.8683790m
---
t: 1456289917.141563302
x: 326.874
y: 327.874
theta: 328.8738170m
---
t: 1456289917.181558024
x: 326.861
y: 327.861
theta: 328.8610630m
---
t: 1456289917.181617492
x: 326.868
y: 327.868
theta: 328.8677040m
---
t: 1456289917.181655367
x: 326.864
y: 327.864
theta: 328.8639530m
---
t: 1456289917.261544121
x: 326.865
y: 327.865
theta: 328.8650010m
---
t: 1456289917.381515995
x: 326.862
y: 327.862
theta: 328.8622860m
---
t: 1456289917.421538474
x: 326.867
y: 327.867
theta: 328.8666130m
---
t: 1456289917.421579537
x: 326.868
y: 327.868
theta: 328.8684890m
---
t: 1456289917.621572753
x: 326.863
y: 327.863
theta: 328.8631810m
---
t: 1456289917.701543914
x: 326.865
y: 327.865
theta: 328.8648900m
---
t: 1456289917.781553779
x: 326.846
y: 327.846
theta: 328.8463880m
---
t: 1456289917.821529544
x: 326.857
y: 327.857
theta: 328.8567160m
---
t: 1456289917.821566910
x: 326.865
y: 327.865
theta: 328.8647750m
---
t: 1456289917.861541236
x: 326.856
y: 327.856
theta: 328.8562650m
---
t: 1456289917.861592287
x: 326.864
y: 327.864
theta: 328.8636500m
---
t: 1456289917.861631369
x: 326.862
y: 327.862
theta: 328.8616570m
---
t: 1456289918.021543941
x: 326.861
y: 327.861
theta: 328.8610020m
---
t: 1456289918.021599111
x: 326.855
y: 327.855
theta: 328.8550260m
---
t: 1456289918.101533709
x: 326.863
y: 327.863
theta: 328.8627890m
---
t: 1456289918.101586465
x: 326.86
y: 327.86
theta: 328.8596930m
---
t: 1456289918.101626384
x: 326.852
y: 327.852
theta: 328.8520650m
---
t: 1456289918.501530985
x: 326.868
y: 327.868
theta: 328.8682280m
---
t: 1456289918.501591090
x: 326.864
y: 327.864
theta: 328.8636100m
---
t: 1456289918.621567005
x: 326.862
y: 327.862
theta: 328.8615290m
---
t: 1456289918.661576317
x: 326.858
y: 327.858
theta: 328.8582160m
---
t: 1456289918.701563744
x: 326.864
y: 327.864
theta: 328.8637520m
---
t: 1456289918.781532965
x: 326.868
y: 327.868
theta: 328.8683330m
---
t: 1456289918.821541107
x: 326.862
y: 327.862
theta: 328.8615220m
---
t: 1456289918.861544367
x: 326.864
y: 327.864
theta: 328.8635480m
---
t: 1456289918.941541288
x: 326.859
y: 327.859
theta: 328.8588200m
---
t: 1456289919.021536770
x: 326.848
y: 327.848
theta: 328.8482210m
---
t: 1456289919.221508468
x: 326.863
y: 327.863
theta: 328.8633720m
---
t: 1456289919.261546793
x: 326.864
y: 327.864
theta: 328.8639720m
---
t: 1456289919.261626073
x: 326.863
y: 327.863
theta: 328.8630370m
---
t: 1456289919.341544552
x: 326.863
y: 327.863
theta: 328.8631770m
---
t: 1456289919.341594138
x: 326.858
y: 327.858
theta: 328.8581250m
---
t: 1456289919.381554659
x: 326.857
y: 327.857
theta: 328.8566550m
---
t: 1456289919.421538457
x: 326.863
y: 327.863
theta: 328.8627880m
---
t: 1456289919.501545647
x: 326.856
y: 327.856
theta: 328.8563150m
---
t: 1456289919.501587392
x: 326.859
y: 327.859
theta: 328.8591280m
---
t: 1456289919.501611511
x: 326.87
y: 327.87
theta: 328.8701750m
---
t: 1456289919.541547468
x: 326.864
y: 327.864
theta: 328.8643250m
---
t: 1456289919.581554302
x: 326.854
y: 327.854
theta: 328.8542430m
---
t: 1456289919.621544621
x: 326.858
y: 327.858
theta: 328.8580710m
---
t: 1456289919.621586967
x: 326.863
y: 327.863
theta: 328.8630740m
---
t: 1456289919.741547284
x: 326.851
y: 327.851
theta: 328.8512180m
---
t: 1456289919.781547847
x: 326.839
y: 327.839
theta: 328.8386230m
---
t: 1456289919.821540449
x: 326.858
y: 327.858
theta: 328.8578540m
---
t: 1456289919.861546184
x: 326.853
y: 327.853
theta: 328.8528130m
---
t: 1456289919.981570065
x: 326.854
y: 327.854
theta: 328.8538760m
---
t: 1456289920.021536037
x: 326.851
y: 327.851
theta: 328.8508720m
---
t: 1456289920.101548725
x: 326.865
y: 327.865
theta: 328.8653500m
---
t: 1456289920.301553047
x: 326.857
y: 327.857
theta: 328.8567240m
---
t: 1456289920.341525370
x: 326.863
y: 327.863
theta: 328.8632970m
---
t: 1456289920.341570126
x: 326.858
y: 327.858
theta: 328.8584880m
---
t: 1456289920.381532810
x: 326.869
y: 327.869
theta: 328.8687170m
---
t: 1456289920.381577531
x: 326.854
y: 327.854
theta: 328.8541780m
---
t: 1456289920.421552437
x: 326.866
y: 327.866
theta: 328.8661240m
---
t: 1456289920.461564528
x: 326.857
y: 327.857
theta: 328.8570840m
---
t: 1456289920.461624006
x: 326.861
y: 327.861
theta: 328.8608360m
---
t: 1456289920.501548957
x: 326.866
y: 327.866
theta: 328.8659340m
---
t: 1456289920.541530674
x: 326.861
y: 327.861
theta: 328.8611630m
---
t: 1456289920.621557481
x: 326.853
y: 327.853
theta: 328.8527560m
---
t: 1456289920.621618933
x: 326.863
y: 327.863
theta: 328.8628320m
---
t: 1456289920.621659473
x: 326.854
y: 327.854
theta: 328.8537570m
---
t: 1456289920.701550822
x: 326.863
y: 327.863
theta: 328.8626560m
---
t: 1456289920.701594189
x: 326.862
y: 327.862
theta: 328.8623470m
---
t: 1456289920.861532014
x: 326.853
y: 327.853
theta: 328.8534890m
---
t: 1456289920.901528631
x: 326.862
y: 327.862
theta: 328.8624840m
---
t: 1456289920.981573799
x: 326.858
y: 327.858
theta: 328.8581940m
---
t: 1456289921.221548314
x: 326.86
y: 327.86
theta: 328.8604970m
---
t: 1456289921.261559614
x: 326.859
y: 327.859
theta: 328.8591220m
---
t: 1456289921.301551169
x: 326.855
y: 327.855
theta: 328.8548100m
---
t: 1456289921.581552577
x: 326.858
y: 327.858
theta: 328.8582560m
---
t: 1456289921.661542212
x: 326.859
y: 327.859
theta: 328.8586490m
---
t: 1456289921.821541728
x: 326.871
y: 327.871
theta: 328.8712290m
---
t: 1456289921.821584748
x: 326.864
y: 327.864
theta: 328.8635110m
---
t: 1456289921.861532564
x: 326.858
y: 327.858
theta: 328.8584570m
---
t: 1456289922.141539825
x: 326.86
y: 327.86
theta: 328.8595170m
---
t: 1456289922.141591148
x: 326.86
y: 327.86
theta: 328.8599030m
---
t: 1456289922.181508732
x: 326.861
y: 327.861
theta: 328.8605730m
---
t: 1456289922.181574822
x: 326.852
y: 327.852
theta: 328.8522380m
---
t: 1456289922.221540068
x: 326.866
y: 327.866
theta: 328.8657280m
---
t: 1456289922.301554792
x: 326.857
y: 327.857
theta: 328.8569390m
---
t: 1456289922.421547244
x: 326.854
y: 327.854
theta: 328.8535020m
---
t: 1456289922.501712607
x: 326.867
y: 327.867
theta: 328.8665950m
---
t: 1456289922.541665026
x: 326.851
y: 327.851
theta: 328.8507440m
---
t: 1456289922.581635184
x: 326.861
y: 327.861
theta: 328.8608230m
---
t: 1456289922.701576351
x: 326.854
y: 327.854
theta: 328.8540010m
---
t: 1456289922.861549366
x: 326.847
y: 327.847
theta: 328.8474310m
---
t: 1456289922.981554306
x: 326.851
y: 327.851
theta: 328.8513850m
---
t: 1456289923.021543160
x: 326.857
y: 327.857
theta: 328.8573150m
---
t: 1456289923.141541974
x: 326.86
y: 327.86
theta: 328.8601990m
---
t: 1456289923.181539100
x: 326.857
y: 327.857
theta: 328.8568300m
---
t: 1456289923.181588534
x: 326.855
y: 327.855
theta: 328.8548950m
---
t: 1456289923.381546589
x: 326.871
y: 327.871
theta: 328.8710990m
---
t: 1456289923.501544343
x: 326.858
y: 327.858
theta: 328.8576450m
---
t: 1456289923.741540015
x: 326.856
y: 327.856
theta: 328.8563210m
---
t: 1456289923.741576299
x: 326.861
y: 327.861
theta: 328.8609620m
---
t: 1456289923.741600914
x: 326.866
y: 327.866
theta: 328.8663900m
---
t: 1456289924.021542543
x: 326.856
y: 327.856
theta: 328.8558620m
---
t: 1456289924.141507316
x: 326.859
y: 327.859
theta: 328.8591340m
---
t: 1456289924.261549698
x: 326.856
y: 327.856
theta: 328.8561520m
---
t: 1456289924.421521325
x: 326.828
y: 327.828
theta: 328.8282370m
---
t: 1456289924.581559964
x: 326.857
y: 327.857
theta: 328.8571380m
---
t: 1456289924.701558774
x: 326.856
y: 327.856
theta: 328.8560070m
---
t: 1456289924.701606572
x: 326.853
y: 327.853
theta: 328.8530220m
---
t: 1456289924.781560213
x: 326.861
y: 327.861
theta: 328.8608660m
---
t: 1456289924.861548312
x: 326.854
y: 327.854
theta: 328.8541390m
---
t: 1456289924.901556683
x: 326.854
y: 327.854
theta: 328.8542330m
---
t: 1456289925.021554874
x: 326.854
y: 327.854
theta: 328.8542160m
---
t: 1456289925.061548657
x: 326.855
y: 327.855
theta: 328.8548820m
---
t: 1456289925.101549522
x: 326.855
y: 327.855
theta: 328.8549130m
---
t: 1456289925.141534252
x: 326.856
y: 327.856
theta: 328.8558260m
---
t: 1456289925.261530299
x: 326.855
y: 327.855
theta: 328.8553900m
---
t: 1456289925.421548322
x: 326.855
y: 327.855
theta: 328.8546420m
---
t: 1456289925.461569548
x: 326.856
y: 327.856
theta: 328.8563480m
---
t: 1456289925.461632006
x: 326.86
y: 327.86
theta: 328.8596080m
---
t: 1456289925.501576855
x: 326.854
y: 327.854
theta: 328.8543310m
---
t: 1456289925.581549763
x: 326.857
y: 327.857
theta: 328.8574730m
---
t: 1456289925.661559016
x: 326.852
y: 327.852
theta: 328.8517740m
---
t: 1456289925.821534369
x: 326.846
y: 327.846
theta: 328.8456690m
---
t: 1456289925.821583154
x: 326.852
y: 327.852
theta: 328.8524410m
---
t: 1456289925.901558695
x: 326.845
y: 327.845
theta: 328.8451170m
---
t: 1456289926.021539356
x: 326.867
y: 327.867
theta: 328.8671520m
---
t: 1456289926.021585316
x: 326.861
y: 327.861
theta: 328.8614970m
---
t: 1456289926.101566924
x: 326.85
y: 327.85
theta: 328.8503070m
---
t: 1456289926.141530501
x: 326.862
y: 327.862
theta: 328.8621960m
---
t: 1456289926.181544521
x: 326.857
y: 327.857
theta: 328.8570030m
---
t: 1456289926.381536926
x: 326.846
y: 327.846
theta: 328.8459250m
---
t: 1456289926.381586588
x: 326.826
y: 327.826
theta: 328.8259290m
---
t: 1456289926.421538678
x: 326.858
y: 327.858
theta: 328.8583200m
---
t: 1456289926.461505739
x: 326.848
y: 327.848
theta: 328.8482720m
---
t: 1456289926.661565413
x: 326.854
y: 327.854
theta: 328.8539820m
---
t: 1456289926.861523100
x: 326.854
y: 327.854
theta: 328.8535860m
---
t: 1456289927.141543235
x: 326.852
y: 327.852
theta: 328.8521330m
---
t: 1456289927.181569137
x: 326.86
y: 327.86
theta: 328.8597360m
---
t: 1456289927.261546484
x: 326.859
y: 327.859
theta: 328.8590160m
---
t: 1456289927.261584555
x: 326.856
y: 327.856
theta: 328.8562310m
---
t: 1456289927.381587697
x: 326.85
y: 327.85
theta: 328.8500450m
---
t: 1456289927.501997368
x: 326.86
y: 327.86
theta: 328.8595100m
---
t: 1456289927.502236642
x: 326.836
