t: 1456289927.973551111
x: 326.856
y: 327.856
theta: 328.8562480m
---
t: 1456289927.973675428
x: 326.858
y: 327.858
theta: 328.8576440m
---
t: 1456289928.133385120
x: 326.856
y: 327.856
theta: 328.8555160m
---
t: 1456289928.293367892
x: 326.863
y: 327.863
theta: 328.8626960m
---
t: 1456289928.453397858
x: 326.862
y: 327.862
theta: 328.8623800m
---
t: 1456289928.493420852
x: 326.85
y: 327.85
theta: 328.8501450m
---
t: 1456289928.573408620
x: 326.846
y: 327.846
theta: 328.8463060m
---
t: 1456289928.653420827
x: 326.893
y: 327.893
theta: 328.8925910m
---
t: 1456289928.653481227
x: 327.224
y: 328.224
theta: 329.2236110m
---
t: 1456289928.733408371
x: 326.472
y: 327.472
theta: 328.4715440m
---
t: 1456289928.893394365
x: 326.42
y: 327.42
theta: 328.4202130m
---
t: 1456289928.973411071
x: 326.389
y: 327.389
theta: 328.3893050m
---
t: 1456289929.213395880
x: 326.193
y: 327.193
theta: 328.1929340m
---
t: 1456289929.253382082
x: 326.191
y: 327.191
theta: 328.1908950m
---
t: 1456289929.253422584
x: 325.886
y: 326.886
theta: 327.8861400m
---
t: 1456289929.333405994
x: 325.798
y: 326.798
theta: 327.7975310m
---
t: 1456289929.493414015
x: 325.583
y: 326.583
theta: 327.5829130m
---
t: 1456289929.533354751
x: 325.554
y: 326.554
theta: 327.5535160m
---
t: 1456289929.573394430
x: 325.471
y: 326.471
theta: 327.4705670m
---
t: 1456289929.573437893
x: 325.475
y: 326.475
theta: 327.4749990m
---
t: 1456289929.613401261
x: 325.396
y: 326.396
theta: 327.3964730m
---
t: 1456289929.693394323
x: 325.137
y: 326.137
theta: 327.1373200m
---
t: 1456289929.933367549
x: 323.638
y: 324.638
theta: 325.6383340m
---
t: 1456289930.013414109
x: 323.22
y: 324.22
theta: 325.2203840m
---
t: 1456289930.173382400
x: 322.447
y: 323.447
theta: 324.4470040m
---
t: 1456289930.173416753
x: 322.293
y: 323.293
theta: 324.2928950m
---
t: 1456289930.213390191
x: 322.343
y: 323.343
theta: 324.3432170m
---
t: 1456289930.453401796
x: 321.957
y: 322.957
theta: 323.9569830m
---
t: 1456289930.453452068
x: 321.392
y: 322.392
theta: 323.3917520m
---
t: 1456289930.493417977
x: 321.079
y: 322.079
theta: 323.0788810m
---
t: 1456289930.533512802
x: 320.951
y: 321.951
theta: 322.9511860m
---
t: 1456289930.533613932
x: 321.056
y: 322.056
theta: 323.0557640m
---
t: 1456289930.533661626
x: 320.974
y: 321.974
theta: 322.9737710m
---
t: 1456289930.733404042
x: 321.035
y: 322.035
theta: 323.0352020m
---
t: 1456289930.773345320
x: 321.132
y: 322.132
theta: 323.1321040m
---
t: 1456289930.813358808
x: 321.159
y: 322.159
theta: 323.1586840m
---
t: 1456289930.933348074
x: 321.128
y: 322.128
theta: 323.1283770m
---
t: 1456289931.053405967
x: 320.916
y: 321.916
theta: 322.9163460m
---
t: 1456289931.133398388
x: 320.863
y: 321.863
theta: 322.8625710m
---
t: 1456289931.133444574
x: 320.83
y: 321.83
theta: 322.8300040m
---
t: 1456289931.133474652
x: 320.786
y: 321.786
theta: 322.7855820m
---
t: 1456289931.173390470
x: 320.768
y: 321.768
theta: 322.7678740m
---
t: 1456289931.213356501
x: 320.701
y: 321.701
theta: 322.7011850m
---
t: 1456289931.333365851
x: 320.619
y: 321.619
theta: 322.6191190m
---
t: 1456289931.413407467
x: 320.309
y: 321.309
theta: 322.3093490m
---
t: 1456289931.453384819
x: 319.889
y: 320.889
theta: 321.8891840m
---
t: 1456289931.493410761
x: 319.965
y: 320.965
theta: 321.9647950m
---
t: 1456289931.533357136
x: 319.874
y: 320.874
theta: 321.8744110m
---
t: 1456289931.613390048
x: 319.709
y: 320.709
theta: 321.7085500m
---
t: 1456289931.653393378
x: 319.615
y: 320.615
theta: 321.6149260m
---
t: 1456289931.733405608
x: 319.329
y: 320.329
theta: 321.3293540m
---
t: 1456289931.773386410
x: 319.162
y: 320.162
theta: 321.1616550m
---
t: 1456289931.933385473
x: 317.876
y: 318.876
theta: 319.8756340m
---
t: 1456289932.253398475
x: 315.942
y: 316.942
theta: 317.9423090m
---
t: 1456289932.373378872
x: 316.453
y: 317.453
theta: 318.4534700m
---
t: 1456289932.413397625
x: 316.356
y: 317.356
theta: 318.3562040m
---
t: 1456289932.453397500
x: 316.058
y: 317.058
theta: 318.0584880m
---
t: 1456289932.573426363
x: 315.907
y: 316.907
theta: 317.9074300m
---
t: 1456289932.573483138
x: 315.993
y: 316.993
theta: 317.9930020m
---
t: 1456289932.653428525
x: 315.846
y: 316.846
theta: 317.8456510m
---
t: 1456289932.733406810
x: 315.876
y: 316.876
theta: 317.8762520m
---
t: 1456289932.733450855
x: 315.869
y: 316.869
theta: 317.8692170m
---
t: 1456289932.773392881
x: 315.833
y: 316.833
theta: 317.8332780m
---
t: 1456289932.813394905
x: 315.827
y: 316.827
theta: 317.8270540m
---
t: 1456289932.813439053
x: 315.75
y: 316.75
theta: 317.7499690m
---
t: 1456289933.053355753
x: 315.876
y: 316.876
theta: 317.8760310m
---
t: 1456289933.253402646
x: 315.56
y: 316.56
theta: 317.5597540m
---
t: 1456289933.293386917
x: 315.446
y: 316.446
theta: 317.4460780m
---
t: 1456289933.333345660
x: 315.396
y: 316.396
theta: 317.3956060m
---
t: 1456289933.413404448
x: 315.246
y: 316.246
theta: 317.2455280m
---
t: 1456289933.493413857
x: 315.003
y: 316.003
theta: 317.0033220m
---
t: 1456289933.613390871
x: 314.726
y: 315.726
theta: 316.7255090m
---
t: 1456289933.653378601
x: 314.859
y: 315.859
theta: 316.8593420m
---
t: 1456289933.653429008
x: 314.757
y: 315.757
theta: 316.7570790m
---
t: 1456289933.853404612
x: 314.508
y: 315.508
theta: 316.5081430m
---
t: 1456289933.893404996
x: 314.461
y: 315.461
theta: 316.4613740m
---
t: 1456289933.933399333
x: 314.628
y: 315.628
theta: 316.6280400m
---
t: 1456289934.013404714
x: 314.045
y: 315.045
theta: 316.0452610m
---
t: 1456289934.213404190
x: 312.231
y: 313.231
theta: 314.2311890m
---
t: 1456289934.333397771
x: 311.838
y: 312.838
theta: 313.8376620m
---
t: 1456289934.333434215
x: 311.757
y: 312.757
theta: 313.7567620m
---
t: 1456289934.373399316
x: 311.693
y: 312.693
theta: 313.6926800m
---
t: 1456289934.413397195
x: 311.735
y: 312.735
theta: 313.7353610m
---
t: 1456289934.413440647
x: 311.751
y: 312.751
theta: 313.7513160m
---
t: 1456289934.533501476
x: 310.988
y: 311.988
theta: 312.9883900m
---
t: 1456289934.573423065
x: 310.738
y: 311.738
theta: 312.7384030m
---
t: 1456289934.573482700
x: 311.175
y: 312.175
theta: 313.1748860m
---
t: 1456289934.653432550
x: 311.265
y: 312.265
theta: 313.2645440m
---
t: 1456289934.693421257
x: 311.256
y: 312.256
theta: 313.2560780m
---
t: 1456289934.813398897
x: 311.382
y: 312.382
theta: 313.3817970m
---
t: 1456289934.893339054
x: 312.22
y: 313.22
theta: 314.2202630m
---
t: 1456289934.973391752
x: 312.004
y: 313.004
theta: 314.0044500m
---
t: 1456289935.013400354
x: 311.81
y: 312.81
theta: 313.8104220m
---
t: 1456289935.173398446
x: 311.426
y: 312.426
theta: 313.4264090m
---
t: 1456289935.853370841
x: 311.46
y: 312.46
theta: 313.4603540m
---
t: 1456289935.893404333
x: 311.359
y: 312.359
theta: 313.3594130m
---
t: 1456289935.933415434
x: 311.427
y: 312.427
theta: 313.4271930m
---
t: 1456289935.973436235
x: 311.584
y: 312.584
theta: 313.5835180m
---
t: 1456289936.373361490
x: 311.56
y: 312.56
theta: 313.5601700m
---
t: 1456289936.453412471
x: 311.593
y: 312.593
theta: 313.5934220m
---
t: 1456289936.453463433
x: 311.552
y: 312.552
theta: 313.5517090m
---
t: 1456289936.533824504
x: 311.486
y: 312.486
theta: 313.4860790m
---
t: 1456289936.573420637
x: 311.532
y: 312.532
theta: 313.5322750m
---
t: 1456289936.653412631
x: 311.554
y: 312.554
theta: 313.5537510m
---
t: 1456289936.693447187
x: 311.553
y: 312.553
theta: 313.5530370m
---
t: 1456289936.733414321
x: 311.475
y: 312.475
theta: 313.4747220m
---
t: 1456289936.773398891
x: 311.43
y: 312.43
theta: 313.4295390m
---
t: 1456289936.813414644
x: 311.495
y: 312.495
theta: 313.4951110m
---
t: 1456289936.813477870
x: 311.514
y: 312.514
theta: 313.5143810m
---
t: 1456289936.933394872
x: 311.482
y: 312.482
theta: 313.4819380m
---
t: 1456289937.333390642
x: 311.468
y: 312.468
theta: 313.4675340m
---
t: 1456289937.333436129
x: 311.474
y: 312.474
theta: 313.4736790m
---
t: 1456289937.373384941
x: 311.48
y: 312.48
theta: 313.4795120m
---
t: 1456289937.373429431
x: 311.482
y: 312.482
theta: 313.4822950m
---
t: 1456289937.413393113
x: 311.501
y: 312.501
theta: 313.5006840m
---
t: 1456289937.453359946
x: 311.497
y: 312.497
theta: 313.4973130m
---
t: 1456289937.573402920
x: 311.468
y: 312.468
theta: 313.4679890m
---
t: 1456289937.653395502
x: 311.47
y: 312.47
theta: 313.4704430m
---
t: 1456289937.733400218
x: 311.475
y: 312.475
theta: 313.4747160m
---
t: 1456289937.813424635
x: 311.487
y: 312.487
theta: 313.4871210m
---
t: 1456289937.933402229
x: 311.468
y: 312.468
theta: 313.4678450m
---
t: 1456289937.973392136
x: 311.469
y: 312.469
theta: 313.4692050m
---
t: 1456289938.053411962
x: 311.477
y: 312.477
theta: 313.4767480m
---
t: 1456289938.133401366
x: 311.481
y: 312.481
theta: 313.4805060m
---
t: 1456289938.173406172
x: 311.478
y: 312.478
theta: 313.4778650m
---
t: 1456289938.293404921
x: 311.475
y: 312.475
theta: 313.4751540m
---
t: 1456289938.293454935
x: 311.481
y: 312.481
theta: 313.4810150m
---
t: 1456289938.293517334
x: 311.471
y: 312.471
theta: 313.4713830m
---
t: 1456289938.333354828
x: 311.465
y: 312.465
theta: 313.4649330m
---
t: 1456289938.333396265
x: 311.471
y: 312.471
theta: 313.4712770m
---
t: 1456289938.413388200
x: 311.662
y: 312.662
theta: 313.6624800m
---
t: 1456289938.573526665
x: 311.377
y: 312.377
theta: 313.3771540m
---
t: 1456289938.573621929
x: 311.377
y: 312.377
theta: 313.3771540m
---
t: 1456289938.613398493
x: 311.377
y: 312.377
theta: 313.3771540m
---
t: 1456289938.613448596
x: 311.305
y: 312.305
theta: 313.3045990m
---
t: 1456289938.613492867
x: 311.681
y: 312.681
theta: 313.6806990m
---
t: 1456289938.613614118
x: 311.68
y: 312.68
theta: 313.6802550m
---
t: 1456289938.693389304
x: 311.673
y: 312.673
theta: 313.6732710m
---
t: 1456289938.733408645
x: 311.693
y: 312.693
theta: 313.6925780m
---
t: 1456289938.733447299
x: 311.6
y: 312.6
theta: 313.5999880m
---
t: 1456289938.733482230
x: 311.549
y: 312.549
theta: 313.5493180m
---
t: 1456289938.773402441
x: 311.582
y: 312.582
theta: 313.5819870m
---
t: 1456289938.773444963
x: 311.61
y: 312.61
theta: 313.6103120m
---
t: 1456289938.813394729
x: 311.618
y: 312.618
theta: 313.6183580m
---
t: 1456289938.853403184
x: 311.666
y: 312.666
theta: 313.6661580m
---
t: 1456289938.893386066
x: 311.653
y: 312.653
theta: 313.6527050m
---
t: 1456289938.893421998
x: 311.761
y: 312.761
theta: 313.7611170m
---
t: 1456289938.933390166
x: 311.75
y: 312.75
theta: 313.7496040m
---
t: 1456289938.933430725
x: 311.751
y: 312.751
theta: 313.7510570m
---
t: 1456289938.973412736
x: 311.769
y: 312.769
theta: 313.7688500m
---
t: 1456289939.053392057
x: 311.731
y: 312.731
theta: 313.7313680m
---
t: 1456289939.093393952
x: 311.718
y: 312.718
theta: 313.7179890m
---
t: 1456289939.093439854
x: 311.731
y: 312.731
theta: 313.7309770m
---
t: 1456289939.173389411
x: 311.735
y: 312.735
theta: 313.7348050m
---
t: 1456289939.253387986
x: 311.747
y: 312.747
theta: 313.7472380m
---
t: 1456289939.253431457
x: 311.747
y: 312.747
theta: 313.7472380m
---
t: 1456289939.253461980
x: 311.608
y: 312.608
theta: 313.6079310m
---
t: 1456289939.293385306
x: 311.562
y: 312.562
theta: 313.5618240m
---
t: 1456289939.293426614
x: 311.625
y: 312.625
theta: 313.6248260m
---
t: 1456289939.293458640
x: 311.576
y: 312.576
theta: 313.5760340m
---
t: 1456289939.333386634
x: 311.624
y: 312.624
theta: 313.6240880m
---
t: 1456289939.373393994
x: 311.566
y: 312.566
theta: 313.5662850m
---
t: 1456289939.413341899
x: 311.555
y: 312.555
theta: 313.5554150m
---
t: 1456289939.413390886
x: 311.569
y: 312.569
theta: 313.5687820m
---
t: 1456289939.453379947
x: 311.592
y: 312.592
theta: 313.5923870m
---
t: 1456289939.533341875
x: 311.656
y: 312.656
theta: 313.6563510m
---
t: 1456289939.533379662
x: 311.585
y: 312.585
theta: 313.5851330m
---
t: 1456289939.573396661
x: 311.544
y: 312.544
theta: 313.5439970m
---
t: 1456289939.613385861
x: 311.544
y: 312.544
theta: 313.5443130m
---
t: 1456289939.613433240
x: 311.565
y: 312.565
theta: 313.5654250m
---
t: 1456289939.693393557
x: 311.48
y: 312.48
theta: 313.4798740m
---
t: 1456289939.733390330
x: 311.51
y: 312.51
theta: 313.5095630m
---
t: 1456289939.733433326
x: 311.52
y: 312.52
theta: 313.5196440m
---
t: 1456289939.733463795
x: 311.496
y: 312.496
theta: 313.4963040m
---
t: 1456289939.773390320
x: 311.525
y: 312.525
theta: 313.5250190m
---
t: 1456289939.813348761
x: 311.561
y: 312.561
theta: 313.5608880m
---
t: 1456289939.893345958
x: 311.553
y: 312.553
theta: 313.5531040m
---
t: 1456289939.893388195
x: 311.521
y: 312.521
theta: 313.5212780m
---
t: 1456289939.973409994
x: 311.509
y: 312.509
theta: 313.5088040m
---
t: 1456289939.973460513
x: 311.499
y: 312.499
theta: 313.4990590m
---
t: 1456289940.013400281
x: 311.51
y: 312.51
theta: 313.5098800m
---
t: 1456289940.053383708
x: 311.471
y: 312.471
theta: 313.4709120m
---
t: 1456289940.053419728
x: 311.521
y: 312.521
theta: 313.5213260m
---
t: 1456289940.053453782
x: 311.473
y: 312.473
theta: 313.4728200m
---
t: 1456289940.173397920
x: 311.457
y: 312.457
theta: 313.4566140m
---
t: 1456289940.173438618
x: 311.482
y: 312.482
theta: 313.4817830m
---
t: 1456289940.213387650
x: 311.49
y: 312.49
theta: 313.4898010m
---
t: 1456289940.213424107
x: 311.473
y: 312.473
theta: 313.4729250m
---
t: 1456289940.213454012
x: 311.43
y: 312.43
theta: 313.4299950m
---
t: 1456289940.253346021
x: 311.44
y: 312.44
theta: 313.4400670m
---
t: 1456289940.253385109
x: 311.418
y: 312.418
theta: 313.4179010m
---
t: 1456289940.413400482
x: 311.418
y: 312.418
theta: 313.4179200m
---
t: 1456289940.413443699
x: 311.428
y: 312.428
theta: 313.4283330m
---
t: 1456289940.453360353
x: 311.438
y: 312.438
theta: 313.4378840m
---
t: 1456289940.493417481
x: 311.454
y: 312.454
theta: 313.4536770m
---
t: 1456289940.493478156
x: 311.419
y: 312.419
theta: 313.4191180m
---
t: 1456289940.533442893
x: 311.43
y: 312.43
theta: 313.4301650m
---
t: 1456289940.533505912
x: 311.422
y: 312.422
theta: 313.4219180m
---
t: 1456289940.533563981
x: 311.428
y: 312.428
theta: 313.4283660m
---
t: 1456289940.613403919
x: 311.464
y: 312.464
theta: 313.4635220m
---
t: 1456289940.613452859
x: 311.402
y: 312.402
theta: 313.4018900m
---
t: 1456289940.613488120
x: 311.445
y: 312.445
theta: 313.4454310m
---
t: 1456289940.613524496
x: 311.43
y: 312.43
theta: 313.4304640m
---
t: 1456289940.733387285
x: 311.374
y: 312.374
theta: 313.3735790m
---
t: 1456289940.733448573
x: 311.378
y: 312.378
theta: 313.3776600m
---
t: 1456289940.773387398
x: 311.33
y: 312.33
theta: 313.3298380m
---
t: 1456289940.813407227
x: 311.323
y: 312.323
theta: 313.3232930m
---
t: 1456289940.853397289
x: 311.336
y: 312.336
theta: 313.3360620m
---
t: 1456289940.853444353
x: 311.384
y: 312.384
theta: 313.3844360m
---
t: 1456289940.853479848
x: 311.292
y: 312.292
theta: 313.2915150m
---
t: 1456289940.893386864
x: 311.24
y: 312.24
theta: 313.2395590m
---
t: 1456289940.933406922
x: 311.234
y: 312.234
theta: 313.2338750m
---
t: 1456289940.973366135
x: 311.205
y: 312.205
theta: 313.2051860m
---
t: 1456289940.973439804
x: 311.205
y: 312.205
theta: 313.2053800m
---
t: 1456289941.013417506
x: 311.18
y: 312.18
theta: 313.1802170m
---
t: 1456289941.093407806
x: 311.248
y: 312.248
theta: 313.2484410m
---
t: 1456289941.133402197
x: 311.212
y: 312.212
theta: 313.2119790m
---
t: 1456289941.173348994
x: 311.199
y: 312.199
theta: 313.1988260m
---
t: 1456289941.293411755
x: 311.147
y: 312.147
theta: 313.1466130m
---
t: 1456289941.333396474
x: 311.093
y: 312.093
theta: 313.0931490m
---
t: 1456289941.413386955
x: 311.02
y: 312.02
theta: 313.0204950m
---
t: 1456289941.453393378
x: 311.015
y: 312.015
theta: 313.0145030m
---
t: 1456289941.453434264
x: 310.989
y: 311.989
theta: 312.9887960m
---
t: 1456289941.493422770
x: 310.995
y: 311.995
theta: 312.9951660m
---
t: 1456289941.493480290
x: 310.997
y: 311.997
theta: 312.9966380m
---
t: 1456289941.493517925
x: 311.093
y: 312.093
theta: 313.0931850m
---
t: 1456289941.533394958
x: 310.986
y: 311.986
theta: 312.9863390m
---
t: 1456289941.533434629
x: 310.972
y: 311.972
theta: 312.9716590m
---
t: 1456289941.533460324
x: 310.975
y: 311.975
theta: 312.9750480m
---
t: 1456289941.573404739
x: 310.998
y: 311.998
theta: 312.9976120m
---
t: 1456289941.613401834
x: 310.978
y: 311.978
theta: 312.9783830m
---
t: 1456289941.693400373
x: 310.958
y: 311.958
theta: 312.9580880m
---
t: 1456289941.733336381
x: 310.954
y: 311.954
theta: 312.9541300m
---
t: 1456289941.733373355
x: 310.939
y: 311.939
theta: 312.9387710m
---
t: 1456289941.813347873
x: 310.926
y: 311.926
theta: 312.9259160m
---
t: 1456289941.813383743
x: 310.948
y: 311.948
theta: 312.9483610m
---
t: 1456289941.813416788
x: 310.936
y: 311.936
theta: 312.9359550m
---
t: 1456289941.853399025
x: 310.918
y: 311.918
theta: 312.9175370m
---
t: 1456289941.853445745
x: 310.895
y: 311.895
theta: 312.8952820m
---
t: 1456289941.853477127
x: 310.905
y: 311.905
theta: 312.9045450m
---
t: 1456289941.933390681
x: 310.84
y: 311.84
theta: 312.8396330m
---
t: 1456289941.973432542
x: 310.809
y: 311.809
theta: 312.8089460m
---
t: 1456289942.013403581
x: 310.842
y: 311.842
theta: 312.8423320m
---
t: 1456289942.053398514
x: 310.776
y: 311.776
theta: 312.7764870m
---
t: 1456289942.053448054
x: 310.765
y: 311.765
theta: 312.7650060m
---
t: 1456289942.093395260
x: 310.695
y: 311.695
theta: 312.6952500m
---
t: 1456289942.133401575
x: 310.726
y: 311.726
theta: 312.7259270m
---
t: 1456289942.133444886
x: 310.712
y: 311.712
theta: 312.7118710m
---
t: 1456289942.173347636
x: 310.709
y: 311.709
theta: 312.7093610m
---
t: 1456289942.173397062
x: 310.659
y: 311.659
theta: 312.6593020m
---
t: 1456289942.213350358
x: 310.682
y: 311.682
theta: 312.6819340m
---
t: 1456289942.213385827
x: 310.664
y: 311.664
theta: 312.6638380m
---
t: 1456289942.253407161
x: 310.682
y: 311.682
theta: 312.6822120m
---
t: 1456289942.293390031
x: 310.696
y: 311.696
theta: 312.6958750m
---
t: 1456289942.293433014
x: 310.632
y: 311.632
theta: 312.6322250m
---
t: 1456289942.333384635
x: 310.627
y: 311.627
theta: 312.6274770m
---
t: 1456289942.333429074
x: 310.601
y: 311.601
theta: 312.6005970m
---
t: 1456289942.373396517
x: 310.621
y: 311.621
theta: 312.6211210m
---
t: 1456289942.373443451
x: 310.583
y: 311.583
theta: 312.5834930m
---
t: 1456289942.413396654
x: 310.599
y: 311.599
theta: 312.5987900m
---
t: 1456289942.453346462
x: 310.598
y: 311.598
theta: 312.5979700m
---
t: 1456289942.493398572
x: 310.54
y: 311.54
theta: 312.5402520m
---
t: 1456289942.533436863
x: 310.527
y: 311.527
theta: 312.5268840m
---
t: 1456289942.573423483
x: 310.537
y: 311.537
theta: 312.5367320m
---
t: 1456289942.573484559
x: 310.49
y: 311.49
theta: 312.4901850m
---
t: 1456289942.573519271
x: 310.473
y: 311.473
theta: 312.4729220m
---
t: 1456289942.613418486
x: 310.442
y: 311.442
theta: 312.4424100m
---
t: 1456289942.653405253
x: 310.464
y: 311.464
theta: 312.4644480m
---
t: 1456289942.693413197
x: 310.483
y: 311.483
theta: 312.4830260m
---
t: 1456289942.693464757
x: 310.448
y: 311.448
theta: 312.4482690m
---
t: 1456289942.773350005
x: 310.443
y: 311.443
theta: 312.4431570m
---
t: 1456289942.813397753
x: 310.388
y: 311.388
theta: 312.3879120m
---
t: 1456289942.813437559
x: 310.387
y: 311.387
theta: 312.3865500m
---
t: 1456289942.853350936
x: 310.373
y: 311.373
theta: 312.3728740m
---
t: 1456289942.853395116
x: 310.377
y: 311.377
theta: 312.3770900m
---
t: 1456289942.853426871
x: 310.346
y: 311.346
theta: 312.3457610m
---
t: 1456289942.973374789
x: 310.287
y: 311.287
theta: 312.2871230m
---
t: 1456289943.053399239
x: 310.266
y: 311.266
theta: 312.2664940m
---
t: 1456289943.053450646
x: 310.252
y: 311.252
theta: 312.2515180m
---
t: 1456289943.133395614
x: 310.177
y: 311.177
theta: 312.1768750m
---
t: 1456289943.173383299
x: 310.159
y: 311.159
theta: 312.1591880m
---
t: 1456289943.253408009
x: 310.078
y: 311.078
theta: 312.0783260m
---
t: 1456289943.333387715
x: 310.058
y: 311.058
theta: 312.0580020m
---
t: 1456289943.333431267
x: 310.036
y: 311.036
theta: 312.0361220m
---
t: 1456289943.333467745
x: 310.028
y: 311.028
theta: 312.0275800m
---
t: 1456289943.373386546
x: 310.041
y: 311.041
theta: 312.0405180m
---
t: 1456289943.373421884
x: 309.995
y: 310.995
theta: 311.9947930m
---
t: 1456289943.413396791
x: 310.015
y: 311.015
theta: 312.0147470m
---
t: 1456289943.453388162
x: 309.941
y: 310.941
theta: 311.9413210m
---
t: 1456289943.493436673
x: 309.932
y: 310.932
theta: 311.9318770m
---
t: 1456289943.533352060
x: 309.904
y: 310.904
theta: 311.9036820m
---
t: 1456289943.533431665
x: 309.915
y: 310.915
theta: 311.9150380m
---
t: 1456289943.573409403
x: 309.919
y: 310.919
theta: 311.9188550m
---
t: 1456289943.613388669
x: 309.862
y: 310.862
theta: 311.8620220m
---
t: 1456289943.653384902
x: 309.756
y: 310.756
theta: 311.7562180m
---
t: 1456289943.653428219
x: 309.721
y: 310.721
theta: 311.7213650m
---
t: 1456289943.653458888
x: 309.783
y: 310.783
theta: 311.7830440m
---
t: 1456289943.653489377
x: 309.702
y: 310.702
theta: 311.7023870m
---
t: 1456289943.733399565
x: 309.539
y: 310.539
theta: 311.5392070m
---
t: 1456289943.733443821
x: 309.584
y: 310.584
theta: 311.5835760m
---
t: 1456289943.773385045
x: 309.423
y: 310.423
theta: 311.4227070m
---
t: 1456289943.773430382
x: 309.455
y: 310.455
theta: 311.4552540m
---
t: 1456289943.813401703
x: 309.226
y: 310.226
theta: 311.2259410m
---
t: 1456289943.853342026
x: 309.2
y: 310.2
theta: 311.2001200m
---
t: 1456289943.853387721
x: 309.06
y: 310.06
theta: 311.0604270m
---
t: 1456289943.853424302
x: 309.02
y: 310.02
theta: 311.0199230m
---
t: 1456289943.893403427
x: 308.908
y: 309.908
theta: 310.9076220m
---
t: 1456289943.893458668
x: 308.907
y: 309.907
theta: 310.9066640m
---
t: 1456289943.973371274
x: 308.787
y: 309.787
theta: 310.7871850m
---
t: 1456289943.973426153
x: 308.798
y: 309.798
theta: 310.7981130m
---
t: 1456289944.013334858
x: 308.799
y: 309.799
theta: 310.7992170m
---
t: 1456289944.013379626
x: 308.667
y: 309.667
theta: 310.6671880m
---
t: 1456289944.053396235
x: 308.506
y: 309.506
theta: 310.5061000m
---
t: 1456289944.053436406
x: 308.535
y: 309.535
theta: 310.5351540m
---
t: 1456289944.093405927
x: 308.394
y: 309.394
theta: 310.3939560m
---
t: 1456289944.133407742
x: 308.326
y: 309.326
theta: 310.3264830m
---
t: 1456289944.133446224
x: 308.46
y: 309.46
theta: 310.4597330m
---
t: 1456289944.173401384
x: 308.313
y: 309.313
theta: 310.3125090m
---
t: 1456289944.253389670
x: 308.274
y: 309.274
theta: 310.2743250m
---
t: 1456289944.253433555
x: 308.383
y: 309.383
theta: 310.3834920m
---
t: 1456289944.253463213
x: 308.34
y: 309.34
theta: 310.3398840m
---
t: 1456289944.293390656
x: 308.329
y: 309.329
theta: 310.3288570m
---
t: 1456289944.333394572
x: 308.28
y: 309.28
theta: 310.2804560m
---
t: 1456289944.333429575
x: 308.252
y: 309.252
theta: 310.2517670m
---
t: 1456289944.333457925
x: 308.103
y: 309.103
theta: 310.1029610m
---
t: 1456289944.373360700
x: 308.123
y: 309.123
theta: 310.1234220m
---
t: 1456289944.373395545
x: 308.122
y: 309.122
theta: 310.1219980m
---
t: 1456289944.373413561
x: 308.115
y: 309.115
theta: 310.1152960m
---
t: 1456289944.453386743
x: 308.009
y: 309.009
theta: 310.0094690m
---
t: 1456289944.453489965
x: 307.995
y: 308.995
theta: 309.9954290m
---
t: 1456289944.493394249
x: 307.956
y: 308.956
theta: 309.9561240m
---
t: 1456289944.533537202
x: 307.991
y: 308.991
theta: 309.9909650m
---
t: 1456289944.533682317
x: 307.983
y: 308.983
theta: 309.9833160m
---
t: 1456289944.573467720
x: 307.996
y: 308.996
theta: 309.9956790m
---
t: 1456289944.613411189
x: 307.948
y: 308.948
theta: 309.9484940m
---
t: 1456289944.613457694
x: 307.962
y: 308.962
theta: 309.9622070m
---
t: 1456289944.653403076
x: 307.864
y: 308.864
theta: 309.8636830m
---
t: 1456289944.693709307
x: 307.775
y: 308.775
theta: 309.7751230m
---
t: 1456289944.694066406
x: 307.831
y: 308.831
theta: 309.8305670m
---
t: 1456289944.733394783
x: 307.674
y: 308.674
theta: 309.6736320m
---
t: 1456289944.773362856
x: 307.636
y: 308.636
theta: 309.6356080m
---
t: 1456289944.773421689
x: 307.618
y: 308.618
theta: 309.6182130m
---
t: 1456289944.813403559
x: 307.601
y: 308.601
theta: 309.6009830m
---
t: 1456289944.813451974
x: 307.65
y: 308.65
theta: 309.6495430m
---
t: 1456289944.853393595
x: 307.595
y: 308.595
theta: 309.5951280m
---
t: 1456289944.853437274
x: 307.564
y: 308.564
theta: 309.5640760m
---
t: 1456289944.893399925
x: 307.426
y: 308.426
theta: 309.4258420m
---
t: 1456289944.933380756
x: 307.391
y: 308.391
theta: 309.3905890m
---
t: 1456289944.933424341
x: 307.379
y: 308.379
theta: 309.3789150m
---
t: 1456289944.973405055
x: 307.485
y: 308.485
theta: 309.4847850m
---
t: 1456289944.973486626
x: 307.353
y: 308.353
theta: 309.3533820m
---
t: 1456289945.013380410
x: 307.372
y: 308.372
theta: 309.3723210m
---
t: 1456289945.053400469
x: 307.337
y: 308.337
theta: 309.3365390m
---
t: 1456289945.093408467
x: 307.148
y: 308.148
theta: 309.1476370m
---
t: 1456289945.093460467
x: 307.119
y: 308.119
theta: 309.1186150m
---
t: 1456289945.133396464
x: 307.088
y: 308.088
theta: 309.0878540m
---
t: 1456289945.133443476
x: 307.126
y: 308.126
theta: 309.1262920m
---
t: 1456289945.173390294
x: 307.086
y: 308.086
theta: 309.0860880m
---
t: 1456289945.253352103
x: 307.028
y: 308.028
theta: 309.0280550m
---
t: 1456289945.333393299
x: 306.955
y: 307.955
theta: 308.9545790m
---
t: 1456289945.333431089
x: 306.805
y: 307.805
theta: 308.8049590m
---
t: 1456289945.333453539
x: 306.902
y: 307.902
theta: 308.9020700m
---
t: 1456289945.373386209
x: 306.834
y: 307.834
theta: 308.8342070m
---
t: 1456289945.413404233
x: 306.876
y: 307.876
theta: 308.8756140m
---
t: 1456289945.453401767
x: 306.885
y: 307.885
theta: 308.8850290m
---
t: 1456289945.453437373
x: 306.881
y: 307.881
theta: 308.8808020m
---
t: 1456289945.453466164
x: 306.902
y: 307.902
theta: 308.9022180m
---
t: 1456289945.533393267
x: 306.861
y: 307.861
theta: 308.8608860m
---
t: 1456289945.533440154
x: 306.795
y: 307.795
theta: 308.7945580m
---
t: 1456289945.573391987
x: 306.773
y: 307.773
theta: 308.7730080m
---
t: 1456289945.573434584
x: 306.763
y: 307.763
theta: 308.7627660m
---
t: 1456289945.653402651
x: 306.742
y: 307.742
theta: 308.7419620m
---
t: 1456289945.653450304
x: 306.741
y: 307.741
theta: 308.7406330m
---
t: 1456289945.653472642
x: 306.758
y: 307.758
theta: 308.7581030m
---
t: 1456289945.733390399
x: 306.724
y: 307.724
theta: 308.7241260m
---
t: 1456289945.813394145
x: 306.648
y: 307.648
theta: 308.6476710m
---
t: 1456289945.813442043
x: 306.715
y: 307.715
theta: 308.7146440m
---
t: 1456289945.853397069
x: 306.676
y: 307.676
theta: 308.6758080m
---
t: 1456289945.853439688
x: 306.635
y: 307.635
theta: 308.6347040m
---
t: 1456289945.893408099
x: 306.615
y: 307.615
theta: 308.6151100m
---
t: 1456289945.893456242
x: 306.735
y: 307.735
theta: 308.7353780m
---
t: 1456289945.933398109
x: 306.584
y: 307.584
theta: 308.5840190m
---
t: 1456289945.973441745
x: 306.615
y: 307.615
theta: 308.6153780m
---
t: 1456289945.973499563
x: 306.601
y: 307.601
theta: 308.6014310m
---
t: 1456289946.013384193
x: 306.564
y: 307.564
theta: 308.5635170m
---
t: 1456289946.013427369
x: 306.609
y: 307.609
theta: 308.6092380m
---
t: 1456289946.013459278
x: 306.584
y: 307.584
theta: 308.5843670m
---
t: 1456289946.053377920
x: 306.568
y: 307.568
theta: 308.5679680m
---
t: 1456289946.053430348
x: 306.552
y: 307.552
theta: 308.5520280m
---
t: 1456289946.093374113
x: 306.54
y: 307.54
theta: 308.5395570m
---
t: 1456289946.093433157
x: 306.565
y: 307.565
theta: 308.5645320m
---
t: 1456289946.133400677
x: 306.537
y: 307.537
theta: 308.5371180m
---
t: 1456289946.133453838
x: 306.534
y: 307.534
theta: 308.5344860m
---
t: 1456289946.173383642
x: 306.522
y: 307.522
theta: 308.5224630m
---
t: 1456289946.173426640
x: 306.523
y: 307.523
theta: 308.5226120m
---
t: 1456289946.173459077
x: 306.513
y: 307.513
theta: 308.5125770m
---
t: 1456289946.253386702
x: 306.521
y: 307.521
theta: 308.5210900m
---
t: 1456289946.253432591
x: 306.488
y: 307.488
theta: 308.4877260m
---
t: 1456289946.293385431
x: 306.478
y: 307.478
theta: 308.4783850m
---
t: 1456289946.293427461
x: 306.505
y: 307.505
theta: 308.5053070m
---
t: 1456289946.293456064
x: 306.482
y: 307.482
theta: 308.4817550m
---
t: 1456289946.293485855
x: 306.519
y: 307.519
theta: 308.5192210m
---
t: 1456289946.333352792
x: 306.422
y: 307.422
theta: 308.4223320m
---
t: 1456289946.333400951
x: 306.453
y: 307.453
theta: 308.4530120m
---
t: 1456289946.373337852
x: 306.438
y: 307.438
theta: 308.4380200m
---
t: 1456289946.373381893
x: 306.402
y: 307.402
theta: 308.4017230m
---
t: 1456289946.413386227
x: 306.459
y: 307.459
theta: 308.4593610m
---
t: 1456289946.453395022
x: 306.446
y: 307.446
theta: 308.4455270m
---
t: 1456289946.493416716
x: 306.497
y: 307.497
theta: 308.4966760m
---
t: 1456289946.493467917
x: 306.459
y: 307.459
theta: 308.4590880m
---
t: 1456289946.533533156
x: 306.439
y: 307.439
theta: 308.4389520m
---
t: 1456289946.533709964
x: 306.447
y: 307.447
theta: 308.4474170m
---
t: 1456289946.653414671
x: 306.403
y: 307.403
theta: 308.4027690m
---
t: 1456289946.693389432
x: 306.401
y: 307.401
theta: 308.4008650m
---
t: 1456289946.733399592
x: 306.493
y: 307.493
theta: 308.4934920m
---
t: 1456289946.733447313
x: 306.414
y: 307.414
theta: 308.4138640m
---
t: 1456289946.733480484
x: 306.487
y: 307.487
theta: 308.4867600m
---
t: 1456289946.733515145
x: 306.474
y: 307.474
theta: 308.4744770m
---
t: 1456289946.813386587
x: 306.518
y: 307.518
theta: 308.5175480m
---
t: 1456289946.813428052
x: 306.381
y: 307.381
theta: 308.3809950m
---
t: 1456289946.813458028
x: 306.557
y: 307.557
theta: 308.5570600m
---
t: 1456289946.853391886
x: 306.509
y: 307.509
theta: 308.5087520m
---
t: 1456289946.853435730
x: 306.45
y: 307.45
theta: 308.4500100m
---
t: 1456289946.853463913
x: 306.433
y: 307.433
theta: 308.4334010m
---
t: 1456289946.853492044
x: 306.479
y: 307.479
theta: 308.4785860m
---
t: 1456289946.893384463
x: 306.473
y: 307.473
theta: 308.4733250m
---
t: 1456289946.893430975
x: 306.43
y: 307.43
theta: 308.4302880m
---
t: 1456289946.973426858
x: 306.42
y: 307.42
theta: 308.4203670m
---
t: 1456289946.973489151
x: 306.451
y: 307.451
theta: 308.4514360m
---
t: 1456289946.973529858
x: 306.472
y: 307.472
theta: 308.4719660m
---
t: 1456289947.053407518
x: 306.48
y: 307.48
theta: 308.4795120m
---
t: 1456289947.093392201
x: 306.492
y: 307.492
theta: 308.4922550m
---
t: 1456289947.093437701
x: 306.484
y: 307.484
theta: 308.4838380m
---
t: 1456289947.093473941
x: 306.47
y: 307.47
theta: 308.4695540m
---
t: 1456289947.133393895
x: 306.511
y: 307.511
theta: 308.5107660m
---
t: 1456289947.173407054
x: 306.383
y: 307.383
theta: 308.3831010m
---
t: 1456289947.173458157
x: 306.411
y: 307.411
theta: 308.4105990m
---
t: 1456289947.213348170
x: 306.428
y: 307.428
theta: 308.4281190m
---
t: 1456289947.253339622
x: 306.469
y: 307.469
theta: 308.4694590m
---
t: 1456289947.253375355
x: 306.477
y: 307.477
theta: 308.4769090m
---
t: 1456289947.253403209
x: 306.464
y: 307.464
theta: 308.4643630m
---
t: 1456289947.333346817
x: 306.404
y: 307.404
theta: 308.4036330m
---
t: 1456289947.333383356
x: 306.478
y: 307.478
theta: 308.4784960m
---
t: 1456289947.373340546
x: 306.464
y: 307.464
theta: 308.4640520m
---
t: 1456289947.413385122
x: 306.468
y: 307.468
theta: 308.4684730m
---
t: 1456289947.413433694
x: 306.462
y: 307.462
theta: 308.4618830m
---
t: 1456289947.453382231
x: 306.461
y: 307.461
theta: 308.4610980m
---
t: 1456289947.533394437
x: 306.509
y: 307.509
theta: 308.5093890m
---
t: 1456289947.533441339
x: 306.494
y: 307.494
theta: 308.4938590m
---
t: 1456289947.533478129
x: 306.477
y: 307.477
theta: 308.4765040m
---
t: 1456289947.573362194
x: 306.477
y: 307.477
theta: 308.4773240m
---
t: 1456289947.573427575
x: 306.486
y: 307.486
theta: 308.4856830m
---
t: 1456289947.613385471
x: 306.455
y: 307.455
theta: 308.4553550m
---
t: 1456289947.653381025
x: 306.448
y: 307.448
theta: 308.4476130m
---
t: 1456289947.653414966
x: 306.475
y: 307.475
theta: 308.4747720m
---
t: 1456289947.733359948
x: 306.517
y: 307.517
theta: 308.5172010m
---
t: 1456289947.733409036
x: 306.447
y: 307.447
theta: 308.4466400m
---
t: 1456289947.733438000
x: 306.477
y: 307.477
theta: 308.4768360m
---
t: 1456289947.773392267
x: 306.463
y: 307.463
theta: 308.4630410m
---
t: 1456289947.813340759
x: 306.487
y: 307.487
theta: 308.4866600m
---
t: 1456289947.813376846
x: 306.487
y: 307.487
theta: 308.4866560m
---
t: 1456289947.853400891
x: 306.469
y: 307.469
theta: 308.4687630m
---
t: 1456289947.853456438
x: 306.474
y: 307.474
theta: 308.4738400m
---
t: 1456289947.893386477
x: 306.48
y: 307.48
theta: 308.4795820m
---
t: 1456289947.933404132
x: 306.46
y: 307.46
theta: 308.4602980m
---
t: 1456289947.973405203
x: 306.45
y: 307.45
theta: 308.4495010m
---
t: 1456289948.013409514
x: 306.463
y: 307.463
theta: 308.4633690m
---
t: 1456289948.053384438
x: 306.459
y: 307.459
theta: 308.4593270m
---
t: 1456289948.093391877
x: 306.455
y: 307.455
theta: 308.4546400m
---
t: 1456289948.133406050
x: 306.469
y: 307.469
theta: 308.4692810m
---
t: 1456289948.253401785
x: 306.478
y: 307.478
theta: 308.4784700m
---
t: 1456289948.293400958
x: 306.452
y: 307.452
theta: 308.4524070m
---
t: 1456289948.333396451
x: 306.448
y: 307.448
theta: 308.4477290m
---
t: 1456289948.373400914
x: 306.453
y: 307.453
theta: 308.4532920m
---
t: 1456289948.413347960
x: 306.455
y: 307.455
theta: 308.4551880m
---
t: 1456289948.453404818
x: 306.471
y: 307.471
theta: 308.4711460m
---
t: 1456289948.533971683
x: 306.462
y: 307.462
theta: 308.4618750m
---
t: 1456289948.534037622
x: 306.47
y: 307.47
theta: 308.4698450m
---
t: 1456289948.573429417
x: 306.468
y: 307.468
theta: 308.4682700m
---
t: 1456289948.613414355
x: 306.496
y: 307.496
theta: 308.4957340m
---
t: 1456289948.653398185
x: 306.457
y: 307.457
theta: 308.4570230m
---
t: 1456289948.653461204
x: 306.436
y: 307.436
theta: 308.4362510m
---
t: 1456289948.733400709
x: 306.488
y: 307.488
theta: 308.4875500m
---
t: 1456289948.733438926
x: 306.45
y: 307.45
theta: 308.4501530m
---
t: 1456289948.773398578
x: 306.448
y: 307.448
theta: 308.4479920m
---
t: 1456289948.773434973
x: 306.458
y: 307.458
theta: 308.4578180m
---
t: 1456289948.813334963
x: 306.467
y: 307.467
theta: 308.4668150m
---
t: 1456289948.853394969
x: 306.464
y: 307.464
theta: 308.4639220m
---
t: 1456289948.893389154
x: 306.49
y: 307.49
theta: 308.4897130m
---
t: 1456289948.893433287
x: 306.454
y: 307.454
theta: 308.4544270m
---
t: 1456289949.013392443
x: 306.439
y: 307.439
theta: 308.4392020m
---
t: 1456289949.013431449
x: 306.46
y: 307.46
theta: 308.4599840m
---
t: 1456289949.013452234
x: 306.472
y: 307.472
theta: 308.4721050m
---
t: 1456289949.133396807
x: 306.468
y: 307.468
theta: 308.4684410m
---
t: 1456289949.133435005
x: 306.51
y: 307.51
theta: 308.5096750m
---
t: 1456289949.133468716
x: 306.462
y: 307.462
theta: 308.4622460m
---
t: 1456289949.213396701
x: 306.47
y: 307.47
theta: 308.4703170m
---
t: 1456289949.213435868
x: 306.487
y: 307.487
theta: 308.4874370m
---
t: 1456289949.253342988
x: 306.496
y: 307.496
theta: 308.4958040m
---
t: 1456289949.253379046
x: 306.459
y: 307.459
theta: 308.4591420m
---
t: 1456289949.293392749
x: 306.462
y: 307.462
theta: 308.4623900m
---
t: 1456289949.333402394
x: 306.444
y: 307.444
theta: 308.4436020m
---
t: 1456289949.333449336
x: 306.471
y: 307.471
theta: 308.4707680m
---
t: 1456289949.373400111
x: 306.459
y: 307.459
theta: 308.4588820m
---
t: 1456289949.373447484
x: 306.427
y: 307.427
theta: 308.4270540m
---
t: 1456289949.413392669
x: 306.464
y: 307.464
theta: 308.4643400m
---
t: 1456289949.453400573
x: 306.534
y: 307.534
theta: 308.5338450m
---
t: 1456289949.453446610
x: 306.461
y: 307.461
theta: 308.4609320m
---
t: 1456289949.493391958
x: 306.454
y: 307.454
theta: 308.4541720m
---
t: 1456289949.493445861
x: 306.462
y: 307.462
theta: 308.4621680m
---
t: 1456289949.573415011
x: 306.487
y: 307.487
theta: 308.4867840m
---
t: 1456289949.613392082
x: 306.488
y: 307.488
theta: 308.4882690m
---
t: 1456289949.613432518
x: 306.452
y: 307.452
theta: 308.4518440m
---
t: 1456289949.693391054
x: 306.465
y: 307.465
theta: 308.4648430m
---
t: 1456289949.693433151
x: 306.468
y: 307.468
theta: 308.4683370m
---
t: 1456289949.693463407
x: 306.483
y: 307.483
theta: 308.4833680m
---
t: 1456289949.733388632
x: 306.477
y: 307.477
theta: 308.4767450m
---
t: 1456289949.773398611
x: 306.47
y: 307.47
theta: 308.4702340m
---
t: 1456289949.813396321
x: 306.501
y: 307.501
theta: 308.5014680m
---
t: 1456289949.813436173
x: 306.453
y: 307.453
theta: 308.4532230m
---
t: 1456289949.813465641
x: 306.455
y: 307.455
theta: 308.4553970m
---
t: 1456289949.853407697
x: 306.448
y: 307.448
theta: 308.4480700m
---
t: 1456289949.973423615
x: 306.455
y: 307.455
theta: 308.4553420m
---
t: 1456289949.973492530
x: 306.485
y: 307.485
theta: 308.4854080m
---
t: 1456289949.973545444
x: 306.489
y: 307.489
theta: 308.4888140m
---
t: 1456289950.013392324
x: 306.455
y: 307.455
theta: 308.4552750m
---
t: 1456289950.053407870
x: 306.501
y: 307.501
theta: 308.5012190m
---
t: 1456289950.093387709
x: 306.501
y: 307.501
theta: 308.5011430m
---
t: 1456289950.093432923
x: 306.48
y: 307.48
theta: 308.4804370m
---
t: 1456289950.133388013
x: 306.492
y: 307.492
theta: 308.4918140m
---
t: 1456289950.133431324
x: 306.459
y: 307.459
theta: 308.4587080m
---
t: 1456289950.133464311
x: 306.463
y: 307.463
theta: 308.4629150m
---
t: 1456289950.173425101
x: 306.486
y: 307.486
theta: 308.4863100m
---
t: 1456289950.173482393
x: 306.47
y: 307.47
theta: 308.4700780m
---
t: 1456289950.213400908
x: 306.432
y: 307.432
theta: 308.4315800m
---
t: 1456289950.213443415
x: 306.48
y: 307.48
theta: 308.4802180m
---
t: 1456289950.253356462
x: 306.466
y: 307.466
theta: 308.4663240m
---
t: 1456289950.293388536
x: 306.469
y: 307.469
theta: 308.4686840m
---
t: 1456289950.333337598
x: 306.498
y: 307.498
theta: 308.4979290m
---
t: 1456289950.333374086
x: 306.47
y: 307.47
theta: 308.4695610m
---
t: 1456289950.333399503
x: 306.452
y: 307.452
theta: 308.4523850m
---
t: 1456289950.373398612
x: 306.47
y: 307.47
theta: 308.4699040m
---
t: 1456289950.373435856
x: 306.466
y: 307.466
theta: 308.4662590m
---
t: 1456289950.373468063
x: 306.51
y: 307.51
theta: 308.5101010m
---
t: 1456289950.453372126
x: 306.446
y: 307.446
theta: 308.4461440m
---
t: 1456289950.493387080
x: 306.499
y: 307.499
theta: 308.4990510m
---
t: 1456289950.493438281
x: 306.48
y: 307.48
theta: 308.4801250m
---
t: 1456289950.493476290
x: 306.466
y: 307.466
theta: 308.4656340m
---
t: 1456289950.533444429
x: 306.468
y: 307.468
theta: 308.4681220m
---
t: 1456289950.573860475
x: 306.485
y: 307.485
theta: 308.4845370m
---
t: 1456289950.573938991
x: 306.457
y: 307.457
theta: 308.4570090m
---
t: 1456289950.573982417
x: 306.476
y: 307.476
theta: 308.4760330m
---
t: 1456289950.574019427
x: 306.457
y: 307.457
theta: 308.4573350m
---
t: 1456289950.653426694
x: 306.457
y: 307.457
theta: 308.4572890m
---
t: 1456289950.693596984
x: 306.507
y: 307.507
theta: 308.5073990m
---
t: 1456289950.693764676
x: 306.459
y: 307.459
theta: 308.4593980m
---
t: 1456289950.733402750
x: 306.459
y: 307.459
theta: 308.4588890m
---
t: 1456289950.733440798
x: 306.506
y: 307.506
theta: 308.5056970m
---
t: 1456289950.773367432
x: 306.483
y: 307.483
theta: 308.4832460m
---
t: 1456289950.773409167
x: 306.5
y: 307.5
theta: 308.4995920m
---
t: 1456289950.813398738
x: 306.47
y: 307.47
theta: 308.4698340m
---
t: 1456289950.813437483
x: 306.482
y: 307.482
theta: 308.4821100m
---
t: 1456289950.853408164
x: 306.479
y: 307.479
theta: 308.4791350m
---
t: 1456289950.893414256
x: 306.477
y: 307.477
theta: 308.4765540m
---
t: 1456289950.933403644
x: 306.454
y: 307.454
theta: 308.4537290m
---
t: 1456289950.973395446
x: 306.457
y: 307.457
theta: 308.4565490m
---
t: 1456289951.053401956
x: 306.494
y: 307.494
theta: 308.4940120m
---
t: 1456289951.173414978
x: 306.499
y: 307.499
theta: 308.4989200m
---
t: 1456289951.253396546
x: 306.469
y: 307.469
theta: 308.4688440m
---
t: 1456289951.293572920
x: 306.461
y: 307.461
theta: 308.4611050m
---
t: 1456289951.293703854
x: 306.46
y: 307.46
theta: 308.4599860m
---
t: 1456289951.373398288
x: 306.457
y: 307.457
theta: 308.4571940m
---
t: 1456289951.373441219
x: 306.492
y: 307.492
theta: 308.4917170m
---
t: 1456289951.413397020
x: 306.459
y: 307.459
theta: 308.4586940m
---
t: 1456289951.453408938
x: 306.488
y: 307.488
theta: 308.4878670m
---
t: 1456289951.453454232
x: 306.467
y: 307.467
theta: 308.4666040m
---
t: 1456289951.453478661
x: 306.442
y: 307.442
theta: 308.4423100m
---
t: 1456289951.493416349
x: 306.421
y: 307.421
theta: 308.4211970m
---
t: 1456289951.533413785
x: 306.467
y: 307.467
theta: 308.4665570m
---
t: 1456289951.533458799
x: 306.458
y: 307.458
theta: 308.4582050m
---
t: 1456289951.533490831
x: 306.494
y: 307.494
theta: 308.4938120m
---
t: 1456289951.533554774
x: 306.467
y: 307.467
theta: 308.4672760m
---
t: 1456289951.573427621
x: 306.455
y: 307.455
theta: 308.4554230m
---
t: 1456289951.613400837
x: 306.454
y: 307.454
theta: 308.4540670m
---
t: 1456289951.653413817
x: 306.455
y: 307.455
theta: 308.4546760m
---
t: 1456289951.693387242
x: 306.464
y: 307.464
theta: 308.4643590m
---
t: 1456289951.693427741
x: 306.454
y: 307.454
theta: 308.4539970m
---
t: 1456289951.693463116
x: 306.451
y: 307.451
theta: 308.4513830m
---
t: 1456289951.693501936
x: 306.455
y: 307.455
theta: 308.4545940m
---
t: 1456289951.733419997
x: 306.452
y: 307.452
theta: 308.4517980m
---
t: 1456289951.773419727
x: 306.457
y: 307.457
theta: 308.4571600m
---
t: 1456289951.813400662
x: 306.488
y: 307.488
theta: 308.4881950m
---
t: 1456289951.813437708
x: 306.488
y: 307.488
theta: 308.4879660m
---
t: 1456289951.853359700
x: 306.465
y: 307.465
theta: 308.4654320m
---
t: 1456289951.893407606
x: 306.48
y: 307.48
theta: 308.4801800m
---
t: 1456289951.893471902
x: 306.473
y: 307.473
theta: 308.4731820m
---
t: 1456289951.893515578
x: 306.471
y: 307.471
theta: 308.4707130m
---
t: 1456289951.973426739
x: 306.465
y: 307.465
theta: 308.4651860m
---
t: 1456289951.973511125
x: 306.482
y: 307.482
theta: 308.4815010m
---
t: 1456289951.973557865
x: 306.463
y: 307.463
theta: 308.4625320m
---
t: 1456289952.013397891
x: 306.492
y: 307.492
theta: 308.4916540m
---
t: 1456289952.053386442
x: 306.436
y: 307.436
theta: 308.4364380m
---
t: 1456289952.093388208
x: 306.509
y: 307.509
theta: 308.5087450m
---
t: 1456289952.133424255
x: 306.459
y: 307.459
theta: 308.4590970m
---
t: 1456289952.173380653
x: 306.459
y: 307.459
theta: 308.4589030m
---
t: 1456289952.173440687
x: 306.465
y: 307.465
theta: 308.4654960m
---
t: 1456289952.253396847
x: 306.496
y: 307.496
theta: 308.4961010m
---
t: 1456289952.253441204
x: 306.462
y: 307.462
theta: 308.4617280m
---
t: 1456289952.373367127
x: 306.452
y: 307.452
theta: 308.4516680m
---
t: 1456289952.373437990
x: 306.397
y: 307.397
theta: 308.3967730m
---
t: 1456289952.453391560
x: 306.476
y: 307.476
theta: 308.4757930m
---
t: 1456289952.453460900
x: 306.476
y: 307.476
theta: 308.4761310m
---
t: 1456289952.573443752
x: 306.447
y: 307.447
theta: 308.4468830m
---
t: 1456289952.573509724
x: 306.494
y: 307.494
theta: 308.4939820m
---
t: 1456289952.693420562
x: 306.453
y: 307.453
theta: 308.4534000m
---
t: 1456289952.693486561
x: 306.493
y: 307.493
theta: 308.4934620m
---
t: 1456289952.773406173
x: 306.463
y: 307.463
theta: 308.4631680m
---
t: 1456289952.773461309
x: 306.465
y: 307.465
theta: 308.4654160m
---
t: 1456289952.813351339
x: 306.488
y: 307.488
theta: 308.4876850m
---
t: 1456289952.813402649
x: 306.491
y: 307.491
theta: 308.4905370m
---
t: 1456289952.813435757
x: 306.492
y: 307.492
theta: 308.4920950m
---
t: 1456289952.853383856
x: 306.456
y: 307.456
theta: 308.4559500m
---
t: 1456289952.853424204
x: 306.46
y: 307.46
theta: 308.4597610m
---
t: 1456289952.893411919
x: 306.452
y: 307.452
theta: 308.4521860m
---
t: 1456289952.933403119
x: 306.486
y: 307.486
theta: 308.4857280m
---
t: 1456289953.053393725
x: 306.486
y: 307.486
theta: 308.4855710m
---
t: 1456289953.053439150
x: 306.49
y: 307.49
theta: 308.4902610m
---
t: 1456289953.093401220
x: 306.455
y: 307.455
theta: 308.4552130m
---
t: 1456289953.093446548
x: 306.481
y: 307.481
theta: 308.4814570m
---
t: 1456289953.173410557
x: 306.466
y: 307.466
theta: 308.4661290m
---
t: 1456289953.173453167
x: 306.537
y: 307.537
theta: 308.5370040m
---
t: 1456289953.213399903
x: 306.461
y: 307.461
theta: 308.4610670m
---
t: 1456289953.213441507
x: 306.458
y: 307.458
theta: 308.4575690m
---
t: 1456289953.253438477
x: 306.503
y: 307.503
theta: 308.5030560m
---
t: 1456289953.253532407
x: 306.468
y: 307.468
theta: 308.4683060m
---
t: 1456289953.253583599
x: 306.452
y: 307.452
theta: 308.4523860m
---
t: 1456289953.333379800
x: 306.453
y: 307.453
theta: 308.4525080m
---
t: 1456289953.333444520
x: 306.497
y: 307.497
theta: 308.4966110m
---
t: 1456289953.373390741
x: 306.461
y: 307.461
theta: 308.4610390m
---
t: 1456289953.373435571
x: 306.457
y: 307.457
theta: 308.4573820m
---
t: 1456289953.373467531
x: 306.453
y: 307.453
theta: 308.4530810m
---
t: 1456289953.413374879
x: 306.459
y: 307.459
theta: 308.4585300m
---
t: 1456289953.413419998
x: 306.481
y: 307.481
theta: 308.4807020m
---
t: 1456289953.453600740
x: 306.467
y: 307.467
theta: 308.4666520m
---
t: 1456289953.533392288
x: 306.492
y: 307.492
theta: 308.4915230m
---
t: 1456289953.573394955
x: 306.48
y: 307.48
theta: 308.4796140m
---
t: 1456289953.573430857
x: 306.468
y: 307.468
theta: 308.4677070m
---
t: 1456289953.613395706
x: 306.506
y: 307.506
theta: 308.5056860m
---
t: 1456289953.613441046
x: 306.456
y: 307.456
theta: 308.4563660m
---
t: 1456289953.653389831
x: 306.489
y: 307.489
theta: 308.4892410m
---
t: 1456289953.653430472
x: 306.491
y: 307.491
theta: 308.4907120m
---
t: 1456289953.773397096
x: 306.452
y: 307.452
theta: 308.4523570m
---
t: 1456289953.773433948
x: 306.471
y: 307.471
theta: 308.4713040m
---
t: 1456289953.813392574
x: 306.458
y: 307.458
theta: 308.4583140m
---
t: 1456289953.813435642
x: 306.464
y: 307.464
theta: 308.4636630m
---
t: 1456289953.813466638
x: 306.484
y: 307.484
theta: 308.4844610m
---
t: 1456289953.893405603
x: 306.479
y: 307.479
theta: 308.4786020m
---
t: 1456289953.893456181
x: 306.483
y: 307.483
theta: 308.4825910m
---
t: 1456289953.973408633
x: 306.452
y: 307.452
theta: 308.4515230m
---
t: 1456289954.053394712
x: 306.488
y: 307.488
theta: 308.4883740m
---
t: 1456289954.053438527
x: 306.461
y: 307.461
theta: 308.4606570m
---
t: 1456289954.093412315
x: 306.41
y: 307.41
theta: 308.4102420m
---
t: 1456289954.133348563
x: 306.451
y: 307.451
theta: 308.4507350m
---
t: 1456289954.133391444
x: 306.492
y: 307.492
theta: 308.4920990m
---
t: 1456289954.173394305
x: 306.456
y: 307.456
theta: 308.4557390m
---
t: 1456289954.173437257
x: 306.494
y: 307.494
theta: 308.4938950m
---
t: 1456289954.173484072
x: 306.518
y: 307.518
theta: 308.5179380m
---
t: 1456289954.173521354
x: 306.459
y: 307.459
theta: 308.4585120m
---
t: 1456289954.253378791
x: 306.468
y: 307.468
theta: 308.4678750m
---
t: 1456289954.253422486
x: 306.452
y: 307.452
theta: 308.4519580m
---
t: 1456289954.293387313
x: 306.465
y: 307.465
theta: 308.4654500m
---
t: 1456289954.413383502
x: 306.493
y: 307.493
theta: 308.4932730m
---
t: 1456289954.413435350
x: 306.506
y: 307.506
theta: 308.5061450m
---
t: 1456289954.453355699
x: 306.49
y: 307.49
theta: 308.4898770m
---
t: 1456289954.533536570
x: 306.521
y: 307.521
theta: 308.5205070m
---
t: 1456289954.533674356
x: 306.454
y: 307.454
theta: 308.4542400m
---
t: 1456289954.573423382
x: 306.497
y: 307.497
theta: 308.4973600m
---
t: 1456289954.613414346
x: 306.446
y: 307.446
theta: 308.4459460m
---
t: 1456289954.653436151
x: 306.458
y: 307.458
theta: 308.4576460m
---
t: 1456289954.653495150
x: 306.46
y: 307.46
theta: 308.4596770m
---
t: 1456289954.693609775
x: 306.469
y: 307.469
theta: 308.4692410m
---
t: 1456289954.693760276
x: 306.438
y: 307.438
theta: 308.4383690m
---
t: 1456289954.733377404
x: 306.452
y: 307.452
theta: 308.4521550m
---
t: 1456289954.773386239
x: 306.476
y: 307.476
theta: 308.4761590m
---
t: 1456289954.773420763
x: 306.468
y: 307.468
theta: 308.4679020m
---
t: 1456289954.773454282
x: 306.45
y: 307.45
theta: 308.4499610m
---
t: 1456289954.813385652
x: 306.355
y: 307.355
theta: 308.3546180m
---
t: 1456289954.813426080
x: 306.465
y: 307.465
theta: 308.4647120m
---
t: 1456289954.853387511
x: 306.454
y: 307.454
theta: 308.4542910m
---
t: 1456289954.853439435
x: 306.458
y: 307.458
theta: 308.4584180m
---
t: 1456289954.893367868
x: 306.466
y: 307.466
theta: 308.4663180m
---
t: 1456289954.893410718
x: 306.497
y: 307.497
theta: 308.4973400m
---
t: 1456289954.973375296
x: 306.504
y: 307.504
theta: 308.5037330m
---
t: 1456289955.013392098
x: 306.478
y: 307.478
theta: 308.4776200m
---
t: 1456289955.053389908
x: 306.449
y: 307.449
theta: 308.4492000m
---
t: 1456289955.093402109
x: 306.48
y: 307.48
theta: 308.4797170m
---
t: 1456289955.173405498
x: 306.43
y: 307.43
theta: 308.4295380m
---
t: 1456289955.173449612
x: 306.466
y: 307.466
theta: 308.4658120m
---
t: 1456289955.213398598
x: 306.471
y: 307.471
theta: 308.4709320m
---
t: 1456289955.253388225
x: 306.466
y: 307.466
theta: 308.4662550m
---
t: 1456289955.253428961
x: 306.489
y: 307.489
theta: 308.4889070m
---
t: 1456289955.253465857
x: 306.475
y: 307.475
theta: 308.4746390m
---
t: 1456289955.293400331
x: 306.455
y: 307.455
theta: 308.4545130m
---
t: 1456289955.373398098
x: 306.45
y: 307.45
theta: 308.4496380m
---
t: 1456289955.413389597
x: 306.474
y: 307.474
theta: 308.4739030m
---
t: 1456289955.413435910
x: 306.488
y: 307.488
theta: 308.4876110m
---
t: 1456289955.413466992
x: 306.465
y: 307.465
theta: 308.4647240m
---
t: 1456289955.453357506
x: 306.465
y: 307.465
theta: 308.4654910m
---
t: 1456289955.453415838
x: 306.478
y: 307.478
theta: 308.4784520m
---
t: 1456289955.493426352
x: 306.464
y: 307.464
theta: 308.4642180m
---
t: 1456289955.493487660
x: 306.448
y: 307.448
theta: 308.4477300m
---
t: 1456289955.493522796
x: 306.425
y: 307.425
theta: 308.4249120m
---
t: 1456289955.533395473
x: 306.452
y: 307.452
theta: 308.4520930m
---
t: 1456289955.533441548
x: 306.476
y: 307.476
theta: 308.4763840m
---
t: 1456289955.533474975
x: 306.454
y: 307.454
theta: 308.4544440m
---
t: 1456289955.533510607
x: 306.447
y: 307.447
theta: 308.4469940m
---
t: 1456289955.573390635
x: 306.474
y: 307.474
theta: 308.4740170m
---
t: 1456289955.613399797
x: 306.457
y: 307.457
theta: 308.4569770m
---
t: 1456289955.653399744
x: 306.499
y: 307.499
theta: 308.4989380m
---
t: 1456289955.693386103
x: 306.453
y: 307.453
theta: 308.4534900m
---
t: 1456289955.693447301
x: 306.475
y: 307.475
theta: 308.4746140m
---
t: 1456289955.733392528
x: 306.452
y: 307.452
theta: 308.4522900m
---
t: 1456289955.813391404
x: 306.465
y: 307.465
theta: 308.4650970m
---
t: 1456289955.853365158
x: 306.487
y: 307.487
theta: 308.4873140m
---
t: 1456289955.893415845
x: 306.432
y: 307.432
theta: 308.4320280m
---
t: 1456289955.973405936
x: 306.462
y: 307.462
theta: 308.4621190m
---
t: 1456289956.013387493
x: 306.476
y: 307.476
theta: 308.4759150m
---
t: 1456289956.013426206
x: 306.463
y: 307.463
theta: 308.4630100m
---
t: 1456289956.013449071
x: 306.479
y: 307.479
theta: 308.4785100m
---
t: 1456289956.013480550
x: 306.467
y: 307.467
theta: 308.4667330m
---
t: 1456289956.053409907
x: 306.507
y: 307.507
theta: 308.5072330m
---
t: 1456289956.093387054
x: 306.452
y: 307.452
theta: 308.4524160m
---
t: 1456289956.093433212
x: 306.494
y: 307.494
theta: 308.4941420m
---
t: 1456289956.173411958
x: 306.466
y: 307.466
theta: 308.4659320m
---
t: 1456289956.253399909
x: 306.474
y: 307.474
theta: 308.4738120m
---
t: 1456289956.293383760
x: 306.459
y: 307.459
theta: 308.4593440m
---
t: 1456289956.293425533
x: 306.502
y: 307.502
theta: 308.5015050m
---
t: 1456289956.333398554
x: 306.454
y: 307.454
theta: 308.4536210m
---
t: 1456289956.453405948
x: 306.456
y: 307.456
theta: 308.4557770m
---
t: 1456289956.533497197
x: 306.448
y: 307.448
theta: 308.4478510m
---
t: 1456289956.573391310
x: 306.482
y: 307.482
theta: 308.4818550m
---
t: 1456289956.613414389
x: 306.48
y: 307.48
theta: 308.4803750m
---
t: 1456289956.613474686
x: 306.466
y: 307.466
theta: 308.4656150m
---
t: 1456289956.653403363
x: 306.442
y: 307.442
theta: 308.4417490m
---
t: 1456289956.653453131
x: 306.498
y: 307.498
theta: 308.4982350m
---
t: 1456289956.693427343
x: 306.457
y: 307.457
theta: 308.4572410m
---
t: 1456289956.733409369
x: 306.503
y: 307.503
theta: 308.5029610m
---
t: 1456289956.773405975
x: 306.457
y: 307.457
theta: 308.4572980m
---
t: 1456289956.773452401
x: 306.453
y: 307.453
theta: 308.4533070m
---
t: 1456289956.813400519
x: 306.454
y: 307.454
theta: 308.4544330m
---
t: 1456289956.853433700
x: 306.508
y: 307.508
theta: 308.5075930m
---
t: 1456289956.853495766
x: 306.46
y: 307.46
theta: 308.4602670m
---
t: 1456289956.893407655
x: 306.48
y: 307.48
theta: 308.4802120m
---
t: 1456289956.933392407
x: 306.419
y: 307.419
theta: 308.4193680m
---
t: 1456289956.933431151
x: 306.454
y: 307.454
theta: 308.4537930m
---
t: 1456289956.973418225
x: 306.492
y: 307.492
theta: 308.4923250m
---
t: 1456289956.973476118
x: 306.456
y: 307.456
theta: 308.4557030m
---
t: 1456289956.973512018
x: 306.492
y: 307.492
theta: 308.4917010m
---
t: 1456289957.013423422
x: 306.468
y: 307.468
theta: 308.4682040m
---
t: 1456289957.013480955
x: 306.477
y: 307.477
theta: 308.4774360m
---
t: 1456289957.053392588
x: 306.475
y: 307.475
theta: 308.4753200m
---
t: 1456289957.093395015
x: 306.483
y: 307.483
theta: 308.4831960m
---
t: 1456289957.093433004
x: 306.449
y: 307.449
theta: 308.4486360m
---
t: 1456289957.213405340
x: 306.475
y: 307.475
theta: 308.4747600m
---
t: 1456289957.293398478
x: 306.463
y: 307.463
theta: 308.4627860m
---
t: 1456289957.293437281
x: 306.461
y: 307.461
theta: 308.4613690m
---
t: 1456289957.333405500
x: 306.5
y: 307.5
theta: 308.5003770m
---
t: 1456289957.333452670
x: 306.47
y: 307.47
theta: 308.4698930m
---
t: 1456289957.373401615
x: 306.498
y: 307.498
theta: 308.4977870m
---
t: 1456289957.413403704
x: 306.474
y: 307.474
theta: 308.4736490m
---
t: 1456289957.413449347
x: 306.493
y: 307.493
theta: 308.4933690m
---
t: 1456289957.453336579
x: 306.455
y: 307.455
theta: 308.4550010m
---
t: 1456289957.493369623
x: 306.464
y: 307.464
theta: 308.4644150m
---
t: 1456289957.493426101
x: 306.482
y: 307.482
theta: 308.4823610m
---
t: 1456289957.493460157
x: 306.457
y: 307.457
theta: 308.4569120m
---
t: 1456289957.493495345
x: 306.49
y: 307.49
theta: 308.4896030m
---
t: 1456289957.533397258
x: 306.501
y: 307.501
theta: 308.5007720m
---
t: 1456289957.573397541
x: 306.456
y: 307.456
theta: 308.4556680m
---
t: 1456289957.613394240
x: 306.472
y: 307.472
theta: 308.4721550m
---
t: 1456289957.653398188
x: 306.462
y: 307.462
theta: 308.4622280m
---
t: 1456289957.693348148
x: 306.481
y: 307.481
theta: 308.4806030m
---
t: 1456289957.693385141
x: 306.442
y: 307.442
theta: 308.4421030m
---
t: 1456289957.693419781
x: 306.476
y: 307.476
theta: 308.4755700m
---
t: 1456289957.733383955
x: 306.458
y: 307.458
theta: 308.4582470m
---
t: 1456289957.733419391
x: 306.456
y: 307.456
theta: 308.4555100m
---
t: 1456289957.813400283
x: 306.457
y: 307.457
theta: 308.4567790m
---
t: 1456289957.893407808
x: 306.463
y: 307.463
theta: 308.4625620m
---
t: 1456289957.893447871
x: 306.488
y: 307.488
theta: 308.4878430m
---
t: 1456289957.933392505
x: 306.458
y: 307.458
theta: 308.4584690m
---
t: 1456289957.974544125
x: 306.467
y: 307.467
theta: 308.4665570m
---
t: 1456289958.013396651
x: 306.467
y: 307.467
theta: 308.4669360m
---
t: 1456289958.013448561
x: 306.484
y: 307.484
theta: 308.4835200m
---
t: 1456289958.013489215
x: 306.495
y: 307.495
theta: 308.4945530m
---
t: 1456289958.053401927
x: 306.454
y: 307.454
theta: 308.4541390m
---
t: 1456289958.093400693
x: 306.486
y: 307.486
theta: 308.4864900m
---
t: 1456289958.133399826
x: 306.453
y: 307.453
theta: 308.4534880m
---
t: 1456289958.173344419
x: 306.488
y: 307.488
theta: 308.4881270m
---
t: 1456289958.173382425
x: 306.471
y: 307.471
theta: 308.4705750m
---
t: 1456289958.253393761
x: 306.463
y: 307.463
theta: 308.4625440m
---
t: 1456289958.333396609
x: 306.496
y: 307.496
theta: 308.4958920m
---
t: 1456289958.373402836
x: 306.474
y: 307.474
theta: 308.4737390m
---
t: 1456289958.413356421
x: 306.464
y: 307.464
theta: 308.4640210m
---
t: 1456289958.453386185
x: 306.494
y: 307.494
theta: 308.4937290m
---
t: 1456289958.453424598
x: 306.471
y: 307.471
theta: 308.4710920m
---
t: 1456289958.493412950
x: 306.449
y: 307.449
theta: 308.4494450m
---
t: 1456289958.493470464
x: 306.458
y: 307.458
theta: 308.4583220m
---
t: 1456289958.573576080
x: 306.509
y: 307.509
theta: 308.5089090m
---
t: 1456289958.573695073
x: 306.467
y: 307.467
theta: 308.4669230m
---
t: 1456289958.613388387
x: 306.48
y: 307.48
theta: 308.4797580m
---
t: 1456289958.653398635
x: 306.519
y: 307.519
theta: 308.5188560m
---
t: 1456289958.653462226
x: 306.465
y: 307.465
theta: 308.4647200m
---
t: 1456289958.653497225
x: 306.471
y: 307.471
theta: 308.4706800m
---
t: 1456289958.653534701
x: 306.457
y: 307.457
theta: 308.4571000m
---
t: 1456289958.693420742
x: 306.472
y: 307.472
theta: 308.4722530m
---
t: 1456289958.693481122
x: 306.455
y: 307.455
theta: 308.4551400m
---
t: 1456289958.733367984
x: 306.489
y: 307.489
theta: 308.4885130m
---
t: 1456289958.773391943
x: 306.46
y: 307.46
theta: 308.4603590m
---
t: 1456289958.773436038
x: 306.456
y: 307.456
theta: 308.4562120m
---
t: 1456289958.773463147
x: 306.459
y: 307.459
theta: 308.4594820m
---
t: 1456289958.813355224
x: 306.479
y: 307.479
theta: 308.4793890m
---
t: 1456289958.853355670
x: 306.466
y: 307.466
theta: 308.4655260m
---
t: 1456289958.853402837
x: 306.465
y: 307.465
theta: 308.4652170m
---
t: 1456289958.893346429
x: 306.455
y: 307.455
theta: 308.4551680m
---
t: 1456289958.893386817
x: 306.504
y: 307.504
theta: 308.5042190m
---
t: 1456289958.933361553
x: 306.456
y: 307.456
theta: 308.4561000m
---
t: 1456289958.973382239
x: 306.508
y: 307.508
theta: 308.5079310m
---
t: 1456289959.013410828
x: 306.504
y: 307.504
theta: 308.5044000m
---
t: 1456289959.013461227
x: 306.467
y: 307.467
theta: 308.4667520m
---
t: 1456289959.053402517
x: 306.439
y: 307.439
theta: 308.4387880m
---
t: 1456289959.093394937
x: 306.468
y: 307.468
theta: 308.4677460m
---
t: 1456289959.093441963
x: 306.55
y: 307.55
theta: 308.5503200m
---
t: 1456289959.133350897
x: 306.457
y: 307.457
theta: 308.4565180m
---
t: 1456289959.133395235
x: 306.465
y: 307.465
theta: 308.4647080m
---
t: 1456289959.213402584
x: 306.489
y: 307.489
theta: 308.4887100m
---
t: 1456289959.253393966
x: 306.465
y: 307.465
theta: 308.4652090m
---
t: 1456289959.293388182
x: 306.452
y: 307.452
theta: 308.4521070m
---
t: 1456289959.293433278
x: 306.498
y: 307.498
theta: 308.4981040m
---
t: 1456289959.333385804
x: 306.464
y: 307.464
theta: 308.4643380m
---
t: 1456289959.333429030
x: 306.496
y: 307.496
theta: 308.4963220m
---
t: 1456289959.373394721
x: 306.495
y: 307.495
theta: 308.4951790m
---
t: 1456289959.413398381
x: 306.488
y: 307.488
theta: 308.4877890m
---
t: 1456289959.453393612
x: 306.505
y: 307.505
theta: 308.5046400m
---
t: 1456289959.453430470
x: 306.499
y: 307.499
theta: 308.4989270m
---
t: 1456289959.493405374
x: 306.491
y: 307.491
theta: 308.4908240m
---
t: 1456289959.493458161
x: 306.465
y: 307.465
theta: 308.4652560m
---
t: 1456289959.533402008
x: 306.47
y: 307.47
theta: 308.4696930m
---
t: 1456289959.573349242
x: 306.457
y: 307.457
theta: 308.4566010m
---
t: 1456289959.613386211
x: 306.465
y: 307.465
theta: 308.4653320m
---
t: 1456289959.613428924
x: 306.471
y: 307.471
theta: 308.4710910m
---
t: 1456289959.613458779
x: 306.453
y: 307.453
theta: 308.4534640m
---
t: 1456289959.613490534
x: 306.455
y: 307.455
theta: 308.4548160m
---
t: 1456289959.693383409
x: 306.461
y: 307.461
theta: 308.4611850m
---
t: 1456289959.693425711
x: 306.461
y: 307.461
theta: 308.4607750m
---
t: 1456289959.693454151
x: 306.448
y: 307.448
theta: 308.4483980m
---
t: 1456289959.693483180
x: 306.46
y: 307.46
theta: 308.4603500m
---
t: 1456289959.733397636
x: 306.474
y: 307.474
theta: 308.4739650m
---
t: 1456289959.813399539
x: 306.454
y: 307.454
theta: 308.4542880m
---
t: 1456289959.853384267
x: 306.454
y: 307.454
theta: 308.4540010m
---
t: 1456289959.853418952
x: 306.496
y: 307.496
theta: 308.4958650m
---
t: 1456289959.893390260
x: 306.457
y: 307.457
theta: 308.4565820m
---
t: 1456289959.893431279
x: 306.457
y: 307.457
theta: 308.4572020m
---
t: 1456289959.893465303
x: 306.496
y: 307.496
theta: 308.4956640m
---
t: 1456289959.933394763
x: 306.497
y: 307.497
theta: 308.4970450m
---
t: 1456289959.933445195
x: 306.478
y: 307.478
theta: 308.4775520m
---
t: 1456289959.973418814
x: 306.494
y: 307.494
theta: 308.4941770m
---
t: 1456289960.013406475
x: 306.448
y: 307.448
theta: 308.4482760m
---
t: 1456289960.053394240
x: 306.453
y: 307.453
theta: 308.4527610m
---
t: 1456289960.053438566
x: 306.455
y: 307.455
theta: 308.4546760m
---
t: 1456289960.053468306
x: 306.454
y: 307.454
theta: 308.4535960m
---
t: 1456289960.093404515
x: 306.465
y: 307.465
theta: 308.4653440m
---
t: 1456289960.133416194
x: 306.475
y: 307.475
theta: 308.4753960m
---
t: 1456289960.173347142
x: 306.493
y: 307.493
theta: 308.4928140m
---
t: 1456289960.173384907
x: 306.49
y: 307.49
theta: 308.4895130m
---
t: 1456289960.173418963
x: 306.478
y: 307.478
theta: 308.4782110m
---
t: 1456289960.213425534
x: 306.482
y: 307.482
theta: 308.4819470m
---
t: 1456289960.213480517
x: 306.499
y: 307.499
theta: 308.4992210m
---
t: 1456289960.253401978
x: 306.463
y: 307.463
theta: 308.4625320m
---
t: 1456289960.293346605
x: 306.452
y: 307.452
theta: 308.4524280m
---
t: 1456289960.293385219
x: 306.465
y: 307.465
theta: 308.4645140m
---
t: 1456289960.333397382
x: 306.471
y: 307.471
theta: 308.4705350m
---
t: 1456289960.373403740
x: 306.489
y: 307.489
theta: 308.4892570m
---
t: 1456289960.413339319
x: 306.466
y: 307.466
theta: 308.4656620m
---
t: 1456289960.413375949
x: 306.453
y: 307.453
theta: 308.4531700m
---
t: 1456289960.413410646
x: 306.487
y: 307.487
theta: 308.4872830m
---
t: 1456289960.413448365
x: 306.471
y: 307.471
theta: 308.4705990m
---
t: 1456289960.413480832
x: 306.483
y: 307.483
theta: 308.4833800m
---
t: 1456289960.453344644
x: 306.448
y: 307.448
theta: 308.4482320m
---
t: 1456289960.493367625
x: 306.466
y: 307.466
theta: 308.4660380m
---
t: 1456289960.533709014
x: 306.498
y: 307.498
theta: 308.4975300m
---
t: 1456289960.569494200
x: 306.474
y: 307.474
theta: 308.4738630m
---
t: 1456289960.569886856
x: 306.463
y: 307.463
theta: 308.4634170m
---
t: 1456289960.570293476
x: 306.425
y: 307.425
theta: 308.4246330m
---
t: 1456289960.570888492
x: 306.464
y: 307.464
theta: 308.4644770m
---
t: 1456289960.570928878
x: 306.449
y: 307.449
theta: 308.4491010m
---
t: 1456289960.613404624
x: 306.507
y: 307.507
theta: 308.5070940m
---
t: 1456289960.613467205
x: 306.484
y: 307.484
theta: 308.4838450m
---
t: 1456289960.653419357
x: 306.464
y: 307.464
theta: 308.4643940m
---
t: 1456289960.773386247
x: 306.453
y: 307.453
theta: 308.4530750m
---
t: 1456289960.773425827
x: 306.504
y: 307.504
theta: 308.5040990m
---
t: 1456289960.813391501
x: 306.449
y: 307.449
theta: 308.4491540m
---
t: 1456289960.813453902
x: 306.47
y: 307.47
theta: 308.4699000m
---
t: 1456289960.813485976
x: 306.456
y: 307.456
theta: 308.4556080m
---
t: 1456289960.813517149
x: 306.481
y: 307.481
theta: 308.4810180m
---
t: 1456289960.893370123
x: 306.447
y: 307.447
theta: 308.4473900m
---
t: 1456289960.893410277
x: 306.455
y: 307.455
theta: 308.4553720m
---
t: 1456289960.933409131
x: 306.459
y: 307.459
theta: 308.4586250m
---
t: 1456289960.973413753
x: 306.498
y: 307.498
theta: 308.4978170m
---
t: 1456289960.973489424
x: 306.451
y: 307.451
theta: 308.4512350m
---
t: 1456289961.013387447
x: 306.454
y: 307.454
theta: 308.4537170m
---
t: 1456289961.053395595
x: 306.458
y: 307.458
theta: 308.4575180m
---
t: 1456289961.053441195
x: 306.457
y: 307.457
theta: 308.4572910m
---
t: 1456289961.093352120
x: 306.457
y: 307.457
theta: 308.4566280m
---
t: 1456289961.093393480
x: 306.484
y: 307.484
theta: 308.4837710m
---
t: 1456289961.133396888
x: 306.45
y: 307.45
theta: 308.4499730m
---
t: 1456289961.133446875
x: 306.494
y: 307.494
theta: 308.4936910m
---
t: 1456289961.173400444
x: 306.494
y: 307.494
theta: 308.4942610m
---
t: 1456289961.213342119
x: 306.455
y: 307.455
theta: 308.4549180m
---
t: 1456289961.213381853
x: 306.456
y: 307.456
theta: 308.4560670m
---
t: 1456289961.213414584
x: 306.446
y: 307.446
theta: 308.4461040m
---
t: 1456289961.213446166
x: 306.465
y: 307.465
theta: 308.4651630m
---
t: 1456289961.253392950
x: 306.467
y: 307.467
theta: 308.4669770m
---
t: 1456289961.253439510
x: 306.493
y: 307.493
theta: 308.4928130m
---
t: 1456289961.253469896
x: 306.464
y: 307.464
theta: 308.4638610m
---
t: 1456289961.293387877
x: 306.462
y: 307.462
theta: 308.4615690m
---
t: 1456289961.293431152
x: 306.479
y: 307.479
theta: 308.4791210m
---
t: 1456289961.293460141
x: 306.47
y: 307.47
theta: 308.4699770m
---
t: 1456289961.333400500
x: 306.467
y: 307.467
theta: 308.4666790m
---
t: 1456289961.373406493
x: 306.463
y: 307.463
theta: 308.4626120m
---
t: 1456289961.373451692
x: 306.447
y: 307.447
theta: 308.4470460m
---
t: 1456289961.413401730
x: 306.495
y: 307.495
theta: 308.4951380m
---
t: 1456289961.453407852
x: 306.456
y: 307.456
theta: 308.4555720m
---
t: 1456289961.453448234
x: 306.495
y: 307.495
theta: 308.4947790m
---
t: 1456289961.493415824
x: 306.466
y: 307.466
theta: 308.4664980m
---
t: 1456289961.493462395
x: 306.455
y: 307.455
theta: 308.4545230m
---
t: 1456289961.493514572
x: 306.468
y: 307.468
theta: 308.4678790m
---
t: 1456289961.533360117
x: 306.459
y: 307.459
theta: 308.4585280m
---
t: 1456289961.533409004
x: 306.465
y: 307.465
theta: 308.4653460m
---
t: 1456289961.613353001
x: 306.486
y: 307.486
theta: 308.4855840m
---
t: 1456289961.613408884
x: 306.461
y: 307.461
theta: 308.4609950m
---
t: 1456289961.613446797
x: 306.454
y: 307.454
theta: 308.4544050m
---
t: 1456289961.613519909
x: 306.405
y: 307.405
theta: 308.4054470m
---
t: 1456289961.613569294
x: 306.459
y: 307.459
theta: 308.4590180m
---
t: 1456289961.693358150
x: 306.451
y: 307.451
theta: 308.4507360m
---
t: 1456289961.693428181
x: 306.497
y: 307.497
theta: 308.4967630m
---
t: 1456289961.733414549
x: 306.454
y: 307.454
theta: 308.4544690m
---
t: 1456289961.773392195
x: 306.45
y: 307.45
theta: 308.4496440m
---
t: 1456289961.813382735
x: 306.418
y: 307.418
theta: 308.4182010m
---
t: 1456289961.853350517
x: 306.466
y: 307.466
theta: 308.4659690m
---
t: 1456289961.853394934
x: 306.475
y: 307.475
theta: 308.4753540m
---
t: 1456289961.853433638
x: 306.455
y: 307.455
theta: 308.4551930m
---
t: 1456289961.893397898
x: 306.484
y: 307.484
theta: 308.4844810m
---
t: 1456289961.893437338
x: 306.453
y: 307.453
theta: 308.4532430m
---
t: 1456289961.933353572
x: 306.451
y: 307.451
theta: 308.4508580m
---
t: 1456289961.933391930
x: 306.465
y: 307.465
theta: 308.4645900m
---
t: 1456289962.013383366
x: 306.491
y: 307.491
theta: 308.4905160m
---
t: 1456289962.013419297
x: 306.503
y: 307.503
theta: 308.5033170m
---
t: 1456289962.013447231
x: 306.474
y: 307.474
theta: 308.4740660m
---
t: 1456289962.053387927
x: 306.46
y: 307.46
theta: 308.4602200m
---
t: 1456289962.053427720
x: 306.492
y: 307.492
theta: 308.4918230m
---
t: 1456289962.053459549
x: 306.481
y: 307.481
theta: 308.4808010m
---
t: 1456289962.093412852
x: 306.474
y: 307.474
theta: 308.4742800m
---
t: 1456289962.133400978
x: 306.493
y: 307.493
theta: 308.4929340m
---
t: 1456289962.173351557
x: 306.452
y: 307.452
theta: 308.4515090m
---
t: 1456289962.173398738
x: 306.462
y: 307.462
theta: 308.4624340m
---
t: 1456289962.213395790
x: 306.487
y: 307.487
theta: 308.4870390m
---
t: 1456289962.213440550
x: 306.471
y: 307.471
theta: 308.4711270m
---
t: 1456289962.213476163
x: 306.49
y: 307.49
theta: 308.4898280m
---
t: 1456289962.253413186
x: 306.462
y: 307.462
theta: 308.4621740m
---
t: 1456289962.253462799
x: 306.463
y: 307.463
theta: 308.4634250m
---
t: 1456289962.253510164
x: 306.458
y: 307.458
theta: 308.4575610m
---
t: 1456289962.253542951
x: 306.456
y: 307.456
theta: 308.4564730m
---
t: 1456289962.293424015
x: 306.451
y: 307.451
theta: 308.4512500m
---
t: 1456289962.293466849
x: 306.477
y: 307.477
theta: 308.4765010m
---
t: 1456289962.333385094
x: 306.487
y: 307.487
theta: 308.4867870m
---
t: 1456289962.333419550
x: 306.497
y: 307.497
theta: 308.4966920m
---
t: 1456289962.333438974
x: 306.475
y: 307.475
theta: 308.4748410m
---
t: 1456289962.373405937
x: 306.457
y: 307.457
theta: 308.4574870m
---
t: 1456289962.453401482
x: 306.421
y: 307.421
theta: 308.4207420m
---
t: 1456289962.453447004
x: 306.466
y: 307.466
theta: 308.4659910m
---
t: 1456289962.453481868
x: 306.452
y: 307.452
theta: 308.4520780m
---
t: 1456289962.493422314
x: 306.459
y: 307.459
theta: 308.4592870m
---
t: 1456289962.533518973
x: 306.453
y: 307.453
theta: 308.4534590m
---
t: 1456289962.533612549
x: 306.452
y: 307.452
theta: 308.4524600m
---
t: 1456289962.533683373
x: 306.468
y: 307.468
theta: 308.4680670m
---
t: 1456289962.613405091
x: 306.464
y: 307.464
theta: 308.4642430m
---
t: 1456289962.613463390
x: 306.453
y: 307.453
theta: 308.4526950m
---
t: 1456289962.653406981
x: 306.487
y: 307.487
theta: 308.4872260m
---
t: 1456289962.653465732
x: 306.486
y: 307.486
theta: 308.4856630m
---
t: 1456289962.693427944
x: 306.452
y: 307.452
theta: 308.4519370m
---
t: 1456289962.693511387
x: 306.456
y: 307.456
theta: 308.4562460m
---
t: 1456289962.693567597
x: 306.451
y: 307.451
theta: 308.4511930m
---
t: 1456289962.773398731
x: 306.464
y: 307.464
theta: 308.4636780m
---
t: 1456289962.773448492
x: 306.466
y: 307.466
theta: 308.4661860m
---
t: 1456289962.813385118
x: 306.457
y: 307.457
theta: 308.4569260m
---
t: 1456289962.813426819
x: 306.492
y: 307.492
theta: 308.4919940m
---
t: 1456289962.813464295
x: 306.468
y: 307.468
theta: 308.4681060m
---
t: 1456289962.813503020
x: 306.492
y: 307.492
theta: 308.4921670m
---
t: 1456289962.853392749
x: 306.489
y: 307.489
theta: 308.4891140m
---
t: 1456289962.853437220
x: 306.508
y: 307.508
theta: 308.5076840m
---
t: 1456289962.893362743
x: 306.457
y: 307.457
theta: 308.4574050m
---
t: 1456289962.933393721
x: 306.457
y: 307.457
theta: 308.4571310m
---
t: 1456289962.933439113
x: 306.454
y: 307.454
theta: 308.4539600m
---
t: 1456289962.973387195
x: 306.489
y: 307.489
theta: 308.4888280m
---
t: 1456289962.973447410
x: 306.454
y: 307.454
theta: 308.4544300m
---
t: 1456289962.973483693
x: 306.467
y: 307.467
theta: 308.4674700m
---
t: 1456289963.013395386
x: 306.481
y: 307.481
theta: 308.4813480m
---
t: 1456289963.013442183
x: 306.449
y: 307.449
theta: 308.4489670m
---
t: 1456289963.053393080
x: 306.464
y: 307.464
theta: 308.4643890m
---
t: 1456289963.053434920
x: 306.475
y: 307.475
theta: 308.4750590m
---
t: 1456289963.093394221
x: 306.454
y: 307.454
theta: 308.4541020m
---
t: 1456289963.093437475
x: 306.48
y: 307.48
theta: 308.4803290m
---
t: 1456289963.093466745
x: 306.485
y: 307.485
theta: 308.4851990m
---
t: 1456289963.133391535
x: 306.489
y: 307.489
theta: 308.4892310m
---
t: 1456289963.133437933
x: 306.485
y: 307.485
theta: 308.4853630m
---
t: 1456289963.133469465
x: 306.461
y: 307.461
theta: 308.4606480m
---
t: 1456289963.173393563
x: 306.463
y: 307.463
theta: 308.4627620m
---
t: 1456289963.173436646
x: 306.454
y: 307.454
theta: 308.4540990m
---
t: 1456289963.173463115
x: 306.491
y: 307.491
theta: 308.4914490m
---
t: 1456289963.213351077
x: 306.463
y: 307.463
theta: 308.4634470m
---
t: 1456289963.213398971
x: 306.489
y: 307.489
theta: 308.4887250m
---
t: 1456289963.213430429
x: 306.462
y: 307.462
theta: 308.4622450m
---
t: 1456289963.253405057
x: 306.51
y: 307.51
theta: 308.5097750m
---
t: 1456289963.253448564
x: 306.502
y: 307.502
theta: 308.5020670m
---
t: 1456289963.293341583
x: 306.479
y: 307.479
theta: 308.4785960m
---
t: 1456289963.293384352
x: 306.464
y: 307.464
theta: 308.4636950m
---
t: 1456289963.333392729
x: 306.456
y: 307.456
theta: 308.4558850m
---
t: 1456289963.333435472
x: 306.473
y: 307.473
theta: 308.4727550m
---
t: 1456289963.333470426
x: 306.449
y: 307.449
theta: 308.4488060m
---
t: 1456289963.333510344
x: 306.472
y: 307.472
theta: 308.4722600m
---
t: 1456289963.373399559
x: 306.38
y: 307.38
theta: 308.3798000m
---
t: 1456289963.373445442
x: 306.478
y: 307.478
theta: 308.4776530m
---
t: 1456289963.373473870
x: 306.465
y: 307.465
theta: 308.4654050m
---
t: 1456289963.413408546
x: 306.504
y: 307.504
theta: 308.5044640m
---
t: 1456289963.413464803
x: 306.486
y: 307.486
theta: 308.4859930m
---
t: 1456289963.453348808
x: 306.486
y: 307.486
theta: 308.4855520m
---
t: 1456289963.493398024
x: 306.514
y: 307.514
theta: 308.5141160m
---
t: 1456289963.493534262
x: 306.45
y: 307.45
theta: 308.4496250m
---
t: 1456289963.493584385
x: 306.454
y: 307.454
theta: 308.4539820m
---
t: 1456289963.533389583
x: 306.463
y: 307.463
theta: 308.4633520m
---
t: 1456289963.573371318
x: 306.478
y: 307.478
theta: 308.4778920m
---
t: 1456289963.573413752
x: 306.492
y: 307.492
theta: 308.4924730m
---
t: 1456289963.613393512
x: 306.415
y: 307.415
theta: 308.4151860m
---
t: 1456289963.653351837
x: 306.465
y: 307.465
theta: 308.4652250m
---
t: 1456289963.693355264
x: 306.442
y: 307.442
theta: 308.4421830m
---
t: 1456289963.733404814
x: 306.491
y: 307.491
theta: 308.4911140m
---
t: 1456289963.733479890
x: 306.497
y: 307.497
theta: 308.4966440m
---
t: 1456289963.773345875
x: 306.468
y: 307.468
theta: 308.4682410m
---
t: 1456289963.813388768
x: 306.456
y: 307.456
theta: 308.4563680m
---
t: 1456289963.813434235
x: 306.475
y: 307.475
theta: 308.4753900m
---
t: 1456289963.813480949
x: 306.466
y: 307.466
theta: 308.4664360m
---
t: 1456289963.853335113
x: 306.49
y: 307.49
theta: 308.4898050m
---
t: 1456289963.893403873
x: 306.495
y: 307.495
theta: 308.4951220m
---
t: 1456289963.933400399
x: 306.439
y: 307.439
theta: 308.4387210m
---
t: 1456289963.933455467
x: 306.455
y: 307.455
theta: 308.4554530m
---
t: 1456289963.973418199
x: 306.457
y: 307.457
theta: 308.4565990m
---
t: 1456289964.013388291
x: 306.517
y: 307.517
theta: 308.5173260m
---
t: 1456289964.013428942
x: 306.477
y: 307.477
theta: 308.4769490m
---
t: 1456289964.013464652
x: 306.499
y: 307.499
theta: 308.4986040m
---
t: 1456289964.053398770
x: 306.456
y: 307.456
theta: 308.4563120m
---
t: 1456289964.053446039
x: 306.456
y: 307.456
theta: 308.4560000m
---
t: 1456289964.093408563
x: 306.445
y: 307.445
theta: 308.4451510m
---
t: 1456289964.133342022
x: 306.465
y: 307.465
theta: 308.4652940m
---
t: 1456289964.133393068
x: 306.453
y: 307.453
theta: 308.4526830m
---
t: 1456289964.173390171
x: 306.496
y: 307.496
theta: 308.4960610m
---
t: 1456289964.173451306
x: 306.448
y: 307.448
theta: 308.4475200m
---
t: 1456289964.213388521
x: 306.471
y: 307.471
theta: 308.4706670m
---
t: 1456289964.253409177
x: 306.501
y: 307.501
theta: 308.5009500m
---
t: 1456289964.333411614
x: 306.468
y: 307.468
theta: 308.4675150m
---
t: 1456289964.373424334
x: 306.469
y: 307.469
theta: 308.4691730m
---
t: 1456289964.373485825
x: 306.46
y: 307.46
theta: 308.4603170m
---
t: 1456289964.413406332
x: 306.474
y: 307.474
theta: 308.4744830m
---
t: 1456289964.413449341
x: 306.491
y: 307.491
theta: 308.4906220m
---
t: 1456289964.453397315
x: 306.455
y: 307.455
theta: 308.4547510m
---
t: 1456289964.493424509
x: 306.468
y: 307.468
theta: 308.4678660m
---
t: 1456289964.493476810
x: 306.461
