t: 1456292865.291102270
x: 313.418
y: 314.418
theta: 315.4175400m
---
t: 1456292865.291193852
x: 313.435
y: 314.435
theta: 315.4347880m
---
t: 1456292865.291227817
x: 313.409
y: 314.409
theta: 315.4094360m
---
t: 1456292865.331015054
x: 313.43
y: 314.43
theta: 315.4298180m
---
t: 1456292865.331058940
x: 313.428
y: 314.428
theta: 315.4277440m
---
t: 1456292865.331098594
x: 313.43
y: 314.43
theta: 315.4299470m
---
t: 1456292865.331139012
x: 313.427
y: 314.427
theta: 315.4267540m
---
t: 1456292865.331178444
x: 313.429
y: 314.429
theta: 315.4290940m
---
t: 1456292865.371019472
x: 313.431
y: 314.431
theta: 315.4305150m
---
t: 1456292865.371064544
x: 313.43
y: 314.43
theta: 315.4303130m
---
t: 1456292865.371093951
x: 313.431
y: 314.431
theta: 315.4311530m
---
t: 1456292865.371123428
x: 313.419
y: 314.419
theta: 315.4189450m
---
t: 1456292865.371155738
x: 313.417
y: 314.417
theta: 315.4165960m
---
t: 1456292865.411032578
x: 313.41
y: 314.41
theta: 315.4099160m
---
t: 1456292865.411080493
x: 313.406
y: 314.406
theta: 315.4063450m
---
t: 1456292865.411118882
x: 313.408
y: 314.408
theta: 315.4079600m
---
t: 1456292865.411157789
x: 313.41
y: 314.41
theta: 315.4098720m
---
t: 1456292865.451018033
x: 313.398
y: 314.398
theta: 315.3982460m
---
t: 1456292865.451060480
x: 313.407
y: 314.407
theta: 315.4067230m
---
t: 1456292865.451092153
x: 313.397
y: 314.397
theta: 315.3970400m
---
t: 1456292865.451122908
x: 313.414
y: 314.414
theta: 315.4135060m
---
t: 1456292865.451158203
x: 313.4
y: 314.4
theta: 315.3999230m
---
t: 1456292865.491045462
x: 313.411
y: 314.411
theta: 315.4107490m
---
t: 1456292865.491081003
x: 313.399
y: 314.399
theta: 315.3988800m
---
t: 1456292865.491103274
x: 313.39
y: 314.39
theta: 315.3899450m
---
t: 1456292865.491134419
x: 313.389
y: 314.389
theta: 315.3888810m
---
t: 1456292865.491168852
x: 313.4
y: 314.4
theta: 315.3998390m
---
t: 1456292865.531050339
x: 313.404
y: 314.404
theta: 315.4038560m
---
t: 1456292865.531100159
x: 313.398
y: 314.398
theta: 315.3978330m
---
t: 1456292865.531136702
x: 313.399
y: 314.399
theta: 315.3987680m
---
t: 1456292865.531170298
x: 313.405
y: 314.405
theta: 315.4054240m
---
t: 1456292865.531229382
x: 313.404
y: 314.404
theta: 315.4038870m
---
t: 1456292865.571022032
x: 313.405
y: 314.405
theta: 315.4048890m
---
t: 1456292865.571063091
x: 313.402
y: 314.402
theta: 315.4024920m
---
t: 1456292865.571085256
x: 313.403
y: 314.403
theta: 315.4029070m
---
t: 1456292865.571106346
x: 313.41
y: 314.41
theta: 315.4097600m
---
t: 1456292865.571137806
x: 313.405
y: 314.405
theta: 315.4052040m
---
t: 1456292865.611059866
x: 313.405
y: 314.405
theta: 315.4050600m
---
t: 1456292865.611118338
x: 313.406
y: 314.406
theta: 315.4062460m
---
t: 1456292865.611154406
x: 313.403
y: 314.403
theta: 315.4034270m
---
t: 1456292865.611189247
x: 313.404
y: 314.404
theta: 315.4037650m
---
t: 1456292865.651069195
x: 313.407
y: 314.407
theta: 315.4067260m
---
t: 1456292865.651128810
x: 313.411
y: 314.411
theta: 315.4112260m
---
t: 1456292865.651164189
x: 313.409
y: 314.409
theta: 315.4086620m
---
t: 1456292865.651198590
x: 313.412
y: 314.412
theta: 315.4124820m
---
t: 1456292865.651229067
x: 313.41
y: 314.41
theta: 315.4097900m
---
t: 1456292865.691090298
x: 313.41
y: 314.41
theta: 315.4098820m
---
t: 1456292865.691183364
x: 313.414
y: 314.414
theta: 315.4140370m
---
t: 1456292865.691314908
x: 313.416
y: 314.416
theta: 315.4157450m
---
t: 1456292865.691397863
x: 313.412
y: 314.412
theta: 315.4117150m
---
t: 1456292865.691517373
x: 313.413
y: 314.413
theta: 315.4126540m
---
t: 1456292865.731066175
x: 313.411
y: 314.411
theta: 315.4110640m
---
t: 1456292865.731175324
x: 313.413
y: 314.413
theta: 315.4127100m
---
t: 1456292865.731304962
x: 313.406
y: 314.406
theta: 315.4058190m
---
t: 1456292865.731387477
x: 313.402
y: 314.402
theta: 315.4020750m
---
t: 1456292865.731424200
x: 313.4
y: 314.4
theta: 315.4004870m
---
t: 1456292865.771047502
x: 313.404
y: 314.404
theta: 315.4044430m
---
t: 1456292865.771103480
x: 313.405
y: 314.405
theta: 315.4054560m
---
t: 1456292865.771144465
x: 313.403
y: 314.403
theta: 315.4026430m
---
t: 1456292865.771181623
x: 313.4
y: 314.4
theta: 315.3996850m
---
t: 1456292865.771217966
x: 313.404
y: 314.404
theta: 315.4042600m
---
t: 1456292865.811060752
x: 313.404
y: 314.404
theta: 315.4035090m
---
t: 1456292865.811123948
x: 313.403
y: 314.403
theta: 315.4029900m
---
t: 1456292865.811161929
x: 313.41
y: 314.41
theta: 315.4102060m
---
t: 1456292865.811197909
x: 313.403
y: 314.403
theta: 315.4025680m
---
t: 1456292865.851051929
x: 313.407
y: 314.407
theta: 315.4065040m
---
t: 1456292865.851111456
x: 313.416
y: 314.416
theta: 315.4156380m
---
t: 1456292865.851151530
x: 313.398
y: 314.398
theta: 315.3983280m
---
t: 1456292865.851185929
x: 313.399
y: 314.399
theta: 315.3986370m
---
t: 1456292865.851222863
x: 313.405
y: 314.405
theta: 315.4047350m
---
t: 1456292865.891048386
x: 313.406
y: 314.406
theta: 315.4063640m
---
t: 1456292865.891107196
x: 313.405
y: 314.405
theta: 315.4053760m
---
t: 1456292865.891151216
x: 313.398
y: 314.398
theta: 315.3982630m
---
t: 1456292865.891189202
x: 313.398
y: 314.398
theta: 315.3981340m
---
t: 1456292865.891224100
x: 313.403
y: 314.403
theta: 315.4027620m
---
t: 1456292865.931044082
x: 313.405
y: 314.405
theta: 315.4049030m
---
t: 1456292865.931079705
x: 313.405
y: 314.405
theta: 315.4047170m
---
t: 1456292865.931100840
x: 313.404
y: 314.404
theta: 315.4036640m
---
t: 1456292865.931131973
x: 313.401
y: 314.401
theta: 315.4013930m
---
t: 1456292865.931167770
x: 313.405
y: 314.405
theta: 315.4053080m
---
t: 1456292865.971042423
x: 313.403
y: 314.403
theta: 315.4025800m
---
t: 1456292865.971077930
x: 313.399
y: 314.399
theta: 315.3986930m
---
t: 1456292865.971099481
x: 313.402
y: 314.402
theta: 315.4015920m
---
t: 1456292865.971124995
x: 313.404
y: 314.404
theta: 315.4037100m
---
t: 1456292865.971146027
x: 313.404
y: 314.404
theta: 315.4044390m
---
t: 1456292866.011032858
x: 313.404
y: 314.404
theta: 315.4042530m
---
t: 1456292866.011086464
x: 313.405
y: 314.405
theta: 315.4049860m
---
t: 1456292866.011116605
x: 313.407
y: 314.407
theta: 315.4070150m
---
t: 1456292866.011148844
x: 313.405
y: 314.405
theta: 315.4046910m
---
t: 1456292866.011187081
x: 313.407
y: 314.407
theta: 315.4067720m
---
t: 1456292866.051030655
x: 313.412
y: 314.412
theta: 315.4122660m
---
t: 1456292866.051089935
x: 313.4
y: 314.4
theta: 315.4003280m
---
t: 1456292866.051119378
x: 313.409
y: 314.409
theta: 315.4090520m
---
t: 1456292866.051140439
x: 313.402
y: 314.402
theta: 315.4023340m
---
t: 1456292866.091051524
x: 313.402
y: 314.402
theta: 315.4023440m
---
t: 1456292866.091097244
x: 313.401
y: 314.401
theta: 315.4010550m
---
t: 1456292866.091128985
x: 313.404
y: 314.404
theta: 315.4044910m
---
t: 1456292866.091149916
x: 313.404
y: 314.404
theta: 315.4044730m
---
t: 1456292866.091171120
x: 313.402
y: 314.402
theta: 315.4020760m
---
t: 1456292866.131038509
x: 313.4
y: 314.4
theta: 315.4004170m
---
t: 1456292866.131088563
x: 313.403
y: 314.403
theta: 315.4030660m
---
t: 1456292866.131130042
x: 313.404
y: 314.404
theta: 315.4044170m
---
t: 1456292866.131169190
x: 313.4
y: 314.4
theta: 315.4001910m
---
t: 1456292866.131209004
x: 313.401
y: 314.401
theta: 315.4009130m
---
t: 1456292866.171026713
x: 313.395
y: 314.395
theta: 315.3951610m
---
t: 1456292866.171071292
x: 313.407
y: 314.407
theta: 315.4068330m
---
t: 1456292866.171101427
x: 313.404
y: 314.404
theta: 315.4036590m
---
t: 1456292866.171130994
x: 313.402
y: 314.402
theta: 315.4019810m
---
t: 1456292866.171167328
x: 313.406
y: 314.406
theta: 315.4063240m
---
t: 1456292866.211041621
x: 313.406
y: 314.406
theta: 315.4056980m
---
t: 1456292866.211096755
x: 313.409
y: 314.409
theta: 315.4089320m
---
t: 1456292866.211134699
x: 313.404
y: 314.404
theta: 315.4040360m
---
t: 1456292866.211169633
x: 313.402
y: 314.402
theta: 315.4019870m
---
t: 1456292866.251042689
x: 313.407
y: 314.407
theta: 315.4071050m
---
t: 1456292866.251080059
x: 313.405
y: 314.405
theta: 315.4047810m
---
t: 1456292866.251115372
x: 313.404
y: 314.404
theta: 315.4044180m
---
t: 1456292866.251152688
x: 313.405
y: 314.405
theta: 315.4050470m
---
t: 1456292866.251192141
x: 313.406
y: 314.406
theta: 315.4056940m
---
t: 1456292866.291038046
x: 313.405
y: 314.405
theta: 315.4052870m
---
t: 1456292866.291082383
x: 313.395
y: 314.395
theta: 315.3954100m
---
t: 1456292866.291111849
x: 313.403
y: 314.403
theta: 315.4029210m
---
t: 1456292866.291162534
x: 313.406
y: 314.406
theta: 315.4055870m
---
t: 1456292866.291197923
x: 313.406
y: 314.406
theta: 315.4057440m
---
t: 1456292866.331029904
x: 313.398
y: 314.398
theta: 315.3982200m
---
t: 1456292866.331071052
x: 313.403
y: 314.403
theta: 315.4027350m
---
t: 1456292866.331106597
x: 313.403
y: 314.403
theta: 315.4027900m
---
t: 1456292866.331145383
x: 313.398
y: 314.398
theta: 315.3978390m
---
t: 1456292866.331176907
x: 313.405
y: 314.405
theta: 315.4048050m
---
t: 1456292866.371034288
x: 313.402
y: 314.402
theta: 315.4024950m
---
t: 1456292866.371070792
x: 313.405
y: 314.405
theta: 315.4046530m
---
t: 1456292866.371091652
x: 313.399
y: 314.399
theta: 315.3989610m
---
t: 1456292866.371110344
x: 313.404
y: 314.404
theta: 315.4035020m
---
t: 1456292866.371139371
x: 313.408
y: 314.408
theta: 315.4076680m
---
t: 1456292866.411026717
x: 313.404
y: 314.404
theta: 315.4039800m
---
t: 1456292866.411077863
x: 313.406
y: 314.406
theta: 315.4059080m
---
t: 1456292866.411110665
x: 313.405
y: 314.405
theta: 315.4050910m
---
t: 1456292866.411143720
x: 313.406
y: 314.406
theta: 315.4059240m
---
t: 1456292866.451033938
x: 313.403
y: 314.403
theta: 315.4030620m
---
t: 1456292866.451073655
x: 313.4
y: 314.4
theta: 315.3998830m
---
t: 1456292866.451100448
x: 313.405
y: 314.405
theta: 315.4052650m
---
t: 1456292866.451124370
x: 313.402
y: 314.402
theta: 315.4022120m
---
t: 1456292866.451157084
x: 313.4
y: 314.4
theta: 315.3998410m
---
t: 1456292866.491042611
x: 313.404
y: 314.404
theta: 315.4043590m
---
t: 1456292866.491081910
x: 313.405
y: 314.405
theta: 315.4050830m
---
t: 1456292866.491112578
x: 313.404
y: 314.404
theta: 315.4044540m
---
t: 1456292866.491138246
x: 313.398
y: 314.398
theta: 315.3976110m
---
t: 1456292866.491172272
x: 313.405
y: 314.405
theta: 315.4052210m
---
t: 1456292866.531033805
x: 313.406
y: 314.406
theta: 315.4059910m
---
t: 1456292866.531069669
x: 313.405
y: 314.405
theta: 315.4053190m
---
t: 1456292866.531099656
x: 313.407
y: 314.407
theta: 315.4073590m
---
t: 1456292866.531135370
x: 313.404
y: 314.404
theta: 315.4040880m
---
t: 1456292866.531191763
x: 313.406
y: 314.406
theta: 315.4063960m
---
t: 1456292866.571031967
x: 313.408
y: 314.408
theta: 315.4077000m
---
t: 1456292866.571082648
x: 313.398
y: 314.398
theta: 315.3981360m
---
t: 1456292866.571151553
x: 313.408
y: 314.408
theta: 315.4079240m
---
t: 1456292866.571218763
x: 313.395
y: 314.395
theta: 315.3945560m
---
t: 1456292866.571305622
x: 313.404
y: 314.404
theta: 315.4040460m
---
t: 1456292866.611060922
x: 313.402
y: 314.402
theta: 315.4018930m
---
t: 1456292866.611117955
x: 313.402
y: 314.402
theta: 315.4015300m
---
t: 1456292866.611157790
x: 313.405
y: 314.405
theta: 315.4049150m
---
t: 1456292866.611205667
x: 313.402
y: 314.402
theta: 315.4023470m
---
t: 1456292866.611245785
x: 313.401
y: 314.401
theta: 315.4007760m
---
t: 1456292866.651051903
x: 313.408
y: 314.408
theta: 315.4076090m
---
t: 1456292866.651097088
x: 313.408
y: 314.408
theta: 315.4081310m
---
t: 1456292866.651129506
x: 313.403
y: 314.403
theta: 315.4028200m
---
t: 1456292866.651164701
x: 313.406
y: 314.406
theta: 315.4062840m
---
t: 1456292866.691044675
x: 313.405
y: 314.405
theta: 315.4047570m
---
t: 1456292866.691085634
x: 313.402
y: 314.402
theta: 315.4016950m
---
t: 1456292866.691114628
x: 313.402
y: 314.402
theta: 315.4024350m
---
t: 1456292866.691150808
x: 313.403
y: 314.403
theta: 315.4028720m
---
t: 1456292866.691188670
x: 313.404
y: 314.404
theta: 315.4044030m
---
t: 1456292866.731220398
x: 313.403
y: 314.403
theta: 315.4027410m
---
t: 1456292866.731481006
x: 313.403
y: 314.403
theta: 315.4030060m
---
t: 1456292866.731689207
x: 313.405
y: 314.405
theta: 315.4053770m
---
t: 1456292866.732039395
x: 313.403
y: 314.403
theta: 315.4031430m
---
t: 1456292866.732175632
x: 313.4
y: 314.4
theta: 315.3999510m
---
t: 1456292866.771038057
x: 313.404
y: 314.404
theta: 315.4039500m
---
t: 1456292866.771080810
x: 313.404
y: 314.404
theta: 315.4042760m
---
t: 1456292866.771113308
x: 313.401
y: 314.401
theta: 315.4014520m
---
t: 1456292866.771147934
x: 313.401
y: 314.401
theta: 315.4013380m
---
t: 1456292866.771234875
x: 313.398
y: 314.398
theta: 315.3984190m
---
t: 1456292866.811033954
x: 313.403
y: 314.403
theta: 315.4029060m
---
t: 1456292866.811072669
x: 313.402
y: 314.402
theta: 315.4020400m
---
t: 1456292866.811103916
x: 313.401
y: 314.401
theta: 315.4014420m
---
t: 1456292866.811135640
x: 313.401
y: 314.401
theta: 315.4012580m
---
t: 1456292866.811170250
x: 313.405
y: 314.405
theta: 315.4050670m
---
t: 1456292866.851050196
x: 313.404
y: 314.404
theta: 315.4042680m
---
t: 1456292866.851093239
x: 313.405
y: 314.405
theta: 315.4048890m
---
t: 1456292866.851130274
x: 313.405
y: 314.405
theta: 315.4051190m
---
t: 1456292866.851169579
x: 313.393
y: 314.393
theta: 315.3929410m
---
t: 1456292866.891032463
x: 313.412
y: 314.412
theta: 315.4116680m
---
t: 1456292866.891068310
x: 313.403
y: 314.403
theta: 315.4034640m
---
t: 1456292866.891098081
x: 313.407
y: 314.407
theta: 315.4072720m
---
t: 1456292866.891124555
x: 313.405
y: 314.405
theta: 315.4045520m
---
t: 1456292866.891159638
x: 313.399
y: 314.399
theta: 315.3991230m
---
t: 1456292866.931032952
x: 313.402
y: 314.402
theta: 315.4023970m
---
t: 1456292866.931078803
x: 313.408
y: 314.408
theta: 315.4075300m
---
t: 1456292866.931110540
x: 313.401
y: 314.401
theta: 315.4008000m
---
t: 1456292866.931137651
x: 313.404
y: 314.404
theta: 315.4035080m
---
t: 1456292866.931171677
x: 313.403
y: 314.403
theta: 315.4030090m
---
t: 1456292866.971030804
x: 313.402
y: 314.402
theta: 315.4023380m
---
t: 1456292866.971068757
x: 313.401
y: 314.401
theta: 315.4007400m
---
t: 1456292866.971095855
x: 313.397
y: 314.397
theta: 315.3971610m
---
t: 1456292866.971129008
x: 313.403
y: 314.403
theta: 315.4032480m
---
t: 1456292866.971165627
x: 313.401
y: 314.401
theta: 315.4011490m
---
t: 1456292867.011054517
x: 313.407
y: 314.407
theta: 315.4067870m
---
t: 1456292867.011095646
x: 313.404
y: 314.404
theta: 315.4037740m
---
t: 1456292867.011121227
x: 313.4
y: 314.4
theta: 315.3996620m
---
t: 1456292867.011149824
x: 313.4
y: 314.4
theta: 315.4002350m
---
t: 1456292867.011205014
x: 313.403
y: 314.403
theta: 315.4032920m
---
t: 1456292867.051050500
x: 313.412
y: 314.412
theta: 315.4118520m
---
t: 1456292867.051109632
x: 313.407
y: 314.407
theta: 315.4074310m
---
t: 1456292867.051142276
x: 313.403
y: 314.403
theta: 315.4031010m
---
t: 1456292867.051174325
x: 313.404
y: 314.404
theta: 315.4043940m
---
t: 1456292867.091032410
x: 313.405
y: 314.405
theta: 315.4045150m
---
t: 1456292867.091076636
x: 313.404
y: 314.404
theta: 315.4038120m
---
t: 1456292867.091106752
x: 313.406
y: 314.406
theta: 315.4060320m
---
t: 1456292867.091142339
x: 313.401
y: 314.401
theta: 315.4014180m
---
t: 1456292867.091181586
x: 313.402
y: 314.402
theta: 315.4020380m
---
t: 1456292867.131047689
x: 313.403
y: 314.403
theta: 315.4032210m
---
t: 1456292867.131124563
x: 313.41
y: 314.41
theta: 315.4100610m
---
t: 1456292867.131182579
x: 313.393
y: 314.393
theta: 315.3933320m
---
t: 1456292867.131250390
x: 313.402
y: 314.402
theta: 315.4022930m
---
t: 1456292867.131324891
x: 313.407
y: 314.407
theta: 315.4070260m
---
t: 1456292867.171031941
x: 313.404
y: 314.404
theta: 315.4035560m
---
t: 1456292867.171079136
x: 313.413
y: 314.413
theta: 315.4133410m
---
t: 1456292867.171112479
x: 313.4
y: 314.4
theta: 315.3996310m
---
t: 1456292867.171149647
x: 313.406
y: 314.406
theta: 315.4059700m
---
t: 1456292867.171189252
x: 313.407
y: 314.407
theta: 315.4073910m
---
t: 1456292867.211041445
x: 313.403
y: 314.403
theta: 315.4026610m
---
t: 1456292867.211095408
x: 313.404
y: 314.404
theta: 315.4036780m
---
t: 1456292867.211134869
x: 313.404
y: 314.404
theta: 315.4042020m
---
t: 1456292867.211204816
x: 313.403
y: 314.403
theta: 315.4032160m
---
t: 1456292867.211261575
x: 313.401
y: 314.401
theta: 315.4005600m
---
t: 1456292867.251022125
x: 313.402
y: 314.402
theta: 315.4020470m
---
t: 1456292867.251064410
x: 313.398
y: 314.398
theta: 315.3983600m
---
t: 1456292867.251090367
x: 313.403
y: 314.403
theta: 315.4032560m
---
t: 1456292867.251125967
x: 313.4
y: 314.4
theta: 315.4000660m
---
t: 1456292867.291039995
x: 313.406
y: 314.406
theta: 315.4055040m
---
t: 1456292867.291084654
x: 313.402
y: 314.402
theta: 315.4015020m
---
t: 1456292867.291139788
x: 313.399
y: 314.399
theta: 315.3987460m
---
t: 1456292867.291206289
x: 313.404
y: 314.404
theta: 315.4039660m
---
t: 1456292867.291261005
x: 313.403
y: 314.403
theta: 315.4032170m
---
t: 1456292867.331040605
x: 313.402
y: 314.402
theta: 315.4023150m
---
t: 1456292867.331087125
x: 313.405
y: 314.405
theta: 315.4048020m
---
t: 1456292867.331115019
x: 313.408
y: 314.408
theta: 315.4076640m
---
t: 1456292867.331161702
x: 313.4
y: 314.4
theta: 315.3997820m
---
t: 1456292867.331197106
x: 313.403
y: 314.403
theta: 315.4030750m
---
t: 1456292867.371029584
x: 313.406
y: 314.406
theta: 315.4061400m
---
t: 1456292867.371076693
x: 313.406
y: 314.406
theta: 315.4059410m
---
t: 1456292867.371103778
x: 313.407
y: 314.407
theta: 315.4069560m
---
t: 1456292867.371136998
x: 313.402
y: 314.402
theta: 315.4021550m
---
t: 1456292867.371193525
x: 313.402
y: 314.402
theta: 315.4022440m
---
t: 1456292867.411058583
x: 313.405
y: 314.405
theta: 315.4045590m
---
t: 1456292867.411136173
x: 313.402
y: 314.402
theta: 315.4023280m
---
t: 1456292867.411179288
x: 313.401
y: 314.401
theta: 315.4010330m
---
t: 1456292867.411298394
x: 313.399
y: 314.399
theta: 315.3990990m
---
t: 1456292867.411338900
x: 313.402
y: 314.402
theta: 315.4020420m
---
t: 1456292867.451032477
x: 313.403
y: 314.403
theta: 315.4026530m
---
t: 1456292867.451074758
x: 313.4
y: 314.4
theta: 315.3995370m
---
t: 1456292867.451103396
x: 313.402
y: 314.402
theta: 315.4016080m
---
t: 1456292867.451136922
x: 313.405
y: 314.405
theta: 315.4048070m
---
t: 1456292867.491035095
x: 313.405
y: 314.405
theta: 315.4050650m
---
t: 1456292867.491081177
x: 313.405
y: 314.405
theta: 315.4048380m
---
t: 1456292867.491114975
x: 313.405
y: 314.405
theta: 315.4045670m
---
t: 1456292867.491143573
x: 313.401
y: 314.401
theta: 315.4009300m
---
t: 1456292867.491178045
x: 313.408
y: 314.408
theta: 315.4083780m
---
t: 1456292867.531035503
x: 313.402
y: 314.402
theta: 315.4021320m
---
t: 1456292867.531070012
x: 313.409
y: 314.409
theta: 315.4091090m
---
t: 1456292867.531100303
x: 313.406
y: 314.406
theta: 315.4056390m
---
t: 1456292867.531131586
x: 313.402
y: 314.402
theta: 315.4020660m
---
t: 1456292867.531167633
x: 313.402
y: 314.402
theta: 315.4019420m
---
t: 1456292867.571030576
x: 313.405
y: 314.405
theta: 315.4054580m
---
t: 1456292867.571074300
x: 313.406
y: 314.406
theta: 315.4060440m
---
t: 1456292867.571106538
x: 313.406
y: 314.406
theta: 315.4062640m
---
t: 1456292867.571142797
x: 313.402
y: 314.402
theta: 315.4020530m
---
t: 1456292867.571181824
x: 313.407
y: 314.407
theta: 315.4074370m
---
t: 1456292867.611062561
x: 313.403
y: 314.403
theta: 315.4032630m
---
t: 1456292867.611117030
x: 313.404
y: 314.404
theta: 315.4044320m
---
t: 1456292867.611154580
x: 313.402
y: 314.402
theta: 315.4021820m
---
t: 1456292867.611189655
x: 313.404
y: 314.404
theta: 315.4036160m
---
t: 1456292867.611225797
x: 313.404
y: 314.404
theta: 315.4041960m
---
t: 1456292867.651084162
x: 313.407
y: 314.407
theta: 315.4073110m
---
t: 1456292867.651160144
x: 313.405
y: 314.405
theta: 315.4045450m
---
t: 1456292867.651205383
x: 313.402
y: 314.402
theta: 315.4016150m
---
t: 1456292867.651246542
x: 313.409
y: 314.409
theta: 315.4092900m
---
t: 1456292867.691051139
x: 313.408
y: 314.408
theta: 315.4077530m
---
t: 1456292867.691091957
x: 313.406
y: 314.406
theta: 315.4063170m
---
t: 1456292867.691127690
x: 313.403
y: 314.403
theta: 315.4031180m
---
t: 1456292867.691163531
x: 313.407
y: 314.407
theta: 315.4069630m
---
t: 1456292867.691198409
x: 313.404
y: 314.404
theta: 315.4041460m
---
t: 1456292867.731040702
x: 313.407
y: 314.407
theta: 315.4070060m
---
t: 1456292867.731092075
x: 313.399
y: 314.399
theta: 315.3991970m
---
t: 1456292867.731130281
x: 313.405
y: 314.405
theta: 315.4052590m
---
t: 1456292867.731164700
x: 313.406
y: 314.406
theta: 315.4058900m
---
t: 1456292867.731199285
x: 313.402
y: 314.402
theta: 315.4024540m
---
t: 1456292867.771054264
x: 313.403
y: 314.403
theta: 315.4031920m
---
t: 1456292867.771109634
x: 313.404
y: 314.404
theta: 315.4043070m
---
t: 1456292867.771145953
x: 313.407
y: 314.407
theta: 315.4069340m
---
t: 1456292867.771183550
x: 313.402
y: 314.402
theta: 315.4016080m
---
t: 1456292867.771223117
x: 313.402
y: 314.402
theta: 315.4022150m
---
t: 1456292867.811309985
x: 313.415
y: 314.415
theta: 315.4146820m
---
t: 1456292867.811556886
x: 313.398
y: 314.398
theta: 315.3975340m
---
t: 1456292867.811628293
x: 313.4
y: 314.4
theta: 315.4001090m
---
t: 1456292867.811684220
x: 313.395
y: 314.395
theta: 315.3947820m
---
t: 1456292867.851053268
x: 313.409
y: 314.409
theta: 315.4086010m
---
t: 1456292867.851105141
x: 313.396
y: 314.396
theta: 315.3964340m
---
t: 1456292867.851143812
x: 313.407
y: 314.407
theta: 315.4066740m
---
t: 1456292867.851181813
x: 313.406
y: 314.406
theta: 315.4059870m
---
t: 1456292867.851214776
x: 313.403
y: 314.403
theta: 315.4028680m
---
t: 1456292867.891038343
x: 313.404
y: 314.404
theta: 315.4037260m
---
t: 1456292867.891086507
x: 313.405
y: 314.405
theta: 315.4053620m
---
t: 1456292867.891124453
x: 313.403
y: 314.403
theta: 315.4032560m
---
t: 1456292867.891157920
x: 313.402
y: 314.402
theta: 315.4017140m
---
t: 1456292867.891192756
x: 313.392
y: 314.392
theta: 315.3917340m
---
t: 1456292867.931046551
x: 313.404
y: 314.404
theta: 315.4037860m
---
t: 1456292867.931086055
x: 313.401
y: 314.401
theta: 315.4010310m
---
t: 1456292867.931105958
x: 313.407
y: 314.407
theta: 315.4065360m
---
t: 1456292867.931134010
x: 313.408
y: 314.408
theta: 315.4075880m
---
t: 1456292867.971035941
x: 313.4
y: 314.4
theta: 315.3998110m
---
t: 1456292867.971073624
x: 313.403
y: 314.403
theta: 315.4029140m
---
t: 1456292867.971095133
x: 313.398
y: 314.398
theta: 315.3982390m
---
t: 1456292867.971123122
x: 313.408
y: 314.408
theta: 315.4084390m
---
t: 1456292867.971155219
x: 313.407
y: 314.407
theta: 315.4072150m
---
t: 1456292867.971185352
x: 313.406
y: 314.406
theta: 315.4059620m
---
t: 1456292868.011035471
x: 313.41
y: 314.41
theta: 315.4098520m
---
t: 1456292868.011071695
x: 313.406
y: 314.406
theta: 315.4062080m
---
t: 1456292868.011105920
x: 313.401
y: 314.401
theta: 315.4014080m
---
t: 1456292868.011140201
x: 313.408
y: 314.408
theta: 315.4080000m
---
t: 1456292868.051031223
x: 313.403
y: 314.403
theta: 315.4029720m
---
t: 1456292868.051067844
x: 313.41
y: 314.41
theta: 315.4099670m
---
t: 1456292868.051102349
x: 313.407
y: 314.407
theta: 315.4070330m
---
t: 1456292868.051157428
x: 313.403
y: 314.403
theta: 315.4027980m
---
t: 1456292868.051199772
x: 313.401
y: 314.401
theta: 315.4005770m
---
t: 1456292868.091045492
x: 313.404
y: 314.404
theta: 315.4044300m
---
t: 1456292868.091097675
x: 313.405
y: 314.405
theta: 315.4052320m
---
t: 1456292868.091129405
x: 313.403
y: 314.403
theta: 315.4033860m
---
t: 1456292868.091157985
x: 313.402
y: 314.402
theta: 315.4019000m
---
t: 1456292868.091193463
x: 313.402
y: 314.402
theta: 315.4016510m
---
t: 1456292868.131030510
x: 313.407
y: 314.407
theta: 315.4071010m
---
t: 1456292868.131091628
x: 313.404
y: 314.404
theta: 315.4037910m
---
t: 1456292868.131129553
x: 313.405
y: 314.405
theta: 315.4048650m
---
t: 1456292868.131163649
x: 313.405
y: 314.405
theta: 315.4051560m
---
t: 1456292868.171041708
x: 313.404
y: 314.404
theta: 315.4036700m
---
t: 1456292868.171087504
x: 313.407
y: 314.407
theta: 315.4070570m
---
t: 1456292868.171116584
x: 313.401
y: 314.401
theta: 315.4009460m
---
t: 1456292868.171145081
x: 313.408
y: 314.408
theta: 315.4082030m
---
t: 1456292868.171174302
x: 313.402
y: 314.402
theta: 315.4021230m
---
t: 1456292868.171208035
x: 313.404
y: 314.404
theta: 315.4043400m
---
t: 1456292868.211046519
x: 313.4
y: 314.4
theta: 315.3995180m
---
t: 1456292868.211099876
x: 313.406
y: 314.406
theta: 315.4060030m
---
t: 1456292868.211135371
x: 313.402
y: 314.402
theta: 315.4024550m
---
t: 1456292868.211163925
x: 313.406
y: 314.406
theta: 315.4059740m
---
t: 1456292868.211194235
x: 313.402
y: 314.402
theta: 315.4017240m
---
t: 1456292868.251031826
x: 313.407
y: 314.407
theta: 315.4065540m
---
t: 1456292868.251074673
x: 313.407
y: 314.407
theta: 315.4068450m
---
t: 1456292868.251108030
x: 313.409
y: 314.409
theta: 315.4088330m
---
t: 1456292868.251145544
x: 313.408
y: 314.408
theta: 315.4081360m
---
t: 1456292868.291036920
x: 313.4
y: 314.4
theta: 315.3999020m
---
t: 1456292868.291076297
x: 313.402
y: 314.402
theta: 315.4017620m
---
t: 1456292868.291108177
x: 313.402
y: 314.402
theta: 315.4021840m
---
t: 1456292868.291134311
x: 313.414
y: 314.414
theta: 315.4141640m
---
t: 1456292868.291180642
x: 313.401
y: 314.401
theta: 315.4012930m
---
t: 1456292868.331037606
x: 313.401
y: 314.401
theta: 315.4011470m
---
t: 1456292868.331076091
x: 313.404
y: 314.404
theta: 315.4037160m
---
t: 1456292868.331106399
x: 313.401
y: 314.401
theta: 315.4011630m
---
t: 1456292868.331136051
x: 313.405
y: 314.405
theta: 315.4053410m
---
t: 1456292868.331165555
x: 313.401
y: 314.401
theta: 315.4009740m
---
t: 1456292868.371034145
x: 313.401
y: 314.401
theta: 315.4005040m
---
t: 1456292868.371079929
x: 313.393
y: 314.393
theta: 315.3926640m
---
t: 1456292868.371120332
x: 313.403
y: 314.403
theta: 315.4026270m
---
t: 1456292868.371158696
x: 313.406
y: 314.406
theta: 315.4055130m
---
t: 1456292868.371209057
x: 313.405
y: 314.405
theta: 315.4045920m
---
t: 1456292868.411032225
x: 313.407
y: 314.407
theta: 315.4070010m
---
t: 1456292868.411077603
x: 313.407
y: 314.407
theta: 315.4065590m
---
t: 1456292868.411109410
x: 313.406
y: 314.406
theta: 315.4061400m
---
t: 1456292868.411178590
x: 313.402
y: 314.402
theta: 315.4015950m
---
t: 1456292868.411232348
x: 313.403
y: 314.403
theta: 315.4027940m
---
t: 1456292868.451038038
x: 313.408
y: 314.408
theta: 315.4078090m
---
t: 1456292868.451085054
x: 313.399
y: 314.399
theta: 315.3987030m
---
t: 1456292868.451115991
x: 313.408
y: 314.408
theta: 315.4076340m
---
t: 1456292868.451149833
x: 313.406
y: 314.406
theta: 315.4057040m
---
t: 1456292868.491032674
x: 313.403
y: 314.403
theta: 315.4034800m
---
t: 1456292868.491082043
x: 313.403
y: 314.403
theta: 315.4032640m
---
t: 1456292868.491112672
x: 313.404
y: 314.404
theta: 315.4039680m
---
t: 1456292868.491160272
x: 313.393
y: 314.393
theta: 315.3927460m
---
t: 1456292868.491228577
x: 313.405
y: 314.405
theta: 315.4046860m
---
t: 1456292868.531029621
x: 313.399
y: 314.399
theta: 315.3990330m
---
t: 1456292868.531072351
x: 313.405
y: 314.405
theta: 315.4048580m
---
t: 1456292868.531099842
x: 313.401
y: 314.401
theta: 315.4005930m
---
t: 1456292868.531125928
x: 313.411
y: 314.411
theta: 315.4105900m
---
t: 1456292868.531162119
x: 313.404
y: 314.404
theta: 315.4038970m
---
t: 1456292868.571019398
x: 313.404
y: 314.404
theta: 315.4040790m
---
t: 1456292868.571056792
x: 313.405
y: 314.405
theta: 315.4047630m
---
t: 1456292868.571092048
x: 313.405
y: 314.405
theta: 315.4048900m
---
t: 1456292868.571130212
x: 313.405
y: 314.405
theta: 315.4050620m
---
t: 1456292868.571197590
x: 313.398
y: 314.398
theta: 315.3983790m
---
t: 1456292868.611071773
x: 313.4
y: 314.4
theta: 315.3998990m
---
t: 1456292868.611136341
x: 313.405
y: 314.405
theta: 315.4047930m
---
t: 1456292868.611175440
x: 313.403
y: 314.403
theta: 315.4031330m
---
t: 1456292868.611211211
x: 313.401
y: 314.401
theta: 315.4014400m
---
t: 1456292868.651035782
x: 313.4
y: 314.4
theta: 315.4000320m
---
t: 1456292868.651080834
x: 313.405
y: 314.405
theta: 315.4045370m
---
t: 1456292868.651120690
x: 313.403
y: 314.403
theta: 315.4029830m
---
t: 1456292868.651159211
x: 313.401
y: 314.401
theta: 315.4011500m
---
t: 1456292868.651195463
x: 313.403
y: 314.403
theta: 315.4030920m
---
t: 1456292868.691032214
x: 313.4
y: 314.4
theta: 315.4001330m
---
t: 1456292868.691070836
x: 313.394
y: 314.394
theta: 315.3943820m
---
t: 1456292868.691107384
x: 313.407
y: 314.407
theta: 315.4067230m
---
t: 1456292868.691145898
x: 313.405
y: 314.405
theta: 315.4045190m
---
t: 1456292868.691222732
x: 313.405
y: 314.405
theta: 315.4047810m
---
t: 1456292868.731039597
x: 313.398
y: 314.398
theta: 315.3975300m
---
t: 1456292868.731075664
x: 313.406
y: 314.406
theta: 315.4058380m
---
t: 1456292868.731113119
x: 313.401
y: 314.401
theta: 315.4012750m
---
t: 1456292868.731151040
x: 313.4
y: 314.4
theta: 315.3996790m
---
t: 1456292868.731222310
x: 313.403
y: 314.403
theta: 315.4031210m
---
t: 1456292868.771032128
x: 313.402
y: 314.402
theta: 315.4023570m
---
t: 1456292868.771077791
x: 313.405
y: 314.405
theta: 315.4050570m
---
t: 1456292868.771117253
x: 313.403
y: 314.403
theta: 315.4031360m
---
t: 1456292868.771158147
x: 313.397
y: 314.397
theta: 315.3973490m
---
t: 1456292868.771229229
x: 313.404
y: 314.404
theta: 315.4043800m
---
t: 1456292868.811284527
x: 313.405
y: 314.405
theta: 315.4054440m
---
t: 1456292868.811588151
x: 313.402
y: 314.402
theta: 315.4019700m
---
t: 1456292868.811721391
x: 313.408
y: 314.408
theta: 315.4077130m
---
t: 1456292868.811821781
x: 313.404
y: 314.404
theta: 315.4043930m
---
t: 1456292868.851046563
x: 313.405
y: 314.405
theta: 315.4052220m
---
t: 1456292868.851098249
x: 313.402
y: 314.402
theta: 315.4018480m
---
t: 1456292868.851138139
x: 313.403
y: 314.403
theta: 315.4030570m
---
t: 1456292868.851176685
x: 313.401
y: 314.401
theta: 315.4013880m
---
t: 1456292868.851213886
x: 313.401
y: 314.401
theta: 315.4010330m
---
t: 1456292868.891018445
x: 313.401
y: 314.401
theta: 315.4006570m
---
t: 1456292868.891061707
x: 313.406
y: 314.406
theta: 315.4055460m
---
t: 1456292868.891087816
x: 313.398
y: 314.398
theta: 315.3984670m
---
t: 1456292868.891114864
x: 313.403
y: 314.403
theta: 315.4031420m
---
t: 1456292868.891146522
x: 313.404
y: 314.404
theta: 315.4038820m
---
t: 1456292868.931039013
x: 313.399
y: 314.399
theta: 315.3993860m
---
t: 1456292868.931086588
x: 313.41
y: 314.41
theta: 315.4095690m
---
t: 1456292868.931123433
x: 313.403
y: 314.403
theta: 315.4030430m
---
t: 1456292868.931160732
x: 313.399
y: 314.399
theta: 315.3993110m
---
t: 1456292868.931195716
x: 313.405
y: 314.405
theta: 315.4046330m
---
t: 1456292868.971029180
x: 313.403
y: 314.403
theta: 315.4026640m
---
t: 1456292868.971066932
x: 313.403
y: 314.403
theta: 315.4034480m
---
t: 1456292868.971103629
x: 313.4
y: 314.4
theta: 315.3995920m
---
t: 1456292868.971138231
x: 313.404
y: 314.404
theta: 315.4039890m
---
t: 1456292868.971177801
x: 313.399
y: 314.399
theta: 315.3991180m
---
t: 1456292869.011037998
x: 313.398
y: 314.398
theta: 315.3979020m
---
t: 1456292869.011088669
x: 313.406
y: 314.406
theta: 315.4057300m
---
t: 1456292869.011124045
x: 313.403
y: 314.403
theta: 315.4031530m
---
t: 1456292869.011156910
x: 313.398
y: 314.398
theta: 315.3981970m
---
t: 1456292869.051030142
x: 313.392
y: 314.392
theta: 315.3923180m
---
t: 1456292869.051076828
x: 313.406
y: 314.406
theta: 315.4056510m
---
t: 1456292869.051111340
x: 313.407
y: 314.407
theta: 315.4070680m
---
t: 1456292869.051163237
x: 313.404
y: 314.404
theta: 315.4039140m
---
t: 1456292869.051199681
x: 313.405
y: 314.405
theta: 315.4045670m
---
t: 1456292869.091034786
x: 313.406
y: 314.406
theta: 315.4062920m
---
t: 1456292869.091071967
x: 313.397
y: 314.397
theta: 315.3973820m
---
t: 1456292869.091102920
x: 313.403
y: 314.403
theta: 315.4026910m
---
t: 1456292869.091135058
x: 313.404
y: 314.404
theta: 315.4036120m
---
t: 1456292869.091172532
x: 313.404
y: 314.404
theta: 315.4039480m
---
t: 1456292869.131045746
x: 313.406
y: 314.406
theta: 315.4055290m
---
t: 1456292869.131095845
x: 313.402
y: 314.402
theta: 315.4023960m
---
t: 1456292869.131136621
x: 313.401
y: 314.401
theta: 315.4011380m
---
t: 1456292869.131176070
x: 313.406
y: 314.406
theta: 315.4060240m
---
t: 1456292869.131212382
x: 313.406
y: 314.406
theta: 315.4056440m
---
t: 1456292869.171034180
x: 313.404
y: 314.404
theta: 315.4040620m
---
t: 1456292869.171081469
x: 313.389
y: 314.389
theta: 315.3891780m
---
t: 1456292869.171121823
x: 313.412
y: 314.412
theta: 315.4120590m
---
t: 1456292869.171160409
x: 313.408
y: 314.408
theta: 315.4077560m
---
t: 1456292869.171199670
x: 313.407
y: 314.407
theta: 315.4068800m
---
t: 1456292869.211046280
x: 313.407
y: 314.407
theta: 315.4068710m
---
t: 1456292869.211101044
x: 313.402
y: 314.402
theta: 315.4015910m
---
t: 1456292869.211142641
x: 313.403
y: 314.403
theta: 315.4029630m
---
t: 1456292869.211178168
x: 313.404
y: 314.404
theta: 315.4037790m
---
t: 1456292869.211217051
x: 313.412
y: 314.412
theta: 315.4117830m
---
t: 1456292869.251028500
x: 313.4
y: 314.4
theta: 315.4002550m
---
t: 1456292869.251075037
x: 313.408
y: 314.408
theta: 315.4082800m
---
t: 1456292869.251106693
x: 313.407
y: 314.407
theta: 315.4070360m
---
t: 1456292869.251163458
x: 313.411
y: 314.411
theta: 315.4107610m
---
t: 1456292869.291064490
x: 313.406
y: 314.406
theta: 315.4063930m
---
t: 1456292869.291110820
x: 313.405
y: 314.405
theta: 315.4052480m
---
t: 1456292869.291140968
x: 313.407
y: 314.407
theta: 315.4065160m
---
t: 1456292869.291177391
x: 313.396
y: 314.396
theta: 315.3960790m
---
t: 1456292869.291252406
x: 313.405
y: 314.405
theta: 315.4048280m
---
t: 1456292869.331073585
x: 313.4
y: 314.4
theta: 315.4001270m
---
t: 1456292869.331119339
x: 313.403
y: 314.403
theta: 315.4032570m
---
t: 1456292869.331165853
x: 313.401
y: 314.401
theta: 315.4012530m
---
t: 1456292869.331216697
x: 313.409
y: 314.409
theta: 315.4090450m
---
t: 1456292869.331300807
x: 313.403
y: 314.403
theta: 315.4027160m
---
t: 1456292869.371030551
x: 313.416
y: 314.416
theta: 315.4162900m
---
t: 1456292869.371067560
x: 313.403
y: 314.403
theta: 315.4032790m
---
t: 1456292869.371091637
x: 313.402
y: 314.402
theta: 315.4024010m
---
t: 1456292869.371123574
x: 313.402
y: 314.402
theta: 315.4023500m
---
t: 1456292869.371160947
x: 313.405
y: 314.405
theta: 315.4054340m
---
t: 1456292869.411038333
x: 313.416
y: 314.416
theta: 315.4158790m
---
t: 1456292869.411075940
x: 313.403
y: 314.403
theta: 315.4027280m
---
t: 1456292869.411108179
x: 313.402
y: 314.402
theta: 315.4022590m
---
t: 1456292869.411144737
x: 313.405
y: 314.405
theta: 315.4050000m
---
t: 1456292869.411181341
x: 313.405
y: 314.405
theta: 315.4048400m
---
t: 1456292869.451035020
x: 313.405
y: 314.405
theta: 315.4046820m
---
t: 1456292869.451085317
x: 313.407
y: 314.407
theta: 315.4066690m
---
t: 1456292869.451115174
x: 313.406
y: 314.406
theta: 315.4059460m
---
t: 1456292869.451146657
x: 313.402
y: 314.402
theta: 315.4015960m
---
t: 1456292869.491020783
x: 313.401
y: 314.401
theta: 315.4008910m
---
t: 1456292869.491066801
x: 313.411
y: 314.411
theta: 315.4108500m
---
t: 1456292869.491100012
x: 313.403
y: 314.403
theta: 315.4027820m
---
t: 1456292869.491136965
x: 313.403
y: 314.403
theta: 315.4031830m
---
t: 1456292869.491175996
x: 313.404
y: 314.404
theta: 315.4036570m
---
t: 1456292869.531349937
x: 313.405
y: 314.405
theta: 315.4051580m
---
t: 1456292869.531525766
x: 313.405
y: 314.405
theta: 315.4046940m
---
t: 1456292869.531582119
x: 313.406
y: 314.406
theta: 315.4063840m
---
t: 1456292869.531630720
x: 313.405
y: 314.405
theta: 315.4047490m
---
t: 1456292869.531673052
x: 313.405
y: 314.405
theta: 315.4045650m
---
t: 1456292869.571040221
x: 313.399
y: 314.399
theta: 315.3990950m
---
t: 1456292869.571093372
x: 313.409
y: 314.409
theta: 315.4087770m
---
t: 1456292869.571121251
x: 313.393
y: 314.393
theta: 315.3931550m
---
t: 1456292869.571154386
x: 313.407
y: 314.407
theta: 315.4065530m
---
t: 1456292869.571191742
x: 313.401
y: 314.401
theta: 315.4011010m
---
t: 1456292869.611044123
x: 313.405
y: 314.405
theta: 315.4052730m
---
t: 1456292869.611091088
x: 313.399
y: 314.399
theta: 315.3987780m
---
t: 1456292869.611125811
x: 313.412
y: 314.412
theta: 315.4116940m
---
t: 1456292869.611160862
x: 313.404
y: 314.404
theta: 315.4039350m
---
t: 1456292869.611194721
x: 313.406
y: 314.406
theta: 315.4060670m
---
t: 1456292869.651071970
x: 313.407
y: 314.407
theta: 315.4068210m
---
t: 1456292869.651141580
x: 313.403
y: 314.403
theta: 315.4034980m
---
t: 1456292869.651185011
x: 313.405
y: 314.405
theta: 315.4050070m
---
t: 1456292869.651223320
x: 313.406
y: 314.406
theta: 315.4056760m
---
t: 1456292869.691097482
x: 313.404
y: 314.404
theta: 315.4041540m
---
t: 1456292869.691217175
x: 313.404
y: 314.404
theta: 315.4039520m
---
t: 1456292869.691283193
x: 313.403
y: 314.403
theta: 315.4030800m
---
t: 1456292869.691393393
x: 313.401
y: 314.401
theta: 315.4005080m
---
t: 1456292869.691483445
x: 313.402
y: 314.402
theta: 315.4024060m
---
t: 1456292869.731049751
x: 313.403
y: 314.403
theta: 315.4034590m
---
t: 1456292869.731103825
x: 313.404
y: 314.404
theta: 315.4039590m
---
t: 1456292869.731159592
x: 313.404
y: 314.404
theta: 315.4044690m
---
t: 1456292869.731194869
x: 313.407
y: 314.407
theta: 315.4072230m
---
t: 1456292869.731280667
x: 313.399
y: 314.399
theta: 315.3987440m
---
t: 1456292869.771043270
x: 313.406
y: 314.406
theta: 315.4057290m
---
t: 1456292869.771094011
x: 313.406
y: 314.406
theta: 315.4057200m
---
t: 1456292869.771132031
x: 313.406
y: 314.406
theta: 315.4056160m
---
t: 1456292869.771169695
x: 313.404
y: 314.404
theta: 315.4038960m
---
t: 1456292869.771203586
x: 313.401
y: 314.401
theta: 315.4013680m
---
t: 1456292869.811101067
x: 313.407
y: 314.407
theta: 315.4067320m
---
t: 1456292890.251047757
x: 313.408
y: 314.408
theta: 315.4082330m
---
t: 1456292890.251121880
x: 313.409
y: 314.409
theta: 315.4087530m
---
t: 1456292890.251164737
x: 313.406
y: 314.406
theta: 315.4055860m
---
t: 1456292890.291037342
x: 313.415
y: 314.415
theta: 315.4150380m
---
t: 1456292890.291089886
x: 313.41
y: 314.41
theta: 315.4102490m
---
t: 1456292890.291120219
x: 313.411
y: 314.411
theta: 315.4114010m
---
t: 1456292890.331039616
x: 313.407
y: 314.407
theta: 315.4066100m
---
t: 1456292890.331081963
x: 313.406
y: 314.406
theta: 315.4061390m
---
t: 1456292890.331112281
x: 313.411
y: 314.411
theta: 315.4110780m
---
t: 1456292890.371024611
x: 313.404
y: 314.404
theta: 315.4040070m
---
t: 1456292890.371065651
x: 313.41
y: 314.41
theta: 315.4095790m
---
t: 1456292890.411076651
x: 313.406
y: 314.406
theta: 315.4062350m
---
t: 1456292890.411139154
x: 313.408
y: 314.408
theta: 315.4078970m
---
t: 1456292890.411189645
x: 313.411
y: 314.411
theta: 315.4109290m
---
t: 1456292890.451057049
x: 313.409
y: 314.409
theta: 315.4088560m
---
t: 1456292890.451111795
x: 313.4
y: 314.4
theta: 315.3999910m
---
t: 1456292890.491057472
x: 313.405
y: 314.405
theta: 315.4051770m
---
t: 1456292890.491107276
x: 313.409
y: 314.409
theta: 315.4091490m
---
t: 1456292890.491146723
x: 313.406
y: 314.406
theta: 315.4061600m
---
t: 1456292890.531046050
x: 313.409
y: 314.409
theta: 315.4090430m
---
t: 1456292890.531150740
x: 313.407
y: 314.407
theta: 315.4071960m
---
t: 1456292890.531264941
x: 313.413
y: 314.413
theta: 315.4125550m
---
t: 1456292890.571148881
x: 313.411
y: 314.411
theta: 315.4113120m
---
t: 1456292890.571198216
x: 313.41
y: 314.41
theta: 315.4096910m
---
t: 1456292890.571270794
x: 313.407
y: 314.407
theta: 315.4067560m
---
t: 1456292890.611163061
x: 313.409
y: 314.409
theta: 315.4091020m
---
t: 1456292890.611307108
x: 313.408
y: 314.408
theta: 315.4080760m
---
t: 1456292890.611391321
x: 313.403
