x: -0.589542806149
y: 0.0511396564543
theta: 0.0218029596169
---
x: -0.589568555355
y: 0.0510837957263
theta: 0.0116145691805
---
x: -0.589536845684
y: 0.0510511100292
theta: 0.0183588510482
---
x: -0.589544713497
y: 0.0509301945567
theta: -0.00106249440027
---
x: -0.589562535286
y: 0.0508634373546
theta: -0.00441525668773
---
x: -0.58954513073
y: 0.0507677905262
theta: -0.00236161092752
---
x: -0.589540302753
y: 0.0506432279944
theta: -0.00568925322798
---
x: -0.589530050755
y: 0.050540458411
theta: -0.0109848992729
---
x: -0.589536428452
y: 0.0504299588501
theta: -0.0113331555414
---
x: -0.589528679848
y: 0.0503152422607
theta: -0.0110406574534
---
x: -0.589496731758
y: 0.050200752914
theta: -0.00779007269787
---
x: -0.589521348476
y: 0.0500965677202
theta: -0.00285221054786
---
x: -0.589470267296
y: 0.0499110594392
theta: -0.00241685741395
---
x: -0.589468359947
y: 0.0498021654785
theta: 0.00344338703087
---
x: -0.589502751827
y: 0.0496207103133
theta: -0.000285159617363
---
x: -0.589465260506
y: 0.0494692921638
theta: -0.000951392924934
---
x: -0.58948045969
y: 0.0493175983429
theta: -0.00332018841147
---
x: -0.589462459087
y: 0.0492303371429
theta: 0.0169468670459
---
x: -0.589473128319
y: 0.0490617230535
theta: 0.0259847600294
---
x: -0.589489042759
y: 0.048900693655
theta: 0.0200014366742
---
x: -0.589484512806
y: 0.0488303750753
theta: 0.0367122601003
---
x: -0.58948123455
y: 0.0486674197018
theta: 0.0230594252827
---
x: -0.589484989643
y: 0.0486435294151
theta: 0.0216860750087
---
x: -0.589495420456
y: 0.0485208258033
theta: 0.0363796986659
---
x: -0.58948892355
y: 0.0484310165048
theta: 0.0493718504709
---
x: -0.589493513107
y: 0.0483541935682
theta: 0.0447990082548
---
x: -0.589495718479
y: 0.0482826940715
theta: 0.0352534941193
---
x: -0.589488506317
y: 0.0482467450202
theta: 0.0400734333782
---
x: -0.589492380619
y: 0.048180654645
theta: 0.0286690531241
---
x: -0.589493215084
y: 0.0481379330158
theta: 0.0408600123499
---
x: -0.589482724667
y: 0.048096626997
theta: 0.0454268494292
---
x: -0.589484632015
y: 0.0480518937111
theta: 0.0437734298423
---
x: -0.589484214783
y: 0.0479786135256
theta: 0.0430756225228
---
x: -0.589472651482
y: 0.0478446744382
theta: 0.0405486939505
---
x: -0.589492440224
y: 0.0477239862084
theta: 0.0431847037766
---
x: -0.589468836784
y: 0.0476174838841
theta: 0.0428700950358
---
x: -0.589492917061
y: 0.0474718958139
theta: 0.0299078622409
---
x: -0.589476406574
y: 0.0472896955907
theta: 0.0286634268553
---
x: -0.589450836182
y: 0.0470505394042
theta: 0.0265250892845
---
x: -0.589418232441
y: 0.046717338264
theta: 0.0197112681182
---
x: -0.589448034763
y: 0.0463269911706
theta: 0.00829127315479
---
x: -0.5894485116
y: 0.0459418743849
theta: 2.09992961376e-05
---
x: -0.589450955391
y: 0.045487742871
theta: 0.000938441926055
---
x: -0.589441359043
y: 0.0448968149722
theta: 0.00995022067522
---
x: -0.589384734631
y: 0.0442903228104
theta: 8.88856559848e-05
---
x: -0.589401066303
y: 0.0435240231454
theta: 0.0196894644237
---
x: -0.589381694794
y: 0.0428240522742
theta: 0.0180542696327
---
x: -0.589388489723
y: 0.0420200563967
theta: 0.0360722280142
---
x: -0.589349627495
y: 0.041135083884
theta: 0.00638782036532
---
x: -0.589330613613
y: 0.0401318073273
theta: 0.0112600697652
---
x: -0.589269220829
y: 0.0390771441162
theta: 0.0270817118316
---
x: -0.589191615582
y: 0.0381039865315
theta: 0.0284864642766
---
x: -0.589165687561
y: 0.0369056500494
theta: 0.0247471637881
---
x: -0.589121162891
y: 0.0357416793704
theta: 0.0242862524078
---
x: -0.589034199715
y: 0.0345497094095
theta: 0.0275354187687
---
x: -0.589032709599
y: 0.0333024971187
theta: 0.0606963854847
---
x: -0.588902294636
y: 0.0320068970323
theta: 0.0464297477491
---
x: -0.588800370693
y: 0.0306013319641
theta: 0.0477973444058
---
x: -0.588718235493
y: 0.0293189007789
theta: 0.0512934027106
---
x: -0.588644206524
y: 0.0278475563973
theta: 0.053242580902
---
x: -0.588588833809
y: 0.0263887532055
theta: 0.0831211010599
---
x: -0.588439464569
y: 0.0248833913356
theta: 0.0474380622903
---
x: -0.58836132288
y: 0.0234381426126
theta: 0.088902795123
---
x: -0.588169872761
y: 0.0218649189919
theta: 0.0935938929495
---
x: -0.588100910187
y: 0.0203426964581
theta: 0.103647154812
---
x: -0.587914466858
y: 0.0187514480203
theta: 0.097378872565
---
x: -0.587803900242
y: 0.0171232093126
theta: 0.114525367623
---
x: -0.587630987167
y: 0.0154220303521
theta: 0.0764624411097
---
x: -0.587474763393
y: 0.0137680675834
theta: 0.0935059615076
---
x: -0.587264716625
y: 0.0119781941175
theta: 0.116506965455
---
x: -0.587036311626
y: 0.0102032739669
theta: 0.0978255984238
---
x: -0.586907804012
y: 0.00842186249793
theta: 0.107059121634
---
x: -0.586681962013
y: 0.00663114851341
theta: 0.129514493198
---
x: -0.586406648159
y: 0.00463288417086
theta: 0.110648392605
---
x: -0.586159229279
y: 0.00274609122425
theta: 0.10183149045
---
x: -0.585895180702
y: 0.000831325131003
theta: 0.138038753178
---
x: -0.585632026196
y: -0.00114849186502
theta: 0.136541259613
---
x: -0.585376977921
y: -0.0031342767179
theta: 0.141855585276
---
x: -0.585008084774
y: -0.00515386508778
theta: 0.143336422703
---
x: -0.584757745266
y: -0.00714238546789
theta: 0.156307665966
---
x: -0.584386527538
y: -0.00925457756966
theta: 0.169491092991
---
x: -0.584051370621
y: -0.0114135295153
theta: 0.148559019025
---
x: -0.583655357361
y: -0.0135871535167
theta: 0.149373532737
---
x: -0.583266377449
y: -0.0155466478318
theta: 0.179498959354
---
x: -0.582885742188
y: -0.0177825074643
theta: 0.181352353481
---
x: -0.582476258278
y: -0.0198954306543
theta: 0.176978362616
---
x: -0.582029640675
y: -0.0219387300313
theta: 0.189544793404
---
x: -0.581637501717
y: -0.0240703374147
theta: 0.18686477016
---
x: -0.581130802631
y: -0.0262341611087
theta: 0.197862133871
---
x: -0.58073925972
y: -0.0282903145999
theta: 0.202117531103
---
x: -0.580231368542
y: -0.0303643271327
theta: 0.209590873893
---
x: -0.579810857773
y: -0.03241417557
theta: 0.216613669565
---
x: -0.579221606255
y: -0.0344630219042
theta: 0.219893346656
---
x: -0.578799545765
y: -0.0364283546805
theta: 0.225003901387
---
x: -0.578259110451
y: -0.0383481755853
theta: 0.230261957419
---
x: -0.577756822109
y: -0.0402534194291
theta: 0.233735668642
---
x: -0.577200949192
y: -0.0422018840909
theta: 0.240846292281
---
x: -0.576707661152
y: -0.0441304035485
theta: 0.245227162167
---
x: -0.576108634472
y: -0.0459311231971
theta: 0.245920819167
---
x: -0.575590670109
y: -0.0479576848447
theta: 0.254849804069
---
x: -0.575016319752
y: -0.0498797222972
theta: 0.258764593468
---
x: -0.574442207813
y: -0.0516892261803
theta: 0.257680423184
---
x: -0.573875963688
y: -0.053528867662
theta: 0.266588668782
---
x: -0.573250710964
y: -0.055452272296
theta: 0.271287743324
---
x: -0.572714090347
y: -0.0572607666254
theta: 0.268682007364
---
x: -0.572104036808
y: -0.0589912757277
theta: 0.28088453609
---
x: -0.571540594101
y: -0.0608231090009
theta: 0.288315323169
---
x: -0.570956110954
y: -0.0626770630479
theta: 0.293158130135
---
x: -0.570335030556
y: -0.0643378719687
theta: 0.299382163953
---
x: -0.569709539413
y: -0.0661407858133
theta: 0.305530237202
---
x: -0.569163680077
y: -0.0678976848722
theta: 0.305646179727
---
x: -0.568564414978
y: -0.0696243718266
theta: 0.314605746693
---
x: -0.567932009697
y: -0.0715132430196
theta: 0.318878725016
---
x: -0.567311167717
y: -0.0732164308429
theta: 0.322454432736
---
x: -0.56662529707
y: -0.075104855001
theta: 0.329392958577
---
x: -0.566031098366
y: -0.0768961384892
theta: 0.336498449005
---
x: -0.565415561199
y: -0.0785795450211
theta: 0.339780997134
---
x: -0.56469810009
y: -0.0804599449039
theta: 0.344921634287
---
x: -0.564094424248
y: -0.0822458863258
theta: 0.347156472684
---
x: -0.563316404819
y: -0.0841385647655
theta: 0.358077604223
---
x: -0.562570810318
y: -0.0860102325678
theta: 0.360716045292
---
x: -0.561779201031
y: -0.0880830064416
theta: 0.371440070287
---
x: -0.560941517353
y: -0.0901881083846
theta: 0.378588950418
---
x: -0.560087025166
y: -0.092340759933
theta: 0.377904909555
---
x: -0.559176206589
y: -0.0945818573236
theta: 0.386603167146
---
x: -0.558269441128
y: -0.0969421118498
theta: 0.398078328312
---
x: -0.557220637798
y: -0.0993571355939
theta: 0.394593291942
---
x: -0.556264817715
y: -0.101736553013
theta: 0.408677669073
---
x: -0.555179536343
y: -0.104294195771
theta: 0.406639286971
---
x: -0.554058730602
y: -0.106782108545
theta: 0.421108913283
---
x: -0.552823841572
y: -0.10951282084
theta: 0.425132599094
---
x: -0.551651239395
y: -0.112165004015
theta: 0.444609438644
---
x: -0.550368964672
y: -0.11489802599
theta: 0.435279128447
---
x: -0.549030542374
y: -0.11764241755
theta: 0.45635369994
---
x: -0.547699987888
y: -0.120380938053
theta: 0.454975343694
---
x: -0.546338796616
y: -0.123252898455
theta: 0.47611814933
---
x: -0.544873595238
y: -0.126059323549
theta: 0.479760774547
---
x: -0.543342590332
y: -0.12897580862
theta: 0.478076509236
---
x: -0.541791975498
y: -0.131977394223
theta: 0.495617408119
---
x: -0.54009449482
y: -0.134905517101
theta: 0.506090651238
---
x: -0.538345336914
y: -0.137972176075
theta: 0.511692229961
---
x: -0.53652793169
y: -0.141103878617
theta: 0.550662283998
---
x: -0.534649670124
y: -0.144359737635
theta: 0.539738945907
---
x: -0.532660067081
y: -0.147704526782
theta: 0.554365961087
---
x: -0.53063672781
y: -0.151110514998
theta: 0.572789230718
---
x: -0.528481125832
y: -0.154527530074
theta: 0.576178290179
---
x: -0.526246130466
y: -0.158059105277
theta: 0.577863471089
---
x: -0.523977220058
y: -0.161644279957
theta: 0.593784142192
---
x: -0.521676063538
y: -0.164936840534
theta: 0.595259151969
---
x: -0.519137918949
y: -0.168498754501
theta: 0.603220170461
---
x: -0.516669273376
y: -0.171949878335
theta: 0.623599015094
---
x: -0.513940036297
y: -0.175688147545
theta: 0.633160824394
---
x: -0.511257946491
y: -0.17920447886
theta: 0.63447074013
---
x: -0.508473098278
y: -0.182783275843
theta: 0.653452293836
---
x: -0.505566775799
y: -0.186434283853
theta: 0.663205605125
---
x: -0.502632021904
y: -0.18997849524
theta: 0.66670193316
---
x: -0.499537795782
y: -0.19359126687
theta: 0.676778718396
---
x: -0.496402978897
y: -0.197175338864
theta: 0.696285204003
---
x: -0.493123084307
y: -0.200947582722
theta: 0.707865261842
---
x: -0.489828258753
y: -0.204535394907
theta: 0.721667946083
---
x: -0.486632466316
y: -0.207969233394
theta: 0.736234019159
---
x: -0.483287662268
y: -0.211436659098
theta: 0.741901534487
---
x: -0.479888439178
y: -0.214819133282
theta: 0.765758076334
---
x: -0.476574361324
y: -0.218074277043
theta: 0.773478462198
---
x: -0.473423957825
y: -0.22119808197
theta: 0.776983424651
---
x: -0.470628559589
y: -0.223933964968
theta: 0.789705956108
---
x: -0.467870891094
y: -0.226533636451
theta: 0.798564644103
---
x: -0.465134352446
y: -0.228999421
theta: 0.799659134447
---
x: -0.462543994188
y: -0.231538370252
theta: 0.801370853734
---
x: -0.460122287273
y: -0.23391918838
theta: 0.808207876962
---
x: -0.45794904232
y: -0.235983014107
theta: 0.796804684923
---
x: -0.455836683512
y: -0.237891554832
theta: 0.811797026403
---
x: -0.454061746597
y: -0.239468768239
theta: 0.817676726085
---
x: -0.452560901642
y: -0.24082800746
theta: 0.822834642022
---
x: -0.451453208923
y: -0.241834059358
theta: 0.815698493827
---
x: -0.450529575348
y: -0.242728963494
theta: 0.810982059509
---
x: -0.449614137411
y: -0.243541568518
theta: 0.818189377358
---
x: -0.448878258467
y: -0.244246795774
theta: 0.815706409595
---
x: -0.44817751646
y: -0.24494998157
theta: 0.819017474261
---
x: -0.447415411472
y: -0.245718330145
theta: 0.813079123602
---
x: -0.446633219719
y: -0.246477410197
theta: 0.823226857923
---
x: -0.445863217115
y: -0.247266978025
theta: 0.829705004223
---
x: -0.444991677999
y: -0.248169884086
theta: 0.818566759006
---
x: -0.443993747234
y: -0.249219730496
theta: 0.828809682811
---
x: -0.442889273167
y: -0.250359982252
theta: 0.824195631236
---
x: -0.44163787365
y: -0.251634985209
theta: 0.84817302522
---
x: -0.440223872662
y: -0.253076463938
theta: 0.832624329711
---
x: -0.438681691885
y: -0.254555433989
theta: 0.853508465185
---
x: -0.436882227659
y: -0.256196409464
theta: 0.875853499212
---
x: -0.434945613146
y: -0.257953584194
theta: 0.896201555199
---
x: -0.432860285044
y: -0.259842067957
theta: 0.89960964263
---
x: -0.430666387081
y: -0.261745214462
theta: 0.890530269163
---
x: -0.428348511457
y: -0.263631224632
theta: 0.911475703646
---
x: -0.426072835922
y: -0.265458911657
theta: 0.917366395287
---
x: -0.423737436533
y: -0.267344266176
theta: 0.924508943491
---
x: -0.421365499496
y: -0.269168496132
theta: 0.936367854797
---
x: -0.418972671032
y: -0.270980685949
theta: 0.944358117736
---
x: -0.416521728039
y: -0.272846490145
theta: 0.955909280191
---
x: -0.41392698884
y: -0.274756163359
theta: 0.962174761565
---
x: -0.411454498768
y: -0.27658200264
theta: 0.975578618088
---
x: -0.408912688494
y: -0.278434991837
theta: 0.980386593901
---
x: -0.406270176172
y: -0.280321866274
theta: 0.994905559852
---
x: -0.403498858213
y: -0.282191932201
theta: 1.00377228357
---
x: -0.400772035122
y: -0.284022182226
theta: 1.01163313654
---
x: -0.397937148809
y: -0.285777628422
theta: 1.01997516063
---
x: -0.395151615143
y: -0.28751128912
theta: 1.02746131944
---
x: -0.39219430089
y: -0.289161413908
theta: 1.04109730069
---
x: -0.389274299145
y: -0.290865778923
theta: 1.0520952511
---
x: -0.386264652014
y: -0.292503535748
theta: 1.05891031508
---
x: -0.383183568716
y: -0.294149816036
theta: 1.07051803125
---
x: -0.3801831007
y: -0.295755684376
theta: 1.08113996636
---
x: -0.376978695393
y: -0.297433763742
theta: 1.08873056455
---
x: -0.373949229717
y: -0.299032390118
theta: 1.09526437222
---
x: -0.371081471443
y: -0.300555288792
theta: 1.10832747867
---
x: -0.368048548698
y: -0.302102565765
theta: 1.11767324806
---
x: -0.364837169647
y: -0.303582876921
theta: 1.12230094629
---
x: -0.361743181944
y: -0.305020600557
theta: 1.1329934057
---
x: -0.358590781689
y: -0.30637794733
theta: 1.1433309832
---
x: -0.355504214764
y: -0.30769687891
theta: 1.1468499634
---
x: -0.352359712124
y: -0.308995455503
theta: 1.1593278052
---
x: -0.349302083254
y: -0.310211271048
theta: 1.16427503894
---
x: -0.346046119928
y: -0.311540067196
theta: 1.17064780114
---
x: -0.34288674593
y: -0.312751203775
theta: 1.18842108524
---
x: -0.3397552073
y: -0.313905090094
theta: 1.20239149624
---
x: -0.336533337831
y: -0.315062463284
theta: 1.20490502358
---
x: -0.333239406347
y: -0.316212326288
theta: 1.22038338316
---
x: -0.329855173826
y: -0.317362964153
theta: 1.23014517374
---
x: -0.326438188553
y: -0.318483889103
theta: 1.22589924785
---
x: -0.323060810566
y: -0.31952804327
theta: 1.24267199781
---
x: -0.319325089455
y: -0.320697873831
theta: 1.25487399068
---
x: -0.315905243158
y: -0.321692287922
theta: 1.27195850807
---
x: -0.312342107296
y: -0.322710335255
theta: 1.26463354171
---
x: -0.30885091424
y: -0.323634207249
theta: 1.29561289415
---
x: -0.305136531591
y: -0.324628084898
theta: 1.30250053872
---
x: -0.301587164402
y: -0.325496673584
theta: 1.31642505395
---
x: -0.297962158918
y: -0.326304942369
theta: 1.31920944394
---
x: -0.294179290533
y: -0.327137023211
theta: 1.3316258139
---
x: -0.290266603231
y: -0.328008592129
theta: 1.34782604093
---
x: -0.286610722542
y: -0.328813046217
theta: 1.34725745023
---
x: -0.283323287964
y: -0.329603254795
theta: 1.36573762643
---
x: -0.280197411776
y: -0.330219268799
theta: 1.36929847662
---
x: -0.276968508959
y: -0.330799281597
theta: 1.38126861468
---
x: -0.273714870214
y: -0.331373602152
theta: 1.38094873884
---
x: -0.270370095968
y: -0.331937491894
theta: 1.39272481091
---
x: -0.266974031925
y: -0.332458525896
theta: 1.40714801659
---
x: -0.263469606638
y: -0.332961708307
theta: 1.41720492312
---
x: -0.260004043579
y: -0.333427965641
theta: 1.42210511939
---
x: -0.256441265345
y: -0.333855599165
theta: 1.43490289317
---
x: -0.253006398678
y: -0.334225773811
theta: 1.44363993347
---
x: -0.249431028962
y: -0.334668815136
theta: 1.45604255601
---
x: -0.246113985777
y: -0.335008651018
theta: 1.46709660812
---
x: -0.243077844381
y: -0.335317879915
theta: 1.47397012542
---
x: -0.239754289389
y: -0.335595816374
theta: 1.47433462132
---
x: -0.236556693912
y: -0.33584612608
theta: 1.49134066135
---
x: -0.233302265406
y: -0.336092203856
theta: 1.4955587662
---
x: -0.230166316032
y: -0.336273789406
theta: 1.51449022745
---
x: -0.22693015635
y: -0.33641076088
theta: 1.52177086822
---
x: -0.223724603653
y: -0.336488485336
theta: 1.52456063733
---
x: -0.220672503114
y: -0.336556971073
theta: 1.54140917393
---
x: -0.217829689384
y: -0.336633473635
theta: 1.55383628593
---
x: -0.215073630214
y: -0.336667895317
theta: 1.55558802249
---
x: -0.212378025055
y: -0.336669623852
theta: 1.56846034189
---
x: -0.209745109081
y: -0.336637377739
theta: 1.57174645062
---
x: -0.207435026765
y: -0.336608886719
theta: 1.57932340235
---
x: -0.205015480518
y: -0.336555093527
theta: 1.57765188989
---
x: -0.202877506614
y: -0.33651226759
theta: 1.59100447296
---
x: -0.200935646892
y: -0.336410164833
theta: 1.59121209119
---
x: -0.19882838428
y: -0.336317300797
theta: 1.60936501498
---
x: -0.196674451232
y: -0.336242049932
theta: 1.60390077434
---
x: -0.194863647223
y: -0.336118996143
theta: 1.6247629462
---
x: -0.19332882762
y: -0.336051285267
theta: 1.62358685912
---
x: -0.191830590367
y: -0.335989266634
theta: 1.62337137148
---
x: -0.190279439092
y: -0.33589592576
theta: 1.63299228968
---
x: -0.188879951835
y: -0.335833013058
theta: 1.64126061738
---
x: -0.187605306506
y: -0.335791796446
theta: 1.63601859103
---
x: -0.186382114887
y: -0.335754394531
theta: 1.62789826727
---
x: -0.185226678848
y: -0.335735589266
theta: 1.64449032676
---
x: -0.18424898386
y: -0.335703760386
theta: 1.6453524269
---
x: -0.183307185769
y: -0.335628271103
theta: 1.65045119791
---
x: -0.182592883706
y: -0.335573703051
theta: 1.65907497636
---
x: -0.182142779231
y: -0.335494369268
theta: 1.65038989286
---
x: -0.181753635406
y: -0.335456550121
theta: 1.65669848731
---
x: -0.181594237685
y: -0.335427135229
theta: 1.65980840994
---
x: -0.181721538305
y: -0.335431694984
theta: 1.66634935858
---
x: -0.181712061167
y: -0.335449099541
theta: 1.66973581341
---
x: -0.181681409478
y: -0.33544036746
theta: 1.66932637527
---
x: -0.181826099753
y: -0.335436493158
theta: 1.67436984113
---
x: -0.181774005294
y: -0.335468560457
theta: 1.67690975191
---
x: -0.181884273887
y: -0.335463345051
theta: 1.67838786402
---
x: -0.181905016303
y: -0.335482060909
theta: 1.67971815396
---
x: -0.182002589107
y: -0.335522651672
theta: 1.67615080102
---
x: -0.182038709521
y: -0.335523784161
theta: 1.67694332859
---
x: -0.181997701526
y: -0.33554700017
theta: 1.67379040132
---
x: -0.182017356157
y: -0.335548430681
theta: 1.67075488922
---
x: -0.182019025087
y: -0.335539966822
theta: 1.66859313965
---
x: -0.181997716427
y: -0.335529088974
theta: 1.67200121876
---
x: -0.182004764676
y: -0.335526555777
theta: 1.68056621677
---
x: -0.181951329112
y: -0.33552479744
theta: 1.67556378944
---
x: -0.181918248534
y: -0.335517942905
theta: 1.67781729903
---
x: -0.182007998228
y: -0.335498183966
theta: 1.68015076007
---
x: -0.181947618723
y: -0.335496425629
theta: 1.6858695063
---
x: -0.181937336922
y: -0.335485190153
theta: 1.68631368799
---
x: -0.181947275996
y: -0.335463523865
theta: 1.68543871999
---
x: -0.18199659884
y: -0.335504770279
theta: 1.68819791517
---
x: -0.181985169649
y: -0.335489571095
theta: 1.68890297523
---
x: -0.181863546371
y: -0.335560619831
theta: 1.66383427876
---
x: -0.181852698326
y: -0.335532307625
theta: 1.65968963201
---
x: -0.181835591793
y: -0.335522651672
theta: 1.65985633025
---
x: -0.181787371635
y: -0.335546404123
theta: 1.66215868969
---
x: -0.181711435318
y: -0.335571497679
theta: 1.6582667456
---
x: -0.181576192379
y: -0.335588872433
theta: 1.65790410408
---
x: -0.181425750256
y: -0.335653454065
theta: 1.65843867861
---
x: -0.181155636907
y: -0.335773348808
theta: 1.6580657935
---
x: -0.180844277143
y: -0.335879951715
theta: 1.65680596322
---
x: -0.180384814739
y: -0.336067020893
theta: 1.65593316753
---
x: -0.179942876101
y: -0.336184769869
theta: 1.65727007442
---
x: -0.179463028908
y: -0.336308330297
theta: 1.65316217019
---
x: -0.178922981024
y: -0.336382687092
theta: 1.6599739862
---
x: -0.178370505571
y: -0.336376190186
theta: 1.66582574131
---
x: -0.177823096514
y: -0.336406767368
theta: 1.66228344374
---
x: -0.177148297429
y: -0.33641242981
theta: 1.66761903442
---
x: -0.176258206367
y: -0.336433529854
theta: 1.67541108202
---
x: -0.175291031599
y: -0.33640062809
theta: 1.67603665324
---
x: -0.174395799637
y: -0.336389750242
theta: 1.67952198089
---
x: -0.173314884305
y: -0.336374163628
theta: 1.67821320671
---
x: -0.172113001347
y: -0.336322665215
theta: 1.6841655402
---
x: -0.170834392309
y: -0.336211383343
theta: 1.69660945866
---
x: -0.169534280896
y: -0.336111873388
theta: 1.69629711711
---
x: -0.168267220259
y: -0.335905015469
theta: 1.69855910129
---
x: -0.16687951982
y: -0.335679739714
theta: 1.70041145618
---
x: -0.165465757251
y: -0.335492372513
theta: 1.70611206742
---
x: -0.163888260722
y: -0.335264742374
theta: 1.70842058201
---
x: -0.162248238921
y: -0.335070729256
theta: 1.71527785992
---
x: -0.160558834672
y: -0.33489254117
theta: 1.72068873143
---
x: -0.158791691065
y: -0.334591299295
theta: 1.72470721238
---
x: -0.15694513917
y: -0.334293037653
theta: 1.73005685996
---
x: -0.154838085175
y: -0.333924114704
theta: 1.73575657169
---
x: -0.15300065279
y: -0.333562582731
theta: 1.74141447151
---
x: -0.150777325034
y: -0.33317515254
theta: 1.74824157707
---
x: -0.148619115353
y: -0.332678735256
theta: 1.75576604758
---
x: -0.146327733994
y: -0.332214236259
theta: 1.76438390259
---
x: -0.143995299935
y: -0.331737607718
theta: 1.77041003981
---
x: -0.14159964025
y: -0.331188827753
theta: 1.77753316363
---
x: -0.139014795423
y: -0.330580443144
theta: 1.78459516494
---
x: -0.136530488729
y: -0.32995441556
theta: 1.7911242321
---
x: -0.133855119348
y: -0.329280167818
theta: 1.80437885851
---
x: -0.131293714046
y: -0.328594684601
theta: 1.80884330638
---
x: -0.12854629755
y: -0.327838540077
theta: 1.81842305127
---
x: -0.125777408481
y: -0.327044069767
theta: 1.82760301718
---
x: -0.123115211725
y: -0.326234281063
theta: 1.83652698103
---
x: -0.120344571769
y: -0.32539075613
theta: 1.84530334839
---
x: -0.11756760627
y: -0.324482768774
theta: 1.85326468742
---
x: -0.114658460021
y: -0.323450386524
theta: 1.86367714261
---
x: -0.111738398671
y: -0.322429865599
theta: 1.87248383714
---
x: -0.108829960227
y: -0.321411311626
theta: 1.88283159198
---
x: -0.105860039592
y: -0.320311337709
theta: 1.89109337643
---
x: -0.10297935456
y: -0.31919324398
theta: 1.90156278094
---
x: -0.10004234314
y: -0.318066805601
theta: 1.91014607655
---
x: -0.0970617905259
y: -0.316828072071
theta: 1.91947765612
---
x: -0.0941754952073
y: -0.315671026707
theta: 1.93019669597
---
x: -0.0912395939231
y: -0.314411014318
theta: 1.93729098814
---
x: -0.0883727073669
y: -0.313219428062
theta: 1.94912674486
---
x: -0.0855533182621
y: -0.312016874552
theta: 1.95522777933
---
x: -0.082658842206
y: -0.310718327761
theta: 1.9661488253
---
x: -0.0798488259315
y: -0.309422343969
theta: 1.97839004121
---
x: -0.0770604386926
y: -0.308166891336
theta: 1.98114227532
---
x: -0.0743707418442
y: -0.306867927313
theta: 1.99264972843
---
x: -0.0717546790838
y: -0.305616348982
theta: 2.00083966547
---
x: -0.0691104978323
y: -0.304340779781
theta: 2.00812680163
---
x: -0.0665604099631
y: -0.303003102541
theta: 2.01725292308
---
x: -0.064057700336
y: -0.301667362452
theta: 2.01910793973
---
x: -0.0612203069031
y: -0.300190210342
theta: 2.00792669592
---
x: -0.0587534047663
y: -0.298756420612
theta: 2.02971048881
---
x: -0.0563134476542
y: -0.29733735323
theta: 2.04295844335
---
x: -0.0538836158812
y: -0.295903891325
theta: 2.06664356067
---
x: -0.0513332486153
y: -0.294447749853
theta: 2.07486301515
---
x: -0.0488291122019
y: -0.29298222065
theta: 2.10636227388
---
x: -0.0463562309742
y: -0.291400313377
theta: 2.09761590948
---
x: -0.043851967901
y: -0.289860278368
theta: 2.10612046657
---
x: -0.0413958951831
y: -0.288298934698
theta: 2.11142144294
---
x: -0.0389441475272
y: -0.286690920591
theta: 2.11675679841
---
x: -0.0365409590304
y: -0.285091131926
theta: 2.1269386561
---
x: -0.0341091677547
y: -0.2834674716
theta: 2.1325493177
---
x: -0.0315794758499
y: -0.281804561615
theta: 2.13842927725
---
x: -0.0291399266571
y: -0.280056089163
theta: 2.1440865089
---
x: -0.02674645558
y: -0.278337329626
theta: 2.15511779679
---
x: -0.0242572277784
y: -0.27650347352
theta: 2.16166649574
---
x: -0.0217384006828
y: -0.274610459805
theta: 2.1651648845
---
x: -0.0191167220473
y: -0.272641897202
theta: 2.17505161573
---
x: -0.0164388604462
y: -0.270623058081
theta: 2.18593259912
---
x: -0.0136814163998
y: -0.268515884876
theta: 2.19812911684
---
x: -0.0109283924103
y: -0.266364425421
theta: 2.20643847211
---
x: -0.00806384254247
y: -0.264138519764
theta: 2.21117318559
---
x: -0.00518630119041
y: -0.261821448803
theta: 2.22855786066
---
x: -0.0021954390686
y: -0.259438157082
theta: 2.25304927338
---
x: 0.000851429882459
y: -0.256840527058
theta: 2.25179727411
---
x: 0.00393296498805
y: -0.254217654467
theta: 2.26281156934
---
x: 0.00697954744101
y: -0.251493185759
theta: 2.26495969358
---
x: 0.0100777596235
y: -0.248736426234
theta: 2.28040372071
---
x: 0.0132578797638
y: -0.245796486735
theta: 2.29939611639
---
x: 0.0162401851267
y: -0.243000641465
theta: 2.30964642369
---
x: 0.0192709937692
y: -0.240112483501
theta: 2.32364588714
---
x: 0.0223545059562
y: -0.237025842071
theta: 2.33996980662
---
x: 0.0253706499934
y: -0.233902767301
theta: 2.35375507057
---
x: 0.0284605007619
y: -0.230790957808
theta: 2.36527618018
---
x: 0.0314427390695
y: -0.227527976036
theta: 2.37898899049
---
x: 0.0343460813165
y: -0.224280893803
theta: 2.39120925971
---
x: 0.0373652800918
y: -0.220930054784
theta: 2.40409073496
---
x: 0.040336355567
y: -0.217645183206
theta: 2.41739115697
---
x: 0.0433146394789
y: -0.214289143682
theta: 2.42940458713
---
x: 0.0462876372039
y: -0.21079647541
theta: 2.44400361426
---
x: 0.0492517054081
y: -0.207346647978
theta: 2.45460206177
---
x: 0.0521638207138
y: -0.203756123781
theta: 2.46757889748
---
x: 0.055176731199
y: -0.200029075146
theta: 2.48105897884
---
x: 0.0580129362643
y: -0.19640301168
theta: 2.49345737005
---
x: 0.0608039535582
y: -0.192666217685
theta: 2.50828966537
---
x: 0.0636939778924
y: -0.188810944557
theta: 2.51984095954
---
x: 0.0663823708892
y: -0.184910044074
theta: 2.5350268578
---
x: 0.0692133381963
y: -0.1808847785
theta: 2.54711037814
---
x: 0.0718222782016
y: -0.176899299026
theta: 2.56265749089
---
x: 0.0744884684682
y: -0.172799214721
theta: 2.57540965555
---
x: 0.0770550966263
y: -0.168671190739
theta: 2.58897263358
---
x: 0.0795507282019
y: -0.164649754763
theta: 2.60212514231
---
x: 0.0820265039802
y: -0.160458013415
theta: 2.61669693376
---
x: 0.0843680724502
y: -0.156377285719
theta: 2.63023841759
---
x: 0.0868529304862
y: -0.152143239975
theta: 2.64433276238
---
x: 0.0891327634454
y: -0.148057073355
theta: 2.65910198023
---
x: 0.0915062054992
y: -0.143790245056
theta: 2.67039684648
---
x: 0.0937337130308
y: -0.139602333307
theta: 2.68583303477
---
x: 0.0960237309337
y: -0.135329216719
theta: 2.72294415129
---
x: 0.0981733128428
y: -0.131105303764
theta: 2.72376024349
---
x: 0.10011985898
y: -0.126977190375
theta: 2.72893812722
---
x: 0.102055825293
y: -0.122834391892
theta: 2.73787029645
---
x: 0.103987075388
y: -0.118702270091
theta: 2.75289031863
---
x: 0.105820506811
y: -0.114697985351
theta: 2.75816591955
---
x: 0.107616513968
y: -0.110647305846
theta: 2.77367903284
---
x: 0.109359256923
y: -0.106628745794
theta: 2.78538705927
---
x: 0.111046411097
y: -0.102653883398
theta: 2.80002050713
---
x: 0.112671397626
y: -0.0987531617284
theta: 2.80625319451
---
x: 0.114273019135
y: -0.0948329493403
theta: 2.81915069125
---
x: 0.115747489035
y: -0.0910805240273
theta: 2.8252377826
---
x: 0.117192141712
y: -0.0873958989978
theta: 2.83539594407
---
x: 0.118473626673
y: -0.0840038955212
theta: 2.84260256154
---
x: 0.120048582554
y: -0.0798593610525
theta: 2.85594340563
---
x: 0.121156170964
y: -0.0764192864299
theta: 2.86031433557
---
x: 0.122390128672
y: -0.072892382741
theta: 2.87025704826
---
x: 0.123513698578
y: -0.0694689452648
theta: 2.875072251
---
x: 0.124645866454
y: -0.0658253729343
theta: 2.8901794798
---
x: 0.125618204474
y: -0.0624876469374
theta: 2.90158461807
---
x: 0.126608848572
y: -0.0590917877853
theta: 2.91026940924
---
x: 0.127446606755
y: -0.0558821372688
theta: 2.92398272501
---
x: 0.128321185708
y: -0.0526191703975
theta: 2.93195858438
---
x: 0.129156991839
y: -0.0492633618414
theta: 2.94238682437
---
x: 0.129960685968
y: -0.0460297912359
theta: 2.95224262019
---
x: 0.130647182465
y: -0.0428252778947
theta: 2.96206223337
---
x: 0.131287783384
y: -0.0396428070962
theta: 2.96944652389
---
x: 0.13181617856
y: -0.0365665704012
theta: 2.97930765408
---
x: 0.132274493575
y: -0.0334661789238
theta: 2.98566830355
---
x: 0.132672086358
y: -0.0303184464574
theta: 3.00165707742
---
x: 0.133097305894
y: -0.0271180607378
theta: 3.01224779888
---
x: 0.133556470275
y: -0.0239321440458
theta: 3.01494660772
---
x: 0.134009495378
y: -0.0206553209573
theta: 3.03133637994
---
x: 0.134444653988
y: -0.0174321699888
theta: 3.041022735
---
x: 0.134948655963
y: -0.0140948127955
theta: 3.06264635748
---
x: 0.135279580951
y: -0.0105743305758
theta: 3.05031554402
---
x: 0.135679543018
y: -0.00719183683395
theta: 3.06012114621
---
x: 0.136059015989
y: -0.00373781984672
theta: 3.06557284346
---
x: 0.13639049232
y: -0.000234687511693
theta: 3.07930991719
---
x: 0.136809781194
y: 0.00318054063246
theta: 3.0890595919
---
x: 0.137107476592
y: 0.00675369007513
theta: 3.09987823927
---
x: 0.1373398453
y: 0.0102466875687
theta: 3.10660405734
---
x: 0.137514948845
y: 0.0136844506487
theta: 3.11816353447
---
x: 0.137652158737
y: 0.0170462671667
theta: 3.12607377779
---
x: 0.137783080339
y: 0.0206359680742
theta: 3.13331092891
---
x: 0.137852221727
y: 0.0240681022406
theta: -3.14014525432
---
x: 0.137812390924
y: 0.0275968220085
theta: -3.12876281371
---
x: 0.137773349881
y: 0.0310583841056
theta: -3.11839373306
---
x: 0.137666627765
y: 0.0346288494766
theta: -3.10978635979
---
x: 0.137455135584
y: 0.0381498783827
theta: -3.10034401881
---
x: 0.13723552227
y: 0.0416873693466
theta: -3.09007742531
---
x: 0.13695448637
y: 0.0453473776579
theta: -3.0784313252
---
x: 0.136688187718
y: 0.0490572787821
theta: -3.06525921869
---
x: 0.136357843876
y: 0.0528688803315
theta: -3.04934448088
---
x: 0.136005461216
y: 0.0568424761295
theta: -3.05246900117
---
x: 0.135788097978
y: 0.060620598495
theta: -3.03306472658
---
x: 0.135359659791
y: 0.0646342486143
theta: -3.02201592824
---
x: 0.134931027889
y: 0.0685904920101
theta: -2.99556064403
---
x: 0.134451895952
y: 0.0724598169327
theta: -2.99591069984
---
x: 0.133917540312
y: 0.0761511847377
theta: -2.98464365802
---
x: 0.133369460702
y: 0.0798405706882
theta: -2.96859670963
---
x: 0.132806792855
y: 0.0839807018638
theta: -2.9668052693
---
x: 0.132181957364
y: 0.0876286923885
theta: -2.92496143791
---
x: 0.13158364594
y: 0.0912120789289
theta: -2.89513264149
---
x: 0.130710110068
y: 0.0947550535202
theta: -2.9249378333
---
x: 0.130000710487
y: 0.0981718301773
theta: -2.92054889572
---
x: 0.129275932908
y: 0.101540751755
theta: -2.91955214807
---
x: 0.128442883492
y: 0.104718282819
theta: -2.90781517207
---
x: 0.127697125077
y: 0.107968181372
theta: -2.90247447307
---
x: 0.126882001758
y: 0.111059293151
theta: -2.89573046431
---
x: 0.126068145037
y: 0.114120557904
theta: -2.88948725783
---
x: 0.124982431531
y: 0.117172040045
theta: -2.87870408942
---
x: 0.124129667878
y: 0.120097160339
theta: -2.87226616935
---
x: 0.12325001508
y: 0.12295717001
theta: -2.85867654399
---
x: 0.122367486358
y: 0.125736430287
theta: -2.84533502917
---
x: 0.121539205313
y: 0.128541961312
theta: -2.8333678497
---
x: 0.120687618852
y: 0.131357684731
theta: -2.83068666025
---
x: 0.119825035334
y: 0.13441465795
theta: -2.8406717204
---
x: 0.118962839246
y: 0.137293770909
theta: -2.8264591197
---
x: 0.118042007089
y: 0.14016123116
theta: -2.82010257931
---
x: 0.117224395275
y: 0.143002510071
theta: -2.80388444953
---
x: 0.116467103362
y: 0.145942866802
theta: -2.79281898747
---
x: 0.115720160306
y: 0.148819640279
theta: -2.78466135892
---
x: 0.115024864674
y: 0.151779770851
theta: -2.77091986166
---
x: 0.114278398454
y: 0.154496356845
theta: -2.76626633913
---
x: 0.113116882741
y: 0.157403841615
theta: -2.76742705254
---
x: 0.112496420741
y: 0.160002976656
theta: -2.76703480665
---
x: 0.111808687449
y: 0.162585452199
theta: -2.75495053267
---
x: 0.11113447696
y: 0.165028959513
theta: -2.7455514369
---
x: 0.110452242196
y: 0.167396858335
theta: -2.74042846469
---
x: 0.10967181623
y: 0.169639259577
theta: -2.73385179376
---
x: 0.108887344599
y: 0.171859145164
theta: -2.72833314625
---
x: 0.1081514135
y: 0.174143880606
theta: -2.72216895577
---
x: 0.107281260192
y: 0.176480814815
theta: -2.71434301572
---
x: 0.106428220868
y: 0.178735777736
theta: -2.70760242587
---
x: 0.105650581419
y: 0.18116055429
theta: -2.70455417583
---
x: 0.104687847197
y: 0.183667421341
theta: -2.69795279982
---
x: 0.103801980615
y: 0.186350360513
theta: -2.69353775854
---
x: 0.102927781641
y: 0.188813358545
theta: -2.67440013196
---
x: 0.102217264473
y: 0.191386178136
theta: -2.72029534764
---
x: 0.101099655032
y: 0.193948879838
theta: -2.68929645396
---
x: 0.100024685264
y: 0.196495890617
theta: -2.66864850184
---
x: 0.0988871306181
y: 0.199047788978
theta: -2.64641362303
---
x: 0.097768433392
y: 0.20186625421
theta: -2.64328149173
---
x: 0.096679545939
y: 0.204639419913
theta: -2.63205625847
---
x: 0.0955504179001
y: 0.207544654608
theta: -2.62009967513
---
x: 0.0943349525332
y: 0.210374474525
theta: -2.60651882201
---
x: 0.0931314006448
y: 0.213206812739
theta: -2.61025771688
---
x: 0.0918368548155
y: 0.21596519649
theta: -2.59856437889
---
x: 0.0905104354024
y: 0.218743219972
theta: -2.59515123153
---
x: 0.0891475751996
y: 0.22140532732
theta: -2.59174566186
---
x: 0.0877574235201
y: 0.224053949118
theta: -2.56906918877
---
x: 0.0862834230065
y: 0.226549327374
theta: -2.56993009493
---
x: 0.084817238152
y: 0.229073062539
theta: -2.55307166829
---
x: 0.0833012461662
y: 0.231446787715
theta: -2.55401769154
---
x: 0.0816993936896
y: 0.233894065022
theta: -2.55214464182
---
x: 0.0801592320204
y: 0.236310392618
theta: -2.53922468674
---
x: 0.0785629749298
y: 0.238665342331
theta: -2.53691791702
---
x: 0.0769212245941
y: 0.240984991193
theta: -2.52890063643
---
x: 0.0752191320062
y: 0.243367224932
theta: -2.51048229114
---
x: 0.0734295174479
y: 0.245893701911
theta: -2.49901971886
---
x: 0.0715792030096
y: 0.248481065035
theta: -2.49504355526
---
x: 0.0696767792106
y: 0.251170158386
theta: -2.48449344994
---
x: 0.0677938386798
y: 0.25382745266
theta: -2.475299082
---
x: 0.0660831332207
y: 0.256467491388
theta: -2.48712530253
---
x: 0.0637004300952
y: 0.259551793337
theta: -2.47166866797
---
x: 0.0615310333669
y: 0.262341201305
theta: -2.46477849062
---
x: 0.0592165701091
y: 0.265261858702
theta: -2.44733778517
---
x: 0.0570197291672
y: 0.267886042595
theta: -2.43498360343
---
x: 0.0545712523162
y: 0.270591676235
theta: -2.45192942037
---
x: 0.0520131215453
y: 0.273822963238
theta: -2.44846894424
---
x: 0.0496513359249
y: 0.276506334543
theta: -2.42507325115
---
x: 0.047079756856
y: 0.279328078032
theta: -2.41833225789
---
x: 0.0444995760918
y: 0.282175719738
theta: -2.40998285601
---
x: 0.0417706631124
y: 0.285088896751
theta: -2.39567844374
---
x: 0.0389590673149
y: 0.287990361452
theta: -2.38265426324
---
x: 0.0361599177122
y: 0.291020393372
theta: -2.37142045938
---
x: 0.0332255847752
y: 0.294033586979
theta: -2.36527568545
---
x: 0.0302396975458
y: 0.297093272209
theta: -2.35847289366
---
x: 0.0270246285945
y: 0.300142765045
theta: -2.33785498752
---
x: 0.0238368380815
y: 0.303175330162
theta: -2.32052019732
---
x: 0.0205920226872
y: 0.306251347065
theta: -2.30940601677
---
x: 0.0169154535979
y: 0.309509336948
theta: -2.33374747805
---
x: 0.0139726912603
y: 0.312459290028
theta: -2.31128360889
---
x: 0.0100409574807
y: 0.316086322069
theta: -2.27732469338
---
x: 0.00655354512855
y: 0.318896383047
theta: 0.566624215317
---
x: 0.00309827318415
y: 0.32171061635
theta: 0.841275183055
---
x: -0.000448568811407
y: 0.324893474579
theta: 0.757573856143
---
x: -0.0039937319234
y: 0.327704489231
theta: 0.678646884915
---
x: -0.0080536827445
y: 0.331213980913
theta: 0.871433798643
---
x: -0.0120255714282
y: 0.334419488907
theta: 0.880135753044
---
x: -0.0160019174218
y: 0.337508231401
theta: 0.864499588899
---
x: -0.0201765727252
y: 0.340634822845
theta: -2.12347561477
---
x: -0.0243286639452
y: 0.343485057354
theta: -2.15368473276
---
x: -0.0285157635808
y: 0.346382319927
theta: -2.12237121613
---
x: -0.0327732749283
y: 0.349361121655
theta: -2.11517194093
---
x: -0.0370655432343
y: 0.351927638054
theta: -2.12465536558
---
x: -0.0415328033268
y: 0.354468792677
theta: 1.08320115
---
x: -0.0458715781569
y: 0.357355058193
theta: -2.09661525036
---
x: -0.0506630055606
y: 0.360177367926
theta: -2.07826691498
---
x: -0.0551131293178
y: 0.362659186125
theta: -2.06089807138
---
x: -0.0595884025097
y: 0.364979982376
theta: -2.09501848843
---
x: -0.0642349421978
y: 0.367424607277
theta: -2.07858105346
---
x: -0.0689280331135
y: 0.369865626097
theta: -2.03316927353
---
x: -0.0736486315727
y: 0.372517377138
theta: -1.97535367504
---
x: -0.078365854919
y: 0.37473487854
theta: -1.96008211141
---
x: -0.0835524946451
y: 0.377416968346
theta: -1.94279239645
---
x: -0.0886617302895
y: 0.379263311625
theta: -1.93891577997
---
x: -0.0934128984809
y: 0.381492495537
theta: -1.93170709645
---
x: -0.0987123697996
y: 0.383399009705
theta: -1.92145447523
---
x: -0.103398531675
y: 0.385425329208
theta: -1.90387461611
---
x: -0.108158871531
y: 0.387250781059
theta: -1.88690610443
---
x: -0.112945444882
y: 0.388971328735
theta: -1.87107754612
---
x: -0.117576651275
y: 0.390488237143
theta: -1.85625932019
---
x: -0.122772529721
y: 0.392156392336
theta: -1.84145353137
---
x: -0.127767890692
y: 0.393605440855
theta: -1.82527325721
---
x: -0.132607251406
y: 0.395236104727
theta: -1.80039089575
---
x: -0.137868136168
y: 0.396835684776
theta: -1.78550416171
---
x: -0.142488449812
y: 0.397782206535
theta: -1.7740224106
---
x: -0.14727807045
y: 0.398950666189
theta: -1.75003147773
---
x: -0.152767807245
y: 0.400173455477
theta: -1.73079620165
---
x: -0.157401189208
y: 0.40110591054
theta: -1.6990589505
---
x: -0.162358924747
y: 0.401842415333
theta: -1.57597647683
---
x: -0.167598545551
y: 0.402824550867
theta: -1.65387659601
---
x: -0.172702431679
y: 0.403497219086
theta: -1.59635709763
---
x: -0.177838101983
y: 0.404311954975
theta: -1.54413594677
---
x: -0.183036163449
y: 0.404739439487
theta: -1.6744604564
---
x: -0.188035368919
y: 0.405166924
theta: -1.65832468477
---
x: -0.192782357335
y: 0.405495613813
theta: -1.64353239643
---
x: -0.197666883469
y: 0.405691027641
theta: -1.62869972294
---
x: -0.2025642097
y: 0.405871242285
theta: -1.61021838908
---
x: -0.207833841443
y: 0.405914217234
theta: -1.59912773461
---
x: -0.212590828538
y: 0.406109392643
theta: -1.57333938742
---
x: -0.218023300171
y: 0.406147062778
theta: -1.57129246578
---
x: -0.222836047411
y: 0.406109720469
theta: -1.53875103986
---
x: -0.227354586124
y: 0.406280487776
theta: -1.53418531034
---
x: -0.231300413609
y: 0.406533122063
theta: -1.53981486932
---
x: -0.235209465027
y: 0.406583786011
theta: -1.50921984833
---
x: -0.239069759846
y: 0.406606823206
theta: -1.49655087331
---
x: -0.243101119995
y: 0.40658813715
theta: -1.47599319487
---
x: -0.247357174754
y: 0.406451493502
theta: -1.4794235965
---
x: -0.251847714186
y: 0.406248211861
theta: -1.46974827808
---
x: -0.256525486708
y: 0.406037926674
theta: -1.46017720455
---
x: -0.261615723372
y: 0.405596554279
theta: -1.46018210831
---
x: -0.266436427832
y: 0.405334830284
theta: -1.41323012281
---
x: -0.271650284529
y: 0.404962062836
theta: -1.3990044423
---
x: -0.277133911848
y: 0.404626339674
theta: -1.41411102638
---
x: -0.282505244017
y: 0.404122561216
theta: -1.4030559021
---
x: -0.287791728973
y: 0.403484255075
theta: -1.39296787372
---
x: -0.292765498161
y: 0.402813583612
theta: -1.37093570662
---
x: -0.29805329442
y: 0.401889652014
theta: -1.36273590895
---
x: -0.303188472986
y: 0.400889873505
theta: -1.35235161576
---
x: -0.308417230844
y: 0.3999158144
theta: -1.33998912251
---
x: -0.31363812089
y: 0.398630976677
theta: -1.32683277766
---
x: -0.318964660168
y: 0.397414088249
theta: -1.32177347089
---
x: -0.324613630772
y: 0.396109551191
theta: -1.32248895347
---
x: -0.330237746239
y: 0.394751161337
theta: 1.80806695097
---
x: -0.335306167603
y: 0.393510222435
theta: -1.28140739439
---
x: -0.340864807367
y: 0.391971766949
theta: -1.26107228083
---
x: -0.346102207899
y: 0.390575677156
theta: -1.24811806564
---
x: -0.351557374001
y: 0.389060407877
theta: -1.23210673385
---
x: -0.357072144747
y: 0.387510716915
theta: -1.22057537767
---
x: -0.362695902586
y: 0.385927289724
theta: -1.19973547823
---
x: -0.368472874165
y: 0.38411256671
theta: -1.18421291181
---
x: -0.373773366213
y: 0.382461696863
theta: -1.16703985282
---
x: -0.379170209169
y: 0.380497157574
theta: -1.15594092947
---
x: -0.384696692228
y: 0.378377258778
theta: -1.1379203567
---
x: -0.390120029449
y: 0.376219540834
theta: -1.11950391144
---
x: -0.395789027214
y: 0.373804569244
theta: -1.10595302159
---
x: -0.40125221014
y: 0.371530801058
theta: -1.0897270034
---
x: -0.406975507736
y: 0.368991285563
theta: -1.06769182357
---
x: -0.412474840879
y: 0.366531670094
theta: -1.0535815014
---
x: -0.418163210154
y: 0.363896131516
theta: -1.04514629328
---
x: -0.423693835735
y: 0.361207544804
theta: -1.02108042342
---
x: -0.429301798344
y: 0.358249127865
theta: -1.01580305566
---
x: -0.434866189957
y: 0.355238199234
theta: -0.99809937619
---
x: -0.440405726433
y: 0.352118581533
theta: -0.969252640243
---
x: -0.445661336184
y: 0.348861157894
theta: -0.985535107549
---
x: -0.451196879148
y: 0.345410019159
theta: -0.946429252687
---
x: -0.456517964602
y: 0.341880857944
theta: -0.92824498052
---
x: -0.461815804243
y: 0.338230341673
theta: -0.916860410656
---
x: -0.466996192932
y: 0.334540009499
theta: -0.893629500779
---
x: -0.47201731801
y: 0.330794245005
theta: -0.880015673488
---
x: -0.477409124374
y: 0.326799720526
theta: -0.858265056608
---
x: -0.482551932335
y: 0.322806119919
theta: -0.850734489545
---
x: -0.487643837929
y: 0.318730175495
theta: -0.824913727912
---
x: -0.492681205273
y: 0.31447249651
theta: -0.809526571328
---
x: -0.497536420822
y: 0.310056269169
theta: -0.790866066726
---
x: -0.502383589745
y: 0.305424064398
theta: -0.76936905384
---
x: -0.507107794285
y: 0.30076494813
theta: -0.756913422797
---
x: -0.511894881725
y: 0.295944899321
theta: -0.73991701267
---
x: -0.516468286514
y: 0.291275560856
theta: -0.727563179138
---
x: -0.52111685276
y: 0.286357283592
theta: -0.714718465957
---
x: -0.52564394474
y: 0.281366795301
theta: -0.683878346199
---
x: -0.530270159245
y: 0.276151657104
theta: -0.689848952666
---
x: -0.53452950716
y: 0.271183311939
theta: -0.66097906854
---
x: -0.538832902908
y: 0.265961021185
theta: -0.638661484165
---
x: -0.542979836464
y: 0.260709434748
theta: -0.639418281562
---
x: -0.547041654587
y: 0.255382567644
theta: -0.608267305287
---
x: -0.551009237766
y: 0.249986603856
theta: -0.592773699778
---
x: -0.55489307642
y: 0.244526147842
theta: -0.566968008784
---
x: -0.558807730675
y: 0.239010363817
theta: -0.551971501459
---
x: -0.562604486942
y: 0.233495488763
theta: -0.537024336618
---
x: -0.566347718239
y: 0.227848887444
theta: -0.527481526239
---
x: -0.569961667061
y: 0.222262665629
theta: -0.516665358562
---
x: -0.573542714119
y: 0.21661195159
theta: -0.478979975376
---
x: -0.576892614365
y: 0.21097843349
theta: -0.46911079986
---
x: -0.580134809017
y: 0.205239951611
theta: -0.452206596205
---
x: -0.583244085312
y: 0.199489995837
theta: -0.432529490384
---
x: -0.586093068123
y: 0.193787157536
theta: -0.406771890909
---
x: -0.588893055916
y: 0.188024818897
theta: -0.412603393948
---
x: -0.591625392437
y: 0.182269915938
theta: -0.381020338989
---
x: -0.594183802605
y: 0.176531553268
theta: -0.386585832724
---
x: -0.596728503704
y: 0.170663565397
theta: -0.32681942683
---
x: -0.598900794983
y: 0.1652854532
theta: -0.339711949632
---
x: -0.60111105442
y: 0.159601837397
theta: -0.320865091382
---
x: -0.603113353252
y: 0.153920799494
theta: -0.299559934584
---
x: -0.605077207088
y: 0.148371592164
theta: -0.282381871483
---
x: -0.606873750687
y: 0.142936557531
theta: -0.230014356686
---
x: -0.608633160591
y: 0.137295946479
theta: -0.26874469394
---
x: -0.610300958157
y: 0.131792232394
theta: -0.240865224571
---
x: -0.611790776253
y: 0.126404330134
theta: -0.224381147895
---
x: -0.613286197186
y: 0.121153108776
theta: -0.208130547835
---
x: -0.614521205425
y: 0.115916550159
theta: -0.198964153528
---
x: -0.615804731846
y: 0.11084240675
theta: -0.171841300602
---
x: -0.616944909096
y: 0.10576788336
theta: -0.173146855212
---
x: -0.617989063263
y: 0.100978061557
theta: -0.162469267736
---
x: -0.618913650513
y: 0.0963385775685
theta: -0.140811207148
---
x: -0.619852304459
y: 0.0916881933808
theta: -0.0991818343261
---
x: -0.620602965355
y: 0.0873103290796
theta: -0.10774331293
---
x: -0.621238291264
y: 0.0830757170916
theta: -0.10989638026
---
x: -0.621807157993
y: 0.0790981575847
theta: -0.0934645987916
---
x: -0.622328460217
y: 0.0752126425505
theta: -0.0843872086109
---
x: -0.622764825821
y: 0.071626752615
theta: -0.0829271623284
---
x: -0.6230712533
y: 0.0682300329208
theta: -0.0701240898566
---
x: -0.623341083527
y: 0.0652062594891
theta: -0.0283885130141
---
x: -0.623517632484
y: 0.0623239129782
theta: -0.0469336533735
---
x: -0.623763680458
y: 0.059703335166
theta: -0.0528428525671
---
x: -0.623924076557
y: 0.0574468225241
theta: -0.017438778304
---
x: -0.624084115028
y: 0.0554042346776
theta: -0.0201865249518
---
x: -0.624157428741
y: 0.0536905229092
theta: -0.0175883204089
---
x: -0.624230563641
y: 0.0521317310631
theta: -0.0163586905599
---
x: -0.624354600906
y: 0.050887927413
theta: -0.0275181016348
---
x: -0.624407410622
y: 0.0497450642288
theta: -0.0160856284463
---
x: -0.624462425709
y: 0.0488512478769
theta: -0.0112408054679
---
x: -0.624460279942
y: 0.0482601895928
theta: -0.00967440113234
---
x: -0.624511480331
y: 0.0475477650762
theta: -0.0128822465284
---
x: -0.624553322792
y: 0.0469634309411
theta: 0.000421576910311
---
x: -0.624597430229
y: 0.0464652217925
theta: -0.00847140186791
---
x: -0.624616265297
y: 0.0459933876991
theta: 0.0138858567657
---
x: -0.624610960484
y: 0.0455755628645
theta: 0.0139615168595
---
x: -0.624615967274
y: 0.0451490320265
theta: 0.0298365464653
---
x: -0.624549865723
y: 0.0446853786707
theta: 0.0202594445111
---
x: -0.624542355537
y: 0.0442258194089
theta: 0.0199222117308
---
x: -0.624560475349
y: 0.043768465519
theta: 0.0275598016316
---
x: -0.624568581581
y: 0.0433335751295
theta: 0.0263451910018
---
x: -0.624549388885
y: 0.0429167002439
theta: 0.0291157611974
---
x: -0.624556481838
y: 0.0424810759723
theta: 0.0281484749252
---
x: -0.624520301819
y: 0.0420155487955
theta: 0.0434250269497
---
x: -0.624508440495
y: 0.0413857810199
theta: 0.0204653886233
---
x: -0.624483048916
y: 0.0409354269505
theta: 0.0290309129296
---
x: -0.624503493309
y: 0.0404356271029
theta: 0.0285471522166
---
x: -0.62450748682
y: 0.0400026254356
theta: 0.0359337091035
---
x: -0.62446886301
y: 0.0396071113646
theta: 0.0327918096579
---
x: -0.624506354332
y: 0.0392239950597
theta: 0.0412539717151
---
x: -0.624505877495
y: 0.0389057472348
theta: 0.0424358552642
---
x: -0.624479234219
y: 0.0385869517922
theta: 0.0416118800838
---
x: -0.624429583549
y: 0.0383525379002
theta: 0.0357826334782
---
x: -0.624439537525
y: 0.038263451308
theta: 0.0334823491052
---
x: -0.624413788319
y: 0.0382652580738
theta: 0.0358227194766
---
x: -0.624419271946
y: 0.0382881686091
theta: 0.0365373101733
---
x: -0.624440312386
y: 0.0383340902627
theta: 0.0355592772626
---
x: -0.624432981014
y: 0.0383917987347
theta: 0.0389701530432
---
x: -0.62443703413
y: 0.0384906455874
theta: 0.0349143843848
---
x: -0.624474227428
y: 0.0385711230338
theta: 0.0395746715162
---
x: -0.624442756176
y: 0.038601424545
theta: 0.033558501957
---
x: -0.624465048313
y: 0.0387102738023
theta: 0.0415907243897
---
x: -0.624462544918
y: 0.0387206710875
theta: 0.0391264425108
---
x: -0.624475717545
y: 0.0387270674109
theta: 0.0410046680644
---
x: -0.624456763268
y: 0.0387364253402
theta: 0.0399856971522
---
x: -0.624451637268
y: 0.0387393720448
theta: 0.0379760435063
---
x: -0.624456048012
y: 0.0387453921139
theta: 0.0400415066801
---
x: -0.624477624893
y: 0.0387156493962
theta: 0.0398401862306
---
x: -0.624480247498
y: 0.03872282058
theta: 0.0407136269804
---
x: -0.624472200871
y: 0.038726259023
theta: 0.0383986017235
---
x: -0.624475002289
y: 0.0387229919434
theta: 0.0348554741663
---
x: -0.624482631683
y: 0.0387142971158
theta: 0.0426153267474
---
x: -0.624471485615
y: 0.0387247875333
theta: 0.0379357633635
---
x: -0.624456822872
y: 0.0386581048369
theta: 0.0384967317034
---
x: -0.624505281448
y: 0.0386399179697
theta: 0.0408904200622
---
x: -0.624473452568
y: 0.038650393486
theta: 0.0404553896772
---
x: -0.624446749687
y: 0.0386094488204
theta: 0.0362154603387
---
x: -0.62443614006
y: 0.0385439246893
theta: 0.0364524909263
---
x: -0.624429941177
y: 0.038436267525
theta: 0.0353779127908
---
x: -0.62441021204
y: 0.0382557138801
theta: 0.0328207298888
---
x: -0.624414563179
y: 0.0380864627659
theta: 0.0342340367118
---
x: -0.624429702759
y: 0.0378699339926
theta: 0.0353399445376
---
x: -0.62441778183
y: 0.0376348122954
theta: 0.0369469875495
---
x: -0.624401986599
y: 0.0373541750014
theta: 0.0368387107228
---
x: -0.624405741692
y: 0.0370695926249
theta: 0.0356040082026
---
x: -0.624381482601
y: 0.0366909615695
theta: 0.0287237773775
---
x: -0.624365031719
y: 0.0363605692983
theta: 0.0280302134739
---
x: -0.624361693859
y: 0.0360177382827
theta: 0.0300650886655
---
x: -0.624360978603
y: 0.0356521420181
theta: 0.0303423521849
---
x: -0.624292969704
y: 0.0352537743747
theta: 0.0305106000225
---
x: -0.624284625053
y: 0.0349280461669
theta: 0.0305528173749
---
x: -0.624253213406
y: 0.0346037819982
theta: 0.034425131143
---
x: -0.624236762524
y: 0.034279730171
theta: 0.0408058506304
---
x: -0.624228179455
y: 0.0339844934642
theta: 0.0453525602921
---
x: -0.624197125435
y: 0.0337407104671
theta: 0.0457267324451
---
x: -0.624173045158
y: 0.0334003083408
theta: 0.0491982355958
---
x: -0.624249815941
y: 0.0330965518951
theta: 0.0535007279341
---
x: -0.624186515808
y: 0.0327891558409
theta: 0.0551295147847
---
x: -0.624182522297
y: 0.0324359461665
theta: 0.060147243234
---
x: -0.6241761446
y: 0.0321146659553
theta: 0.0466345290186
---
x: -0.624176263809
y: 0.0318421050906
theta: 0.0488730961475
---
x: -0.624156534672
y: 0.0315915755928
theta: 0.0521431915456
---
x: -0.624117195606
y: 0.0313512869179
theta: 0.052930073993
---
x: -0.624098658562
y: 0.0311142317951
theta: 0.0536909404198
---
x: -0.624081969261
y: 0.0308889187872
theta: 0.0506530498679
---
x: -0.624035358429
y: 0.0306480880827
theta: 0.0481284547138
---
x: -0.624015450478
y: 0.0304352324456
theta: 0.044602707907
---
x: -0.623981535435
y: 0.0301735885441
theta: 0.0474376295603
---
x: -0.623989760876
y: 0.0299028959125
theta: 0.0504446587223
---
x: -0.623961389065
y: 0.0296214520931
theta: 0.0615877576781
---
x: -0.623952925205
y: 0.0293994881213
theta: 0.0658890685525
---
x: -0.623916864395
y: 0.0291629564017
theta: 0.0630955807667
---
x: -0.62390267849
y: 0.0289904158562
theta: 0.0636797749237
---
x: -0.623881220818
y: 0.0287947710603
theta: 0.0637012666889
---
x: -0.62388920784
y: 0.0286300424486
theta: 0.0673563207947
---
x: -0.623878657818
y: 0.0284620728344
theta: 0.0703040952379
---
x: -0.62384968996
y: 0.0282986350358
theta: 0.0716461028114
---
x: -0.623822152615
y: 0.028143376112
theta: 0.0695897793212
---
x: -0.623818457127
y: 0.0280205328017
theta: 0.0701836949395
---
x: -0.623780965805
y: 0.0278560929
theta: 0.0687400299787
---
x: -0.623762667179
y: 0.0277261175215
theta: 0.0675637360235
---
x: -0.6237590909
y: 0.0275954212993
theta: 0.0700635303135
---
x: -0.623751103878
y: 0.0274788234383
theta: 0.0714108633296
---
x: -0.623734235764
y: 0.0273715853691
theta: 0.0720782834802
---
x: -0.6237398386
y: 0.0272776968777
theta: 0.0704901457113
---
x: -0.623727083206
y: 0.0271409489214
theta: 0.0734356174248
---
x: -0.623723745346
y: 0.027068477124
theta: 0.072901815026
---
x: -0.623711228371
y: 0.0269964523613
theta: 0.0731740227509
---
x: -0.623717010021
y: 0.0269258059561
theta: 0.0732719144038
---
x: -0.623696386814
y: 0.0268811546266
theta: 0.0708720042731
---
x: -0.623708724976
y: 0.0267950128764
theta: 0.0637638716324
---
x: -0.623710632324
y: 0.0267605055124
theta: 0.0637255266796
---
x: -0.623691260815
y: 0.0267366822809
theta: 0.0797462454073
---
x: -0.623688280582
y: 0.0267163645476
theta: 0.0710776945792
---
x: -0.62373071909
y: 0.0266451593488
theta: 0.065517921517
---
x: -0.623727023602
y: 0.0266069937497
theta: 0.0650208087413
---
x: -0.623736858368
y: 0.026592772454
theta: 0.0654690626338
---
x: -0.623729467392
y: 0.0265634767711
theta: 0.064975213226
---
x: -0.623725891113
y: 0.0265542883426
theta: 0.0625892895985
---
x: -0.623709976673
y: 0.0265373680741
theta: 0.0669984849258
---
x: -0.623679995537
y: 0.0265316721052
theta: 0.0669606556693
---
x: -0.623715043068
y: 0.0264889933169
theta: 0.0647237588597
---
x: -0.62369799614
y: 0.0264788474888
theta: 0.0645466863177
---
x: -0.623723089695
y: 0.026474185288
theta: 0.0639351985561
---
x: -0.623714089394
y: 0.0264723151922
theta: 0.0638056009332
---
x: -0.623706638813
y: 0.0264299381524
theta: 0.0657405560143
---
x: -0.623716115952
y: 0.0264812540263
theta: 0.0652534172598
---
x: -0.623728573322
y: 0.0264637321234
theta: 0.0627537206334
---
x: -0.623718798161
y: 0.0264433547854
theta: 0.0647696931607
---
x: -0.623753368855
y: 0.0264438893646
theta: 0.0634189218863
---
x: -0.623692452908
y: 0.0263829641044
theta: 0.0638997060551
---
x: -0.623699128628
y: 0.0263660792261
theta: 0.0636505402745
---
x: -0.623688399792
y: 0.0263537224382
theta: 0.0653880571594
---
x: -0.62368118763
y: 0.0263494774699
theta: 0.0651316091362
---
x: -0.623685956001
y: 0.0263404734433
theta: 0.0649431148602
---
x: -0.623806357384
y: 0.0264141634107
theta: 0.0836519952178
---
x: -0.623785018921
y: 0.0264025516808
theta: 0.084294428929
---
x: -0.623765349388
y: 0.0263943485916
theta: 0.0790090049525
---
x: -0.623759925365
y: 0.0263853538781
theta: 0.0784118823509
---
x: -0.623751342297
y: 0.0263672359288
theta: 0.0778267951842
---
x: -0.623759865761
y: 0.0263567082584
theta: 0.0807275351237
---
x: -0.623772442341
y: 0.0263801719993
theta: 0.0839069661804
---
x: -0.623777747154
y: 0.0263744071126
theta: 0.0803551958453
---
x: -0.623762845993
y: 0.026362484321
theta: 0.0797662955435
---
x: -0.623767495155
y: 0.0263769645244
theta: 0.0805974065452
---
x: -0.623758912086
y: 0.0263675991446
theta: 0.0809014998595
---
x: -0.623777806759
y: 0.0263447761536
theta: 0.0808025212123
---
x: -0.62378692627
y: 0.0263736266643
theta: 0.0868801337329
---
x: -0.623763740063
y: 0.0263665355742
theta: 0.0813466073821
---
x: -0.623782217503
y: 0.0263717193156
theta: 0.0828557707366
---
x: -0.623761117458
y: 0.0263706743717
theta: 0.0783560940202
---
x: -0.623761773109
y: 0.0263604335487
theta: 0.0822230792976
---
x: -0.62375074625
y: 0.0263647418469
theta: 0.0784941109789
---
x: -0.623763918877
y: 0.0263692066073
theta: 0.0780527359656
---
x: -0.623752295971
y: 0.0263707786798
theta: 0.0795038149612
---
x: -0.623735845089
y: 0.0263841040432
theta: 0.074385233257
---
x: -0.623752236366
y: 0.0263804085553
theta: 0.0725495674514
---
x: -0.623753368855
y: 0.0263969153166
theta: 0.0731174747155
---
x: -0.623743414879
y: 0.0263934377581
theta: 0.0678578973809
---
x: -0.62377589941
y: 0.0263909976929
theta: 0.0689232832005
---
x: -0.623731851578
y: 0.0263960324228
theta: 0.0679938718955
---
x: -0.623736977577
y: 0.026413243264
theta: 0.0667193190091
---
x: -0.623743712902
y: 0.0264247208834
theta: 0.0671993592509
---
x: -0.623710215092
y: 0.0265067070723
theta: 0.065314708599
---
x: -0.623693466187
y: 0.0264144986868
theta: 0.0655375287344
---
x: -0.62371557951
y: 0.0265272203833
theta: 0.0684745723639
---
x: -0.623740971088
y: 0.0265297852457
theta: 0.0681742027458
---
x: -0.623741388321
y: 0.0265004523098
theta: 0.0642559650285
---
x: -0.623713433743
y: 0.0264602843672
theta: 0.0680708501501
---
x: -0.623757123947
y: 0.0265054740012
theta: 0.0671625388906
---
x: -0.623751461506
y: 0.0265061799437
theta: 0.0669954492567
---
x: -0.623751997948
y: 0.02650661394
theta: 0.0648435394004
---
x: -0.623757362366
y: 0.0265113897622
theta: 0.0641438651185
---
x: -0.62374317646
y: 0.0265262816101
theta: 0.0686388503216
---
x: -0.623740613461
y: 0.0264995507896
theta: 0.0680386220433
---
x: -0.623734176159
y: 0.026525977999
theta: 0.0663882632303
---
x: -0.623738646507
y: 0.0264968816191
theta: 0.065233565354
---
x: -0.623770773411
y: 0.026506729424
theta: 0.0640921433147
---
x: -0.623735487461
y: 0.0264833141118
theta: 0.0622349645185
---
x: -0.623737871647
y: 0.0264137946069
theta: 0.0656751113483
---
x: -0.623697638512
y: 0.0263939611614
theta: 0.0664387196444
---
x: -0.623734354973
y: 0.0264018010348
theta: 0.0671049401552
---
x: -0.623716115952
y: 0.0263716932386
theta: 0.0662751156558
---
x: -0.623717784882
y: 0.0263757873327
theta: 0.0667718723559
---
x: -0.623721063137
y: 0.0263577718288
theta: 0.0687182731486
---
x: -0.62370300293
y: 0.0263496674597
theta: 0.0676130314927
---
x: -0.6237154603
y: 0.0263496749103
theta: 0.0692913765584
---
x: -0.623713254929
y: 0.0263227149844
theta: 0.0682512904464
---
x: -0.623708367348
y: 0.0263043846935
theta: 0.0681000309963
---
x: -0.623708665371
y: 0.0263040121645
theta: 0.0661482627559
---
x: -0.623695552349
y: 0.0262973085046
theta: 0.0697467378272
---
x: -0.623708426952
y: 0.0262935850769
theta: 0.0698150716571
---
x: -0.623706877232
y: 0.0262863747776
theta: 0.0667570673109
---
x: -0.623712897301
y: 0.0262722503394
theta: 0.0729043276976
---
x: -0.623712360859
y: 0.0262748654932
theta: 0.0752534668871
---
x: -0.623706758022
y: 0.0262713301927
theta: 0.069715059418
---
x: -0.623700618744
y: 0.0262642428279
theta: 0.0707368163204
---
x: -0.623715102673
y: 0.0262691173702
theta: 0.0731641735439
---
x: -0.623703956604
y: 0.0262667108327
theta: 0.0703418506985
---
x: -0.62370121479
y: 0.0262756925076
theta: 0.0722590706063
---
x: -0.623709619045
y: 0.0262872874737
theta: 0.0656901065338
---
x: -0.623703598976
y: 0.0262963958085
theta: 0.068820565733
---
x: -0.623705804348
y: 0.0263047832996
theta: 0.0672871463262
---
x: -0.623717606068
y: 0.0262975506485
theta: 0.0677520445982
---
x: -0.623854935169
y: 0.0263277925551
theta: 0.0293144268711
---
x: -0.623830080032
y: 0.0263515673578
theta: 0.0600547619587
---
x: -0.623783409595
y: 0.0263612065464
theta: 0.0659082829024
---
x: -0.623758673668
y: 0.026341278106
theta: 0.0681822126985
---
x: -0.623746991158
y: 0.0263489559293
theta: 0.0686730997554
---
x: -0.623742163181
y: 0.0263590645045
theta: 0.0700896194454
---
x: -0.623745262623
y: 0.0263783745468
theta: 0.0688324333696
---
x: -0.623743653297
y: 0.0263830106705
theta: 0.0691909040346
---
x: -0.623747587204
y: 0.0263949837536
theta: 0.0688837000051
---
x: -0.623756706715
y: 0.0263910107315
theta: 0.0700293673774
---
x: -0.623760521412
y: 0.026408592239
theta: 0.0711581870405
---
x: -0.623753607273
y: 0.0264049265534
theta: 0.0690686105873
---
x: -0.623755097389
y: 0.0264851544052
theta: 0.0698387513576
---
x: -0.623758494854
y: 0.0264380313456
theta: 0.0720601524982
---
x: -0.623759925365
y: 0.0264984332025
theta: 0.0743119409554
---
x: -0.623728096485
y: 0.026495905593
theta: 0.0767691461358
---
x: -0.623756229877
y: 0.026492446661
theta: 0.0735487105938
---
x: -0.623758852482
y: 0.0264973212034
theta: 0.0728028067706
---
x: -0.623754024506
y: 0.0264976266772
theta: 0.0724318167078
---
x: -0.62377756834
y: 0.0264689978212
theta: 0.0659018952578
---
x: -0.623768270016
y: 0.0264812987298
theta: 0.0661060746569
---
x: -0.623763084412
y: 0.0264780409634
theta: 0.065486450274
---
x: -0.623768031597
y: 0.0264111105353
theta: 0.0685227295306
---
x: -0.623768985271
y: 0.0264703575522
theta: 0.0709224792136
---
x: -0.623764157295
y: 0.0264666583389
theta: 0.0711221725799
---
x: -0.623759865761
y: 0.0264612697065
theta: 0.0725064624216
---
x: -0.62375408411
y: 0.026395438239
theta: 0.0716832324874
---
x: -0.623749732971
y: 0.0263878982514
theta: 0.0687286451801
---
x: -0.623731672764
y: 0.0263825897127
theta: 0.0695498645512
---
x: -0.623756766319
y: 0.0263758376241
theta: 0.0710872836728
---
x: -0.623761951923
y: 0.0263566896319
theta: 0.0714029647083
---
x: -0.623752236366
y: 0.0263415239751
theta: 0.072079039781
---
x: -0.623759746552
y: 0.0263300891966
theta: 0.0708807785534
---
x: -0.62374651432
y: 0.0263313632458
theta: 0.0726569510596
---
x: -0.623742580414
y: 0.0263105109334
theta: 0.0749060637938
---
x: -0.623741090298
y: 0.0263226367533
theta: 0.0766894634933
---
x: -0.623754143715
y: 0.026308933273
theta: 0.0815787391198
---
x: -0.623745381832
y: 0.0263081695884
theta: 0.0813832880823
---
x: -0.62373816967
y: 0.0262700933963
theta: 0.0776705352117
---
